
-----
mkdir -p PLOTTY_WORKAROUND; timedrun; MMTK_PLAN=Immix MMTK_THREADS=16 MMTK_STRESS_FACTOR=67108864 setarch x86_64 -R /home/claireh/builds/process_edges_scalability/bin/java -XX:MetaspaceSize=500M -XX:+DisableExplicitGC -server -XX:-TieredCompilation -Xcomp -XX:+UseThirdPartyHeap -Djava.library.path=/home/claireh/probes/out -Dprobes=RustMMTk -Xms10G -Xmx10G --add-exports java.base/jdk.internal.ref=ALL-UNNAMED -cp /usr/share/benchmarks/dacapo/dacapo-evaluation-git-0d047f55.jar:/home/claireh/probes/out:/home/claireh/probes/out/probes.jar Harness -c probe.DacapoChopinCallback -n 5 -s default jython
running-ng v0.3.6
Tue Feb 14 07:08:41 AM UTC 2023

 07:08:41 up 1 day,  4:20,  1 user,  load average: 1.54, 1.32, 1.43
USER     TTY      FROM             LOGIN@   IDLE   JCPU   PCPU WHAT
claireh  pts/1    tmux(30954).%0   Mon10    7:12m  4.12s  0.00s /bin/sh -c w

procs -----------memory---------- ---swap-- -----io---- -system-- ------cpu-----
 r  b   swpd   free   buff  cache   si   so    bi    bo   in   cs us sy id wa st
 0  0      0 54417604 326508 10437292    0    0     5    22    8    5  3  0 97  0  0
 0  0      0 54418268 326508 10437256    0    0     0     0  114   82  0  0 100  0  0

top - 07:08:42 up 1 day,  4:20,  1 user,  load average: 1.41, 1.30, 1.42
Tasks: 372 total,   1 running, 371 sleeping,   0 stopped,   0 zombie
%Cpu(s):  0.0 us,  0.2 sy,  0.0 ni, 99.8 id,  0.0 wa,  0.0 hi,  0.0 si,  0.0 st
MiB Mem :  64217.5 total,  53142.6 free,    563.4 used,  10511.5 buff/cache
MiB Swap:  65536.0 total,  65536.0 free,      0.0 used.  62957.4 avail Mem 

    PID USER      PR  NI    VIRT    RES    SHR S  %CPU  %MEM     TIME+ COMMAND
 425315 claireh   20   0   10788   4304   3448 R   6.7   0.0   0:00.01 top -bcn 1 -w512
      1 root      20   0  165872  11108   8036 S   0.0   0.0   0:01.10 /sbin/init
      2 root      20   0       0      0      0 S   0.0   0.0   0:00.02 [kthreadd]
      3 root       0 -20       0      0      0 I   0.0   0.0   0:00.00 [rcu_gp]
      4 root       0 -20       0      0      0 I   0.0   0.0   0:00.00 [rcu_par_gp]

Environment variables: 
	DBUS_SESSION_BUS_ADDRESS=unix:path=/run/user/1239/bus
	HOME=/home/claireh
	LANG=en_US.UTF-8
	LOGNAME=claireh
	MOTD_SHOWN=pam
	PATH=/usr/local/sbin:/usr/local/bin:/usr/sbin:/usr/bin:/sbin:/bin:/usr/games:/usr/local/games:/snap/bin:/home/claireh/.local/bin:/home/claireh/.local/bin:/home/claireh/.local/bin
	PWD=/home/claireh
	RUNNING_NG_PACKAGE_DATA=/usr/local/lib/python3.10/dist-packages/running/config
	SHELL=/bin/bash
	SHLVL=2
	SSH_CLIENT=10.0.0.2 48768 22
	SSH_CONNECTION=10.0.0.2 48768 10.0.0.81 22
	SSH_TTY=/dev/pts/0
	TERM=screen
	TERM_PROGRAM=tmux
	TERM_PROGRAM_VERSION=3.2a
	TMUX=/tmp/tmux-1239/default,30954,0
	TMUX_PANE=%0
	USER=claireh
	XDG_RUNTIME_DIR=/run/user/1239
	XDG_SESSION_CLASS=user
	XDG_SESSION_ID=17
	XDG_SESSION_TYPE=tty
	_=/usr/local/bin/running
OS: Linux boar 5.15.0-58-generic #64-Ubuntu SMP Thu Jan 5 11:43:13 UTC 2023 x86_64 x86_64 x86_64 GNU/Linux
CPU: model name	: AMD Ryzen 9 5950X 16-Core Processor
number of cores: 32
Frequency of cpu 0: 3.39 GHz
Governor of cpu 0: performance
Scaling_min_freq of cpu 0: 2.20 GHz
Frequency of cpu 1: 3.37 GHz
Governor of cpu 1: performance
Scaling_min_freq of cpu 1: 2.20 GHz
Frequency of cpu 2: 3.38 GHz
Governor of cpu 2: performance
Scaling_min_freq of cpu 2: 2.20 GHz
Frequency of cpu 3: 3.39 GHz
Governor of cpu 3: performance
Scaling_min_freq of cpu 3: 2.20 GHz
Frequency of cpu 4: 3.33 GHz
Governor of cpu 4: performance
Scaling_min_freq of cpu 4: 2.20 GHz
Frequency of cpu 5: 3.38 GHz
Governor of cpu 5: performance
Scaling_min_freq of cpu 5: 2.20 GHz
Frequency of cpu 6: 3.39 GHz
Governor of cpu 6: performance
Scaling_min_freq of cpu 6: 2.20 GHz
Frequency of cpu 7: 3.34 GHz
Governor of cpu 7: performance
Scaling_min_freq of cpu 7: 2.20 GHz
Frequency of cpu 8: 3.37 GHz
Governor of cpu 8: performance
Scaling_min_freq of cpu 8: 2.20 GHz
Frequency of cpu 9: 3.35 GHz
Governor of cpu 9: performance
Scaling_min_freq of cpu 9: 2.20 GHz
Frequency of cpu 10: 3.35 GHz
Governor of cpu 10: performance
Scaling_min_freq of cpu 10: 2.20 GHz
Frequency of cpu 11: 3.38 GHz
Governor of cpu 11: performance
Scaling_min_freq of cpu 11: 2.20 GHz
Frequency of cpu 12: 3.39 GHz
Governor of cpu 12: performance
Scaling_min_freq of cpu 12: 2.20 GHz
Frequency of cpu 13: 3.34 GHz
Governor of cpu 13: performance
Scaling_min_freq of cpu 13: 2.20 GHz
Frequency of cpu 14: 3.34 GHz
Governor of cpu 14: performance
Scaling_min_freq of cpu 14: 2.20 GHz
Frequency of cpu 15: 3.34 GHz
Governor of cpu 15: performance
Scaling_min_freq of cpu 15: 2.20 GHz
Frequency of cpu 16: 3.34 GHz
Governor of cpu 16: performance
Scaling_min_freq of cpu 16: 2.20 GHz
Frequency of cpu 17: 3.38 GHz
Governor of cpu 17: performance
Scaling_min_freq of cpu 17: 2.20 GHz
Frequency of cpu 18: 3.34 GHz
Governor of cpu 18: performance
Scaling_min_freq of cpu 18: 2.20 GHz
Frequency of cpu 19: 3.39 GHz
Governor of cpu 19: performance
Scaling_min_freq of cpu 19: 2.20 GHz
Frequency of cpu 20: 3.39 GHz
Governor of cpu 20: performance
Scaling_min_freq of cpu 20: 2.20 GHz
Frequency of cpu 21: 3.33 GHz
Governor of cpu 21: performance
Scaling_min_freq of cpu 21: 2.20 GHz
Frequency of cpu 22: 3.34 GHz
Governor of cpu 22: performance
Scaling_min_freq of cpu 22: 2.20 GHz
Frequency of cpu 23: 3.33 GHz
Governor of cpu 23: performance
Scaling_min_freq of cpu 23: 2.20 GHz
Frequency of cpu 24: 3.33 GHz
Governor of cpu 24: performance
Scaling_min_freq of cpu 24: 2.20 GHz
Frequency of cpu 25: 3.34 GHz
Governor of cpu 25: performance
Scaling_min_freq of cpu 25: 2.20 GHz
Frequency of cpu 26: 3.34 GHz
Governor of cpu 26: performance
Scaling_min_freq of cpu 26: 2.20 GHz
Frequency of cpu 27: 3.33 GHz
Governor of cpu 27: performance
Scaling_min_freq of cpu 27: 2.20 GHz
Frequency of cpu 28: 3.35 GHz
Governor of cpu 28: performance
Scaling_min_freq of cpu 28: 2.20 GHz
Frequency of cpu 29: 3.39 GHz
Governor of cpu 29: performance
Scaling_min_freq of cpu 29: 2.20 GHz
Frequency of cpu 30: 3.37 GHz
Governor of cpu 30: performance
Scaling_min_freq of cpu 30: 2.20 GHz
Frequency of cpu 31: 3.39 GHz
Governor of cpu 31: performance
Scaling_min_freq of cpu 31: 2.20 GHz
--------------------------------------------------------------------------------
IMPORTANT NOTICE:  This is NOT a release build of the DaCapo suite.
Since it is not an official release of the DaCapo suite, care must be taken when
using the suite, and any use of the build must be sure to note that it is not an
offical release, and should note the relevant git hash.

Feedback is greatly appreciated.   The preferred mode of feedback is via github.
Please use our github page to create an issue or a pull request.
    https://github.com/dacapobench/dacapobench.
--------------------------------------------------------------------------------

Version: jython v2.7.3
Nominal stats: NAL: 33, NAS: 11, NEF: 8, NET: 3, NEW: 9, NGF: 217, NMH: 37, NML: 0, NMR: 1480, NMS: 13, NMT: 112, NOA: 43, NOL: 48, NOM: 32, NOS: 16, NPF: 70, NUB: 150, NUC: 29
===== DaCapo evaluation-git-0d047f55 jython starting warmup 1 =====
-------------------------------------------------------------------------------
PYBENCH 2.0
-------------------------------------------------------------------------------
* using Jython
* system check interval set to maximum: 2147483647
* using timer: time.time

Calibrating tests. Please wait... done.

Running 2 round(s) of the suite at warp factor 20:

* Round 1 done.
* Round 2 done.

===== DaCapo evaluation-git-0d047f55 jython completed warmup 1 in 34298 msec =====
===== DaCapo evaluation-git-0d047f55 jython starting warmup 2 =====
-------------------------------------------------------------------------------
PYBENCH 2.0
-------------------------------------------------------------------------------
* using Jython
* system check interval set to maximum: 2147483647
* using timer: time.time

Calibrating tests. Please wait... done.

Running 2 round(s) of the suite at warp factor 20:

* Round 1 done.
* Round 2 done.

===== DaCapo evaluation-git-0d047f55 jython completed warmup 2 in 20774 msec =====
===== DaCapo evaluation-git-0d047f55 jython starting warmup 3 =====
-------------------------------------------------------------------------------
PYBENCH 2.0
-------------------------------------------------------------------------------
* using Jython
* system check interval set to maximum: 2147483647
* using timer: time.time

Calibrating tests. Please wait... done.

Running 2 round(s) of the suite at warp factor 20:

* Round 1 done.
* Round 2 done.

===== DaCapo evaluation-git-0d047f55 jython completed warmup 3 in 16058 msec =====
===== DaCapo evaluation-git-0d047f55 jython starting warmup 4 =====
-------------------------------------------------------------------------------
PYBENCH 2.0
-------------------------------------------------------------------------------
* using Jython
* system check interval set to maximum: 2147483647
* using timer: time.time

Calibrating tests. Please wait... done.

Running 2 round(s) of the suite at warp factor 20:

* Round 1 done.
* Round 2 done.

===== DaCapo evaluation-git-0d047f55 jython completed warmup 4 in 16085 msec =====
===== DaCapo evaluation-git-0d047f55 jython starting =====
-------------------------------------------------------------------------------
PYBENCH 2.0
-------------------------------------------------------------------------------
* using Jython
* system check interval set to maximum: 2147483647
* using timer: time.time

Calibrating tests. Please wait... done.

Running 2 round(s) of the suite at warp factor 20:

* Round 1 done.
* Round 2 done.

============================ MMTk Statistics Totals ============================
GC	time.other	time.stw	total-work.time.total	total-work.count	total-work.time.max	total-work.time.min	
84	15310.48	706.83	0.000	0	-inf	inf	
Total time: 16017.31 ms
------------------------------ End MMTk Statistics -----------------------------
===== DaCapo evaluation-git-0d047f55 jython PASSED in 16017 msec =====
*****
Attaching 4 probes...
^C

@processedgestime: 371359816
@startprocessedges: 102167095912260
@stats_enabled: 0

-----
mkdir -p PLOTTY_WORKAROUND; timedrun; MMTK_PLAN=Immix MMTK_THREADS=16 MMTK_STRESS_FACTOR=67108864 setarch x86_64 -R /home/claireh/builds/process_edges_scalability/bin/java -XX:MetaspaceSize=500M -XX:+DisableExplicitGC -server -XX:-TieredCompilation -Xcomp -XX:+UseThirdPartyHeap -Djava.library.path=/home/claireh/probes/out -Dprobes=RustMMTk -Xms10G -Xmx10G --add-exports java.base/jdk.internal.ref=ALL-UNNAMED -cp /usr/share/benchmarks/dacapo/dacapo-evaluation-git-0d047f55.jar:/home/claireh/probes/out:/home/claireh/probes/out/probes.jar Harness -c probe.DacapoChopinCallback -n 5 -s default jython
running-ng v0.3.6
Tue Feb 14 07:19:49 AM UTC 2023

 07:19:49 up 1 day,  4:31,  1 user,  load average: 1.51, 1.26, 1.28
USER     TTY      FROM             LOGIN@   IDLE   JCPU   PCPU WHAT
claireh  pts/1    tmux(30954).%0   Mon10    7:23m  4.23s  0.00s /bin/sh -c w

procs -----------memory---------- ---swap-- -----io---- -system-- ------cpu-----
 r  b   swpd   free   buff  cache   si   so    bi    bo   in   cs us sy id wa st
 0  0      0 54425296 327224 10436120    0    0     5    22    8    6  3  0 97  0  0
 0  0      0 54425172 327224 10436084    0    0     0     0  136   76  0  0 100  0  0

top - 07:19:50 up 1 day,  4:31,  1 user,  load average: 1.51, 1.26, 1.28
Tasks: 373 total,   1 running, 372 sleeping,   0 stopped,   0 zombie
%Cpu(s):  0.0 us,  0.0 sy,  0.0 ni,100.0 id,  0.0 wa,  0.0 hi,  0.0 si,  0.0 st
MiB Mem :  64217.5 total,  53149.3 free,    557.1 used,  10511.0 buff/cache
MiB Swap:  65536.0 total,  65536.0 free,      0.0 used.  62964.3 avail Mem 

    PID USER      PR  NI    VIRT    RES    SHR S  %CPU  %MEM     TIME+ COMMAND
      1 root      20   0  165872  11108   8036 S   0.0   0.0   0:01.10 /sbin/init
      2 root      20   0       0      0      0 S   0.0   0.0   0:00.02 [kthreadd]
      3 root       0 -20       0      0      0 I   0.0   0.0   0:00.00 [rcu_gp]
      4 root       0 -20       0      0      0 I   0.0   0.0   0:00.00 [rcu_par_gp]
      5 root       0 -20       0      0      0 I   0.0   0.0   0:00.00 [slub_flushwq]

Environment variables: 
	DBUS_SESSION_BUS_ADDRESS=unix:path=/run/user/1239/bus
	HOME=/home/claireh
	LANG=en_US.UTF-8
	LOGNAME=claireh
	MOTD_SHOWN=pam
	PATH=/usr/local/sbin:/usr/local/bin:/usr/sbin:/usr/bin:/sbin:/bin:/usr/games:/usr/local/games:/snap/bin:/home/claireh/.local/bin:/home/claireh/.local/bin:/home/claireh/.local/bin
	PWD=/home/claireh
	RUNNING_NG_PACKAGE_DATA=/usr/local/lib/python3.10/dist-packages/running/config
	SHELL=/bin/bash
	SHLVL=2
	SSH_CLIENT=10.0.0.2 48768 22
	SSH_CONNECTION=10.0.0.2 48768 10.0.0.81 22
	SSH_TTY=/dev/pts/0
	TERM=screen
	TERM_PROGRAM=tmux
	TERM_PROGRAM_VERSION=3.2a
	TMUX=/tmp/tmux-1239/default,30954,0
	TMUX_PANE=%0
	USER=claireh
	XDG_RUNTIME_DIR=/run/user/1239
	XDG_SESSION_CLASS=user
	XDG_SESSION_ID=17
	XDG_SESSION_TYPE=tty
	_=/usr/local/bin/running
OS: Linux boar 5.15.0-58-generic #64-Ubuntu SMP Thu Jan 5 11:43:13 UTC 2023 x86_64 x86_64 x86_64 GNU/Linux
CPU: model name	: AMD Ryzen 9 5950X 16-Core Processor
number of cores: 32
Frequency of cpu 0: 3.39 GHz
Governor of cpu 0: performance
Scaling_min_freq of cpu 0: 2.20 GHz
Frequency of cpu 1: 3.38 GHz
Governor of cpu 1: performance
Scaling_min_freq of cpu 1: 2.20 GHz
Frequency of cpu 2: 3.33 GHz
Governor of cpu 2: performance
Scaling_min_freq of cpu 2: 2.20 GHz
Frequency of cpu 3: 3.33 GHz
Governor of cpu 3: performance
Scaling_min_freq of cpu 3: 2.20 GHz
Frequency of cpu 4: 3.34 GHz
Governor of cpu 4: performance
Scaling_min_freq of cpu 4: 2.20 GHz
Frequency of cpu 5: 3.34 GHz
Governor of cpu 5: performance
Scaling_min_freq of cpu 5: 2.20 GHz
Frequency of cpu 6: 3.33 GHz
Governor of cpu 6: performance
Scaling_min_freq of cpu 6: 2.20 GHz
Frequency of cpu 7: 3.34 GHz
Governor of cpu 7: performance
Scaling_min_freq of cpu 7: 2.20 GHz
Frequency of cpu 8: 3.35 GHz
Governor of cpu 8: performance
Scaling_min_freq of cpu 8: 2.20 GHz
Frequency of cpu 9: 3.39 GHz
Governor of cpu 9: performance
Scaling_min_freq of cpu 9: 2.20 GHz
Frequency of cpu 10: 3.39 GHz
Governor of cpu 10: performance
Scaling_min_freq of cpu 10: 2.20 GHz
Frequency of cpu 11: 3.39 GHz
Governor of cpu 11: performance
Scaling_min_freq of cpu 11: 2.20 GHz
Frequency of cpu 12: 3.39 GHz
Governor of cpu 12: performance
Scaling_min_freq of cpu 12: 2.20 GHz
Frequency of cpu 13: 3.34 GHz
Governor of cpu 13: performance
Scaling_min_freq of cpu 13: 2.20 GHz
Frequency of cpu 14: 3.38 GHz
Governor of cpu 14: performance
Scaling_min_freq of cpu 14: 2.20 GHz
Frequency of cpu 15: 3.37 GHz
Governor of cpu 15: performance
Scaling_min_freq of cpu 15: 2.20 GHz
Frequency of cpu 16: 3.38 GHz
Governor of cpu 16: performance
Scaling_min_freq of cpu 16: 2.20 GHz
Frequency of cpu 17: 3.37 GHz
Governor of cpu 17: performance
Scaling_min_freq of cpu 17: 2.20 GHz
Frequency of cpu 18: 3.39 GHz
Governor of cpu 18: performance
Scaling_min_freq of cpu 18: 2.20 GHz
Frequency of cpu 19: 3.36 GHz
Governor of cpu 19: performance
Scaling_min_freq of cpu 19: 2.20 GHz
Frequency of cpu 20: 3.36 GHz
Governor of cpu 20: performance
Scaling_min_freq of cpu 20: 2.20 GHz
Frequency of cpu 21: 3.37 GHz
Governor of cpu 21: performance
Scaling_min_freq of cpu 21: 2.20 GHz
Frequency of cpu 22: 3.39 GHz
Governor of cpu 22: performance
Scaling_min_freq of cpu 22: 2.20 GHz
Frequency of cpu 23: 3.38 GHz
Governor of cpu 23: performance
Scaling_min_freq of cpu 23: 2.20 GHz
Frequency of cpu 24: 3.38 GHz
Governor of cpu 24: performance
Scaling_min_freq of cpu 24: 2.20 GHz
Frequency of cpu 25: 3.38 GHz
Governor of cpu 25: performance
Scaling_min_freq of cpu 25: 2.20 GHz
Frequency of cpu 26: 3.40 GHz
Governor of cpu 26: performance
Scaling_min_freq of cpu 26: 2.20 GHz
Frequency of cpu 27: 3.36 GHz
Governor of cpu 27: performance
Scaling_min_freq of cpu 27: 2.20 GHz
Frequency of cpu 28: 3.27 GHz
Governor of cpu 28: performance
Scaling_min_freq of cpu 28: 2.20 GHz
Frequency of cpu 29: 3.33 GHz
Governor of cpu 29: performance
Scaling_min_freq of cpu 29: 2.20 GHz
Frequency of cpu 30: 3.28 GHz
Governor of cpu 30: performance
Scaling_min_freq of cpu 30: 2.20 GHz
Frequency of cpu 31: 3.28 GHz
Governor of cpu 31: performance
Scaling_min_freq of cpu 31: 2.20 GHz
--------------------------------------------------------------------------------
IMPORTANT NOTICE:  This is NOT a release build of the DaCapo suite.
Since it is not an official release of the DaCapo suite, care must be taken when
using the suite, and any use of the build must be sure to note that it is not an
offical release, and should note the relevant git hash.

Feedback is greatly appreciated.   The preferred mode of feedback is via github.
Please use our github page to create an issue or a pull request.
    https://github.com/dacapobench/dacapobench.
--------------------------------------------------------------------------------

Version: jython v2.7.3
Nominal stats: NAL: 33, NAS: 11, NEF: 8, NET: 3, NEW: 9, NGF: 217, NMH: 37, NML: 0, NMR: 1480, NMS: 13, NMT: 112, NOA: 43, NOL: 48, NOM: 32, NOS: 16, NPF: 70, NUB: 150, NUC: 29
===== DaCapo evaluation-git-0d047f55 jython starting warmup 1 =====
-------------------------------------------------------------------------------
PYBENCH 2.0
-------------------------------------------------------------------------------
* using Jython
* system check interval set to maximum: 2147483647
* using timer: time.time

Calibrating tests. Please wait... done.

Running 2 round(s) of the suite at warp factor 20:

* Round 1 done.
* Round 2 done.

===== DaCapo evaluation-git-0d047f55 jython completed warmup 1 in 34226 msec =====
===== DaCapo evaluation-git-0d047f55 jython starting warmup 2 =====
-------------------------------------------------------------------------------
PYBENCH 2.0
-------------------------------------------------------------------------------
* using Jython
* system check interval set to maximum: 2147483647
* using timer: time.time

Calibrating tests. Please wait... done.

Running 2 round(s) of the suite at warp factor 20:

* Round 1 done.
* Round 2 done.

===== DaCapo evaluation-git-0d047f55 jython completed warmup 2 in 20566 msec =====
===== DaCapo evaluation-git-0d047f55 jython starting warmup 3 =====
-------------------------------------------------------------------------------
PYBENCH 2.0
-------------------------------------------------------------------------------
* using Jython
* system check interval set to maximum: 2147483647
* using timer: time.time

Calibrating tests. Please wait... done.

Running 2 round(s) of the suite at warp factor 20:

* Round 1 done.
* Round 2 done.

===== DaCapo evaluation-git-0d047f55 jython completed warmup 3 in 15973 msec =====
===== DaCapo evaluation-git-0d047f55 jython starting warmup 4 =====
-------------------------------------------------------------------------------
PYBENCH 2.0
-------------------------------------------------------------------------------
* using Jython
* system check interval set to maximum: 2147483647
* using timer: time.time

Calibrating tests. Please wait... done.

Running 2 round(s) of the suite at warp factor 20:

* Round 1 done.
* Round 2 done.

===== DaCapo evaluation-git-0d047f55 jython completed warmup 4 in 15949 msec =====
===== DaCapo evaluation-git-0d047f55 jython starting =====
-------------------------------------------------------------------------------
PYBENCH 2.0
-------------------------------------------------------------------------------
* using Jython
* system check interval set to maximum: 2147483647
* using timer: time.time

Calibrating tests. Please wait... done.

Running 2 round(s) of the suite at warp factor 20:

* Round 1 done.
* Round 2 done.

============================ MMTk Statistics Totals ============================
GC	time.other	time.stw	total-work.time.min	total-work.count	total-work.time.max	total-work.time.total	
84	15308.46	772.15	inf	0	-inf	0.000	
Total time: 16080.62 ms
------------------------------ End MMTk Statistics -----------------------------
===== DaCapo evaluation-git-0d047f55 jython PASSED in 16081 msec =====
*****
Attaching 4 probes...
^C

@processedgestime: 375701952
@startprocessedges: 102834708673107
@stats_enabled: 0

-----
mkdir -p PLOTTY_WORKAROUND; timedrun; MMTK_PLAN=Immix MMTK_THREADS=16 MMTK_STRESS_FACTOR=67108864 setarch x86_64 -R /home/claireh/builds/process_edges_scalability/bin/java -XX:MetaspaceSize=500M -XX:+DisableExplicitGC -server -XX:-TieredCompilation -Xcomp -XX:+UseThirdPartyHeap -Djava.library.path=/home/claireh/probes/out -Dprobes=RustMMTk -Xms10G -Xmx10G --add-exports java.base/jdk.internal.ref=ALL-UNNAMED -cp /usr/share/benchmarks/dacapo/dacapo-evaluation-git-0d047f55.jar:/home/claireh/probes/out:/home/claireh/probes/out/probes.jar Harness -c probe.DacapoChopinCallback -n 5 -s default jython
running-ng v0.3.6
Tue Feb 14 07:30:57 AM UTC 2023

 07:30:57 up 1 day,  4:42,  1 user,  load average: 1.14, 1.21, 1.24
USER     TTY      FROM             LOGIN@   IDLE   JCPU   PCPU WHAT
claireh  pts/1    tmux(30954).%0   Mon10    7:34m  4.34s  0.00s /bin/sh -c w

procs -----------memory---------- ---swap-- -----io---- -system-- ------cpu-----
 r  b   swpd   free   buff  cache   si   so    bi    bo   in   cs us sy id wa st
 0  0      0 54414784 327976 10436708    0    0     5    22    8    6  3  0 97  0  0
 0  0      0 54414968 327988 10436672    0    0     0    76  142  108  0  0 100  0  0

top - 07:30:58 up 1 day,  4:42,  1 user,  load average: 1.05, 1.19, 1.23
Tasks: 373 total,   1 running, 372 sleeping,   0 stopped,   0 zombie
%Cpu(s):  0.0 us,  0.4 sy,  0.0 ni, 99.6 id,  0.0 wa,  0.0 hi,  0.0 si,  0.0 st
MiB Mem :  64217.5 total,  53139.4 free,    565.7 used,  10512.4 buff/cache
MiB Swap:  65536.0 total,  65536.0 free,      0.0 used.  62955.4 avail Mem 

    PID USER      PR  NI    VIRT    RES    SHR S  %CPU  %MEM     TIME+ COMMAND
 428003 claireh   20   0   10788   4120   3260 R   6.2   0.0   0:00.01 top -bcn 1 -w512
      1 root      20   0  165872  11108   8036 S   0.0   0.0   0:01.11 /sbin/init
      2 root      20   0       0      0      0 S   0.0   0.0   0:00.02 [kthreadd]
      3 root       0 -20       0      0      0 I   0.0   0.0   0:00.00 [rcu_gp]
      4 root       0 -20       0      0      0 I   0.0   0.0   0:00.00 [rcu_par_gp]

Environment variables: 
	DBUS_SESSION_BUS_ADDRESS=unix:path=/run/user/1239/bus
	HOME=/home/claireh
	LANG=en_US.UTF-8
	LOGNAME=claireh
	MOTD_SHOWN=pam
	PATH=/usr/local/sbin:/usr/local/bin:/usr/sbin:/usr/bin:/sbin:/bin:/usr/games:/usr/local/games:/snap/bin:/home/claireh/.local/bin:/home/claireh/.local/bin:/home/claireh/.local/bin
	PWD=/home/claireh
	RUNNING_NG_PACKAGE_DATA=/usr/local/lib/python3.10/dist-packages/running/config
	SHELL=/bin/bash
	SHLVL=2
	SSH_CLIENT=10.0.0.2 48768 22
	SSH_CONNECTION=10.0.0.2 48768 10.0.0.81 22
	SSH_TTY=/dev/pts/0
	TERM=screen
	TERM_PROGRAM=tmux
	TERM_PROGRAM_VERSION=3.2a
	TMUX=/tmp/tmux-1239/default,30954,0
	TMUX_PANE=%0
	USER=claireh
	XDG_RUNTIME_DIR=/run/user/1239
	XDG_SESSION_CLASS=user
	XDG_SESSION_ID=17
	XDG_SESSION_TYPE=tty
	_=/usr/local/bin/running
OS: Linux boar 5.15.0-58-generic #64-Ubuntu SMP Thu Jan 5 11:43:13 UTC 2023 x86_64 x86_64 x86_64 GNU/Linux
CPU: model name	: AMD Ryzen 9 5950X 16-Core Processor
number of cores: 32
Frequency of cpu 0: 3.39 GHz
Governor of cpu 0: performance
Scaling_min_freq of cpu 0: 2.20 GHz
Frequency of cpu 1: 3.38 GHz
Governor of cpu 1: performance
Scaling_min_freq of cpu 1: 2.20 GHz
Frequency of cpu 2: 3.39 GHz
Governor of cpu 2: performance
Scaling_min_freq of cpu 2: 2.20 GHz
Frequency of cpu 3: 3.38 GHz
Governor of cpu 3: performance
Scaling_min_freq of cpu 3: 2.20 GHz
Frequency of cpu 4: 3.39 GHz
Governor of cpu 4: performance
Scaling_min_freq of cpu 4: 2.20 GHz
Frequency of cpu 5: 3.34 GHz
Governor of cpu 5: performance
Scaling_min_freq of cpu 5: 2.20 GHz
Frequency of cpu 6: 3.35 GHz
Governor of cpu 6: performance
Scaling_min_freq of cpu 6: 2.20 GHz
Frequency of cpu 7: 3.33 GHz
Governor of cpu 7: performance
Scaling_min_freq of cpu 7: 2.20 GHz
Frequency of cpu 8: 3.34 GHz
Governor of cpu 8: performance
Scaling_min_freq of cpu 8: 2.20 GHz
Frequency of cpu 9: 3.35 GHz
Governor of cpu 9: performance
Scaling_min_freq of cpu 9: 2.20 GHz
Frequency of cpu 10: 3.34 GHz
Governor of cpu 10: performance
Scaling_min_freq of cpu 10: 2.20 GHz
Frequency of cpu 11: 3.34 GHz
Governor of cpu 11: performance
Scaling_min_freq of cpu 11: 2.20 GHz
Frequency of cpu 12: 3.34 GHz
Governor of cpu 12: performance
Scaling_min_freq of cpu 12: 2.20 GHz
Frequency of cpu 13: 3.35 GHz
Governor of cpu 13: performance
Scaling_min_freq of cpu 13: 2.20 GHz
Frequency of cpu 14: 3.36 GHz
Governor of cpu 14: performance
Scaling_min_freq of cpu 14: 2.20 GHz
Frequency of cpu 15: 3.34 GHz
Governor of cpu 15: performance
Scaling_min_freq of cpu 15: 2.20 GHz
Frequency of cpu 16: 3.33 GHz
Governor of cpu 16: performance
Scaling_min_freq of cpu 16: 2.20 GHz
Frequency of cpu 17: 3.34 GHz
Governor of cpu 17: performance
Scaling_min_freq of cpu 17: 2.20 GHz
Frequency of cpu 18: 3.34 GHz
Governor of cpu 18: performance
Scaling_min_freq of cpu 18: 2.20 GHz
Frequency of cpu 19: 3.32 GHz
Governor of cpu 19: performance
Scaling_min_freq of cpu 19: 2.20 GHz
Frequency of cpu 20: 3.34 GHz
Governor of cpu 20: performance
Scaling_min_freq of cpu 20: 2.20 GHz
Frequency of cpu 21: 3.36 GHz
Governor of cpu 21: performance
Scaling_min_freq of cpu 21: 2.20 GHz
Frequency of cpu 22: 3.34 GHz
Governor of cpu 22: performance
Scaling_min_freq of cpu 22: 2.20 GHz
Frequency of cpu 23: 3.36 GHz
Governor of cpu 23: performance
Scaling_min_freq of cpu 23: 2.20 GHz
Frequency of cpu 24: 3.39 GHz
Governor of cpu 24: performance
Scaling_min_freq of cpu 24: 2.20 GHz
Frequency of cpu 25: 3.38 GHz
Governor of cpu 25: performance
Scaling_min_freq of cpu 25: 2.20 GHz
Frequency of cpu 26: 3.39 GHz
Governor of cpu 26: performance
Scaling_min_freq of cpu 26: 2.20 GHz
Frequency of cpu 27: 3.33 GHz
Governor of cpu 27: performance
Scaling_min_freq of cpu 27: 2.20 GHz
Frequency of cpu 28: 3.35 GHz
Governor of cpu 28: performance
Scaling_min_freq of cpu 28: 2.20 GHz
Frequency of cpu 29: 3.26 GHz
Governor of cpu 29: performance
Scaling_min_freq of cpu 29: 2.20 GHz
Frequency of cpu 30: 3.39 GHz
Governor of cpu 30: performance
Scaling_min_freq of cpu 30: 2.20 GHz
Frequency of cpu 31: 3.39 GHz
Governor of cpu 31: performance
Scaling_min_freq of cpu 31: 2.20 GHz
--------------------------------------------------------------------------------
IMPORTANT NOTICE:  This is NOT a release build of the DaCapo suite.
Since it is not an official release of the DaCapo suite, care must be taken when
using the suite, and any use of the build must be sure to note that it is not an
offical release, and should note the relevant git hash.

Feedback is greatly appreciated.   The preferred mode of feedback is via github.
Please use our github page to create an issue or a pull request.
    https://github.com/dacapobench/dacapobench.
--------------------------------------------------------------------------------

Version: jython v2.7.3
Nominal stats: NAL: 33, NAS: 11, NEF: 8, NET: 3, NEW: 9, NGF: 217, NMH: 37, NML: 0, NMR: 1480, NMS: 13, NMT: 112, NOA: 43, NOL: 48, NOM: 32, NOS: 16, NPF: 70, NUB: 150, NUC: 29
===== DaCapo evaluation-git-0d047f55 jython starting warmup 1 =====
-------------------------------------------------------------------------------
PYBENCH 2.0
-------------------------------------------------------------------------------
* using Jython
* system check interval set to maximum: 2147483647
* using timer: time.time

Calibrating tests. Please wait... done.

Running 2 round(s) of the suite at warp factor 20:

* Round 1 done.
* Round 2 done.

===== DaCapo evaluation-git-0d047f55 jython completed warmup 1 in 34170 msec =====
===== DaCapo evaluation-git-0d047f55 jython starting warmup 2 =====
-------------------------------------------------------------------------------
PYBENCH 2.0
-------------------------------------------------------------------------------
* using Jython
* system check interval set to maximum: 2147483647
* using timer: time.time

Calibrating tests. Please wait... done.

Running 2 round(s) of the suite at warp factor 20:

* Round 1 done.
* Round 2 done.

===== DaCapo evaluation-git-0d047f55 jython completed warmup 2 in 20819 msec =====
===== DaCapo evaluation-git-0d047f55 jython starting warmup 3 =====
-------------------------------------------------------------------------------
PYBENCH 2.0
-------------------------------------------------------------------------------
* using Jython
* system check interval set to maximum: 2147483647
* using timer: time.time

Calibrating tests. Please wait... done.

Running 2 round(s) of the suite at warp factor 20:

* Round 1 done.
* Round 2 done.

===== DaCapo evaluation-git-0d047f55 jython completed warmup 3 in 16068 msec =====
===== DaCapo evaluation-git-0d047f55 jython starting warmup 4 =====
-------------------------------------------------------------------------------
PYBENCH 2.0
-------------------------------------------------------------------------------
* using Jython
* system check interval set to maximum: 2147483647
* using timer: time.time

Calibrating tests. Please wait... done.

Running 2 round(s) of the suite at warp factor 20:

* Round 1 done.
* Round 2 done.

===== DaCapo evaluation-git-0d047f55 jython completed warmup 4 in 16051 msec =====
===== DaCapo evaluation-git-0d047f55 jython starting =====
-------------------------------------------------------------------------------
PYBENCH 2.0
-------------------------------------------------------------------------------
* using Jython
* system check interval set to maximum: 2147483647
* using timer: time.time

Calibrating tests. Please wait... done.

Running 2 round(s) of the suite at warp factor 20:

* Round 1 done.
* Round 2 done.

============================ MMTk Statistics Totals ============================
GC	time.other	time.stw	total-work.count	total-work.time.min	total-work.time.max	total-work.time.total	
84	15358.70	719.14	0	inf	-inf	0.000	
Total time: 16077.84 ms
------------------------------ End MMTk Statistics -----------------------------
===== DaCapo evaluation-git-0d047f55 jython PASSED in 16078 msec =====
*****
Attaching 4 probes...
^C

@processedgestime: 377582846
@startprocessedges: 103503115633949
@stats_enabled: 0

-----
mkdir -p PLOTTY_WORKAROUND; timedrun; MMTK_PLAN=Immix MMTK_THREADS=16 MMTK_STRESS_FACTOR=67108864 setarch x86_64 -R /home/claireh/builds/process_edges_scalability/bin/java -XX:MetaspaceSize=500M -XX:+DisableExplicitGC -server -XX:-TieredCompilation -Xcomp -XX:+UseThirdPartyHeap -Djava.library.path=/home/claireh/probes/out -Dprobes=RustMMTk -Xms10G -Xmx10G --add-exports java.base/jdk.internal.ref=ALL-UNNAMED -cp /usr/share/benchmarks/dacapo/dacapo-evaluation-git-0d047f55.jar:/home/claireh/probes/out:/home/claireh/probes/out/probes.jar Harness -c probe.DacapoChopinCallback -n 5 -s default jython
running-ng v0.3.6
Tue Feb 14 07:42:05 AM UTC 2023

 07:42:05 up 1 day,  4:54,  1 user,  load average: 1.19, 1.15, 1.18
USER     TTY      FROM             LOGIN@   IDLE   JCPU   PCPU WHAT
claireh  pts/1    tmux(30954).%0   Mon10    7:45m  4.45s  0.00s /bin/sh -c w

procs -----------memory---------- ---swap-- -----io---- -system-- ------cpu-----
 r  b   swpd   free   buff  cache   si   so    bi    bo   in   cs us sy id wa st
 0  0      0 54419528 328700 10437044    0    0     5    22    8    6  3  0 97  0  0
 0  0      0 54418020 328700 10436968    0    0     0     0  126   85  0  0 100  0  0

top - 07:42:07 up 1 day,  4:54,  1 user,  load average: 1.19, 1.15, 1.18
Tasks: 371 total,   1 running, 370 sleeping,   0 stopped,   0 zombie
%Cpu(s):  0.0 us,  0.2 sy,  0.0 ni, 99.8 id,  0.0 wa,  0.0 hi,  0.0 si,  0.0 st
MiB Mem :  64217.5 total,  53142.6 free,    561.5 used,  10513.3 buff/cache
MiB Swap:  65536.0 total,  65536.0 free,      0.0 used.  62959.5 avail Mem 

    PID USER      PR  NI    VIRT    RES    SHR S  %CPU  %MEM     TIME+ COMMAND
      1 root      20   0  165872  11108   8036 S   0.0   0.0   0:01.11 /sbin/init
      2 root      20   0       0      0      0 S   0.0   0.0   0:00.02 [kthreadd]
      3 root       0 -20       0      0      0 I   0.0   0.0   0:00.00 [rcu_gp]
      4 root       0 -20       0      0      0 I   0.0   0.0   0:00.00 [rcu_par_gp]
      5 root       0 -20       0      0      0 I   0.0   0.0   0:00.00 [slub_flushwq]

Environment variables: 
	DBUS_SESSION_BUS_ADDRESS=unix:path=/run/user/1239/bus
	HOME=/home/claireh
	LANG=en_US.UTF-8
	LOGNAME=claireh
	MOTD_SHOWN=pam
	PATH=/usr/local/sbin:/usr/local/bin:/usr/sbin:/usr/bin:/sbin:/bin:/usr/games:/usr/local/games:/snap/bin:/home/claireh/.local/bin:/home/claireh/.local/bin:/home/claireh/.local/bin
	PWD=/home/claireh
	RUNNING_NG_PACKAGE_DATA=/usr/local/lib/python3.10/dist-packages/running/config
	SHELL=/bin/bash
	SHLVL=2
	SSH_CLIENT=10.0.0.2 48768 22
	SSH_CONNECTION=10.0.0.2 48768 10.0.0.81 22
	SSH_TTY=/dev/pts/0
	TERM=screen
	TERM_PROGRAM=tmux
	TERM_PROGRAM_VERSION=3.2a
	TMUX=/tmp/tmux-1239/default,30954,0
	TMUX_PANE=%0
	USER=claireh
	XDG_RUNTIME_DIR=/run/user/1239
	XDG_SESSION_CLASS=user
	XDG_SESSION_ID=17
	XDG_SESSION_TYPE=tty
	_=/usr/local/bin/running
OS: Linux boar 5.15.0-58-generic #64-Ubuntu SMP Thu Jan 5 11:43:13 UTC 2023 x86_64 x86_64 x86_64 GNU/Linux
CPU: model name	: AMD Ryzen 9 5950X 16-Core Processor
number of cores: 32
Frequency of cpu 0: 3.39 GHz
Governor of cpu 0: performance
Scaling_min_freq of cpu 0: 2.20 GHz
Frequency of cpu 1: 3.34 GHz
Governor of cpu 1: performance
Scaling_min_freq of cpu 1: 2.20 GHz
Frequency of cpu 2: 3.36 GHz
Governor of cpu 2: performance
Scaling_min_freq of cpu 2: 2.20 GHz
Frequency of cpu 3: 3.39 GHz
Governor of cpu 3: performance
Scaling_min_freq of cpu 3: 2.20 GHz
Frequency of cpu 4: 3.39 GHz
Governor of cpu 4: performance
Scaling_min_freq of cpu 4: 2.20 GHz
Frequency of cpu 5: 3.38 GHz
Governor of cpu 5: performance
Scaling_min_freq of cpu 5: 2.20 GHz
Frequency of cpu 6: 3.39 GHz
Governor of cpu 6: performance
Scaling_min_freq of cpu 6: 2.20 GHz
Frequency of cpu 7: 3.40 GHz
Governor of cpu 7: performance
Scaling_min_freq of cpu 7: 2.20 GHz
Frequency of cpu 8: 3.39 GHz
Governor of cpu 8: performance
Scaling_min_freq of cpu 8: 2.20 GHz
Frequency of cpu 9: 3.38 GHz
Governor of cpu 9: performance
Scaling_min_freq of cpu 9: 2.20 GHz
Frequency of cpu 10: 3.39 GHz
Governor of cpu 10: performance
Scaling_min_freq of cpu 10: 2.20 GHz
Frequency of cpu 11: 3.37 GHz
Governor of cpu 11: performance
Scaling_min_freq of cpu 11: 2.20 GHz
Frequency of cpu 12: 3.39 GHz
Governor of cpu 12: performance
Scaling_min_freq of cpu 12: 2.20 GHz
Frequency of cpu 13: 3.39 GHz
Governor of cpu 13: performance
Scaling_min_freq of cpu 13: 2.20 GHz
Frequency of cpu 14: 3.39 GHz
Governor of cpu 14: performance
Scaling_min_freq of cpu 14: 2.20 GHz
Frequency of cpu 15: 3.33 GHz
Governor of cpu 15: performance
Scaling_min_freq of cpu 15: 2.20 GHz
Frequency of cpu 16: 3.34 GHz
Governor of cpu 16: performance
Scaling_min_freq of cpu 16: 2.20 GHz
Frequency of cpu 17: 3.34 GHz
Governor of cpu 17: performance
Scaling_min_freq of cpu 17: 2.20 GHz
Frequency of cpu 18: 3.35 GHz
Governor of cpu 18: performance
Scaling_min_freq of cpu 18: 2.20 GHz
Frequency of cpu 19: 3.34 GHz
Governor of cpu 19: performance
Scaling_min_freq of cpu 19: 2.20 GHz
Frequency of cpu 20: 3.34 GHz
Governor of cpu 20: performance
Scaling_min_freq of cpu 20: 2.20 GHz
Frequency of cpu 21: 3.33 GHz
Governor of cpu 21: performance
Scaling_min_freq of cpu 21: 2.20 GHz
Frequency of cpu 22: 3.33 GHz
Governor of cpu 22: performance
Scaling_min_freq of cpu 22: 2.20 GHz
Frequency of cpu 23: 3.34 GHz
Governor of cpu 23: performance
Scaling_min_freq of cpu 23: 2.20 GHz
Frequency of cpu 24: 3.33 GHz
Governor of cpu 24: performance
Scaling_min_freq of cpu 24: 2.20 GHz
Frequency of cpu 25: 3.34 GHz
Governor of cpu 25: performance
Scaling_min_freq of cpu 25: 2.20 GHz
Frequency of cpu 26: 3.34 GHz
Governor of cpu 26: performance
Scaling_min_freq of cpu 26: 2.20 GHz
Frequency of cpu 27: 3.32 GHz
Governor of cpu 27: performance
Scaling_min_freq of cpu 27: 2.20 GHz
Frequency of cpu 28: 3.34 GHz
Governor of cpu 28: performance
Scaling_min_freq of cpu 28: 2.20 GHz
Frequency of cpu 29: 3.37 GHz
Governor of cpu 29: performance
Scaling_min_freq of cpu 29: 2.20 GHz
Frequency of cpu 30: 3.34 GHz
Governor of cpu 30: performance
Scaling_min_freq of cpu 30: 2.20 GHz
Frequency of cpu 31: 3.34 GHz
Governor of cpu 31: performance
Scaling_min_freq of cpu 31: 2.20 GHz
--------------------------------------------------------------------------------
IMPORTANT NOTICE:  This is NOT a release build of the DaCapo suite.
Since it is not an official release of the DaCapo suite, care must be taken when
using the suite, and any use of the build must be sure to note that it is not an
offical release, and should note the relevant git hash.

Feedback is greatly appreciated.   The preferred mode of feedback is via github.
Please use our github page to create an issue or a pull request.
    https://github.com/dacapobench/dacapobench.
--------------------------------------------------------------------------------

Version: jython v2.7.3
Nominal stats: NAL: 33, NAS: 11, NEF: 8, NET: 3, NEW: 9, NGF: 217, NMH: 37, NML: 0, NMR: 1480, NMS: 13, NMT: 112, NOA: 43, NOL: 48, NOM: 32, NOS: 16, NPF: 70, NUB: 150, NUC: 29
===== DaCapo evaluation-git-0d047f55 jython starting warmup 1 =====
-------------------------------------------------------------------------------
PYBENCH 2.0
-------------------------------------------------------------------------------
* using Jython
* system check interval set to maximum: 2147483647
* using timer: time.time

Calibrating tests. Please wait... done.

Running 2 round(s) of the suite at warp factor 20:

* Round 1 done.
* Round 2 done.

===== DaCapo evaluation-git-0d047f55 jython completed warmup 1 in 34230 msec =====
===== DaCapo evaluation-git-0d047f55 jython starting warmup 2 =====
-------------------------------------------------------------------------------
PYBENCH 2.0
-------------------------------------------------------------------------------
* using Jython
* system check interval set to maximum: 2147483647
* using timer: time.time

Calibrating tests. Please wait... done.

Running 2 round(s) of the suite at warp factor 20:

* Round 1 done.
* Round 2 done.

===== DaCapo evaluation-git-0d047f55 jython completed warmup 2 in 20633 msec =====
===== DaCapo evaluation-git-0d047f55 jython starting warmup 3 =====
-------------------------------------------------------------------------------
PYBENCH 2.0
-------------------------------------------------------------------------------
* using Jython
* system check interval set to maximum: 2147483647
* using timer: time.time

Calibrating tests. Please wait... done.

Running 2 round(s) of the suite at warp factor 20:

* Round 1 done.
* Round 2 done.

===== DaCapo evaluation-git-0d047f55 jython completed warmup 3 in 15943 msec =====
===== DaCapo evaluation-git-0d047f55 jython starting warmup 4 =====
-------------------------------------------------------------------------------
PYBENCH 2.0
-------------------------------------------------------------------------------
* using Jython
* system check interval set to maximum: 2147483647
* using timer: time.time

Calibrating tests. Please wait... done.

Running 2 round(s) of the suite at warp factor 20:

* Round 1 done.
* Round 2 done.

===== DaCapo evaluation-git-0d047f55 jython completed warmup 4 in 15959 msec =====
===== DaCapo evaluation-git-0d047f55 jython starting =====
-------------------------------------------------------------------------------
PYBENCH 2.0
-------------------------------------------------------------------------------
* using Jython
* system check interval set to maximum: 2147483647
* using timer: time.time

Calibrating tests. Please wait... done.

Running 2 round(s) of the suite at warp factor 20:

* Round 1 done.
* Round 2 done.

============================ MMTk Statistics Totals ============================
GC	time.other	time.stw	total-work.time.total	total-work.time.max	total-work.count	total-work.time.min	
84	15228.03	721.47	0.000	-inf	0	inf	
Total time: 15949.51 ms
------------------------------ End MMTk Statistics -----------------------------
===== DaCapo evaluation-git-0d047f55 jython PASSED in 15950 msec =====
*****
Attaching 4 probes...
^C

@processedgestime: 376166481
@startprocessedges: 104170911920054
@stats_enabled: 0
