
-----
mkdir -p PLOTTY_WORKAROUND; timedrun; MMTK_PLAN=Immix MMTK_THREADS=1 MMTK_STRESS_FACTOR=67108864 setarch x86_64 -R /home/claireh/builds/process_edges_scalability/bin/java -XX:MetaspaceSize=500M -XX:+DisableExplicitGC -server -XX:-TieredCompilation -Xcomp -XX:+UseThirdPartyHeap -Djava.library.path=/home/claireh/probes/out -Dprobes=RustMMTk -Xms10G -Xmx10G --add-exports java.base/jdk.internal.ref=ALL-UNNAMED -cp /usr/share/benchmarks/dacapo/dacapo-evaluation-git-0d047f55.jar:/home/claireh/probes/out:/home/claireh/probes/out/probes.jar Harness -c probe.DacapoChopinCallback -n 5 -s default jython
running-ng v0.3.6
Tue Feb 14 06:59:40 AM UTC 2023

 06:59:40 up 1 day,  4:11,  1 user,  load average: 2.12, 2.12, 1.70
USER     TTY      FROM             LOGIN@   IDLE   JCPU   PCPU WHAT
claireh  pts/1    tmux(30954).%0   Mon10    7:03m  4.03s  0.00s /bin/sh -c w

procs -----------memory---------- ---swap-- -----io---- -system-- ------cpu-----
 r  b   swpd   free   buff  cache   si   so    bi    bo   in   cs us sy id wa st
 0  0      0 54492628 324980 10358980    0    0     5    22    8    5  3  0 97  0  0
 0  0      0 54492384 324980 10358980    0    0     0     0  134  114  0  0 100  0  0

top - 06:59:42 up 1 day,  4:11,  1 user,  load average: 2.12, 2.12, 1.70
Tasks: 367 total,   1 running, 366 sleeping,   0 stopped,   0 zombie
%Cpu(s):  0.0 us,  0.2 sy,  0.0 ni, 99.8 id,  0.0 wa,  0.0 hi,  0.0 si,  0.0 st
MiB Mem :  64217.5 total,  53215.0 free,    568.9 used,  10433.6 buff/cache
MiB Swap:  65536.0 total,  65536.0 free,      0.0 used.  62953.0 avail Mem 

    PID USER      PR  NI    VIRT    RES    SHR S  %CPU  %MEM     TIME+ COMMAND
      1 root      20   0  165872  11108   8036 S   0.0   0.0   0:01.10 /sbin/init
      2 root      20   0       0      0      0 S   0.0   0.0   0:00.02 [kthreadd]
      3 root       0 -20       0      0      0 I   0.0   0.0   0:00.00 [rcu_gp]
      4 root       0 -20       0      0      0 I   0.0   0.0   0:00.00 [rcu_par_gp]
      5 root       0 -20       0      0      0 I   0.0   0.0   0:00.00 [slub_flushwq]

Environment variables: 
	DBUS_SESSION_BUS_ADDRESS=unix:path=/run/user/1239/bus
	HOME=/home/claireh
	LANG=en_US.UTF-8
	LOGNAME=claireh
	MOTD_SHOWN=pam
	PATH=/usr/local/sbin:/usr/local/bin:/usr/sbin:/usr/bin:/sbin:/bin:/usr/games:/usr/local/games:/snap/bin:/home/claireh/.local/bin:/home/claireh/.local/bin:/home/claireh/.local/bin
	PWD=/home/claireh
	RUNNING_NG_PACKAGE_DATA=/usr/local/lib/python3.10/dist-packages/running/config
	SHELL=/bin/bash
	SHLVL=2
	SSH_CLIENT=10.0.0.2 48768 22
	SSH_CONNECTION=10.0.0.2 48768 10.0.0.81 22
	SSH_TTY=/dev/pts/0
	TERM=screen
	TERM_PROGRAM=tmux
	TERM_PROGRAM_VERSION=3.2a
	TMUX=/tmp/tmux-1239/default,30954,0
	TMUX_PANE=%0
	USER=claireh
	XDG_RUNTIME_DIR=/run/user/1239
	XDG_SESSION_CLASS=user
	XDG_SESSION_ID=17
	XDG_SESSION_TYPE=tty
	_=/usr/local/bin/running
OS: Linux boar 5.15.0-58-generic #64-Ubuntu SMP Thu Jan 5 11:43:13 UTC 2023 x86_64 x86_64 x86_64 GNU/Linux
CPU: model name	: AMD Ryzen 9 5950X 16-Core Processor
number of cores: 32
Frequency of cpu 0: 3.39 GHz
Governor of cpu 0: performance
Scaling_min_freq of cpu 0: 2.20 GHz
Frequency of cpu 1: 3.35 GHz
Governor of cpu 1: performance
Scaling_min_freq of cpu 1: 2.20 GHz
Frequency of cpu 2: 3.37 GHz
Governor of cpu 2: performance
Scaling_min_freq of cpu 2: 2.20 GHz
Frequency of cpu 3: 3.34 GHz
Governor of cpu 3: performance
Scaling_min_freq of cpu 3: 2.20 GHz
Frequency of cpu 4: 3.39 GHz
Governor of cpu 4: performance
Scaling_min_freq of cpu 4: 2.20 GHz
Frequency of cpu 5: 3.39 GHz
Governor of cpu 5: performance
Scaling_min_freq of cpu 5: 2.20 GHz
Frequency of cpu 6: 3.34 GHz
Governor of cpu 6: performance
Scaling_min_freq of cpu 6: 2.20 GHz
Frequency of cpu 7: 3.34 GHz
Governor of cpu 7: performance
Scaling_min_freq of cpu 7: 2.20 GHz
Frequency of cpu 8: 3.34 GHz
Governor of cpu 8: performance
Scaling_min_freq of cpu 8: 2.20 GHz
Frequency of cpu 9: 3.34 GHz
Governor of cpu 9: performance
Scaling_min_freq of cpu 9: 2.20 GHz
Frequency of cpu 10: 3.36 GHz
Governor of cpu 10: performance
Scaling_min_freq of cpu 10: 2.20 GHz
Frequency of cpu 11: 3.27 GHz
Governor of cpu 11: performance
Scaling_min_freq of cpu 11: 2.20 GHz
Frequency of cpu 12: 3.39 GHz
Governor of cpu 12: performance
Scaling_min_freq of cpu 12: 2.20 GHz
Frequency of cpu 13: 3.39 GHz
Governor of cpu 13: performance
Scaling_min_freq of cpu 13: 2.20 GHz
Frequency of cpu 14: 3.38 GHz
Governor of cpu 14: performance
Scaling_min_freq of cpu 14: 2.20 GHz
Frequency of cpu 15: 3.38 GHz
Governor of cpu 15: performance
Scaling_min_freq of cpu 15: 2.20 GHz
Frequency of cpu 16: 3.39 GHz
Governor of cpu 16: performance
Scaling_min_freq of cpu 16: 2.20 GHz
Frequency of cpu 17: 3.37 GHz
Governor of cpu 17: performance
Scaling_min_freq of cpu 17: 2.20 GHz
Frequency of cpu 18: 3.39 GHz
Governor of cpu 18: performance
Scaling_min_freq of cpu 18: 2.20 GHz
Frequency of cpu 19: 3.31 GHz
Governor of cpu 19: performance
Scaling_min_freq of cpu 19: 2.20 GHz
Frequency of cpu 20: 3.39 GHz
Governor of cpu 20: performance
Scaling_min_freq of cpu 20: 2.20 GHz
Frequency of cpu 21: 3.33 GHz
Governor of cpu 21: performance
Scaling_min_freq of cpu 21: 2.20 GHz
Frequency of cpu 22: 3.33 GHz
Governor of cpu 22: performance
Scaling_min_freq of cpu 22: 2.20 GHz
Frequency of cpu 23: 3.34 GHz
Governor of cpu 23: performance
Scaling_min_freq of cpu 23: 2.20 GHz
Frequency of cpu 24: 3.36 GHz
Governor of cpu 24: performance
Scaling_min_freq of cpu 24: 2.20 GHz
Frequency of cpu 25: 3.38 GHz
Governor of cpu 25: performance
Scaling_min_freq of cpu 25: 2.20 GHz
Frequency of cpu 26: 3.39 GHz
Governor of cpu 26: performance
Scaling_min_freq of cpu 26: 2.20 GHz
Frequency of cpu 27: 3.38 GHz
Governor of cpu 27: performance
Scaling_min_freq of cpu 27: 2.20 GHz
Frequency of cpu 28: 3.38 GHz
Governor of cpu 28: performance
Scaling_min_freq of cpu 28: 2.20 GHz
Frequency of cpu 29: 3.38 GHz
Governor of cpu 29: performance
Scaling_min_freq of cpu 29: 2.20 GHz
Frequency of cpu 30: 3.30 GHz
Governor of cpu 30: performance
Scaling_min_freq of cpu 30: 2.20 GHz
Frequency of cpu 31: 3.36 GHz
Governor of cpu 31: performance
Scaling_min_freq of cpu 31: 2.20 GHz
--------------------------------------------------------------------------------
IMPORTANT NOTICE:  This is NOT a release build of the DaCapo suite.
Since it is not an official release of the DaCapo suite, care must be taken when
using the suite, and any use of the build must be sure to note that it is not an
offical release, and should note the relevant git hash.

Feedback is greatly appreciated.   The preferred mode of feedback is via github.
Please use our github page to create an issue or a pull request.
    https://github.com/dacapobench/dacapobench.
--------------------------------------------------------------------------------

Version: jython v2.7.3
Nominal stats: NAL: 33, NAS: 11, NEF: 8, NET: 3, NEW: 9, NGF: 217, NMH: 37, NML: 0, NMR: 1480, NMS: 13, NMT: 112, NOA: 43, NOL: 48, NOM: 32, NOS: 16, NPF: 70, NUB: 150, NUC: 29
===== DaCapo evaluation-git-0d047f55 jython starting warmup 1 =====
-------------------------------------------------------------------------------
PYBENCH 2.0
-------------------------------------------------------------------------------
* using Jython
* system check interval set to maximum: 2147483647
* using timer: time.time

Calibrating tests. Please wait... done.

Running 2 round(s) of the suite at warp factor 20:

* Round 1 done.
* Round 2 done.

===== DaCapo evaluation-git-0d047f55 jython completed warmup 1 in 38386 msec =====
===== DaCapo evaluation-git-0d047f55 jython starting warmup 2 =====
-------------------------------------------------------------------------------
PYBENCH 2.0
-------------------------------------------------------------------------------
* using Jython
* system check interval set to maximum: 2147483647
* using timer: time.time

Calibrating tests. Please wait... done.

Running 2 round(s) of the suite at warp factor 20:

* Round 1 done.
* Round 2 done.

===== DaCapo evaluation-git-0d047f55 jython completed warmup 2 in 24514 msec =====
===== DaCapo evaluation-git-0d047f55 jython starting warmup 3 =====
-------------------------------------------------------------------------------
PYBENCH 2.0
-------------------------------------------------------------------------------
* using Jython
* system check interval set to maximum: 2147483647
* using timer: time.time

Calibrating tests. Please wait... done.

Running 2 round(s) of the suite at warp factor 20:

* Round 1 done.
* Round 2 done.

===== DaCapo evaluation-git-0d047f55 jython completed warmup 3 in 19824 msec =====
===== DaCapo evaluation-git-0d047f55 jython starting warmup 4 =====
-------------------------------------------------------------------------------
PYBENCH 2.0
-------------------------------------------------------------------------------
* using Jython
* system check interval set to maximum: 2147483647
* using timer: time.time

Calibrating tests. Please wait... done.

Running 2 round(s) of the suite at warp factor 20:

* Round 1 done.
* Round 2 done.

===== DaCapo evaluation-git-0d047f55 jython completed warmup 4 in 19935 msec =====
===== DaCapo evaluation-git-0d047f55 jython starting =====
-------------------------------------------------------------------------------
PYBENCH 2.0
-------------------------------------------------------------------------------
* using Jython
* system check interval set to maximum: 2147483647
* using timer: time.time

Calibrating tests. Please wait... done.

Running 2 round(s) of the suite at warp factor 20:

* Round 1 done.
* Round 2 done.

============================ MMTk Statistics Totals ============================
GC	time.other	time.stw	total-work.time.min	total-work.count	total-work.time.total	total-work.time.max	
84	15239.10	4554.67	inf	0	0.000	-inf	
Total time: 19793.77 ms
------------------------------ End MMTk Statistics -----------------------------
===== DaCapo evaluation-git-0d047f55 jython PASSED in 19794 msec =====
*****
Attaching 4 probes...
^C

@processedgestime: 4295699703
@startprocessedges: 101646688320705
@stats_enabled: 0

-----
mkdir -p PLOTTY_WORKAROUND; timedrun; MMTK_PLAN=Immix MMTK_THREADS=1 MMTK_STRESS_FACTOR=67108864 setarch x86_64 -R /home/claireh/builds/process_edges_scalability/bin/java -XX:MetaspaceSize=500M -XX:+DisableExplicitGC -server -XX:-TieredCompilation -Xcomp -XX:+UseThirdPartyHeap -Djava.library.path=/home/claireh/probes/out -Dprobes=RustMMTk -Xms10G -Xmx10G --add-exports java.base/jdk.internal.ref=ALL-UNNAMED -cp /usr/share/benchmarks/dacapo/dacapo-evaluation-git-0d047f55.jar:/home/claireh/probes/out:/home/claireh/probes/out/probes.jar Harness -c probe.DacapoChopinCallback -n 5 -s default jython
running-ng v0.3.6
Tue Feb 14 07:10:49 AM UTC 2023

 07:10:49 up 1 day,  4:22,  1 user,  load average: 1.10, 1.21, 1.36
USER     TTY      FROM             LOGIN@   IDLE   JCPU   PCPU WHAT
claireh  pts/1    tmux(30954).%0   Mon10    7:14m  4.14s  0.00s /bin/sh -c w

procs -----------memory---------- ---swap-- -----io---- -system-- ------cpu-----
 r  b   swpd   free   buff  cache   si   so    bi    bo   in   cs us sy id wa st
 0  0      0 54423200 326688 10436564    0    0     5    22    8    5  3  0 97  0  0
 0  0      0 54422700 326688 10436564    0    0     0     0  102   49  0  0 100  0  0

top - 07:10:50 up 1 day,  4:22,  1 user,  load average: 1.10, 1.21, 1.36
Tasks: 373 total,   1 running, 372 sleeping,   0 stopped,   0 zombie
%Cpu(s):  0.0 us,  0.2 sy,  0.0 ni, 99.8 id,  0.0 wa,  0.0 hi,  0.0 si,  0.0 st
MiB Mem :  64217.5 total,  53147.2 free,    559.3 used,  10511.0 buff/cache
MiB Swap:  65536.0 total,  65536.0 free,      0.0 used.  62961.8 avail Mem 

    PID USER      PR  NI    VIRT    RES    SHR S  %CPU  %MEM     TIME+ COMMAND
      1 root      20   0  165872  11108   8036 S   0.0   0.0   0:01.10 /sbin/init
      2 root      20   0       0      0      0 S   0.0   0.0   0:00.02 [kthreadd]
      3 root       0 -20       0      0      0 I   0.0   0.0   0:00.00 [rcu_gp]
      4 root       0 -20       0      0      0 I   0.0   0.0   0:00.00 [rcu_par_gp]
      5 root       0 -20       0      0      0 I   0.0   0.0   0:00.00 [slub_flushwq]

Environment variables: 
	DBUS_SESSION_BUS_ADDRESS=unix:path=/run/user/1239/bus
	HOME=/home/claireh
	LANG=en_US.UTF-8
	LOGNAME=claireh
	MOTD_SHOWN=pam
	PATH=/usr/local/sbin:/usr/local/bin:/usr/sbin:/usr/bin:/sbin:/bin:/usr/games:/usr/local/games:/snap/bin:/home/claireh/.local/bin:/home/claireh/.local/bin:/home/claireh/.local/bin
	PWD=/home/claireh
	RUNNING_NG_PACKAGE_DATA=/usr/local/lib/python3.10/dist-packages/running/config
	SHELL=/bin/bash
	SHLVL=2
	SSH_CLIENT=10.0.0.2 48768 22
	SSH_CONNECTION=10.0.0.2 48768 10.0.0.81 22
	SSH_TTY=/dev/pts/0
	TERM=screen
	TERM_PROGRAM=tmux
	TERM_PROGRAM_VERSION=3.2a
	TMUX=/tmp/tmux-1239/default,30954,0
	TMUX_PANE=%0
	USER=claireh
	XDG_RUNTIME_DIR=/run/user/1239
	XDG_SESSION_CLASS=user
	XDG_SESSION_ID=17
	XDG_SESSION_TYPE=tty
	_=/usr/local/bin/running
OS: Linux boar 5.15.0-58-generic #64-Ubuntu SMP Thu Jan 5 11:43:13 UTC 2023 x86_64 x86_64 x86_64 GNU/Linux
CPU: model name	: AMD Ryzen 9 5950X 16-Core Processor
number of cores: 32
Frequency of cpu 0: 3.39 GHz
Governor of cpu 0: performance
Scaling_min_freq of cpu 0: 2.20 GHz
Frequency of cpu 1: 3.35 GHz
Governor of cpu 1: performance
Scaling_min_freq of cpu 1: 2.20 GHz
Frequency of cpu 2: 3.34 GHz
Governor of cpu 2: performance
Scaling_min_freq of cpu 2: 2.20 GHz
Frequency of cpu 3: 3.33 GHz
Governor of cpu 3: performance
Scaling_min_freq of cpu 3: 2.20 GHz
Frequency of cpu 4: 3.36 GHz
Governor of cpu 4: performance
Scaling_min_freq of cpu 4: 2.20 GHz
Frequency of cpu 5: 3.33 GHz
Governor of cpu 5: performance
Scaling_min_freq of cpu 5: 2.20 GHz
Frequency of cpu 6: 3.41 GHz
Governor of cpu 6: performance
Scaling_min_freq of cpu 6: 2.20 GHz
Frequency of cpu 7: 3.34 GHz
Governor of cpu 7: performance
Scaling_min_freq of cpu 7: 2.20 GHz
Frequency of cpu 8: 3.39 GHz
Governor of cpu 8: performance
Scaling_min_freq of cpu 8: 2.20 GHz
Frequency of cpu 9: 3.37 GHz
Governor of cpu 9: performance
Scaling_min_freq of cpu 9: 2.20 GHz
Frequency of cpu 10: 3.39 GHz
Governor of cpu 10: performance
Scaling_min_freq of cpu 10: 2.20 GHz
Frequency of cpu 11: 3.39 GHz
Governor of cpu 11: performance
Scaling_min_freq of cpu 11: 2.20 GHz
Frequency of cpu 12: 3.39 GHz
Governor of cpu 12: performance
Scaling_min_freq of cpu 12: 2.20 GHz
Frequency of cpu 13: 3.38 GHz
Governor of cpu 13: performance
Scaling_min_freq of cpu 13: 2.20 GHz
Frequency of cpu 14: 3.39 GHz
Governor of cpu 14: performance
Scaling_min_freq of cpu 14: 2.20 GHz
Frequency of cpu 15: 3.27 GHz
Governor of cpu 15: performance
Scaling_min_freq of cpu 15: 2.20 GHz
Frequency of cpu 16: 3.39 GHz
Governor of cpu 16: performance
Scaling_min_freq of cpu 16: 2.20 GHz
Frequency of cpu 17: 3.33 GHz
Governor of cpu 17: performance
Scaling_min_freq of cpu 17: 2.20 GHz
Frequency of cpu 18: 3.32 GHz
Governor of cpu 18: performance
Scaling_min_freq of cpu 18: 2.20 GHz
Frequency of cpu 19: 3.33 GHz
Governor of cpu 19: performance
Scaling_min_freq of cpu 19: 2.20 GHz
Frequency of cpu 20: 3.33 GHz
Governor of cpu 20: performance
Scaling_min_freq of cpu 20: 2.20 GHz
Frequency of cpu 21: 3.32 GHz
Governor of cpu 21: performance
Scaling_min_freq of cpu 21: 2.20 GHz
Frequency of cpu 22: 3.39 GHz
Governor of cpu 22: performance
Scaling_min_freq of cpu 22: 2.20 GHz
Frequency of cpu 23: 3.39 GHz
Governor of cpu 23: performance
Scaling_min_freq of cpu 23: 2.20 GHz
Frequency of cpu 24: 3.39 GHz
Governor of cpu 24: performance
Scaling_min_freq of cpu 24: 2.20 GHz
Frequency of cpu 25: 3.38 GHz
Governor of cpu 25: performance
Scaling_min_freq of cpu 25: 2.20 GHz
Frequency of cpu 26: 3.33 GHz
Governor of cpu 26: performance
Scaling_min_freq of cpu 26: 2.20 GHz
Frequency of cpu 27: 3.39 GHz
Governor of cpu 27: performance
Scaling_min_freq of cpu 27: 2.20 GHz
Frequency of cpu 28: 3.38 GHz
Governor of cpu 28: performance
Scaling_min_freq of cpu 28: 2.20 GHz
Frequency of cpu 29: 3.39 GHz
Governor of cpu 29: performance
Scaling_min_freq of cpu 29: 2.20 GHz
Frequency of cpu 30: 3.39 GHz
Governor of cpu 30: performance
Scaling_min_freq of cpu 30: 2.20 GHz
Frequency of cpu 31: 3.37 GHz
Governor of cpu 31: performance
Scaling_min_freq of cpu 31: 2.20 GHz
--------------------------------------------------------------------------------
IMPORTANT NOTICE:  This is NOT a release build of the DaCapo suite.
Since it is not an official release of the DaCapo suite, care must be taken when
using the suite, and any use of the build must be sure to note that it is not an
offical release, and should note the relevant git hash.

Feedback is greatly appreciated.   The preferred mode of feedback is via github.
Please use our github page to create an issue or a pull request.
    https://github.com/dacapobench/dacapobench.
--------------------------------------------------------------------------------

Version: jython v2.7.3
Nominal stats: NAL: 33, NAS: 11, NEF: 8, NET: 3, NEW: 9, NGF: 217, NMH: 37, NML: 0, NMR: 1480, NMS: 13, NMT: 112, NOA: 43, NOL: 48, NOM: 32, NOS: 16, NPF: 70, NUB: 150, NUC: 29
===== DaCapo evaluation-git-0d047f55 jython starting warmup 1 =====
-------------------------------------------------------------------------------
PYBENCH 2.0
-------------------------------------------------------------------------------
* using Jython
* system check interval set to maximum: 2147483647
* using timer: time.time

Calibrating tests. Please wait... done.

Running 2 round(s) of the suite at warp factor 20:

* Round 1 done.
* Round 2 done.

===== DaCapo evaluation-git-0d047f55 jython completed warmup 1 in 38170 msec =====
===== DaCapo evaluation-git-0d047f55 jython starting warmup 2 =====
-------------------------------------------------------------------------------
PYBENCH 2.0
-------------------------------------------------------------------------------
* using Jython
* system check interval set to maximum: 2147483647
* using timer: time.time

Calibrating tests. Please wait... done.

Running 2 round(s) of the suite at warp factor 20:

* Round 1 done.
* Round 2 done.

===== DaCapo evaluation-git-0d047f55 jython completed warmup 2 in 24431 msec =====
===== DaCapo evaluation-git-0d047f55 jython starting warmup 3 =====
-------------------------------------------------------------------------------
PYBENCH 2.0
-------------------------------------------------------------------------------
* using Jython
* system check interval set to maximum: 2147483647
* using timer: time.time

Calibrating tests. Please wait... done.

Running 2 round(s) of the suite at warp factor 20:

* Round 1 done.
* Round 2 done.

===== DaCapo evaluation-git-0d047f55 jython completed warmup 3 in 20000 msec =====
===== DaCapo evaluation-git-0d047f55 jython starting warmup 4 =====
-------------------------------------------------------------------------------
PYBENCH 2.0
-------------------------------------------------------------------------------
* using Jython
* system check interval set to maximum: 2147483647
* using timer: time.time

Calibrating tests. Please wait... done.

Running 2 round(s) of the suite at warp factor 20:

* Round 1 done.
* Round 2 done.

===== DaCapo evaluation-git-0d047f55 jython completed warmup 4 in 19997 msec =====
===== DaCapo evaluation-git-0d047f55 jython starting =====
-------------------------------------------------------------------------------
PYBENCH 2.0
-------------------------------------------------------------------------------
* using Jython
* system check interval set to maximum: 2147483647
* using timer: time.time

Calibrating tests. Please wait... done.

Running 2 round(s) of the suite at warp factor 20:

* Round 1 done.
* Round 2 done.

============================ MMTk Statistics Totals ============================
GC	time.other	time.stw	total-work.time.max	total-work.time.total	total-work.count	total-work.time.min	
84	15400.12	4474.66	-inf	0.000	0	inf	
Total time: 19874.78 ms
------------------------------ End MMTk Statistics -----------------------------
===== DaCapo evaluation-git-0d047f55 jython PASSED in 19874 msec =====
*****
Attaching 4 probes...
^C

@processedgestime: 4214111662
@startprocessedges: 102314322391681
@stats_enabled: 0

-----
mkdir -p PLOTTY_WORKAROUND; timedrun; MMTK_PLAN=Immix MMTK_THREADS=1 MMTK_STRESS_FACTOR=67108864 setarch x86_64 -R /home/claireh/builds/process_edges_scalability/bin/java -XX:MetaspaceSize=500M -XX:+DisableExplicitGC -server -XX:-TieredCompilation -Xcomp -XX:+UseThirdPartyHeap -Djava.library.path=/home/claireh/probes/out -Dprobes=RustMMTk -Xms10G -Xmx10G --add-exports java.base/jdk.internal.ref=ALL-UNNAMED -cp /usr/share/benchmarks/dacapo/dacapo-evaluation-git-0d047f55.jar:/home/claireh/probes/out:/home/claireh/probes/out/probes.jar Harness -c probe.DacapoChopinCallback -n 5 -s default jython
running-ng v0.3.6
Tue Feb 14 07:21:56 AM UTC 2023

 07:21:56 up 1 day,  4:33,  1 user,  load average: 1.71, 1.39, 1.32
USER     TTY      FROM             LOGIN@   IDLE   JCPU   PCPU WHAT
claireh  pts/1    tmux(30954).%0   Mon10    7:25m  4.25s  0.00s /bin/sh -c w

procs -----------memory---------- ---swap-- -----io---- -system-- ------cpu-----
 r  b   swpd   free   buff  cache   si   so    bi    bo   in   cs us sy id wa st
 0  0      0 54422976 327412 10436472    0    0     5    22    8    6  3  0 97  0  0
 0  0      0 54422976 327412 10436472    0    0     0     0  183  120  0  0 100  0  0

top - 07:21:57 up 1 day,  4:33,  1 user,  load average: 1.71, 1.39, 1.32
Tasks: 369 total,   1 running, 368 sleeping,   0 stopped,   0 zombie
%Cpu(s):  0.0 us,  0.2 sy,  0.0 ni, 99.8 id,  0.0 wa,  0.0 hi,  0.0 si,  0.0 st
MiB Mem :  64217.5 total,  53146.9 free,    558.9 used,  10511.6 buff/cache
MiB Swap:  65536.0 total,  65536.0 free,      0.0 used.  62962.3 avail Mem 

    PID USER      PR  NI    VIRT    RES    SHR S  %CPU  %MEM     TIME+ COMMAND
 207901 root      20   0       0      0      0 I   6.7   0.0   0:00.05 [kworker/5:1-mm_percpu_wq]
      1 root      20   0  165872  11108   8036 S   0.0   0.0   0:01.10 /sbin/init
      2 root      20   0       0      0      0 S   0.0   0.0   0:00.02 [kthreadd]
      3 root       0 -20       0      0      0 I   0.0   0.0   0:00.00 [rcu_gp]
      4 root       0 -20       0      0      0 I   0.0   0.0   0:00.00 [rcu_par_gp]

Environment variables: 
	DBUS_SESSION_BUS_ADDRESS=unix:path=/run/user/1239/bus
	HOME=/home/claireh
	LANG=en_US.UTF-8
	LOGNAME=claireh
	MOTD_SHOWN=pam
	PATH=/usr/local/sbin:/usr/local/bin:/usr/sbin:/usr/bin:/sbin:/bin:/usr/games:/usr/local/games:/snap/bin:/home/claireh/.local/bin:/home/claireh/.local/bin:/home/claireh/.local/bin
	PWD=/home/claireh
	RUNNING_NG_PACKAGE_DATA=/usr/local/lib/python3.10/dist-packages/running/config
	SHELL=/bin/bash
	SHLVL=2
	SSH_CLIENT=10.0.0.2 48768 22
	SSH_CONNECTION=10.0.0.2 48768 10.0.0.81 22
	SSH_TTY=/dev/pts/0
	TERM=screen
	TERM_PROGRAM=tmux
	TERM_PROGRAM_VERSION=3.2a
	TMUX=/tmp/tmux-1239/default,30954,0
	TMUX_PANE=%0
	USER=claireh
	XDG_RUNTIME_DIR=/run/user/1239
	XDG_SESSION_CLASS=user
	XDG_SESSION_ID=17
	XDG_SESSION_TYPE=tty
	_=/usr/local/bin/running
OS: Linux boar 5.15.0-58-generic #64-Ubuntu SMP Thu Jan 5 11:43:13 UTC 2023 x86_64 x86_64 x86_64 GNU/Linux
CPU: model name	: AMD Ryzen 9 5950X 16-Core Processor
number of cores: 32
Frequency of cpu 0: 3.38 GHz
Governor of cpu 0: performance
Scaling_min_freq of cpu 0: 2.20 GHz
Frequency of cpu 1: 3.38 GHz
Governor of cpu 1: performance
Scaling_min_freq of cpu 1: 2.20 GHz
Frequency of cpu 2: 3.34 GHz
Governor of cpu 2: performance
Scaling_min_freq of cpu 2: 2.20 GHz
Frequency of cpu 3: 3.34 GHz
Governor of cpu 3: performance
Scaling_min_freq of cpu 3: 2.20 GHz
Frequency of cpu 4: 3.33 GHz
Governor of cpu 4: performance
Scaling_min_freq of cpu 4: 2.20 GHz
Frequency of cpu 5: 3.34 GHz
Governor of cpu 5: performance
Scaling_min_freq of cpu 5: 2.20 GHz
Frequency of cpu 6: 3.32 GHz
Governor of cpu 6: performance
Scaling_min_freq of cpu 6: 2.20 GHz
Frequency of cpu 7: 3.33 GHz
Governor of cpu 7: performance
Scaling_min_freq of cpu 7: 2.20 GHz
Frequency of cpu 8: 3.35 GHz
Governor of cpu 8: performance
Scaling_min_freq of cpu 8: 2.20 GHz
Frequency of cpu 9: 3.39 GHz
Governor of cpu 9: performance
Scaling_min_freq of cpu 9: 2.20 GHz
Frequency of cpu 10: 3.39 GHz
Governor of cpu 10: performance
Scaling_min_freq of cpu 10: 2.20 GHz
Frequency of cpu 11: 3.35 GHz
Governor of cpu 11: performance
Scaling_min_freq of cpu 11: 2.20 GHz
Frequency of cpu 12: 3.38 GHz
Governor of cpu 12: performance
Scaling_min_freq of cpu 12: 2.20 GHz
Frequency of cpu 13: 3.33 GHz
Governor of cpu 13: performance
Scaling_min_freq of cpu 13: 2.20 GHz
Frequency of cpu 14: 3.38 GHz
Governor of cpu 14: performance
Scaling_min_freq of cpu 14: 2.20 GHz
Frequency of cpu 15: 3.38 GHz
Governor of cpu 15: performance
Scaling_min_freq of cpu 15: 2.20 GHz
Frequency of cpu 16: 3.39 GHz
Governor of cpu 16: performance
Scaling_min_freq of cpu 16: 2.20 GHz
Frequency of cpu 17: 3.34 GHz
Governor of cpu 17: performance
Scaling_min_freq of cpu 17: 2.20 GHz
Frequency of cpu 18: 3.33 GHz
Governor of cpu 18: performance
Scaling_min_freq of cpu 18: 2.20 GHz
Frequency of cpu 19: 3.33 GHz
Governor of cpu 19: performance
Scaling_min_freq of cpu 19: 2.20 GHz
Frequency of cpu 20: 3.39 GHz
Governor of cpu 20: performance
Scaling_min_freq of cpu 20: 2.20 GHz
Frequency of cpu 21: 3.36 GHz
Governor of cpu 21: performance
Scaling_min_freq of cpu 21: 2.20 GHz
Frequency of cpu 22: 3.38 GHz
Governor of cpu 22: performance
Scaling_min_freq of cpu 22: 2.20 GHz
Frequency of cpu 23: 3.36 GHz
Governor of cpu 23: performance
Scaling_min_freq of cpu 23: 2.20 GHz
Frequency of cpu 24: 3.27 GHz
Governor of cpu 24: performance
Scaling_min_freq of cpu 24: 2.20 GHz
Frequency of cpu 25: 3.38 GHz
Governor of cpu 25: performance
Scaling_min_freq of cpu 25: 2.20 GHz
Frequency of cpu 26: 3.39 GHz
Governor of cpu 26: performance
Scaling_min_freq of cpu 26: 2.20 GHz
Frequency of cpu 27: 3.39 GHz
Governor of cpu 27: performance
Scaling_min_freq of cpu 27: 2.20 GHz
Frequency of cpu 28: 3.35 GHz
Governor of cpu 28: performance
Scaling_min_freq of cpu 28: 2.20 GHz
Frequency of cpu 29: 3.34 GHz
Governor of cpu 29: performance
Scaling_min_freq of cpu 29: 2.20 GHz
Frequency of cpu 30: 3.35 GHz
Governor of cpu 30: performance
Scaling_min_freq of cpu 30: 2.20 GHz
Frequency of cpu 31: 3.34 GHz
Governor of cpu 31: performance
Scaling_min_freq of cpu 31: 2.20 GHz
--------------------------------------------------------------------------------
IMPORTANT NOTICE:  This is NOT a release build of the DaCapo suite.
Since it is not an official release of the DaCapo suite, care must be taken when
using the suite, and any use of the build must be sure to note that it is not an
offical release, and should note the relevant git hash.

Feedback is greatly appreciated.   The preferred mode of feedback is via github.
Please use our github page to create an issue or a pull request.
    https://github.com/dacapobench/dacapobench.
--------------------------------------------------------------------------------

Version: jython v2.7.3
Nominal stats: NAL: 33, NAS: 11, NEF: 8, NET: 3, NEW: 9, NGF: 217, NMH: 37, NML: 0, NMR: 1480, NMS: 13, NMT: 112, NOA: 43, NOL: 48, NOM: 32, NOS: 16, NPF: 70, NUB: 150, NUC: 29
===== DaCapo evaluation-git-0d047f55 jython starting warmup 1 =====
-------------------------------------------------------------------------------
PYBENCH 2.0
-------------------------------------------------------------------------------
* using Jython
* system check interval set to maximum: 2147483647
* using timer: time.time

Calibrating tests. Please wait... done.

Running 2 round(s) of the suite at warp factor 20:

* Round 1 done.
* Round 2 done.

===== DaCapo evaluation-git-0d047f55 jython completed warmup 1 in 38212 msec =====
===== DaCapo evaluation-git-0d047f55 jython starting warmup 2 =====
-------------------------------------------------------------------------------
PYBENCH 2.0
-------------------------------------------------------------------------------
* using Jython
* system check interval set to maximum: 2147483647
* using timer: time.time

Calibrating tests. Please wait... done.

Running 2 round(s) of the suite at warp factor 20:

* Round 1 done.
* Round 2 done.

===== DaCapo evaluation-git-0d047f55 jython completed warmup 2 in 24539 msec =====
===== DaCapo evaluation-git-0d047f55 jython starting warmup 3 =====
-------------------------------------------------------------------------------
PYBENCH 2.0
-------------------------------------------------------------------------------
* using Jython
* system check interval set to maximum: 2147483647
* using timer: time.time

Calibrating tests. Please wait... done.

Running 2 round(s) of the suite at warp factor 20:

* Round 1 done.
* Round 2 done.

===== DaCapo evaluation-git-0d047f55 jython completed warmup 3 in 19829 msec =====
===== DaCapo evaluation-git-0d047f55 jython starting warmup 4 =====
-------------------------------------------------------------------------------
PYBENCH 2.0
-------------------------------------------------------------------------------
* using Jython
* system check interval set to maximum: 2147483647
* using timer: time.time

Calibrating tests. Please wait... done.

Running 2 round(s) of the suite at warp factor 20:

* Round 1 done.
* Round 2 done.

===== DaCapo evaluation-git-0d047f55 jython completed warmup 4 in 20016 msec =====
===== DaCapo evaluation-git-0d047f55 jython starting =====
-------------------------------------------------------------------------------
PYBENCH 2.0
-------------------------------------------------------------------------------
* using Jython
* system check interval set to maximum: 2147483647
* using timer: time.time

Calibrating tests. Please wait... done.

Running 2 round(s) of the suite at warp factor 20:

* Round 1 done.
* Round 2 done.

============================ MMTk Statistics Totals ============================
GC	time.other	time.stw	total-work.time.total	total-work.count	total-work.time.min	total-work.time.max	
84	15472.56	4541.29	0.000	0	inf	-inf	
Total time: 20013.85 ms
------------------------------ End MMTk Statistics -----------------------------
===== DaCapo evaluation-git-0d047f55 jython PASSED in 20013 msec =====
*****
Attaching 4 probes...
^C

@processedgestime: 4255152730
@startprocessedges: 102981713810251
@stats_enabled: 0

-----
mkdir -p PLOTTY_WORKAROUND; timedrun; MMTK_PLAN=Immix MMTK_THREADS=1 MMTK_STRESS_FACTOR=67108864 setarch x86_64 -R /home/claireh/builds/process_edges_scalability/bin/java -XX:MetaspaceSize=500M -XX:+DisableExplicitGC -server -XX:-TieredCompilation -Xcomp -XX:+UseThirdPartyHeap -Djava.library.path=/home/claireh/probes/out -Dprobes=RustMMTk -Xms10G -Xmx10G --add-exports java.base/jdk.internal.ref=ALL-UNNAMED -cp /usr/share/benchmarks/dacapo/dacapo-evaluation-git-0d047f55.jar:/home/claireh/probes/out:/home/claireh/probes/out/probes.jar Harness -c probe.DacapoChopinCallback -n 5 -s default jython
running-ng v0.3.6
Tue Feb 14 07:33:05 AM UTC 2023

 07:33:05 up 1 day,  4:45,  1 user,  load average: 1.23, 1.25, 1.25
USER     TTY      FROM             LOGIN@   IDLE   JCPU   PCPU WHAT
claireh  pts/1    tmux(30954).%0   Mon10    7:36m  4.37s  0.00s /bin/sh -c w

procs -----------memory---------- ---swap-- -----io---- -system-- ------cpu-----
 r  b   swpd   free   buff  cache   si   so    bi    bo   in   cs us sy id wa st
 0  0      0 54414964 328128 10437088    0    0     5    22    8    6  3  0 97  0  0
 0  0      0 54414856 328128 10437020    0    0     0     0  143  156  0  0 100  0  0

top - 07:33:06 up 1 day,  4:45,  1 user,  load average: 1.23, 1.25, 1.25
Tasks: 373 total,   1 running, 372 sleeping,   0 stopped,   0 zombie
%Cpu(s):  0.2 us,  0.2 sy,  0.0 ni, 99.6 id,  0.0 wa,  0.0 hi,  0.0 si,  0.0 st
MiB Mem :  64217.5 total,  53139.3 free,    565.4 used,  10512.8 buff/cache
MiB Swap:  65536.0 total,  65536.0 free,      0.0 used.  62955.6 avail Mem 

    PID USER      PR  NI    VIRT    RES    SHR S  %CPU  %MEM     TIME+ COMMAND
      1 root      20   0  165872  11108   8036 S   0.0   0.0   0:01.11 /sbin/init
      2 root      20   0       0      0      0 S   0.0   0.0   0:00.02 [kthreadd]
      3 root       0 -20       0      0      0 I   0.0   0.0   0:00.00 [rcu_gp]
      4 root       0 -20       0      0      0 I   0.0   0.0   0:00.00 [rcu_par_gp]
      5 root       0 -20       0      0      0 I   0.0   0.0   0:00.00 [slub_flushwq]

Environment variables: 
	DBUS_SESSION_BUS_ADDRESS=unix:path=/run/user/1239/bus
	HOME=/home/claireh
	LANG=en_US.UTF-8
	LOGNAME=claireh
	MOTD_SHOWN=pam
	PATH=/usr/local/sbin:/usr/local/bin:/usr/sbin:/usr/bin:/sbin:/bin:/usr/games:/usr/local/games:/snap/bin:/home/claireh/.local/bin:/home/claireh/.local/bin:/home/claireh/.local/bin
	PWD=/home/claireh
	RUNNING_NG_PACKAGE_DATA=/usr/local/lib/python3.10/dist-packages/running/config
	SHELL=/bin/bash
	SHLVL=2
	SSH_CLIENT=10.0.0.2 48768 22
	SSH_CONNECTION=10.0.0.2 48768 10.0.0.81 22
	SSH_TTY=/dev/pts/0
	TERM=screen
	TERM_PROGRAM=tmux
	TERM_PROGRAM_VERSION=3.2a
	TMUX=/tmp/tmux-1239/default,30954,0
	TMUX_PANE=%0
	USER=claireh
	XDG_RUNTIME_DIR=/run/user/1239
	XDG_SESSION_CLASS=user
	XDG_SESSION_ID=17
	XDG_SESSION_TYPE=tty
	_=/usr/local/bin/running
OS: Linux boar 5.15.0-58-generic #64-Ubuntu SMP Thu Jan 5 11:43:13 UTC 2023 x86_64 x86_64 x86_64 GNU/Linux
CPU: model name	: AMD Ryzen 9 5950X 16-Core Processor
number of cores: 32
Frequency of cpu 0: 3.38 GHz
Governor of cpu 0: performance
Scaling_min_freq of cpu 0: 2.20 GHz
Frequency of cpu 1: 3.38 GHz
Governor of cpu 1: performance
Scaling_min_freq of cpu 1: 2.20 GHz
Frequency of cpu 2: 3.38 GHz
Governor of cpu 2: performance
Scaling_min_freq of cpu 2: 2.20 GHz
Frequency of cpu 3: 3.39 GHz
Governor of cpu 3: performance
Scaling_min_freq of cpu 3: 2.20 GHz
Frequency of cpu 4: 3.39 GHz
Governor of cpu 4: performance
Scaling_min_freq of cpu 4: 2.20 GHz
Frequency of cpu 5: 3.35 GHz
Governor of cpu 5: performance
Scaling_min_freq of cpu 5: 2.20 GHz
Frequency of cpu 6: 3.34 GHz
Governor of cpu 6: performance
Scaling_min_freq of cpu 6: 2.20 GHz
Frequency of cpu 7: 3.38 GHz
Governor of cpu 7: performance
Scaling_min_freq of cpu 7: 2.20 GHz
Frequency of cpu 8: 3.39 GHz
Governor of cpu 8: performance
Scaling_min_freq of cpu 8: 2.20 GHz
Frequency of cpu 9: 3.35 GHz
Governor of cpu 9: performance
Scaling_min_freq of cpu 9: 2.20 GHz
Frequency of cpu 10: 3.34 GHz
Governor of cpu 10: performance
Scaling_min_freq of cpu 10: 2.20 GHz
Frequency of cpu 11: 3.36 GHz
Governor of cpu 11: performance
Scaling_min_freq of cpu 11: 2.20 GHz
Frequency of cpu 12: 3.35 GHz
Governor of cpu 12: performance
Scaling_min_freq of cpu 12: 2.20 GHz
Frequency of cpu 13: 3.35 GHz
Governor of cpu 13: performance
Scaling_min_freq of cpu 13: 2.20 GHz
Frequency of cpu 14: 3.35 GHz
Governor of cpu 14: performance
Scaling_min_freq of cpu 14: 2.20 GHz
Frequency of cpu 15: 3.35 GHz
Governor of cpu 15: performance
Scaling_min_freq of cpu 15: 2.20 GHz
Frequency of cpu 16: 3.34 GHz
Governor of cpu 16: performance
Scaling_min_freq of cpu 16: 2.20 GHz
Frequency of cpu 17: 3.33 GHz
Governor of cpu 17: performance
Scaling_min_freq of cpu 17: 2.20 GHz
Frequency of cpu 18: 3.34 GHz
Governor of cpu 18: performance
Scaling_min_freq of cpu 18: 2.20 GHz
Frequency of cpu 19: 3.34 GHz
Governor of cpu 19: performance
Scaling_min_freq of cpu 19: 2.20 GHz
Frequency of cpu 20: 3.34 GHz
Governor of cpu 20: performance
Scaling_min_freq of cpu 20: 2.20 GHz
Frequency of cpu 21: 3.37 GHz
Governor of cpu 21: performance
Scaling_min_freq of cpu 21: 2.20 GHz
Frequency of cpu 22: 3.36 GHz
Governor of cpu 22: performance
Scaling_min_freq of cpu 22: 2.20 GHz
Frequency of cpu 23: 3.39 GHz
Governor of cpu 23: performance
Scaling_min_freq of cpu 23: 2.20 GHz
Frequency of cpu 24: 3.38 GHz
Governor of cpu 24: performance
Scaling_min_freq of cpu 24: 2.20 GHz
Frequency of cpu 25: 3.39 GHz
Governor of cpu 25: performance
Scaling_min_freq of cpu 25: 2.20 GHz
Frequency of cpu 26: 3.33 GHz
Governor of cpu 26: performance
Scaling_min_freq of cpu 26: 2.20 GHz
Frequency of cpu 27: 3.27 GHz
Governor of cpu 27: performance
Scaling_min_freq of cpu 27: 2.20 GHz
Frequency of cpu 28: 3.38 GHz
Governor of cpu 28: performance
Scaling_min_freq of cpu 28: 2.20 GHz
Frequency of cpu 29: 3.39 GHz
Governor of cpu 29: performance
Scaling_min_freq of cpu 29: 2.20 GHz
Frequency of cpu 30: 3.38 GHz
Governor of cpu 30: performance
Scaling_min_freq of cpu 30: 2.20 GHz
Frequency of cpu 31: 3.39 GHz
Governor of cpu 31: performance
Scaling_min_freq of cpu 31: 2.20 GHz
--------------------------------------------------------------------------------
IMPORTANT NOTICE:  This is NOT a release build of the DaCapo suite.
Since it is not an official release of the DaCapo suite, care must be taken when
using the suite, and any use of the build must be sure to note that it is not an
offical release, and should note the relevant git hash.

Feedback is greatly appreciated.   The preferred mode of feedback is via github.
Please use our github page to create an issue or a pull request.
    https://github.com/dacapobench/dacapobench.
--------------------------------------------------------------------------------

Version: jython v2.7.3
Nominal stats: NAL: 33, NAS: 11, NEF: 8, NET: 3, NEW: 9, NGF: 217, NMH: 37, NML: 0, NMR: 1480, NMS: 13, NMT: 112, NOA: 43, NOL: 48, NOM: 32, NOS: 16, NPF: 70, NUB: 150, NUC: 29
===== DaCapo evaluation-git-0d047f55 jython starting warmup 1 =====
-------------------------------------------------------------------------------
PYBENCH 2.0
-------------------------------------------------------------------------------
* using Jython
* system check interval set to maximum: 2147483647
* using timer: time.time

Calibrating tests. Please wait... done.

Running 2 round(s) of the suite at warp factor 20:

* Round 1 done.
* Round 2 done.

===== DaCapo evaluation-git-0d047f55 jython completed warmup 1 in 38225 msec =====
===== DaCapo evaluation-git-0d047f55 jython starting warmup 2 =====
-------------------------------------------------------------------------------
PYBENCH 2.0
-------------------------------------------------------------------------------
* using Jython
* system check interval set to maximum: 2147483647
* using timer: time.time

Calibrating tests. Please wait... done.

Running 2 round(s) of the suite at warp factor 20:

* Round 1 done.
* Round 2 done.

===== DaCapo evaluation-git-0d047f55 jython completed warmup 2 in 24507 msec =====
===== DaCapo evaluation-git-0d047f55 jython starting warmup 3 =====
-------------------------------------------------------------------------------
PYBENCH 2.0
-------------------------------------------------------------------------------
* using Jython
* system check interval set to maximum: 2147483647
* using timer: time.time

Calibrating tests. Please wait... done.

Running 2 round(s) of the suite at warp factor 20:

* Round 1 done.
* Round 2 done.

===== DaCapo evaluation-git-0d047f55 jython completed warmup 3 in 19960 msec =====
===== DaCapo evaluation-git-0d047f55 jython starting warmup 4 =====
-------------------------------------------------------------------------------
PYBENCH 2.0
-------------------------------------------------------------------------------
* using Jython
* system check interval set to maximum: 2147483647
* using timer: time.time

Calibrating tests. Please wait... done.

Running 2 round(s) of the suite at warp factor 20:

* Round 1 done.
* Round 2 done.

===== DaCapo evaluation-git-0d047f55 jython completed warmup 4 in 19890 msec =====
===== DaCapo evaluation-git-0d047f55 jython starting =====
-------------------------------------------------------------------------------
PYBENCH 2.0
-------------------------------------------------------------------------------
* using Jython
* system check interval set to maximum: 2147483647
* using timer: time.time

Calibrating tests. Please wait... done.

Running 2 round(s) of the suite at warp factor 20:

* Round 1 done.
* Round 2 done.

============================ MMTk Statistics Totals ============================
GC	time.other	time.stw	total-work.time.max	total-work.time.total	total-work.count	total-work.time.min	
84	15367.50	4688.44	-inf	0.000	0	inf	
Total time: 20055.94 ms
------------------------------ End MMTk Statistics -----------------------------
===== DaCapo evaluation-git-0d047f55 jython PASSED in 20056 msec =====
*****
Attaching 4 probes...
^C

@processedgestime: 4410042794
@startprocessedges: 103650098218178
@stats_enabled: 0

-----
mkdir -p PLOTTY_WORKAROUND; timedrun; MMTK_PLAN=Immix MMTK_THREADS=1 MMTK_STRESS_FACTOR=67108864 setarch x86_64 -R /home/claireh/builds/process_edges_scalability/bin/java -XX:MetaspaceSize=500M -XX:+DisableExplicitGC -server -XX:-TieredCompilation -Xcomp -XX:+UseThirdPartyHeap -Djava.library.path=/home/claireh/probes/out -Dprobes=RustMMTk -Xms10G -Xmx10G --add-exports java.base/jdk.internal.ref=ALL-UNNAMED -cp /usr/share/benchmarks/dacapo/dacapo-evaluation-git-0d047f55.jar:/home/claireh/probes/out:/home/claireh/probes/out/probes.jar Harness -c probe.DacapoChopinCallback -n 5 -s default jython
running-ng v0.3.6
Tue Feb 14 07:44:12 AM UTC 2023

 07:44:12 up 1 day,  4:56,  1 user,  load average: 1.02, 1.10, 1.15
USER     TTY      FROM             LOGIN@   IDLE   JCPU   PCPU WHAT
claireh  pts/1    tmux(30954).%0   Mon10    7:47m  4.48s  0.00s w

procs -----------memory---------- ---swap-- -----io---- -system-- ------cpu-----
 r  b   swpd   free   buff  cache   si   so    bi    bo   in   cs us sy id wa st
 0  1      0 54425740 328836 10436864    0    0     5    22    8    6  3  0 97  0  0
 0  0      0 54425488 328836 10436864    0    0     0     0  166  156  0  0 100  0  0

top - 07:44:14 up 1 day,  4:56,  1 user,  load average: 1.02, 1.10, 1.15
Tasks: 372 total,   1 running, 371 sleeping,   0 stopped,   0 zombie
%Cpu(s):  0.2 us,  0.0 sy,  0.0 ni, 99.8 id,  0.0 wa,  0.0 hi,  0.0 si,  0.0 st
MiB Mem :  64217.5 total,  53149.9 free,    554.2 used,  10513.4 buff/cache
MiB Swap:  65536.0 total,  65536.0 free,      0.0 used.  62966.9 avail Mem 

    PID USER      PR  NI    VIRT    RES    SHR S  %CPU  %MEM     TIME+ COMMAND
      1 root      20   0  165872  11108   8036 S   0.0   0.0   0:01.11 /sbin/init
      2 root      20   0       0      0      0 S   0.0   0.0   0:00.02 [kthreadd]
      3 root       0 -20       0      0      0 I   0.0   0.0   0:00.00 [rcu_gp]
      4 root       0 -20       0      0      0 I   0.0   0.0   0:00.00 [rcu_par_gp]
      5 root       0 -20       0      0      0 I   0.0   0.0   0:00.00 [slub_flushwq]

Environment variables: 
	DBUS_SESSION_BUS_ADDRESS=unix:path=/run/user/1239/bus
	HOME=/home/claireh
	LANG=en_US.UTF-8
	LOGNAME=claireh
	MOTD_SHOWN=pam
	PATH=/usr/local/sbin:/usr/local/bin:/usr/sbin:/usr/bin:/sbin:/bin:/usr/games:/usr/local/games:/snap/bin:/home/claireh/.local/bin:/home/claireh/.local/bin:/home/claireh/.local/bin
	PWD=/home/claireh
	RUNNING_NG_PACKAGE_DATA=/usr/local/lib/python3.10/dist-packages/running/config
	SHELL=/bin/bash
	SHLVL=2
	SSH_CLIENT=10.0.0.2 48768 22
	SSH_CONNECTION=10.0.0.2 48768 10.0.0.81 22
	SSH_TTY=/dev/pts/0
	TERM=screen
	TERM_PROGRAM=tmux
	TERM_PROGRAM_VERSION=3.2a
	TMUX=/tmp/tmux-1239/default,30954,0
	TMUX_PANE=%0
	USER=claireh
	XDG_RUNTIME_DIR=/run/user/1239
	XDG_SESSION_CLASS=user
	XDG_SESSION_ID=17
	XDG_SESSION_TYPE=tty
	_=/usr/local/bin/running
OS: Linux boar 5.15.0-58-generic #64-Ubuntu SMP Thu Jan 5 11:43:13 UTC 2023 x86_64 x86_64 x86_64 GNU/Linux
CPU: model name	: AMD Ryzen 9 5950X 16-Core Processor
number of cores: 32
Frequency of cpu 0: 3.39 GHz
Governor of cpu 0: performance
Scaling_min_freq of cpu 0: 2.20 GHz
Frequency of cpu 1: 3.33 GHz
Governor of cpu 1: performance
Scaling_min_freq of cpu 1: 2.20 GHz
Frequency of cpu 2: 3.32 GHz
Governor of cpu 2: performance
Scaling_min_freq of cpu 2: 2.20 GHz
Frequency of cpu 3: 3.34 GHz
Governor of cpu 3: performance
Scaling_min_freq of cpu 3: 2.20 GHz
Frequency of cpu 4: 3.39 GHz
Governor of cpu 4: performance
Scaling_min_freq of cpu 4: 2.20 GHz
Frequency of cpu 5: 3.38 GHz
Governor of cpu 5: performance
Scaling_min_freq of cpu 5: 2.20 GHz
Frequency of cpu 6: 3.39 GHz
Governor of cpu 6: performance
Scaling_min_freq of cpu 6: 2.20 GHz
Frequency of cpu 7: 3.37 GHz
Governor of cpu 7: performance
Scaling_min_freq of cpu 7: 2.20 GHz
Frequency of cpu 8: 3.29 GHz
Governor of cpu 8: performance
Scaling_min_freq of cpu 8: 2.20 GHz
Frequency of cpu 9: 3.38 GHz
Governor of cpu 9: performance
Scaling_min_freq of cpu 9: 2.20 GHz
Frequency of cpu 10: 3.39 GHz
Governor of cpu 10: performance
Scaling_min_freq of cpu 10: 2.20 GHz
Frequency of cpu 11: 3.39 GHz
Governor of cpu 11: performance
Scaling_min_freq of cpu 11: 2.20 GHz
Frequency of cpu 12: 3.33 GHz
Governor of cpu 12: performance
Scaling_min_freq of cpu 12: 2.20 GHz
Frequency of cpu 13: 3.38 GHz
Governor of cpu 13: performance
Scaling_min_freq of cpu 13: 2.20 GHz
Frequency of cpu 14: 3.39 GHz
Governor of cpu 14: performance
Scaling_min_freq of cpu 14: 2.20 GHz
Frequency of cpu 15: 3.35 GHz
Governor of cpu 15: performance
Scaling_min_freq of cpu 15: 2.20 GHz
Frequency of cpu 16: 3.34 GHz
Governor of cpu 16: performance
Scaling_min_freq of cpu 16: 2.20 GHz
Frequency of cpu 17: 3.33 GHz
Governor of cpu 17: performance
Scaling_min_freq of cpu 17: 2.20 GHz
Frequency of cpu 18: 3.33 GHz
Governor of cpu 18: performance
Scaling_min_freq of cpu 18: 2.20 GHz
Frequency of cpu 19: 3.34 GHz
Governor of cpu 19: performance
Scaling_min_freq of cpu 19: 2.20 GHz
Frequency of cpu 20: 3.34 GHz
Governor of cpu 20: performance
Scaling_min_freq of cpu 20: 2.20 GHz
Frequency of cpu 21: 3.37 GHz
Governor of cpu 21: performance
Scaling_min_freq of cpu 21: 2.20 GHz
Frequency of cpu 22: 3.33 GHz
Governor of cpu 22: performance
Scaling_min_freq of cpu 22: 2.20 GHz
Frequency of cpu 23: 3.34 GHz
Governor of cpu 23: performance
Scaling_min_freq of cpu 23: 2.20 GHz
Frequency of cpu 24: 3.37 GHz
Governor of cpu 24: performance
Scaling_min_freq of cpu 24: 2.20 GHz
Frequency of cpu 25: 3.34 GHz
Governor of cpu 25: performance
Scaling_min_freq of cpu 25: 2.20 GHz
Frequency of cpu 26: 3.39 GHz
Governor of cpu 26: performance
Scaling_min_freq of cpu 26: 2.20 GHz
Frequency of cpu 27: 3.39 GHz
Governor of cpu 27: performance
Scaling_min_freq of cpu 27: 2.20 GHz
Frequency of cpu 28: 3.39 GHz
Governor of cpu 28: performance
Scaling_min_freq of cpu 28: 2.20 GHz
Frequency of cpu 29: 3.39 GHz
Governor of cpu 29: performance
Scaling_min_freq of cpu 29: 2.20 GHz
Frequency of cpu 30: 3.40 GHz
Governor of cpu 30: performance
Scaling_min_freq of cpu 30: 2.20 GHz
Frequency of cpu 31: 3.39 GHz
Governor of cpu 31: performance
Scaling_min_freq of cpu 31: 2.20 GHz
