
-----
mkdir -p PLOTTY_WORKAROUND; timedrun; MMTK_PLAN=Immix MMTK_THREADS=1 /home/claireh/jdk-11.0.15/bin/java -XX:MetaspaceSize=500M -XX:+DisableExplicitGC -server -XX:-TieredCompilation -Xcomp -XX:+UseThirdPartyHeap -Djava.library.path=/home/claireh/probes -Dprobes=RustMMTk -Xms376M -Xmx376M --add-exports java.base/jdk.internal.ref=ALL-UNNAMED -cp /usr/share/benchmarks/dacapo/dacapo-evaluation-git-6e411f33.jar:/home/claireh/probes:/home/claireh/probes/probes.jar Harness -c probe.DacapoChopinCallback -n 5 -s default pmd
running-ng v0.3.3
Mon Oct 17 03:12:17 AM UTC 2022

 03:12:17 up 4 days, 15:33,  1 user,  load average: 14.00, 9.12, 7.37
USER     TTY      FROM             LOGIN@   IDLE   JCPU   PCPU WHAT
claireh  pts/1    tmux(1291593).%0 Sat12   14:37m 17.75s  0.00s /bin/sh -c w

procs -----------memory---------- ---swap-- -----io---- -system-- ------cpu-----
 r  b   swpd   free   buff  cache   si   so    bi    bo   in   cs us sy id wa st
 0  0      0 21257604 1122524 42726568    0    0     3    50    0    1  5  0 94  0  0
 0  0      0 21257604 1122524 42726568    0    0     0     0  118   57  0  0 100  0  0

top - 03:12:18 up 4 days, 15:33,  1 user,  load average: 14.00, 9.12, 7.37
Tasks: 361 total,   2 running, 359 sleeping,   0 stopped,   0 zombie
%Cpu(s):  0.0 us,  0.2 sy,  0.0 ni, 99.8 id,  0.0 wa,  0.0 hi,  0.0 si,  0.0 st
MiB Mem :  64217.5 total,  20759.4 free,    636.7 used,  42821.4 buff/cache
MiB Swap:  65536.0 total,  65536.0 free,      0.0 used.  62846.5 avail Mem 

    PID USER      PR  NI    VIRT    RES    SHR S  %CPU  %MEM     TIME+ COMMAND
2388521 claireh   20   0   10776   4284   3416 R   6.7   0.0   0:00.01 top -bcn 1 -w512
      1 root      20   0  165844  11312   8212 S   0.0   0.0   0:04.10 /sbin/init
      2 root      20   0       0      0      0 S   0.0   0.0   0:00.28 [kthreadd]
      3 root       0 -20       0      0      0 I   0.0   0.0   0:00.00 [rcu_gp]
      4 root       0 -20       0      0      0 I   0.0   0.0   0:00.00 [rcu_par_gp]

Environment variables: 
	DBUS_SESSION_BUS_ADDRESS=unix:path=/run/user/1239/bus
	HOME=/home/claireh
	LANG=en_US.UTF-8
	LOGNAME=claireh
	MOTD_SHOWN=pam
	PATH=/usr/local/sbin:/usr/local/bin:/usr/sbin:/usr/bin:/sbin:/bin:/usr/games:/usr/local/games:/snap/bin:/home/claireh/.local/bin:/home/claireh/.local/bin:/home/claireh/.local/bin
	PWD=/home/claireh
	RUNNING_NG_PACKAGE_DATA=/usr/local/lib/python3.10/dist-packages/running/config
	SHELL=/bin/bash
	SHLVL=2
	SSH_CLIENT=10.0.0.2 39456 22
	SSH_CONNECTION=10.0.0.2 39456 10.0.0.80 22
	SSH_TTY=/dev/pts/0
	TERM=screen
	TERM_PROGRAM=tmux
	TERM_PROGRAM_VERSION=3.2a
	TMUX=/tmp/tmux-1239/default,1291593,0
	TMUX_PANE=%0
	USER=claireh
	XDG_RUNTIME_DIR=/run/user/1239
	XDG_SESSION_CLASS=user
	XDG_SESSION_ID=130
	XDG_SESSION_TYPE=tty
	_=/usr/local/bin/running
OS: Linux bear 5.15.0-48-generic #54-Ubuntu SMP Fri Aug 26 13:26:29 UTC 2022 x86_64 x86_64 x86_64 GNU/Linux
CPU: model name	: AMD Ryzen 9 5950X 16-Core Processor
number of cores: 32
Frequency of cpu 0: 3.39 GHz
Governor of cpu 0: performance
Scaling_min_freq of cpu 0: 2.20 GHz
Frequency of cpu 1: 3.39 GHz
Governor of cpu 1: performance
Scaling_min_freq of cpu 1: 2.20 GHz
Frequency of cpu 2: 3.39 GHz
Governor of cpu 2: performance
Scaling_min_freq of cpu 2: 2.20 GHz
Frequency of cpu 3: 3.39 GHz
Governor of cpu 3: performance
Scaling_min_freq of cpu 3: 2.20 GHz
Frequency of cpu 4: 3.39 GHz
Governor of cpu 4: performance
Scaling_min_freq of cpu 4: 2.20 GHz
Frequency of cpu 5: 3.40 GHz
Governor of cpu 5: performance
Scaling_min_freq of cpu 5: 2.20 GHz
Frequency of cpu 6: 3.39 GHz
Governor of cpu 6: performance
Scaling_min_freq of cpu 6: 2.20 GHz
Frequency of cpu 7: 3.39 GHz
Governor of cpu 7: performance
Scaling_min_freq of cpu 7: 2.20 GHz
Frequency of cpu 8: 3.39 GHz
Governor of cpu 8: performance
Scaling_min_freq of cpu 8: 2.20 GHz
Frequency of cpu 9: 3.34 GHz
Governor of cpu 9: performance
Scaling_min_freq of cpu 9: 2.20 GHz
Frequency of cpu 10: 3.39 GHz
Governor of cpu 10: performance
Scaling_min_freq of cpu 10: 2.20 GHz
Frequency of cpu 11: 3.38 GHz
Governor of cpu 11: performance
Scaling_min_freq of cpu 11: 2.20 GHz
Frequency of cpu 12: 3.39 GHz
Governor of cpu 12: performance
Scaling_min_freq of cpu 12: 2.20 GHz
Frequency of cpu 13: 3.33 GHz
Governor of cpu 13: performance
Scaling_min_freq of cpu 13: 2.20 GHz
Frequency of cpu 14: 3.39 GHz
Governor of cpu 14: performance
Scaling_min_freq of cpu 14: 2.20 GHz
Frequency of cpu 15: 3.38 GHz
Governor of cpu 15: performance
Scaling_min_freq of cpu 15: 2.20 GHz
Frequency of cpu 16: 3.39 GHz
Governor of cpu 16: performance
Scaling_min_freq of cpu 16: 2.20 GHz
Frequency of cpu 17: 3.32 GHz
Governor of cpu 17: performance
Scaling_min_freq of cpu 17: 2.20 GHz
Frequency of cpu 18: 3.39 GHz
Governor of cpu 18: performance
Scaling_min_freq of cpu 18: 2.20 GHz
Frequency of cpu 19: 3.37 GHz
Governor of cpu 19: performance
Scaling_min_freq of cpu 19: 2.20 GHz
Frequency of cpu 20: 3.36 GHz
Governor of cpu 20: performance
Scaling_min_freq of cpu 20: 2.20 GHz
Frequency of cpu 21: 3.36 GHz
Governor of cpu 21: performance
Scaling_min_freq of cpu 21: 2.20 GHz
Frequency of cpu 22: 3.36 GHz
Governor of cpu 22: performance
Scaling_min_freq of cpu 22: 2.20 GHz
Frequency of cpu 23: 3.36 GHz
Governor of cpu 23: performance
Scaling_min_freq of cpu 23: 2.20 GHz
Frequency of cpu 24: 3.38 GHz
Governor of cpu 24: performance
Scaling_min_freq of cpu 24: 2.20 GHz
Frequency of cpu 25: 3.38 GHz
Governor of cpu 25: performance
Scaling_min_freq of cpu 25: 2.20 GHz
Frequency of cpu 26: 3.37 GHz
Governor of cpu 26: performance
Scaling_min_freq of cpu 26: 2.20 GHz
Frequency of cpu 27: 3.36 GHz
Governor of cpu 27: performance
Scaling_min_freq of cpu 27: 2.20 GHz
Frequency of cpu 28: 3.37 GHz
Governor of cpu 28: performance
Scaling_min_freq of cpu 28: 2.20 GHz
Frequency of cpu 29: 3.35 GHz
Governor of cpu 29: performance
Scaling_min_freq of cpu 29: 2.20 GHz
Frequency of cpu 30: 3.38 GHz
Governor of cpu 30: performance
Scaling_min_freq of cpu 30: 2.20 GHz
Frequency of cpu 31: 3.35 GHz
Governor of cpu 31: performance
Scaling_min_freq of cpu 31: 2.20 GHz
--------------------------------------------------------------------------------
IMPORTANT NOTICE:  This is NOT a release build of the DaCapo suite.
Since it is not an official release of the DaCapo suite, care must be taken when
using the suite, and any use of the build must be sure to note that it is not an
offical release, and should note the relevant git hash.

Feedback is greatly appreciated.   The preferred mode of feedback is via github.
Please use our github page to create an issue or a pull request.
    https://github.com/dacapobench/dacapobench.
--------------------------------------------------------------------------------

Version: pmd 6.49.0
===== DaCapo evaluation-git-6e411f33 pmd starting warmup 1 =====
===== DaCapo evaluation-git-6e411f33 pmd completed warmup 1 in 45600 msec =====
===== DaCapo evaluation-git-6e411f33 pmd starting warmup 2 =====
java.lang.reflect.InvocationTargetException
java.lang.reflect.InvocationTargetException
	at java.base/jdk.internal.reflect.NativeMethodAccessorImpl.invoke0(Native Method)
	at java.base/jdk.internal.reflect.NativeMethodAccessorImpl.invoke(NativeMethodAccessorImpl.java:62)
	at java.base/jdk.internal.reflect.DelegatingMethodAccessorImpl.invoke(DelegatingMethodAccessorImpl.java:43)
	at java.base/java.lang.reflect.Method.invoke(Method.java:566)
	at org.dacapo.harness.Pmd.iterate(Pmd.java:99)
	at org.dacapo.harness.Benchmark.run(Benchmark.java:229)
	at org.dacapo.harness.TestHarness.runBenchmark(TestHarness.java:225)
	at org.dacapo.harness.TestHarness.main(TestHarness.java:170)
	at java.base/jdk.internal.reflect.NativeMethodAccessorImpl.invoke0(Native Method)
	at java.base/jdk.internal.reflect.NativeMethodAccessorImpl.invoke(NativeMethodAccessorImpl.java:62)
	at java.base/jdk.internal.reflect.DelegatingMethodAccessorImpl.invoke(DelegatingMethodAccessorImpl.java:43)
	at java.base/java.lang.reflect.Method.invoke(Method.java:566)
	at Harness.main(Unknown Source)
Caused by: java.lang.OutOfMemoryError: Java heap space

-----
mkdir -p PLOTTY_WORKAROUND; timedrun; MMTK_PLAN=Immix MMTK_THREADS=1 /home/claireh/jdk-11.0.15/bin/java -XX:MetaspaceSize=500M -XX:+DisableExplicitGC -server -XX:-TieredCompilation -Xcomp -XX:+UseThirdPartyHeap -Djava.library.path=/home/claireh/probes -Dprobes=RustMMTk -Xms376M -Xmx376M --add-exports java.base/jdk.internal.ref=ALL-UNNAMED -cp /usr/share/benchmarks/dacapo/dacapo-evaluation-git-6e411f33.jar:/home/claireh/probes:/home/claireh/probes/probes.jar Harness -c probe.DacapoChopinCallback -n 5 -s default pmd
running-ng v0.3.3
Mon Oct 17 03:19:48 AM UTC 2022

 03:19:48 up 4 days, 15:40,  1 user,  load average: 7.91, 5.29, 5.86
USER     TTY      FROM             LOGIN@   IDLE   JCPU   PCPU WHAT
claireh  pts/1    tmux(1291593).%0 Sat12   14:45m 17.83s  0.00s /bin/sh -c w

procs -----------memory---------- ---swap-- -----io---- -system-- ------cpu-----
 r  b   swpd   free   buff  cache   si   so    bi    bo   in   cs us sy id wa st
 0  0      0 21380576 1122744 42637216    0    0     3    50    1    2  5  0 94  0  0
 0  0      0 21380288 1122744 42637236    0    0     0    24  244  106  0  0 100  0  0

top - 03:19:49 up 4 days, 15:40,  1 user,  load average: 7.91, 5.29, 5.86
Tasks: 362 total,   1 running, 361 sleeping,   0 stopped,   0 zombie
%Cpu(s):  0.2 us,  0.2 sy,  0.0 ni, 99.6 id,  0.0 wa,  0.0 hi,  0.0 si,  0.0 st
MiB Mem :  64217.5 total,  20878.5 free,    604.7 used,  42734.4 buff/cache
MiB Swap:  65536.0 total,  65536.0 free,      0.0 used.  62878.5 avail Mem 

    PID USER      PR  NI    VIRT    RES    SHR S  %CPU  %MEM     TIME+ COMMAND
      1 root      20   0  165844  11312   8212 S   0.0   0.0   0:04.10 /sbin/init
      2 root      20   0       0      0      0 S   0.0   0.0   0:00.28 [kthreadd]
      3 root       0 -20       0      0      0 I   0.0   0.0   0:00.00 [rcu_gp]
      4 root       0 -20       0      0      0 I   0.0   0.0   0:00.00 [rcu_par_gp]
      5 root       0 -20       0      0      0 I   0.0   0.0   0:00.00 [netns]

Environment variables: 
	DBUS_SESSION_BUS_ADDRESS=unix:path=/run/user/1239/bus
	HOME=/home/claireh
	LANG=en_US.UTF-8
	LOGNAME=claireh
	MOTD_SHOWN=pam
	PATH=/usr/local/sbin:/usr/local/bin:/usr/sbin:/usr/bin:/sbin:/bin:/usr/games:/usr/local/games:/snap/bin:/home/claireh/.local/bin:/home/claireh/.local/bin:/home/claireh/.local/bin
	PWD=/home/claireh
	RUNNING_NG_PACKAGE_DATA=/usr/local/lib/python3.10/dist-packages/running/config
	SHELL=/bin/bash
	SHLVL=2
	SSH_CLIENT=10.0.0.2 39456 22
	SSH_CONNECTION=10.0.0.2 39456 10.0.0.80 22
	SSH_TTY=/dev/pts/0
	TERM=screen
	TERM_PROGRAM=tmux
	TERM_PROGRAM_VERSION=3.2a
	TMUX=/tmp/tmux-1239/default,1291593,0
	TMUX_PANE=%0
	USER=claireh
	XDG_RUNTIME_DIR=/run/user/1239
	XDG_SESSION_CLASS=user
	XDG_SESSION_ID=130
	XDG_SESSION_TYPE=tty
	_=/usr/local/bin/running
OS: Linux bear 5.15.0-48-generic #54-Ubuntu SMP Fri Aug 26 13:26:29 UTC 2022 x86_64 x86_64 x86_64 GNU/Linux
CPU: model name	: AMD Ryzen 9 5950X 16-Core Processor
number of cores: 32
Frequency of cpu 0: 3.39 GHz
Governor of cpu 0: performance
Scaling_min_freq of cpu 0: 2.20 GHz
Frequency of cpu 1: 3.38 GHz
Governor of cpu 1: performance
Scaling_min_freq of cpu 1: 2.20 GHz
Frequency of cpu 2: 3.39 GHz
Governor of cpu 2: performance
Scaling_min_freq of cpu 2: 2.20 GHz
Frequency of cpu 3: 3.36 GHz
Governor of cpu 3: performance
Scaling_min_freq of cpu 3: 2.20 GHz
Frequency of cpu 4: 3.37 GHz
Governor of cpu 4: performance
Scaling_min_freq of cpu 4: 2.20 GHz
Frequency of cpu 5: 3.38 GHz
Governor of cpu 5: performance
Scaling_min_freq of cpu 5: 2.20 GHz
Frequency of cpu 6: 3.37 GHz
Governor of cpu 6: performance
Scaling_min_freq of cpu 6: 2.20 GHz
Frequency of cpu 7: 3.36 GHz
Governor of cpu 7: performance
Scaling_min_freq of cpu 7: 2.20 GHz
Frequency of cpu 8: 3.39 GHz
Governor of cpu 8: performance
Scaling_min_freq of cpu 8: 2.20 GHz
Frequency of cpu 9: 3.37 GHz
Governor of cpu 9: performance
Scaling_min_freq of cpu 9: 2.20 GHz
Frequency of cpu 10: 3.38 GHz
Governor of cpu 10: performance
Scaling_min_freq of cpu 10: 2.20 GHz
Frequency of cpu 11: 3.39 GHz
Governor of cpu 11: performance
Scaling_min_freq of cpu 11: 2.20 GHz
Frequency of cpu 12: 3.38 GHz
Governor of cpu 12: performance
Scaling_min_freq of cpu 12: 2.20 GHz
Frequency of cpu 13: 3.38 GHz
Governor of cpu 13: performance
Scaling_min_freq of cpu 13: 2.20 GHz
Frequency of cpu 14: 3.38 GHz
Governor of cpu 14: performance
Scaling_min_freq of cpu 14: 2.20 GHz
Frequency of cpu 15: 3.39 GHz
Governor of cpu 15: performance
Scaling_min_freq of cpu 15: 2.20 GHz
Frequency of cpu 16: 3.39 GHz
Governor of cpu 16: performance
Scaling_min_freq of cpu 16: 2.20 GHz
Frequency of cpu 17: 3.39 GHz
Governor of cpu 17: performance
Scaling_min_freq of cpu 17: 2.20 GHz
Frequency of cpu 18: 3.40 GHz
Governor of cpu 18: performance
Scaling_min_freq of cpu 18: 2.20 GHz
Frequency of cpu 19: 3.37 GHz
Governor of cpu 19: performance
Scaling_min_freq of cpu 19: 2.20 GHz
Frequency of cpu 20: 3.36 GHz
Governor of cpu 20: performance
Scaling_min_freq of cpu 20: 2.20 GHz
Frequency of cpu 21: 3.39 GHz
Governor of cpu 21: performance
Scaling_min_freq of cpu 21: 2.20 GHz
Frequency of cpu 22: 3.36 GHz
Governor of cpu 22: performance
Scaling_min_freq of cpu 22: 2.20 GHz
Frequency of cpu 23: 3.39 GHz
Governor of cpu 23: performance
Scaling_min_freq of cpu 23: 2.20 GHz
Frequency of cpu 24: 3.38 GHz
Governor of cpu 24: performance
Scaling_min_freq of cpu 24: 2.20 GHz
Frequency of cpu 25: 3.36 GHz
Governor of cpu 25: performance
Scaling_min_freq of cpu 25: 2.20 GHz
Frequency of cpu 26: 3.39 GHz
Governor of cpu 26: performance
Scaling_min_freq of cpu 26: 2.20 GHz
Frequency of cpu 27: 3.39 GHz
Governor of cpu 27: performance
Scaling_min_freq of cpu 27: 2.20 GHz
Frequency of cpu 28: 3.39 GHz
Governor of cpu 28: performance
Scaling_min_freq of cpu 28: 2.20 GHz
Frequency of cpu 29: 3.39 GHz
Governor of cpu 29: performance
Scaling_min_freq of cpu 29: 2.20 GHz
Frequency of cpu 30: 3.37 GHz
Governor of cpu 30: performance
Scaling_min_freq of cpu 30: 2.20 GHz
Frequency of cpu 31: 3.37 GHz
Governor of cpu 31: performance
Scaling_min_freq of cpu 31: 2.20 GHz
--------------------------------------------------------------------------------
IMPORTANT NOTICE:  This is NOT a release build of the DaCapo suite.
Since it is not an official release of the DaCapo suite, care must be taken when
using the suite, and any use of the build must be sure to note that it is not an
offical release, and should note the relevant git hash.

Feedback is greatly appreciated.   The preferred mode of feedback is via github.
Please use our github page to create an issue or a pull request.
    https://github.com/dacapobench/dacapobench.
--------------------------------------------------------------------------------

Version: pmd 6.49.0
===== DaCapo evaluation-git-6e411f33 pmd starting warmup 1 =====
===== DaCapo evaluation-git-6e411f33 pmd completed warmup 1 in 38176 msec =====
===== DaCapo evaluation-git-6e411f33 pmd starting warmup 2 =====
===== DaCapo evaluation-git-6e411f33 pmd completed warmup 2 in 43229 msec =====
===== DaCapo evaluation-git-6e411f33 pmd starting warmup 3 =====
===== DaCapo evaluation-git-6e411f33 pmd completed warmup 3 in 35921 msec =====
===== DaCapo evaluation-git-6e411f33 pmd starting warmup 4 =====
===== DaCapo evaluation-git-6e411f33 pmd completed warmup 4 in 40546 msec =====
===== DaCapo evaluation-git-6e411f33 pmd starting =====
============================ MMTk Statistics Totals ============================
GC	time.other	time.stw	total-work.time.min	total-work.time.total	total-work.count	total-work.time.max	
127	2244.92	33806.53	inf	0.000	0	-inf	
Total time: 36051.45 ms
------------------------------ End MMTk Statistics -----------------------------
===== DaCapo evaluation-git-6e411f33 pmd PASSED in 36051 msec =====

-----
mkdir -p PLOTTY_WORKAROUND; timedrun; MMTK_PLAN=Immix MMTK_THREADS=1 /home/claireh/jdk-11.0.15/bin/java -XX:MetaspaceSize=500M -XX:+DisableExplicitGC -server -XX:-TieredCompilation -Xcomp -XX:+UseThirdPartyHeap -Djava.library.path=/home/claireh/probes -Dprobes=RustMMTk -Xms376M -Xmx376M --add-exports java.base/jdk.internal.ref=ALL-UNNAMED -cp /usr/share/benchmarks/dacapo/dacapo-evaluation-git-6e411f33.jar:/home/claireh/probes:/home/claireh/probes/probes.jar Harness -c probe.DacapoChopinCallback -n 5 -s default pmd
running-ng v0.3.3
Mon Oct 17 03:28:16 AM UTC 2022

 03:28:16 up 4 days, 15:49,  1 user,  load average: 8.17, 4.42, 4.83
USER     TTY      FROM             LOGIN@   IDLE   JCPU   PCPU WHAT
claireh  pts/1    tmux(1291593).%0 Sat12   14:53m 17.94s  0.00s /bin/sh -c w

procs -----------memory---------- ---swap-- -----io---- -system-- ------cpu-----
 r  b   swpd   free   buff  cache   si   so    bi    bo   in   cs us sy id wa st
 0  0      0 21382960 1123012 42637144    0    0     3    50    1    2  5  0 94  0  0
 0  0      0 21382460 1123012 42637152    0    0     0     0  165   46  0  0 100  0  0

top - 03:28:18 up 4 days, 15:49,  1 user,  load average: 7.52, 4.34, 4.81
Tasks: 362 total,   1 running, 361 sleeping,   0 stopped,   0 zombie
%Cpu(s):  0.0 us,  0.2 sy,  0.0 ni, 99.8 id,  0.0 wa,  0.0 hi,  0.0 si,  0.0 st
MiB Mem :  64217.5 total,  20881.1 free,    601.9 used,  42734.5 buff/cache
MiB Swap:  65536.0 total,  65536.0 free,      0.0 used.  62881.3 avail Mem 

    PID USER      PR  NI    VIRT    RES    SHR S  %CPU  %MEM     TIME+ COMMAND
      1 root      20   0  165844  11312   8212 S   0.0   0.0   0:04.10 /sbin/init
      2 root      20   0       0      0      0 S   0.0   0.0   0:00.28 [kthreadd]
      3 root       0 -20       0      0      0 I   0.0   0.0   0:00.00 [rcu_gp]
      4 root       0 -20       0      0      0 I   0.0   0.0   0:00.00 [rcu_par_gp]
      5 root       0 -20       0      0      0 I   0.0   0.0   0:00.00 [netns]

Environment variables: 
	DBUS_SESSION_BUS_ADDRESS=unix:path=/run/user/1239/bus
	HOME=/home/claireh
	LANG=en_US.UTF-8
	LOGNAME=claireh
	MOTD_SHOWN=pam
	PATH=/usr/local/sbin:/usr/local/bin:/usr/sbin:/usr/bin:/sbin:/bin:/usr/games:/usr/local/games:/snap/bin:/home/claireh/.local/bin:/home/claireh/.local/bin:/home/claireh/.local/bin
	PWD=/home/claireh
	RUNNING_NG_PACKAGE_DATA=/usr/local/lib/python3.10/dist-packages/running/config
	SHELL=/bin/bash
	SHLVL=2
	SSH_CLIENT=10.0.0.2 39456 22
	SSH_CONNECTION=10.0.0.2 39456 10.0.0.80 22
	SSH_TTY=/dev/pts/0
	TERM=screen
	TERM_PROGRAM=tmux
	TERM_PROGRAM_VERSION=3.2a
	TMUX=/tmp/tmux-1239/default,1291593,0
	TMUX_PANE=%0
	USER=claireh
	XDG_RUNTIME_DIR=/run/user/1239
	XDG_SESSION_CLASS=user
	XDG_SESSION_ID=130
	XDG_SESSION_TYPE=tty
	_=/usr/local/bin/running
OS: Linux bear 5.15.0-48-generic #54-Ubuntu SMP Fri Aug 26 13:26:29 UTC 2022 x86_64 x86_64 x86_64 GNU/Linux
CPU: model name	: AMD Ryzen 9 5950X 16-Core Processor
number of cores: 32
Frequency of cpu 0: 3.39 GHz
Governor of cpu 0: performance
Scaling_min_freq of cpu 0: 2.20 GHz
Frequency of cpu 1: 3.39 GHz
Governor of cpu 1: performance
Scaling_min_freq of cpu 1: 2.20 GHz
Frequency of cpu 2: 3.39 GHz
Governor of cpu 2: performance
Scaling_min_freq of cpu 2: 2.20 GHz
Frequency of cpu 3: 3.39 GHz
Governor of cpu 3: performance
Scaling_min_freq of cpu 3: 2.20 GHz
Frequency of cpu 4: 3.39 GHz
Governor of cpu 4: performance
Scaling_min_freq of cpu 4: 2.20 GHz
Frequency of cpu 5: 3.38 GHz
Governor of cpu 5: performance
Scaling_min_freq of cpu 5: 2.20 GHz
Frequency of cpu 6: 3.39 GHz
Governor of cpu 6: performance
Scaling_min_freq of cpu 6: 2.20 GHz
Frequency of cpu 7: 3.39 GHz
Governor of cpu 7: performance
Scaling_min_freq of cpu 7: 2.20 GHz
Frequency of cpu 8: 3.39 GHz
Governor of cpu 8: performance
Scaling_min_freq of cpu 8: 2.20 GHz
Frequency of cpu 9: 3.39 GHz
Governor of cpu 9: performance
Scaling_min_freq of cpu 9: 2.20 GHz
Frequency of cpu 10: 3.38 GHz
Governor of cpu 10: performance
Scaling_min_freq of cpu 10: 2.20 GHz
Frequency of cpu 11: 3.39 GHz
Governor of cpu 11: performance
Scaling_min_freq of cpu 11: 2.20 GHz
Frequency of cpu 12: 3.39 GHz
Governor of cpu 12: performance
Scaling_min_freq of cpu 12: 2.20 GHz
Frequency of cpu 13: 3.38 GHz
Governor of cpu 13: performance
Scaling_min_freq of cpu 13: 2.20 GHz
Frequency of cpu 14: 3.38 GHz
Governor of cpu 14: performance
Scaling_min_freq of cpu 14: 2.20 GHz
Frequency of cpu 15: 3.36 GHz
Governor of cpu 15: performance
Scaling_min_freq of cpu 15: 2.20 GHz
Frequency of cpu 16: 3.36 GHz
Governor of cpu 16: performance
Scaling_min_freq of cpu 16: 2.20 GHz
Frequency of cpu 17: 3.39 GHz
Governor of cpu 17: performance
Scaling_min_freq of cpu 17: 2.20 GHz
Frequency of cpu 18: 3.37 GHz
Governor of cpu 18: performance
Scaling_min_freq of cpu 18: 2.20 GHz
Frequency of cpu 19: 3.36 GHz
Governor of cpu 19: performance
Scaling_min_freq of cpu 19: 2.20 GHz
Frequency of cpu 20: 3.36 GHz
Governor of cpu 20: performance
Scaling_min_freq of cpu 20: 2.20 GHz
Frequency of cpu 21: 3.37 GHz
Governor of cpu 21: performance
Scaling_min_freq of cpu 21: 2.20 GHz
Frequency of cpu 22: 3.37 GHz
Governor of cpu 22: performance
Scaling_min_freq of cpu 22: 2.20 GHz
Frequency of cpu 23: 3.36 GHz
Governor of cpu 23: performance
Scaling_min_freq of cpu 23: 2.20 GHz
Frequency of cpu 24: 3.36 GHz
Governor of cpu 24: performance
Scaling_min_freq of cpu 24: 2.20 GHz
Frequency of cpu 25: 3.39 GHz
Governor of cpu 25: performance
Scaling_min_freq of cpu 25: 2.20 GHz
Frequency of cpu 26: 3.38 GHz
Governor of cpu 26: performance
Scaling_min_freq of cpu 26: 2.20 GHz
Frequency of cpu 27: 3.39 GHz
Governor of cpu 27: performance
Scaling_min_freq of cpu 27: 2.20 GHz
Frequency of cpu 28: 3.39 GHz
Governor of cpu 28: performance
Scaling_min_freq of cpu 28: 2.20 GHz
Frequency of cpu 29: 3.35 GHz
Governor of cpu 29: performance
Scaling_min_freq of cpu 29: 2.20 GHz
Frequency of cpu 30: 3.32 GHz
Governor of cpu 30: performance
Scaling_min_freq of cpu 30: 2.20 GHz
Frequency of cpu 31: 3.30 GHz
Governor of cpu 31: performance
Scaling_min_freq of cpu 31: 2.20 GHz
