
-----
mkdir -p PLOTTY_WORKAROUND; timedrun; MMTK_PLAN=GenImmix MMTK_THREADS=1 setarch x86_64 -R /home/claireh/openjdk/build/id/jdk/bin/java -XX:MetaspaceSize=500M -XX:+DisableExplicitGC -server -XX:-TieredCompilation -Xcomp -XX:+UseThirdPartyHeap -Djava.library.path=/home/claireh/probes -Dprobes=RustMMTk -Xms16M -Xmx16M --add-exports java.base/jdk.internal.ref=ALL-UNNAMED -cp /usr/share/benchmarks/dacapo/dacapo-evaluation-git-f480064.jar:/home/claireh/probes:/home/claireh/probes.jar Harness -c probe.DacapoChopinCallback -n 5 -s default avrora
running-ng v0.3.3
Thu Oct 13 04:19:56 AM UTC 2022

 04:19:56 up 16:36,  2 users,  load average: 0.00, 0.00, 0.05
USER     TTY      FROM             LOGIN@   IDLE   JCPU   PCPU WHAT
claireh  pts/0    10.0.0.80        03:41    3.00s  0.00s  0.00s tmux a
claireh  pts/1    tmux(6780).%0    Wed13    3.00s  0.12s  0.00s /bin/sh -c w

procs -----------memory---------- ---swap-- -----io---- -system-- ------cpu-----
 r  b   swpd   free   buff  cache   si   so    bi    bo   in   cs us sy id wa st
 0  0      0 128513816 377232 2464400    0    0     5    26   14    8  3  0 97  0  0
 0  0      0 128513568 377232 2464432    0    0     0     0  139   67  0  0 100  0  0

top - 04:19:57 up 16:36,  2 users,  load average: 0.00, 0.00, 0.05
Tasks: 249 total,   1 running, 248 sleeping,   0 stopped,   0 zombie
%Cpu(s):  0.4 us,  0.0 sy,  0.0 ni, 99.6 id,  0.0 wa,  0.0 hi,  0.0 si,  0.0 st
MiB Mem : 128684.0 total, 125501.0 free,    407.9 used,   2775.1 buff/cache
MiB Swap:  32768.0 total,  32768.0 free,      0.0 used. 127030.9 avail Mem 

    PID USER      PR  NI    VIRT    RES    SHR S  %CPU  %MEM     TIME+ COMMAND
  82076 claireh   20   0   10652   4016   3416 R   6.7   0.0   0:00.01 top -bcn 1 -w512
      1 root      20   0  165888  11176   8076 S   0.0   0.0   0:01.67 /sbin/init
      2 root      20   0       0      0      0 S   0.0   0.0   0:00.01 [kthreadd]
      3 root       0 -20       0      0      0 I   0.0   0.0   0:00.00 [rcu_gp]
      4 root       0 -20       0      0      0 I   0.0   0.0   0:00.00 [rcu_par_gp]

Environment variables: 
	DBUS_SESSION_BUS_ADDRESS=unix:path=/run/user/1239/bus
	HOME=/home/claireh
	LANG=en_US.UTF-8
	LOGNAME=claireh
	MOTD_SHOWN=pam
	PATH=/usr/local/sbin:/usr/local/bin:/usr/sbin:/usr/bin:/sbin:/bin:/usr/games:/usr/local/games:/snap/bin:/home/claireh/.local/bin:/home/claireh/.local/bin:/home/claireh/.local/bin
	PWD=/home/claireh
	RUNNING_NG_PACKAGE_DATA=/usr/local/lib/python3.10/dist-packages/running/config
	SHELL=/bin/bash
	SHLVL=2
	SSH_CLIENT=10.0.0.2 60488 22
	SSH_CONNECTION=10.0.0.2 60488 10.0.0.68 22
	SSH_TTY=/dev/pts/0
	TERM=screen
	TERM_PROGRAM=tmux
	TERM_PROGRAM_VERSION=3.2a
	TMUX=/tmp/tmux-1239/default,6780,0
	TMUX_PANE=%0
	USER=claireh
	XDG_RUNTIME_DIR=/run/user/1239
	XDG_SESSION_CLASS=user
	XDG_SESSION_ID=6
	XDG_SESSION_TYPE=tty
	_=/usr/local/bin/running
OS: Linux skunk 5.15.0-48-generic #54-Ubuntu SMP Fri Aug 26 13:26:29 UTC 2022 x86_64 x86_64 x86_64 GNU/Linux
CPU: model name	: Intel(R) Core(TM) i9-9900K CPU @ 3.60GHz
number of cores: 16
Frequency of cpu 0: 3.60 GHz
Governor of cpu 0: performance
Scaling_min_freq of cpu 0: 0.80 GHz
Frequency of cpu 1: 3.60 GHz
Governor of cpu 1: performance
Scaling_min_freq of cpu 1: 0.80 GHz
Frequency of cpu 2: 3.60 GHz
Governor of cpu 2: performance
Scaling_min_freq of cpu 2: 0.80 GHz
Frequency of cpu 3: 3.60 GHz
Governor of cpu 3: performance
Scaling_min_freq of cpu 3: 0.80 GHz
Frequency of cpu 4: 3.55 GHz
Governor of cpu 4: performance
Scaling_min_freq of cpu 4: 0.80 GHz
Frequency of cpu 5: 3.60 GHz
Governor of cpu 5: performance
Scaling_min_freq of cpu 5: 0.80 GHz
Frequency of cpu 6: 3.60 GHz
Governor of cpu 6: performance
Scaling_min_freq of cpu 6: 0.80 GHz
Frequency of cpu 7: 3.49 GHz
Governor of cpu 7: performance
Scaling_min_freq of cpu 7: 0.80 GHz
Frequency of cpu 8: 3.60 GHz
Governor of cpu 8: performance
Scaling_min_freq of cpu 8: 0.80 GHz
Frequency of cpu 9: 3.60 GHz
Governor of cpu 9: performance
Scaling_min_freq of cpu 9: 0.80 GHz
Frequency of cpu 10: 3.60 GHz
Governor of cpu 10: performance
Scaling_min_freq of cpu 10: 0.80 GHz
Frequency of cpu 11: 3.60 GHz
Governor of cpu 11: performance
Scaling_min_freq of cpu 11: 0.80 GHz
Frequency of cpu 12: 3.60 GHz
Governor of cpu 12: performance
Scaling_min_freq of cpu 12: 0.80 GHz
Frequency of cpu 13: 3.53 GHz
Governor of cpu 13: performance
Scaling_min_freq of cpu 13: 0.80 GHz
Frequency of cpu 14: 3.55 GHz
Governor of cpu 14: performance
Scaling_min_freq of cpu 14: 0.80 GHz
Frequency of cpu 15: 3.60 GHz
Governor of cpu 15: performance
Scaling_min_freq of cpu 15: 0.80 GHz
setarch: failed to execute /home/claireh/openjdk/build/id/jdk/bin/java: No such file or directory
*****
/home/claireh/ebpf/do_work_with_stat-tracing/worker_id.bt:1:1-89: ERROR: uprobe target file '/home/claireh/openjdk/build/id/jdk/lib/server/libmmtk_openjdk.so' does not exist or is not executable
uretprobe:/home/claireh/openjdk/build/id/jdk/lib/server/libmmtk_openjdk.so:harness_begin {
~~~~~~~~~~~~~~~~~~~~~~~~~~~~~~~~~~~~~~~~~~~~~~~~~~~~~~~~~~~~~~~~~~~~~~~~~~~~~~~~~~~~~~~~
/home/claireh/ebpf/do_work_with_stat-tracing/worker_id.bt:3-5: ERROR: uprobe target file '/home/claireh/openjdk/build/id/jdk/lib/server/libmmtk_openjdk.so' does not exist or is not executable
/home/claireh/ebpf/do_work_with_stat-tracing/worker_id.bt:7-9: ERROR: usdt target file '/home/claireh/openjdk/build/id/jdk/lib/server/libmmtk_openjdk.so' does not exist or is not executable
/home/claireh/ebpf/do_work_with_stat-tracing/worker_id.bt:14-16: ERROR: usdt target file '/home/claireh/openjdk/build/id/jdk/lib/server/libmmtk_openjdk.so' does not exist or is not executable
