
-----
mkdir -p PLOTTY_WORKAROUND; timedrun; MMTK_PLAN=Immix MMTK_THREADS=8 MMTK_STRESS_FACTOR=67108864 setarch x86_64 -R /home/claireh/openjdk/build/fixedsc/images/jdk/bin/java -XX:MetaspaceSize=500M -XX:+DisableExplicitGC -server -XX:-TieredCompilation -Xcomp -XX:+UseThirdPartyHeap -Djava.library.path=/home/claireh/probes -Dprobes=RustMMTk -Xms10G -Xmx10G --add-exports java.base/jdk.internal.ref=ALL-UNNAMED -cp /usr/share/benchmarks/dacapo/dacapo-evaluation-git-6e411f33.jar:/home/claireh/probes:/home/claireh/probes.jar Harness -c probe.DacapoChopinCallback -n 5 -s default pmd
running-ng v0.3.5
Mon Nov 14 06:57:25 AM UTC 2022

 06:57:25 up 28 days,  3:25,  1 user,  load average: 27.31, 29.32, 28.67
USER     TTY      FROM             LOGIN@   IDLE   JCPU   PCPU WHAT
claireh  pts/1    tmux(2558290).%0 Sat10    1:07m  0.15s  0.00s /bin/sh -c w

procs -----------memory---------- ---swap-- -----io---- -system-- ------cpu-----
 r  b   swpd   free   buff  cache   si   so    bi    bo   in   cs us sy id wa st
 0  0      0 33583652 1444260 30059704    0    0     0    11    0    0 18  0 82  0  0
 0  0      0 33583400 1444260 30059704    0    0     0     0  156   51  0  0 100  0  0

top - 06:57:26 up 28 days,  3:25,  1 user,  load average: 27.31, 29.32, 28.67
Tasks: 370 total,   1 running, 369 sleeping,   0 stopped,   0 zombie
%Cpu(s):  0.0 us,  0.2 sy,  0.0 ni, 99.8 id,  0.0 wa,  0.0 hi,  0.0 si,  0.0 st
MiB Mem :  64217.5 total,  32795.8 free,    656.1 used,  30765.6 buff/cache
MiB Swap:  65536.0 total,  65536.0 free,      0.0 used.  62819.1 avail Mem 

    PID USER      PR  NI    VIRT    RES    SHR S  %CPU  %MEM     TIME+ COMMAND
      1 root      20   0  165976  11212   8064 S   0.0   0.0   0:12.46 /sbin/init
      2 root      20   0       0      0      0 S   0.0   0.0   0:00.67 [kthreadd]
      3 root       0 -20       0      0      0 I   0.0   0.0   0:00.00 [rcu_gp]
      4 root       0 -20       0      0      0 I   0.0   0.0   0:00.00 [rcu_par_gp]
      5 root       0 -20       0      0      0 I   0.0   0.0   0:00.00 [netns]

Environment variables: 
	DBUS_SESSION_BUS_ADDRESS=unix:path=/run/user/1239/bus
	HOME=/home/claireh
	LANG=en_US.UTF-8
	LOGNAME=claireh
	MOTD_SHOWN=pam
	PATH=/usr/local/sbin:/usr/local/bin:/usr/sbin:/usr/bin:/sbin:/bin:/usr/games:/usr/local/games:/snap/bin:/home/claireh/.local/bin:/home/claireh/.local/bin:/home/claireh/.local/bin
	PWD=/home/claireh
	RUNNING_NG_PACKAGE_DATA=/usr/local/lib/python3.10/dist-packages/running/config
	SHELL=/bin/bash
	SHLVL=2
	SSH_CLIENT=10.0.0.2 39670 22
	SSH_CONNECTION=10.0.0.2 39670 10.0.0.80 22
	SSH_TTY=/dev/pts/0
	TERM=screen
	TERM_PROGRAM=tmux
	TERM_PROGRAM_VERSION=3.2a
	TMUX=/tmp/tmux-1239/default,2558290,0
	TMUX_PANE=%0
	USER=claireh
	XDG_RUNTIME_DIR=/run/user/1239
	XDG_SESSION_CLASS=user
	XDG_SESSION_ID=881
	XDG_SESSION_TYPE=tty
	_=/usr/local/bin/running
OS: Linux bear 5.15.0-50-generic #56-Ubuntu SMP Tue Sep 20 13:23:26 UTC 2022 x86_64 x86_64 x86_64 GNU/Linux
CPU: model name	: AMD Ryzen 9 5950X 16-Core Processor
number of cores: 32
Frequency of cpu 0: 3.39 GHz
Governor of cpu 0: performance
Scaling_min_freq of cpu 0: 2.20 GHz
Frequency of cpu 1: 3.39 GHz
Governor of cpu 1: performance
Scaling_min_freq of cpu 1: 2.20 GHz
Frequency of cpu 2: 3.37 GHz
Governor of cpu 2: performance
Scaling_min_freq of cpu 2: 2.20 GHz
Frequency of cpu 3: 3.39 GHz
Governor of cpu 3: performance
Scaling_min_freq of cpu 3: 2.20 GHz
Frequency of cpu 4: 3.39 GHz
Governor of cpu 4: performance
Scaling_min_freq of cpu 4: 2.20 GHz
Frequency of cpu 5: 3.38 GHz
Governor of cpu 5: performance
Scaling_min_freq of cpu 5: 2.20 GHz
Frequency of cpu 6: 3.39 GHz
Governor of cpu 6: performance
Scaling_min_freq of cpu 6: 2.20 GHz
Frequency of cpu 7: 3.39 GHz
Governor of cpu 7: performance
Scaling_min_freq of cpu 7: 2.20 GHz
Frequency of cpu 8: 3.39 GHz
Governor of cpu 8: performance
Scaling_min_freq of cpu 8: 2.20 GHz
Frequency of cpu 9: 3.40 GHz
Governor of cpu 9: performance
Scaling_min_freq of cpu 9: 2.20 GHz
Frequency of cpu 10: 3.35 GHz
Governor of cpu 10: performance
Scaling_min_freq of cpu 10: 2.20 GHz
Frequency of cpu 11: 3.39 GHz
Governor of cpu 11: performance
Scaling_min_freq of cpu 11: 2.20 GHz
Frequency of cpu 12: 3.39 GHz
Governor of cpu 12: performance
Scaling_min_freq of cpu 12: 2.20 GHz
Frequency of cpu 13: 3.39 GHz
Governor of cpu 13: performance
Scaling_min_freq of cpu 13: 2.20 GHz
Frequency of cpu 14: 3.38 GHz
Governor of cpu 14: performance
Scaling_min_freq of cpu 14: 2.20 GHz
Frequency of cpu 15: 3.37 GHz
Governor of cpu 15: performance
Scaling_min_freq of cpu 15: 2.20 GHz
Frequency of cpu 16: 3.37 GHz
Governor of cpu 16: performance
Scaling_min_freq of cpu 16: 2.20 GHz
Frequency of cpu 17: 3.39 GHz
Governor of cpu 17: performance
Scaling_min_freq of cpu 17: 2.20 GHz
Frequency of cpu 18: 3.37 GHz
Governor of cpu 18: performance
Scaling_min_freq of cpu 18: 2.20 GHz
Frequency of cpu 19: 3.35 GHz
Governor of cpu 19: performance
Scaling_min_freq of cpu 19: 2.20 GHz
Frequency of cpu 20: 3.36 GHz
Governor of cpu 20: performance
Scaling_min_freq of cpu 20: 2.20 GHz
Frequency of cpu 21: 3.36 GHz
Governor of cpu 21: performance
Scaling_min_freq of cpu 21: 2.20 GHz
Frequency of cpu 22: 3.36 GHz
Governor of cpu 22: performance
Scaling_min_freq of cpu 22: 2.20 GHz
Frequency of cpu 23: 3.39 GHz
Governor of cpu 23: performance
Scaling_min_freq of cpu 23: 2.20 GHz
Frequency of cpu 24: 3.39 GHz
Governor of cpu 24: performance
Scaling_min_freq of cpu 24: 2.20 GHz
Frequency of cpu 25: 3.36 GHz
Governor of cpu 25: performance
Scaling_min_freq of cpu 25: 2.20 GHz
Frequency of cpu 26: 3.39 GHz
Governor of cpu 26: performance
Scaling_min_freq of cpu 26: 2.20 GHz
Frequency of cpu 27: 3.36 GHz
Governor of cpu 27: performance
Scaling_min_freq of cpu 27: 2.20 GHz
Frequency of cpu 28: 3.39 GHz
Governor of cpu 28: performance
Scaling_min_freq of cpu 28: 2.20 GHz
Frequency of cpu 29: 3.35 GHz
Governor of cpu 29: performance
Scaling_min_freq of cpu 29: 2.20 GHz
Frequency of cpu 30: 3.37 GHz
Governor of cpu 30: performance
Scaling_min_freq of cpu 30: 2.20 GHz
Frequency of cpu 31: 3.38 GHz
Governor of cpu 31: performance
Scaling_min_freq of cpu 31: 2.20 GHz
