
-----
mkdir -p PLOTTY_WORKAROUND; timedrun; MMTK_PLAN=Immix MMTK_THREADS=2 MMTK_STRESS_FACTOR=134217728 setarch x86_64 -R /home/claireh/builds/process_edges_scalability/bin/java -XX:MetaspaceSize=500M -XX:+DisableExplicitGC -server -XX:-TieredCompilation -Xcomp -XX:+UseThirdPartyHeap -Djava.library.path=/home/claireh/probes/out -Dprobes=RustMMTk -Xms10G -Xmx10G --add-exports java.base/jdk.internal.ref=ALL-UNNAMED -cp /usr/share/benchmarks/dacapo/dacapo-evaluation-git-0d047f55.jar:/home/claireh/probes/out:/home/claireh/probes/out/probes.jar Harness -c probe.DacapoChopinCallback -n 5 -s default graphchi
running-ng v0.3.6
Tue Feb 14 10:06:37 AM UTC 2023

 10:06:37 up 1 day,  7:19,  1 user,  load average: 2.61, 1.80, 1.38
USER     TTY      FROM             LOGIN@   IDLE   JCPU   PCPU WHAT
claireh  pts/1    tmux(20958).%0   Mon11    4:59m  0.88s  0.00s /bin/sh -c w

procs -----------memory---------- ---swap-- -----io---- -system-- ------cpu-----
 r  b   swpd   free   buff  cache   si   so    bi    bo   in   cs us sy id wa st
 0  0      0 125004400 780616 5653960    0    0     5    84   22   19  2  0 98  0  0
 0  0      0 125004328 780616 5653924    0    0     0     0  121   72  0  0 100  0  0

top - 10:06:38 up 1 day,  7:19,  1 user,  load average: 2.61, 1.80, 1.38
Tasks: 234 total,   1 running, 233 sleeping,   0 stopped,   0 zombie
%Cpu(s):  0.4 us,  0.0 sy,  0.0 ni, 99.6 id,  0.0 wa,  0.0 hi,  0.0 si,  0.0 st
MiB Mem : 128684.0 total, 122074.5 free,    325.8 used,   6283.7 buff/cache
MiB Swap:  32768.0 total,  32768.0 free,      0.0 used. 127113.1 avail Mem 

    PID USER      PR  NI    VIRT    RES    SHR S  %CPU  %MEM     TIME+ COMMAND
      1 root      20   0  165912  11400   8284 S   0.0   0.0   0:01.66 /sbin/init
      2 root      20   0       0      0      0 S   0.0   0.0   0:00.01 [kthreadd]
      3 root       0 -20       0      0      0 I   0.0   0.0   0:00.00 [rcu_gp]
      4 root       0 -20       0      0      0 I   0.0   0.0   0:00.00 [rcu_par_gp]
      5 root       0 -20       0      0      0 I   0.0   0.0   0:00.00 [slub_flushwq]

Environment variables: 
	DBUS_SESSION_BUS_ADDRESS=unix:path=/run/user/1239/bus
	HOME=/home/claireh
	LANG=en_US.UTF-8
	LOGNAME=claireh
	MOTD_SHOWN=pam
	PATH=/usr/local/sbin:/usr/local/bin:/usr/sbin:/usr/bin:/sbin:/bin:/usr/games:/usr/local/games:/snap/bin:/home/claireh/.local/bin:/home/claireh/.local/bin:/home/claireh/.local/bin
	PWD=/home/claireh
	RUNNING_NG_PACKAGE_DATA=/usr/local/lib/python3.10/dist-packages/running/config
	SHELL=/bin/bash
	SHLVL=2
	SSH_CLIENT=10.0.0.2 48820 22
	SSH_CONNECTION=10.0.0.2 48820 10.0.0.67 22
	SSH_TTY=/dev/pts/0
	TERM=screen
	TERM_PROGRAM=tmux
	TERM_PROGRAM_VERSION=3.2a
	TMUX=/tmp/tmux-1239/default,20958,0
	TMUX_PANE=%0
	USER=claireh
	XDG_RUNTIME_DIR=/run/user/1239
	XDG_SESSION_CLASS=user
	XDG_SESSION_ID=12
	XDG_SESSION_TYPE=tty
	_=/usr/local/bin/running
OS: Linux shrew 5.15.0-58-generic #64-Ubuntu SMP Thu Jan 5 11:43:13 UTC 2023 x86_64 x86_64 x86_64 GNU/Linux
CPU: model name	: Intel(R) Core(TM) i9-9900K CPU @ 3.60GHz
number of cores: 16
Frequency of cpu 0: 3.60 GHz
Governor of cpu 0: performance
Scaling_min_freq of cpu 0: 0.80 GHz
Frequency of cpu 1: 3.60 GHz
Governor of cpu 1: performance
Scaling_min_freq of cpu 1: 0.80 GHz
Frequency of cpu 2: 3.60 GHz
Governor of cpu 2: performance
Scaling_min_freq of cpu 2: 0.80 GHz
Frequency of cpu 3: 3.56 GHz
Governor of cpu 3: performance
Scaling_min_freq of cpu 3: 0.80 GHz
Frequency of cpu 4: 3.56 GHz
Governor of cpu 4: performance
Scaling_min_freq of cpu 4: 0.80 GHz
Frequency of cpu 5: 3.57 GHz
Governor of cpu 5: performance
Scaling_min_freq of cpu 5: 0.80 GHz
Frequency of cpu 6: 3.56 GHz
Governor of cpu 6: performance
Scaling_min_freq of cpu 6: 0.80 GHz
Frequency of cpu 7: 3.60 GHz
Governor of cpu 7: performance
Scaling_min_freq of cpu 7: 0.80 GHz
Frequency of cpu 8: 3.60 GHz
Governor of cpu 8: performance
Scaling_min_freq of cpu 8: 0.80 GHz
Frequency of cpu 9: 3.60 GHz
Governor of cpu 9: performance
Scaling_min_freq of cpu 9: 0.80 GHz
Frequency of cpu 10: 3.53 GHz
Governor of cpu 10: performance
Scaling_min_freq of cpu 10: 0.80 GHz
Frequency of cpu 11: 3.60 GHz
Governor of cpu 11: performance
Scaling_min_freq of cpu 11: 0.80 GHz
Frequency of cpu 12: 3.60 GHz
Governor of cpu 12: performance
Scaling_min_freq of cpu 12: 0.80 GHz
Frequency of cpu 13: 3.60 GHz
Governor of cpu 13: performance
Scaling_min_freq of cpu 13: 0.80 GHz
Frequency of cpu 14: 3.60 GHz
Governor of cpu 14: performance
Scaling_min_freq of cpu 14: 0.80 GHz
Frequency of cpu 15: 3.51 GHz
Governor of cpu 15: performance
Scaling_min_freq of cpu 15: 0.80 GHz
--------------------------------------------------------------------------------
IMPORTANT NOTICE:  This is NOT a release build of the DaCapo suite.
Since it is not an official release of the DaCapo suite, care must be taken when
using the suite, and any use of the build must be sure to note that it is not an
offical release, and should note the relevant git hash.

Feedback is greatly appreciated.   The preferred mode of feedback is via github.
Please use our github page to create an issue or a pull request.
    https://github.com/dacapobench/dacapobench.
--------------------------------------------------------------------------------

Using scaled threading model. 16 processors detected, 16 threads used to drive the workload, in a possible range of [1,unlimited]
Version: graphchi 0.2.2
Nominal stats: NAL: 1212, NAS: 0, NEF: 12, NET: 5, NEW: 1, NGF: 5071, NMH: 193, NML: 0, NMR: 1534, NMS: 3, NMT: 36, NOA: 97, NOL: 96, NOM: 24, NOS: 16, NPF: 23, NUB: 8, NUC: 1
===== DaCapo evaluation-git-0d047f55 graphchi starting warmup 1 =====
Found shards -- no need to preprocess
Set latent factor dimension to: 20
Initializing latent factors for 285050 vertices
Creating 1 blocks
Total edges: 1000000
5700980 elements, check: 3
===== DaCapo evaluation-git-0d047f55 graphchi completed warmup 1 in 25350 msec =====
===== DaCapo evaluation-git-0d047f55 graphchi starting warmup 2 =====
Found shards -- no need to preprocess
Set latent factor dimension to: 20
Initializing latent factors for 285050 vertices
Creating 1 blocks
Total edges: 1000000
5700980 elements, check: 3
===== DaCapo evaluation-git-0d047f55 graphchi completed warmup 2 in 20617 msec =====
===== DaCapo evaluation-git-0d047f55 graphchi starting warmup 3 =====
Found shards -- no need to preprocess
Set latent factor dimension to: 20
Initializing latent factors for 285050 vertices
Creating 1 blocks
Total edges: 1000000
5700980 elements, check: 3
===== DaCapo evaluation-git-0d047f55 graphchi completed warmup 3 in 20801 msec =====
===== DaCapo evaluation-git-0d047f55 graphchi starting warmup 4 =====
Found shards -- no need to preprocess
Set latent factor dimension to: 20
Initializing latent factors for 285050 vertices
Creating 1 blocks
Total edges: 1000000
5700980 elements, check: 3
===== DaCapo evaluation-git-0d047f55 graphchi completed warmup 4 in 20505 msec =====
===== DaCapo evaluation-git-0d047f55 graphchi starting =====
Found shards -- no need to preprocess
Set latent factor dimension to: 20
Initializing latent factors for 285050 vertices
Creating 1 blocks
Total edges: 1000000
5700980 elements, check: 3
============================ MMTk Statistics Totals ============================
GC	time.other	time.stw	total-work.time.total	total-work.time.min	total-work.count	total-work.time.max	
94	19222.37	1286.35	0.000	inf	0	-inf	
Total time: 20508.72 ms
------------------------------ End MMTk Statistics -----------------------------
===== DaCapo evaluation-git-0d047f55 graphchi PASSED in 20509 msec =====
*****
Attaching 4 probes...
^C

@processedgestime: 1108028758
@startprocessedges: 112879213796239
@stats_enabled: 0

-----
mkdir -p PLOTTY_WORKAROUND; timedrun; MMTK_PLAN=Immix MMTK_THREADS=2 MMTK_STRESS_FACTOR=134217728 setarch x86_64 -R /home/claireh/builds/process_edges_scalability/bin/java -XX:MetaspaceSize=500M -XX:+DisableExplicitGC -server -XX:-TieredCompilation -Xcomp -XX:+UseThirdPartyHeap -Djava.library.path=/home/claireh/probes/out -Dprobes=RustMMTk -Xms10G -Xmx10G --add-exports java.base/jdk.internal.ref=ALL-UNNAMED -cp /usr/share/benchmarks/dacapo/dacapo-evaluation-git-0d047f55.jar:/home/claireh/probes/out:/home/claireh/probes/out/probes.jar Harness -c probe.DacapoChopinCallback -n 5 -s default graphchi
running-ng v0.3.6
Tue Feb 14 10:17:27 AM UTC 2023

 10:17:27 up 1 day,  7:30,  1 user,  load average: 3.41, 2.80, 2.05
USER     TTY      FROM             LOGIN@   IDLE   JCPU   PCPU WHAT
claireh  pts/1    tmux(20958).%0   Mon11    5:09m  0.97s  0.00s /bin/sh -c w

procs -----------memory---------- ---swap-- -----io---- -system-- ------cpu-----
 r  b   swpd   free   buff  cache   si   so    bi    bo   in   cs us sy id wa st
 0  0      0 124932496 781252 5654040    0    0     5    84   22   19  2  0 98  0  0
 0  0      0 124932432 781260 5653996    0    0     0    60  134   62  0  0 100  0  0

top - 10:17:29 up 1 day,  7:30,  1 user,  load average: 3.41, 2.80, 2.05
Tasks: 236 total,   1 running, 235 sleeping,   0 stopped,   0 zombie
%Cpu(s):  0.4 us,  0.4 sy,  0.0 ni, 99.2 id,  0.0 wa,  0.0 hi,  0.0 si,  0.0 st
MiB Mem : 128684.0 total, 122004.1 free,    395.5 used,   6284.4 buff/cache
MiB Swap:  32768.0 total,  32768.0 free,      0.0 used. 127043.4 avail Mem 

    PID USER      PR  NI    VIRT    RES    SHR S  %CPU  %MEM     TIME+ COMMAND
      1 root      20   0  165912  11400   8284 S   0.0   0.0   0:01.67 /sbin/init
      2 root      20   0       0      0      0 S   0.0   0.0   0:00.01 [kthreadd]
      3 root       0 -20       0      0      0 I   0.0   0.0   0:00.00 [rcu_gp]
      4 root       0 -20       0      0      0 I   0.0   0.0   0:00.00 [rcu_par_gp]
      5 root       0 -20       0      0      0 I   0.0   0.0   0:00.00 [slub_flushwq]

Environment variables: 
	DBUS_SESSION_BUS_ADDRESS=unix:path=/run/user/1239/bus
	HOME=/home/claireh
	LANG=en_US.UTF-8
	LOGNAME=claireh
	MOTD_SHOWN=pam
	PATH=/usr/local/sbin:/usr/local/bin:/usr/sbin:/usr/bin:/sbin:/bin:/usr/games:/usr/local/games:/snap/bin:/home/claireh/.local/bin:/home/claireh/.local/bin:/home/claireh/.local/bin
	PWD=/home/claireh
	RUNNING_NG_PACKAGE_DATA=/usr/local/lib/python3.10/dist-packages/running/config
	SHELL=/bin/bash
	SHLVL=2
	SSH_CLIENT=10.0.0.2 48820 22
	SSH_CONNECTION=10.0.0.2 48820 10.0.0.67 22
	SSH_TTY=/dev/pts/0
	TERM=screen
	TERM_PROGRAM=tmux
	TERM_PROGRAM_VERSION=3.2a
	TMUX=/tmp/tmux-1239/default,20958,0
	TMUX_PANE=%0
	USER=claireh
	XDG_RUNTIME_DIR=/run/user/1239
	XDG_SESSION_CLASS=user
	XDG_SESSION_ID=12
	XDG_SESSION_TYPE=tty
	_=/usr/local/bin/running
OS: Linux shrew 5.15.0-58-generic #64-Ubuntu SMP Thu Jan 5 11:43:13 UTC 2023 x86_64 x86_64 x86_64 GNU/Linux
CPU: model name	: Intel(R) Core(TM) i9-9900K CPU @ 3.60GHz
number of cores: 16
Frequency of cpu 0: 3.60 GHz
Governor of cpu 0: performance
Scaling_min_freq of cpu 0: 0.80 GHz
Frequency of cpu 1: 3.60 GHz
Governor of cpu 1: performance
Scaling_min_freq of cpu 1: 0.80 GHz
Frequency of cpu 2: 3.60 GHz
Governor of cpu 2: performance
Scaling_min_freq of cpu 2: 0.80 GHz
Frequency of cpu 3: 3.60 GHz
Governor of cpu 3: performance
Scaling_min_freq of cpu 3: 0.80 GHz
Frequency of cpu 4: 3.60 GHz
Governor of cpu 4: performance
Scaling_min_freq of cpu 4: 0.80 GHz
Frequency of cpu 5: 3.60 GHz
Governor of cpu 5: performance
Scaling_min_freq of cpu 5: 0.80 GHz
Frequency of cpu 6: 3.60 GHz
Governor of cpu 6: performance
Scaling_min_freq of cpu 6: 0.80 GHz
Frequency of cpu 7: 3.60 GHz
Governor of cpu 7: performance
Scaling_min_freq of cpu 7: 0.80 GHz
Frequency of cpu 8: 3.60 GHz
Governor of cpu 8: performance
Scaling_min_freq of cpu 8: 0.80 GHz
Frequency of cpu 9: 3.60 GHz
Governor of cpu 9: performance
Scaling_min_freq of cpu 9: 0.80 GHz
Frequency of cpu 10: 3.60 GHz
Governor of cpu 10: performance
Scaling_min_freq of cpu 10: 0.80 GHz
Frequency of cpu 11: 3.55 GHz
Governor of cpu 11: performance
Scaling_min_freq of cpu 11: 0.80 GHz
Frequency of cpu 12: 3.60 GHz
Governor of cpu 12: performance
Scaling_min_freq of cpu 12: 0.80 GHz
Frequency of cpu 13: 3.54 GHz
Governor of cpu 13: performance
Scaling_min_freq of cpu 13: 0.80 GHz
Frequency of cpu 14: 3.52 GHz
Governor of cpu 14: performance
Scaling_min_freq of cpu 14: 0.80 GHz
Frequency of cpu 15: 3.50 GHz
Governor of cpu 15: performance
Scaling_min_freq of cpu 15: 0.80 GHz
--------------------------------------------------------------------------------
IMPORTANT NOTICE:  This is NOT a release build of the DaCapo suite.
Since it is not an official release of the DaCapo suite, care must be taken when
using the suite, and any use of the build must be sure to note that it is not an
offical release, and should note the relevant git hash.

Feedback is greatly appreciated.   The preferred mode of feedback is via github.
Please use our github page to create an issue or a pull request.
    https://github.com/dacapobench/dacapobench.
--------------------------------------------------------------------------------

Using scaled threading model. 16 processors detected, 16 threads used to drive the workload, in a possible range of [1,unlimited]
Version: graphchi 0.2.2
Nominal stats: NAL: 1212, NAS: 0, NEF: 12, NET: 5, NEW: 1, NGF: 5071, NMH: 193, NML: 0, NMR: 1534, NMS: 3, NMT: 36, NOA: 97, NOL: 96, NOM: 24, NOS: 16, NPF: 23, NUB: 8, NUC: 1
===== DaCapo evaluation-git-0d047f55 graphchi starting warmup 1 =====
Found shards -- no need to preprocess
Set latent factor dimension to: 20
Initializing latent factors for 285050 vertices
Creating 1 blocks
Total edges: 1000000
5700980 elements, check: 3
===== DaCapo evaluation-git-0d047f55 graphchi completed warmup 1 in 25408 msec =====
===== DaCapo evaluation-git-0d047f55 graphchi starting warmup 2 =====
Found shards -- no need to preprocess
Set latent factor dimension to: 20
Initializing latent factors for 285050 vertices
Creating 1 blocks
Total edges: 1000000
5700980 elements, check: 3
===== DaCapo evaluation-git-0d047f55 graphchi completed warmup 2 in 20661 msec =====
===== DaCapo evaluation-git-0d047f55 graphchi starting warmup 3 =====
Found shards -- no need to preprocess
Set latent factor dimension to: 20
Initializing latent factors for 285050 vertices
Creating 1 blocks
Total edges: 1000000
5700980 elements, check: 3
===== DaCapo evaluation-git-0d047f55 graphchi completed warmup 3 in 20769 msec =====
===== DaCapo evaluation-git-0d047f55 graphchi starting warmup 4 =====
Found shards -- no need to preprocess
Set latent factor dimension to: 20
Initializing latent factors for 285050 vertices
Creating 1 blocks
Total edges: 1000000
5700980 elements, check: 3
===== DaCapo evaluation-git-0d047f55 graphchi completed warmup 4 in 20634 msec =====
===== DaCapo evaluation-git-0d047f55 graphchi starting =====
Found shards -- no need to preprocess
Set latent factor dimension to: 20
Initializing latent factors for 285050 vertices
Creating 1 blocks
Total edges: 1000000
5700980 elements, check: 3
============================ MMTk Statistics Totals ============================
GC	time.other	time.stw	total-work.time.total	total-work.time.max	total-work.time.min	total-work.count	
94	19293.69	1389.57	0.000	-inf	inf	0	
Total time: 20683.27 ms
------------------------------ End MMTk Statistics -----------------------------
===== DaCapo evaluation-git-0d047f55 graphchi PASSED in 20683 msec =====
*****
Attaching 4 probes...
^C

@processedgestime: 1226634043
@startprocessedges: 113530103572597
@stats_enabled: 0

-----
mkdir -p PLOTTY_WORKAROUND; timedrun; MMTK_PLAN=Immix MMTK_THREADS=2 MMTK_STRESS_FACTOR=134217728 setarch x86_64 -R /home/claireh/builds/process_edges_scalability/bin/java -XX:MetaspaceSize=500M -XX:+DisableExplicitGC -server -XX:-TieredCompilation -Xcomp -XX:+UseThirdPartyHeap -Djava.library.path=/home/claireh/probes/out -Dprobes=RustMMTk -Xms10G -Xmx10G --add-exports java.base/jdk.internal.ref=ALL-UNNAMED -cp /usr/share/benchmarks/dacapo/dacapo-evaluation-git-0d047f55.jar:/home/claireh/probes/out:/home/claireh/probes/out/probes.jar Harness -c probe.DacapoChopinCallback -n 5 -s default graphchi
running-ng v0.3.6
Tue Feb 14 10:28:19 AM UTC 2023

 10:28:19 up 1 day,  7:40,  1 user,  load average: 4.67, 3.89, 2.99
USER     TTY      FROM             LOGIN@   IDLE   JCPU   PCPU WHAT
claireh  pts/1    tmux(20958).%0   Mon11    5:20m  1.04s  0.00s /bin/sh -c w

procs -----------memory---------- ---swap-- -----io---- -system-- ------cpu-----
 r  b   swpd   free   buff  cache   si   so    bi    bo   in   cs us sy id wa st
 0  0      0 124936752 781680 5654104    0    0     5    83   23   19  2  0 98  0  0
 0  0      0 124936512 781680 5654104    0    0     0     0  105   40  0  0 100  0  0

top - 10:28:20 up 1 day,  7:40,  1 user,  load average: 4.67, 3.89, 2.99
Tasks: 236 total,   1 running, 235 sleeping,   0 stopped,   0 zombie
%Cpu(s):  0.4 us,  0.0 sy,  0.0 ni, 99.6 id,  0.0 wa,  0.0 hi,  0.0 si,  0.0 st
MiB Mem : 128684.0 total, 122008.3 free,    390.8 used,   6284.9 buff/cache
MiB Swap:  32768.0 total,  32768.0 free,      0.0 used. 127048.1 avail Mem 

    PID USER      PR  NI    VIRT    RES    SHR S  %CPU  %MEM     TIME+ COMMAND
      1 root      20   0  165912  11400   8284 S   0.0   0.0   0:01.68 /sbin/init
      2 root      20   0       0      0      0 S   0.0   0.0   0:00.01 [kthreadd]
      3 root       0 -20       0      0      0 I   0.0   0.0   0:00.00 [rcu_gp]
      4 root       0 -20       0      0      0 I   0.0   0.0   0:00.00 [rcu_par_gp]
      5 root       0 -20       0      0      0 I   0.0   0.0   0:00.00 [slub_flushwq]

Environment variables: 
	DBUS_SESSION_BUS_ADDRESS=unix:path=/run/user/1239/bus
	HOME=/home/claireh
	LANG=en_US.UTF-8
	LOGNAME=claireh
	MOTD_SHOWN=pam
	PATH=/usr/local/sbin:/usr/local/bin:/usr/sbin:/usr/bin:/sbin:/bin:/usr/games:/usr/local/games:/snap/bin:/home/claireh/.local/bin:/home/claireh/.local/bin:/home/claireh/.local/bin
	PWD=/home/claireh
	RUNNING_NG_PACKAGE_DATA=/usr/local/lib/python3.10/dist-packages/running/config
	SHELL=/bin/bash
	SHLVL=2
	SSH_CLIENT=10.0.0.2 48820 22
	SSH_CONNECTION=10.0.0.2 48820 10.0.0.67 22
	SSH_TTY=/dev/pts/0
	TERM=screen
	TERM_PROGRAM=tmux
	TERM_PROGRAM_VERSION=3.2a
	TMUX=/tmp/tmux-1239/default,20958,0
	TMUX_PANE=%0
	USER=claireh
	XDG_RUNTIME_DIR=/run/user/1239
	XDG_SESSION_CLASS=user
	XDG_SESSION_ID=12
	XDG_SESSION_TYPE=tty
	_=/usr/local/bin/running
OS: Linux shrew 5.15.0-58-generic #64-Ubuntu SMP Thu Jan 5 11:43:13 UTC 2023 x86_64 x86_64 x86_64 GNU/Linux
CPU: model name	: Intel(R) Core(TM) i9-9900K CPU @ 3.60GHz
number of cores: 16
Frequency of cpu 0: 3.60 GHz
Governor of cpu 0: performance
Scaling_min_freq of cpu 0: 0.80 GHz
Frequency of cpu 1: 3.60 GHz
Governor of cpu 1: performance
Scaling_min_freq of cpu 1: 0.80 GHz
Frequency of cpu 2: 3.60 GHz
Governor of cpu 2: performance
Scaling_min_freq of cpu 2: 0.80 GHz
Frequency of cpu 3: 3.60 GHz
Governor of cpu 3: performance
Scaling_min_freq of cpu 3: 0.80 GHz
Frequency of cpu 4: 1.49 GHz
Governor of cpu 4: performance
Scaling_min_freq of cpu 4: 0.80 GHz
Frequency of cpu 5: 3.60 GHz
Governor of cpu 5: performance
Scaling_min_freq of cpu 5: 0.80 GHz
Frequency of cpu 6: 3.60 GHz
Governor of cpu 6: performance
Scaling_min_freq of cpu 6: 0.80 GHz
Frequency of cpu 7: 3.60 GHz
Governor of cpu 7: performance
Scaling_min_freq of cpu 7: 0.80 GHz
Frequency of cpu 8: 3.60 GHz
Governor of cpu 8: performance
Scaling_min_freq of cpu 8: 0.80 GHz
Frequency of cpu 9: 3.45 GHz
Governor of cpu 9: performance
Scaling_min_freq of cpu 9: 0.80 GHz
Frequency of cpu 10: 2.09 GHz
Governor of cpu 10: performance
Scaling_min_freq of cpu 10: 0.80 GHz
Frequency of cpu 11: 3.49 GHz
Governor of cpu 11: performance
Scaling_min_freq of cpu 11: 0.80 GHz
Frequency of cpu 12: 3.47 GHz
Governor of cpu 12: performance
Scaling_min_freq of cpu 12: 0.80 GHz
Frequency of cpu 13: 3.60 GHz
Governor of cpu 13: performance
Scaling_min_freq of cpu 13: 0.80 GHz
Frequency of cpu 14: 3.45 GHz
Governor of cpu 14: performance
Scaling_min_freq of cpu 14: 0.80 GHz
Frequency of cpu 15: 3.40 GHz
Governor of cpu 15: performance
Scaling_min_freq of cpu 15: 0.80 GHz
--------------------------------------------------------------------------------
IMPORTANT NOTICE:  This is NOT a release build of the DaCapo suite.
Since it is not an official release of the DaCapo suite, care must be taken when
using the suite, and any use of the build must be sure to note that it is not an
offical release, and should note the relevant git hash.

Feedback is greatly appreciated.   The preferred mode of feedback is via github.
Please use our github page to create an issue or a pull request.
    https://github.com/dacapobench/dacapobench.
--------------------------------------------------------------------------------

Using scaled threading model. 16 processors detected, 16 threads used to drive the workload, in a possible range of [1,unlimited]
Version: graphchi 0.2.2
Nominal stats: NAL: 1212, NAS: 0, NEF: 12, NET: 5, NEW: 1, NGF: 5071, NMH: 193, NML: 0, NMR: 1534, NMS: 3, NMT: 36, NOA: 97, NOL: 96, NOM: 24, NOS: 16, NPF: 23, NUB: 8, NUC: 1
===== DaCapo evaluation-git-0d047f55 graphchi starting warmup 1 =====
Found shards -- no need to preprocess
Set latent factor dimension to: 20
Initializing latent factors for 285050 vertices
Creating 1 blocks
Total edges: 1000000
5700980 elements, check: 3
===== DaCapo evaluation-git-0d047f55 graphchi completed warmup 1 in 26260 msec =====
===== DaCapo evaluation-git-0d047f55 graphchi starting warmup 2 =====
Found shards -- no need to preprocess
Set latent factor dimension to: 20
Initializing latent factors for 285050 vertices
Creating 1 blocks
Total edges: 1000000
5700980 elements, check: 3
===== DaCapo evaluation-git-0d047f55 graphchi completed warmup 2 in 21503 msec =====
===== DaCapo evaluation-git-0d047f55 graphchi starting warmup 3 =====
Found shards -- no need to preprocess
Set latent factor dimension to: 20
Initializing latent factors for 285050 vertices
Creating 1 blocks
Total edges: 1000000
5700980 elements, check: 3
===== DaCapo evaluation-git-0d047f55 graphchi completed warmup 3 in 21693 msec =====
===== DaCapo evaluation-git-0d047f55 graphchi starting warmup 4 =====
Found shards -- no need to preprocess
Set latent factor dimension to: 20
Initializing latent factors for 285050 vertices
Creating 1 blocks
Total edges: 1000000
5700980 elements, check: 3
===== DaCapo evaluation-git-0d047f55 graphchi completed warmup 4 in 21396 msec =====
===== DaCapo evaluation-git-0d047f55 graphchi starting =====
Found shards -- no need to preprocess
Set latent factor dimension to: 20
Initializing latent factors for 285050 vertices
Creating 1 blocks
Total edges: 1000000
5700980 elements, check: 3
============================ MMTk Statistics Totals ============================
GC	time.other	time.stw	total-work.count	total-work.time.max	total-work.time.min	total-work.time.total	
94	20115.47	1312.09	0	-inf	inf	0.000	
Total time: 21427.57 ms
------------------------------ End MMTk Statistics -----------------------------
===== DaCapo evaluation-git-0d047f55 graphchi PASSED in 21427 msec =====
*****
Attaching 4 probes...
^C

@processedgestime: 1153367331
@startprocessedges: 114185525943016
@stats_enabled: 0

-----
mkdir -p PLOTTY_WORKAROUND; timedrun; MMTK_PLAN=Immix MMTK_THREADS=2 MMTK_STRESS_FACTOR=134217728 setarch x86_64 -R /home/claireh/builds/process_edges_scalability/bin/java -XX:MetaspaceSize=500M -XX:+DisableExplicitGC -server -XX:-TieredCompilation -Xcomp -XX:+UseThirdPartyHeap -Djava.library.path=/home/claireh/probes/out -Dprobes=RustMMTk -Xms10G -Xmx10G --add-exports java.base/jdk.internal.ref=ALL-UNNAMED -cp /usr/share/benchmarks/dacapo/dacapo-evaluation-git-0d047f55.jar:/home/claireh/probes/out:/home/claireh/probes/out/probes.jar Harness -c probe.DacapoChopinCallback -n 5 -s default graphchi
running-ng v0.3.6
Tue Feb 14 10:39:11 AM UTC 2023

 10:39:11 up 1 day,  7:51,  1 user,  load average: 2.62, 2.81, 2.89
USER     TTY      FROM             LOGIN@   IDLE   JCPU   PCPU WHAT
claireh  pts/1    tmux(20958).%0   Mon11    5:31m  1.11s  0.00s /bin/sh -c w

procs -----------memory---------- ---swap-- -----io---- -system-- ------cpu-----
 r  b   swpd   free   buff  cache   si   so    bi    bo   in   cs us sy id wa st
 0  0      0 124928296 782076 5654212    0    0     5    83   23   19  2  0 97  0  0
 0  0      0 124928296 782076 5654212    0    0     0     0   92   44  0  0 100  0  0

top - 10:39:12 up 1 day,  7:51,  1 user,  load average: 2.62, 2.81, 2.89
Tasks: 235 total,   1 running, 234 sleeping,   0 stopped,   0 zombie
%Cpu(s):  0.4 us,  0.0 sy,  0.0 ni, 99.6 id,  0.0 wa,  0.0 hi,  0.0 si,  0.0 st
MiB Mem : 128684.0 total, 122000.3 free,    398.3 used,   6285.4 buff/cache
MiB Swap:  32768.0 total,  32768.0 free,      0.0 used. 127040.6 avail Mem 

    PID USER      PR  NI    VIRT    RES    SHR S  %CPU  %MEM     TIME+ COMMAND
      1 root      20   0  165912  11400   8284 S   0.0   0.0   0:01.68 /sbin/init
      2 root      20   0       0      0      0 S   0.0   0.0   0:00.01 [kthreadd]
      3 root       0 -20       0      0      0 I   0.0   0.0   0:00.00 [rcu_gp]
      4 root       0 -20       0      0      0 I   0.0   0.0   0:00.00 [rcu_par_gp]
      5 root       0 -20       0      0      0 I   0.0   0.0   0:00.00 [slub_flushwq]

Environment variables: 
	DBUS_SESSION_BUS_ADDRESS=unix:path=/run/user/1239/bus
	HOME=/home/claireh
	LANG=en_US.UTF-8
	LOGNAME=claireh
	MOTD_SHOWN=pam
	PATH=/usr/local/sbin:/usr/local/bin:/usr/sbin:/usr/bin:/sbin:/bin:/usr/games:/usr/local/games:/snap/bin:/home/claireh/.local/bin:/home/claireh/.local/bin:/home/claireh/.local/bin
	PWD=/home/claireh
	RUNNING_NG_PACKAGE_DATA=/usr/local/lib/python3.10/dist-packages/running/config
	SHELL=/bin/bash
	SHLVL=2
	SSH_CLIENT=10.0.0.2 48820 22
	SSH_CONNECTION=10.0.0.2 48820 10.0.0.67 22
	SSH_TTY=/dev/pts/0
	TERM=screen
	TERM_PROGRAM=tmux
	TERM_PROGRAM_VERSION=3.2a
	TMUX=/tmp/tmux-1239/default,20958,0
	TMUX_PANE=%0
	USER=claireh
	XDG_RUNTIME_DIR=/run/user/1239
	XDG_SESSION_CLASS=user
	XDG_SESSION_ID=12
	XDG_SESSION_TYPE=tty
	_=/usr/local/bin/running
OS: Linux shrew 5.15.0-58-generic #64-Ubuntu SMP Thu Jan 5 11:43:13 UTC 2023 x86_64 x86_64 x86_64 GNU/Linux
CPU: model name	: Intel(R) Core(TM) i9-9900K CPU @ 3.60GHz
number of cores: 16
Frequency of cpu 0: 3.60 GHz
Governor of cpu 0: performance
Scaling_min_freq of cpu 0: 0.80 GHz
Frequency of cpu 1: 3.60 GHz
Governor of cpu 1: performance
Scaling_min_freq of cpu 1: 0.80 GHz
Frequency of cpu 2: 3.60 GHz
Governor of cpu 2: performance
Scaling_min_freq of cpu 2: 0.80 GHz
Frequency of cpu 3: 3.60 GHz
Governor of cpu 3: performance
Scaling_min_freq of cpu 3: 0.80 GHz
Frequency of cpu 4: 3.60 GHz
Governor of cpu 4: performance
Scaling_min_freq of cpu 4: 0.80 GHz
Frequency of cpu 5: 3.60 GHz
Governor of cpu 5: performance
Scaling_min_freq of cpu 5: 0.80 GHz
Frequency of cpu 6: 3.60 GHz
Governor of cpu 6: performance
Scaling_min_freq of cpu 6: 0.80 GHz
Frequency of cpu 7: 3.60 GHz
Governor of cpu 7: performance
Scaling_min_freq of cpu 7: 0.80 GHz
Frequency of cpu 8: 3.60 GHz
Governor of cpu 8: performance
Scaling_min_freq of cpu 8: 0.80 GHz
Frequency of cpu 9: 3.60 GHz
Governor of cpu 9: performance
Scaling_min_freq of cpu 9: 0.80 GHz
Frequency of cpu 10: 3.60 GHz
Governor of cpu 10: performance
Scaling_min_freq of cpu 10: 0.80 GHz
Frequency of cpu 11: 3.60 GHz
Governor of cpu 11: performance
Scaling_min_freq of cpu 11: 0.80 GHz
Frequency of cpu 12: 3.60 GHz
Governor of cpu 12: performance
Scaling_min_freq of cpu 12: 0.80 GHz
Frequency of cpu 13: 3.55 GHz
Governor of cpu 13: performance
Scaling_min_freq of cpu 13: 0.80 GHz
Frequency of cpu 14: 3.60 GHz
Governor of cpu 14: performance
Scaling_min_freq of cpu 14: 0.80 GHz
Frequency of cpu 15: 3.60 GHz
Governor of cpu 15: performance
Scaling_min_freq of cpu 15: 0.80 GHz
--------------------------------------------------------------------------------
IMPORTANT NOTICE:  This is NOT a release build of the DaCapo suite.
Since it is not an official release of the DaCapo suite, care must be taken when
using the suite, and any use of the build must be sure to note that it is not an
offical release, and should note the relevant git hash.

Feedback is greatly appreciated.   The preferred mode of feedback is via github.
Please use our github page to create an issue or a pull request.
    https://github.com/dacapobench/dacapobench.
--------------------------------------------------------------------------------

Using scaled threading model. 16 processors detected, 16 threads used to drive the workload, in a possible range of [1,unlimited]
Version: graphchi 0.2.2
Nominal stats: NAL: 1212, NAS: 0, NEF: 12, NET: 5, NEW: 1, NGF: 5071, NMH: 193, NML: 0, NMR: 1534, NMS: 3, NMT: 36, NOA: 97, NOL: 96, NOM: 24, NOS: 16, NPF: 23, NUB: 8, NUC: 1
===== DaCapo evaluation-git-0d047f55 graphchi starting warmup 1 =====
Found shards -- no need to preprocess
Set latent factor dimension to: 20
Initializing latent factors for 285050 vertices
Creating 1 blocks
Total edges: 1000000
5700980 elements, check: 3
===== DaCapo evaluation-git-0d047f55 graphchi completed warmup 1 in 25752 msec =====
===== DaCapo evaluation-git-0d047f55 graphchi starting warmup 2 =====
Found shards -- no need to preprocess
Set latent factor dimension to: 20
Initializing latent factors for 285050 vertices
Creating 1 blocks
Total edges: 1000000
5700980 elements, check: 3
===== DaCapo evaluation-git-0d047f55 graphchi completed warmup 2 in 21207 msec =====
===== DaCapo evaluation-git-0d047f55 graphchi starting warmup 3 =====
Found shards -- no need to preprocess
Set latent factor dimension to: 20
Initializing latent factors for 285050 vertices
Creating 1 blocks
Total edges: 1000000
5700980 elements, check: 3
===== DaCapo evaluation-git-0d047f55 graphchi completed warmup 3 in 21218 msec =====
===== DaCapo evaluation-git-0d047f55 graphchi starting warmup 4 =====
Found shards -- no need to preprocess
Set latent factor dimension to: 20
Initializing latent factors for 285050 vertices
Creating 1 blocks
Total edges: 1000000
5700980 elements, check: 3
===== DaCapo evaluation-git-0d047f55 graphchi completed warmup 4 in 20986 msec =====
===== DaCapo evaluation-git-0d047f55 graphchi starting =====
Found shards -- no need to preprocess
Set latent factor dimension to: 20
Initializing latent factors for 285050 vertices
Creating 1 blocks
Total edges: 1000000
5700980 elements, check: 3
============================ MMTk Statistics Totals ============================
GC	time.other	time.stw	total-work.time.min	total-work.count	total-work.time.total	total-work.time.max	
94	19805.15	1273.90	inf	0	0.000	-inf	
Total time: 21079.05 ms
------------------------------ End MMTk Statistics -----------------------------
===== DaCapo evaluation-git-0d047f55 graphchi PASSED in 21079 msec =====
*****
Attaching 4 probes...
^C

@processedgestime: 1114141998
@startprocessedges: 114835593761914
@stats_enabled: 0

-----
mkdir -p PLOTTY_WORKAROUND; timedrun; MMTK_PLAN=Immix MMTK_THREADS=2 MMTK_STRESS_FACTOR=134217728 setarch x86_64 -R /home/claireh/builds/process_edges_scalability/bin/java -XX:MetaspaceSize=500M -XX:+DisableExplicitGC -server -XX:-TieredCompilation -Xcomp -XX:+UseThirdPartyHeap -Djava.library.path=/home/claireh/probes/out -Dprobes=RustMMTk -Xms10G -Xmx10G --add-exports java.base/jdk.internal.ref=ALL-UNNAMED -cp /usr/share/benchmarks/dacapo/dacapo-evaluation-git-0d047f55.jar:/home/claireh/probes/out:/home/claireh/probes/out/probes.jar Harness -c probe.DacapoChopinCallback -n 5 -s default graphchi
running-ng v0.3.6
Tue Feb 14 10:50:00 AM UTC 2023

 10:50:00 up 1 day,  8:02,  1 user,  load average: 4.78, 3.53, 3.11
USER     TTY      FROM             LOGIN@   IDLE   JCPU   PCPU WHAT
claireh  pts/1    tmux(20958).%0   Mon11    5:42m  1.19s  0.00s /bin/sh -c w

procs -----------memory---------- ---swap-- -----io---- -system-- ------cpu-----
 r  b   swpd   free   buff  cache   si   so    bi    bo   in   cs us sy id wa st
 0  0      0 124948792 782496 5654292    0    0     5    83   23   19  2  0 97  0  0
 0  0      0 124948792 782496 5654292    0    0     0     0   77   32  0  0 100  0  0

top - 10:50:02 up 1 day,  8:02,  1 user,  load average: 4.78, 3.53, 3.11
Tasks: 236 total,   1 running, 235 sleeping,   0 stopped,   0 zombie
%Cpu(s):  0.4 us,  0.0 sy,  0.0 ni, 99.6 id,  0.0 wa,  0.0 hi,  0.0 si,  0.0 st
MiB Mem : 128684.0 total, 122020.8 free,    377.4 used,   6285.9 buff/cache
MiB Swap:  32768.0 total,  32768.0 free,      0.0 used. 127061.5 avail Mem 

    PID USER      PR  NI    VIRT    RES    SHR S  %CPU  %MEM     TIME+ COMMAND
      1 root      20   0  165912  11400   8284 S   0.0   0.0   0:01.68 /sbin/init
      2 root      20   0       0      0      0 S   0.0   0.0   0:00.01 [kthreadd]
      3 root       0 -20       0      0      0 I   0.0   0.0   0:00.00 [rcu_gp]
      4 root       0 -20       0      0      0 I   0.0   0.0   0:00.00 [rcu_par_gp]
      5 root       0 -20       0      0      0 I   0.0   0.0   0:00.00 [slub_flushwq]

Environment variables: 
	DBUS_SESSION_BUS_ADDRESS=unix:path=/run/user/1239/bus
	HOME=/home/claireh
	LANG=en_US.UTF-8
	LOGNAME=claireh
	MOTD_SHOWN=pam
	PATH=/usr/local/sbin:/usr/local/bin:/usr/sbin:/usr/bin:/sbin:/bin:/usr/games:/usr/local/games:/snap/bin:/home/claireh/.local/bin:/home/claireh/.local/bin:/home/claireh/.local/bin
	PWD=/home/claireh
	RUNNING_NG_PACKAGE_DATA=/usr/local/lib/python3.10/dist-packages/running/config
	SHELL=/bin/bash
	SHLVL=2
	SSH_CLIENT=10.0.0.2 48820 22
	SSH_CONNECTION=10.0.0.2 48820 10.0.0.67 22
	SSH_TTY=/dev/pts/0
	TERM=screen
	TERM_PROGRAM=tmux
	TERM_PROGRAM_VERSION=3.2a
	TMUX=/tmp/tmux-1239/default,20958,0
	TMUX_PANE=%0
	USER=claireh
	XDG_RUNTIME_DIR=/run/user/1239
	XDG_SESSION_CLASS=user
	XDG_SESSION_ID=12
	XDG_SESSION_TYPE=tty
	_=/usr/local/bin/running
OS: Linux shrew 5.15.0-58-generic #64-Ubuntu SMP Thu Jan 5 11:43:13 UTC 2023 x86_64 x86_64 x86_64 GNU/Linux
CPU: model name	: Intel(R) Core(TM) i9-9900K CPU @ 3.60GHz
number of cores: 16
Frequency of cpu 0: 3.60 GHz
Governor of cpu 0: performance
Scaling_min_freq of cpu 0: 0.80 GHz
Frequency of cpu 1: 3.60 GHz
Governor of cpu 1: performance
Scaling_min_freq of cpu 1: 0.80 GHz
Frequency of cpu 2: 2.09 GHz
Governor of cpu 2: performance
Scaling_min_freq of cpu 2: 0.80 GHz
Frequency of cpu 3: 3.60 GHz
Governor of cpu 3: performance
Scaling_min_freq of cpu 3: 0.80 GHz
Frequency of cpu 4: 3.60 GHz
Governor of cpu 4: performance
Scaling_min_freq of cpu 4: 0.80 GHz
Frequency of cpu 5: 3.60 GHz
Governor of cpu 5: performance
Scaling_min_freq of cpu 5: 0.80 GHz
Frequency of cpu 6: 3.57 GHz
Governor of cpu 6: performance
Scaling_min_freq of cpu 6: 0.80 GHz
Frequency of cpu 7: 3.60 GHz
Governor of cpu 7: performance
Scaling_min_freq of cpu 7: 0.80 GHz
Frequency of cpu 8: 3.60 GHz
Governor of cpu 8: performance
Scaling_min_freq of cpu 8: 0.80 GHz
Frequency of cpu 9: 3.60 GHz
Governor of cpu 9: performance
Scaling_min_freq of cpu 9: 0.80 GHz
Frequency of cpu 10: 2.24 GHz
Governor of cpu 10: performance
Scaling_min_freq of cpu 10: 0.80 GHz
Frequency of cpu 11: 3.53 GHz
Governor of cpu 11: performance
Scaling_min_freq of cpu 11: 0.80 GHz
Frequency of cpu 12: 3.51 GHz
Governor of cpu 12: performance
Scaling_min_freq of cpu 12: 0.80 GHz
Frequency of cpu 13: 3.51 GHz
Governor of cpu 13: performance
Scaling_min_freq of cpu 13: 0.80 GHz
Frequency of cpu 14: 3.60 GHz
Governor of cpu 14: performance
Scaling_min_freq of cpu 14: 0.80 GHz
Frequency of cpu 15: 2.27 GHz
Governor of cpu 15: performance
Scaling_min_freq of cpu 15: 0.80 GHz
--------------------------------------------------------------------------------
IMPORTANT NOTICE:  This is NOT a release build of the DaCapo suite.
Since it is not an official release of the DaCapo suite, care must be taken when
using the suite, and any use of the build must be sure to note that it is not an
offical release, and should note the relevant git hash.

Feedback is greatly appreciated.   The preferred mode of feedback is via github.
Please use our github page to create an issue or a pull request.
    https://github.com/dacapobench/dacapobench.
--------------------------------------------------------------------------------

Using scaled threading model. 16 processors detected, 16 threads used to drive the workload, in a possible range of [1,unlimited]
Version: graphchi 0.2.2
Nominal stats: NAL: 1212, NAS: 0, NEF: 12, NET: 5, NEW: 1, NGF: 5071, NMH: 193, NML: 0, NMR: 1534, NMS: 3, NMT: 36, NOA: 97, NOL: 96, NOM: 24, NOS: 16, NPF: 23, NUB: 8, NUC: 1
===== DaCapo evaluation-git-0d047f55 graphchi starting warmup 1 =====
Found shards -- no need to preprocess
Set latent factor dimension to: 20
Initializing latent factors for 285050 vertices
Creating 1 blocks
Total edges: 1000000
5700980 elements, check: 3
===== DaCapo evaluation-git-0d047f55 graphchi completed warmup 1 in 25453 msec =====
===== DaCapo evaluation-git-0d047f55 graphchi starting warmup 2 =====
Found shards -- no need to preprocess
Set latent factor dimension to: 20
Initializing latent factors for 285050 vertices
Creating 1 blocks
Total edges: 1000000
5700980 elements, check: 3
===== DaCapo evaluation-git-0d047f55 graphchi completed warmup 2 in 20819 msec =====
===== DaCapo evaluation-git-0d047f55 graphchi starting warmup 3 =====
Found shards -- no need to preprocess
Set latent factor dimension to: 20
Initializing latent factors for 285050 vertices
Creating 1 blocks
Total edges: 1000000
5700980 elements, check: 3
===== DaCapo evaluation-git-0d047f55 graphchi completed warmup 3 in 20949 msec =====
===== DaCapo evaluation-git-0d047f55 graphchi starting warmup 4 =====
Found shards -- no need to preprocess
Set latent factor dimension to: 20
Initializing latent factors for 285050 vertices
Creating 1 blocks
Total edges: 1000000
5700980 elements, check: 3
===== DaCapo evaluation-git-0d047f55 graphchi completed warmup 4 in 20749 msec =====
===== DaCapo evaluation-git-0d047f55 graphchi starting =====
Found shards -- no need to preprocess
Set latent factor dimension to: 20
Initializing latent factors for 285050 vertices
Creating 1 blocks
Total edges: 1000000
5700980 elements, check: 3
============================ MMTk Statistics Totals ============================
GC	time.other	time.stw	total-work.time.max	total-work.count	total-work.time.total	total-work.time.min	
94	19390.27	1422.67	-inf	0	0.000	inf	
Total time: 20812.95 ms
------------------------------ End MMTk Statistics -----------------------------
===== DaCapo evaluation-git-0d047f55 graphchi PASSED in 20813 msec =====
*****
Attaching 4 probes...
^C

@processedgestime: 1252011969
@startprocessedges: 115483679413669
@stats_enabled: 0

-----
mkdir -p PLOTTY_WORKAROUND; timedrun; MMTK_PLAN=Immix MMTK_THREADS=2 MMTK_STRESS_FACTOR=134217728 setarch x86_64 -R /home/claireh/builds/process_edges_scalability/bin/java -XX:MetaspaceSize=500M -XX:+DisableExplicitGC -server -XX:-TieredCompilation -Xcomp -XX:+UseThirdPartyHeap -Djava.library.path=/home/claireh/probes/out -Dprobes=RustMMTk -Xms10G -Xmx10G --add-exports java.base/jdk.internal.ref=ALL-UNNAMED -cp /usr/share/benchmarks/dacapo/dacapo-evaluation-git-0d047f55.jar:/home/claireh/probes/out:/home/claireh/probes/out/probes.jar Harness -c probe.DacapoChopinCallback -n 5 -s default graphchi
running-ng v0.3.6
Tue Feb 14 11:00:50 AM UTC 2023

 11:00:50 up 1 day,  8:13,  1 user,  load average: 1.97, 3.21, 3.21
USER     TTY      FROM             LOGIN@   IDLE   JCPU   PCPU WHAT
claireh  pts/1    tmux(20958).%0   Mon11    5:53m  1.27s  0.00s /bin/sh -c w

procs -----------memory---------- ---swap-- -----io---- -system-- ------cpu-----
 r  b   swpd   free   buff  cache   si   so    bi    bo   in   cs us sy id wa st
 0  0      0 124948872 782904 5654356    0    0     5    82   23   19  2  0 97  0  0
 0  0      0 124948624 782904 5654356    0    0     0     0  122   46  0  0 100  0  0

top - 11:00:51 up 1 day,  8:13,  1 user,  load average: 1.97, 3.21, 3.21
Tasks: 237 total,   1 running, 236 sleeping,   0 stopped,   0 zombie
%Cpu(s):  0.0 us,  0.4 sy,  0.0 ni, 99.6 id,  0.0 wa,  0.0 hi,  0.0 si,  0.0 st
MiB Mem : 128684.0 total, 122020.1 free,    377.5 used,   6286.4 buff/cache
MiB Swap:  32768.0 total,  32768.0 free,      0.0 used. 127061.4 avail Mem 

    PID USER      PR  NI    VIRT    RES    SHR S  %CPU  %MEM     TIME+ COMMAND
      1 root      20   0  165912  11400   8284 S   0.0   0.0   0:01.68 /sbin/init
      2 root      20   0       0      0      0 S   0.0   0.0   0:00.01 [kthreadd]
      3 root       0 -20       0      0      0 I   0.0   0.0   0:00.00 [rcu_gp]
      4 root       0 -20       0      0      0 I   0.0   0.0   0:00.00 [rcu_par_gp]
      5 root       0 -20       0      0      0 I   0.0   0.0   0:00.00 [slub_flushwq]

Environment variables: 
	DBUS_SESSION_BUS_ADDRESS=unix:path=/run/user/1239/bus
	HOME=/home/claireh
	LANG=en_US.UTF-8
	LOGNAME=claireh
	MOTD_SHOWN=pam
	PATH=/usr/local/sbin:/usr/local/bin:/usr/sbin:/usr/bin:/sbin:/bin:/usr/games:/usr/local/games:/snap/bin:/home/claireh/.local/bin:/home/claireh/.local/bin:/home/claireh/.local/bin
	PWD=/home/claireh
	RUNNING_NG_PACKAGE_DATA=/usr/local/lib/python3.10/dist-packages/running/config
	SHELL=/bin/bash
	SHLVL=2
	SSH_CLIENT=10.0.0.2 48820 22
	SSH_CONNECTION=10.0.0.2 48820 10.0.0.67 22
	SSH_TTY=/dev/pts/0
	TERM=screen
	TERM_PROGRAM=tmux
	TERM_PROGRAM_VERSION=3.2a
	TMUX=/tmp/tmux-1239/default,20958,0
	TMUX_PANE=%0
	USER=claireh
	XDG_RUNTIME_DIR=/run/user/1239
	XDG_SESSION_CLASS=user
	XDG_SESSION_ID=12
	XDG_SESSION_TYPE=tty
	_=/usr/local/bin/running
OS: Linux shrew 5.15.0-58-generic #64-Ubuntu SMP Thu Jan 5 11:43:13 UTC 2023 x86_64 x86_64 x86_64 GNU/Linux
CPU: model name	: Intel(R) Core(TM) i9-9900K CPU @ 3.60GHz
number of cores: 16
Frequency of cpu 0: 3.60 GHz
Governor of cpu 0: performance
Scaling_min_freq of cpu 0: 0.80 GHz
Frequency of cpu 1: 3.60 GHz
Governor of cpu 1: performance
Scaling_min_freq of cpu 1: 0.80 GHz
Frequency of cpu 2: 3.60 GHz
Governor of cpu 2: performance
Scaling_min_freq of cpu 2: 0.80 GHz
Frequency of cpu 3: 3.60 GHz
Governor of cpu 3: performance
Scaling_min_freq of cpu 3: 0.80 GHz
Frequency of cpu 4: 3.60 GHz
Governor of cpu 4: performance
Scaling_min_freq of cpu 4: 0.80 GHz
Frequency of cpu 5: 3.60 GHz
Governor of cpu 5: performance
Scaling_min_freq of cpu 5: 0.80 GHz
Frequency of cpu 6: 3.57 GHz
Governor of cpu 6: performance
Scaling_min_freq of cpu 6: 0.80 GHz
Frequency of cpu 7: 3.60 GHz
Governor of cpu 7: performance
Scaling_min_freq of cpu 7: 0.80 GHz
Frequency of cpu 8: 3.60 GHz
Governor of cpu 8: performance
Scaling_min_freq of cpu 8: 0.80 GHz
Frequency of cpu 9: 3.60 GHz
Governor of cpu 9: performance
Scaling_min_freq of cpu 9: 0.80 GHz
Frequency of cpu 10: 3.60 GHz
Governor of cpu 10: performance
Scaling_min_freq of cpu 10: 0.80 GHz
Frequency of cpu 11: 2.28 GHz
Governor of cpu 11: performance
Scaling_min_freq of cpu 11: 0.80 GHz
Frequency of cpu 12: 3.60 GHz
Governor of cpu 12: performance
Scaling_min_freq of cpu 12: 0.80 GHz
Frequency of cpu 13: 3.53 GHz
Governor of cpu 13: performance
Scaling_min_freq of cpu 13: 0.80 GHz
Frequency of cpu 14: 3.60 GHz
Governor of cpu 14: performance
Scaling_min_freq of cpu 14: 0.80 GHz
Frequency of cpu 15: 3.51 GHz
Governor of cpu 15: performance
Scaling_min_freq of cpu 15: 0.80 GHz
--------------------------------------------------------------------------------
IMPORTANT NOTICE:  This is NOT a release build of the DaCapo suite.
Since it is not an official release of the DaCapo suite, care must be taken when
using the suite, and any use of the build must be sure to note that it is not an
offical release, and should note the relevant git hash.

Feedback is greatly appreciated.   The preferred mode of feedback is via github.
Please use our github page to create an issue or a pull request.
    https://github.com/dacapobench/dacapobench.
--------------------------------------------------------------------------------

Using scaled threading model. 16 processors detected, 16 threads used to drive the workload, in a possible range of [1,unlimited]
Version: graphchi 0.2.2
Nominal stats: NAL: 1212, NAS: 0, NEF: 12, NET: 5, NEW: 1, NGF: 5071, NMH: 193, NML: 0, NMR: 1534, NMS: 3, NMT: 36, NOA: 97, NOL: 96, NOM: 24, NOS: 16, NPF: 23, NUB: 8, NUC: 1
===== DaCapo evaluation-git-0d047f55 graphchi starting warmup 1 =====
Found shards -- no need to preprocess
Set latent factor dimension to: 20
Initializing latent factors for 285050 vertices
Creating 1 blocks
Total edges: 1000000
5700980 elements, check: 3
===== DaCapo evaluation-git-0d047f55 graphchi completed warmup 1 in 25452 msec =====
===== DaCapo evaluation-git-0d047f55 graphchi starting warmup 2 =====
Found shards -- no need to preprocess
Set latent factor dimension to: 20
Initializing latent factors for 285050 vertices
Creating 1 blocks
Total edges: 1000000
5700980 elements, check: 3
===== DaCapo evaluation-git-0d047f55 graphchi completed warmup 2 in 20780 msec =====
===== DaCapo evaluation-git-0d047f55 graphchi starting warmup 3 =====
Found shards -- no need to preprocess
Set latent factor dimension to: 20
Initializing latent factors for 285050 vertices
Creating 1 blocks
Total edges: 1000000
5700980 elements, check: 3
===== DaCapo evaluation-git-0d047f55 graphchi completed warmup 3 in 20884 msec =====
===== DaCapo evaluation-git-0d047f55 graphchi starting warmup 4 =====
Found shards -- no need to preprocess
Set latent factor dimension to: 20
Initializing latent factors for 285050 vertices
Creating 1 blocks
Total edges: 1000000
5700980 elements, check: 3
===== DaCapo evaluation-git-0d047f55 graphchi completed warmup 4 in 20623 msec =====
===== DaCapo evaluation-git-0d047f55 graphchi starting =====
Found shards -- no need to preprocess
Set latent factor dimension to: 20
Initializing latent factors for 285050 vertices
Creating 1 blocks
Total edges: 1000000
5700980 elements, check: 3
============================ MMTk Statistics Totals ============================
GC	time.other	time.stw	total-work.count	total-work.time.total	total-work.time.max	total-work.time.min	
94	19333.39	1292.90	0	0.000	-inf	inf	
Total time: 20626.29 ms
------------------------------ End MMTk Statistics -----------------------------
===== DaCapo evaluation-git-0d047f55 graphchi PASSED in 20626 msec =====
*****
Attaching 4 probes...
^C

@processedgestime: 1129325062
@startprocessedges: 116133043643051
@stats_enabled: 0

-----
mkdir -p PLOTTY_WORKAROUND; timedrun; MMTK_PLAN=Immix MMTK_THREADS=2 MMTK_STRESS_FACTOR=134217728 setarch x86_64 -R /home/claireh/builds/process_edges_scalability/bin/java -XX:MetaspaceSize=500M -XX:+DisableExplicitGC -server -XX:-TieredCompilation -Xcomp -XX:+UseThirdPartyHeap -Djava.library.path=/home/claireh/probes/out -Dprobes=RustMMTk -Xms10G -Xmx10G --add-exports java.base/jdk.internal.ref=ALL-UNNAMED -cp /usr/share/benchmarks/dacapo/dacapo-evaluation-git-0d047f55.jar:/home/claireh/probes/out:/home/claireh/probes/out/probes.jar Harness -c probe.DacapoChopinCallback -n 5 -s default graphchi
running-ng v0.3.6
Tue Feb 14 11:11:40 AM UTC 2023

 11:11:40 up 1 day,  8:24,  1 user,  load average: 2.67, 2.89, 3.10
USER     TTY      FROM             LOGIN@   IDLE   JCPU   PCPU WHAT
claireh  pts/1    tmux(20958).%0   Mon11    6:04m  1.34s  0.00s /bin/sh -c w

procs -----------memory---------- ---swap-- -----io---- -system-- ------cpu-----
 r  b   swpd   free   buff  cache   si   so    bi    bo   in   cs us sy id wa st
 0  0      0 124944784 783316 5654528    0    0     5    82    0   20  2  0 97  0  0
 0  0      0 124944784 783316 5654528    0    0     0     0  106   44  0  0 100  0  0

top - 11:11:41 up 1 day,  8:24,  1 user,  load average: 2.67, 2.89, 3.10
Tasks: 237 total,   1 running, 236 sleeping,   0 stopped,   0 zombie
%Cpu(s):  0.0 us,  0.4 sy,  0.0 ni, 99.6 id,  0.0 wa,  0.0 hi,  0.0 si,  0.0 st
MiB Mem : 128684.0 total, 122015.8 free,    381.3 used,   6286.9 buff/cache
MiB Swap:  32768.0 total,  32768.0 free,      0.0 used. 127057.6 avail Mem 

    PID USER      PR  NI    VIRT    RES    SHR S  %CPU  %MEM     TIME+ COMMAND
      1 root      20   0  165912  11400   8284 S   0.0   0.0   0:01.68 /sbin/init
      2 root      20   0       0      0      0 S   0.0   0.0   0:00.01 [kthreadd]
      3 root       0 -20       0      0      0 I   0.0   0.0   0:00.00 [rcu_gp]
      4 root       0 -20       0      0      0 I   0.0   0.0   0:00.00 [rcu_par_gp]
      5 root       0 -20       0      0      0 I   0.0   0.0   0:00.00 [slub_flushwq]

Environment variables: 
	DBUS_SESSION_BUS_ADDRESS=unix:path=/run/user/1239/bus
	HOME=/home/claireh
	LANG=en_US.UTF-8
	LOGNAME=claireh
	MOTD_SHOWN=pam
	PATH=/usr/local/sbin:/usr/local/bin:/usr/sbin:/usr/bin:/sbin:/bin:/usr/games:/usr/local/games:/snap/bin:/home/claireh/.local/bin:/home/claireh/.local/bin:/home/claireh/.local/bin
	PWD=/home/claireh
	RUNNING_NG_PACKAGE_DATA=/usr/local/lib/python3.10/dist-packages/running/config
	SHELL=/bin/bash
	SHLVL=2
	SSH_CLIENT=10.0.0.2 48820 22
	SSH_CONNECTION=10.0.0.2 48820 10.0.0.67 22
	SSH_TTY=/dev/pts/0
	TERM=screen
	TERM_PROGRAM=tmux
	TERM_PROGRAM_VERSION=3.2a
	TMUX=/tmp/tmux-1239/default,20958,0
	TMUX_PANE=%0
	USER=claireh
	XDG_RUNTIME_DIR=/run/user/1239
	XDG_SESSION_CLASS=user
	XDG_SESSION_ID=12
	XDG_SESSION_TYPE=tty
	_=/usr/local/bin/running
OS: Linux shrew 5.15.0-58-generic #64-Ubuntu SMP Thu Jan 5 11:43:13 UTC 2023 x86_64 x86_64 x86_64 GNU/Linux
CPU: model name	: Intel(R) Core(TM) i9-9900K CPU @ 3.60GHz
number of cores: 16
Frequency of cpu 0: 3.60 GHz
Governor of cpu 0: performance
Scaling_min_freq of cpu 0: 0.80 GHz
Frequency of cpu 1: 3.60 GHz
Governor of cpu 1: performance
Scaling_min_freq of cpu 1: 0.80 GHz
Frequency of cpu 2: 3.60 GHz
Governor of cpu 2: performance
Scaling_min_freq of cpu 2: 0.80 GHz
Frequency of cpu 3: 3.60 GHz
Governor of cpu 3: performance
Scaling_min_freq of cpu 3: 0.80 GHz
Frequency of cpu 4: 3.60 GHz
Governor of cpu 4: performance
Scaling_min_freq of cpu 4: 0.80 GHz
Frequency of cpu 5: 2.04 GHz
Governor of cpu 5: performance
Scaling_min_freq of cpu 5: 0.80 GHz
Frequency of cpu 6: 2.47 GHz
Governor of cpu 6: performance
Scaling_min_freq of cpu 6: 0.80 GHz
Frequency of cpu 7: 3.60 GHz
Governor of cpu 7: performance
Scaling_min_freq of cpu 7: 0.80 GHz
Frequency of cpu 8: 3.60 GHz
Governor of cpu 8: performance
Scaling_min_freq of cpu 8: 0.80 GHz
Frequency of cpu 9: 3.53 GHz
Governor of cpu 9: performance
Scaling_min_freq of cpu 9: 0.80 GHz
Frequency of cpu 10: 3.60 GHz
Governor of cpu 10: performance
Scaling_min_freq of cpu 10: 0.80 GHz
Frequency of cpu 11: 3.60 GHz
Governor of cpu 11: performance
Scaling_min_freq of cpu 11: 0.80 GHz
Frequency of cpu 12: 3.60 GHz
Governor of cpu 12: performance
Scaling_min_freq of cpu 12: 0.80 GHz
Frequency of cpu 13: 3.60 GHz
Governor of cpu 13: performance
Scaling_min_freq of cpu 13: 0.80 GHz
Frequency of cpu 14: 3.60 GHz
Governor of cpu 14: performance
Scaling_min_freq of cpu 14: 0.80 GHz
Frequency of cpu 15: 3.54 GHz
Governor of cpu 15: performance
Scaling_min_freq of cpu 15: 0.80 GHz
--------------------------------------------------------------------------------
IMPORTANT NOTICE:  This is NOT a release build of the DaCapo suite.
Since it is not an official release of the DaCapo suite, care must be taken when
using the suite, and any use of the build must be sure to note that it is not an
offical release, and should note the relevant git hash.

Feedback is greatly appreciated.   The preferred mode of feedback is via github.
Please use our github page to create an issue or a pull request.
    https://github.com/dacapobench/dacapobench.
--------------------------------------------------------------------------------

Using scaled threading model. 16 processors detected, 16 threads used to drive the workload, in a possible range of [1,unlimited]
Version: graphchi 0.2.2
Nominal stats: NAL: 1212, NAS: 0, NEF: 12, NET: 5, NEW: 1, NGF: 5071, NMH: 193, NML: 0, NMR: 1534, NMS: 3, NMT: 36, NOA: 97, NOL: 96, NOM: 24, NOS: 16, NPF: 23, NUB: 8, NUC: 1
===== DaCapo evaluation-git-0d047f55 graphchi starting warmup 1 =====
Found shards -- no need to preprocess
Set latent factor dimension to: 20
Initializing latent factors for 285050 vertices
Creating 1 blocks
Total edges: 1000000
5700980 elements, check: 3
===== DaCapo evaluation-git-0d047f55 graphchi completed warmup 1 in 25252 msec =====
===== DaCapo evaluation-git-0d047f55 graphchi starting warmup 2 =====
Found shards -- no need to preprocess
Set latent factor dimension to: 20
Initializing latent factors for 285050 vertices
Creating 1 blocks
Total edges: 1000000
5700980 elements, check: 3
===== DaCapo evaluation-git-0d047f55 graphchi completed warmup 2 in 20768 msec =====
===== DaCapo evaluation-git-0d047f55 graphchi starting warmup 3 =====
Found shards -- no need to preprocess
Set latent factor dimension to: 20
Initializing latent factors for 285050 vertices
Creating 1 blocks
Total edges: 1000000
5700980 elements, check: 3
===== DaCapo evaluation-git-0d047f55 graphchi completed warmup 3 in 20744 msec =====
===== DaCapo evaluation-git-0d047f55 graphchi starting warmup 4 =====
Found shards -- no need to preprocess
Set latent factor dimension to: 20
Initializing latent factors for 285050 vertices
Creating 1 blocks
Total edges: 1000000
5700980 elements, check: 3
===== DaCapo evaluation-git-0d047f55 graphchi completed warmup 4 in 20568 msec =====
===== DaCapo evaluation-git-0d047f55 graphchi starting =====
Found shards -- no need to preprocess
Set latent factor dimension to: 20
Initializing latent factors for 285050 vertices
Creating 1 blocks
Total edges: 1000000
5700980 elements, check: 3
============================ MMTk Statistics Totals ============================
GC	time.other	time.stw	total-work.time.min	total-work.time.total	total-work.count	total-work.time.max	
94	19303.45	1233.59	inf	0.000	0	-inf	
Total time: 20537.04 ms
------------------------------ End MMTk Statistics -----------------------------
===== DaCapo evaluation-git-0d047f55 graphchi PASSED in 20537 msec =====
*****
Attaching 4 probes...
^C

@processedgestime: 1077268966
@startprocessedges: 116782399270589
@stats_enabled: 0

-----
mkdir -p PLOTTY_WORKAROUND; timedrun; MMTK_PLAN=Immix MMTK_THREADS=2 MMTK_STRESS_FACTOR=134217728 setarch x86_64 -R /home/claireh/builds/process_edges_scalability/bin/java -XX:MetaspaceSize=500M -XX:+DisableExplicitGC -server -XX:-TieredCompilation -Xcomp -XX:+UseThirdPartyHeap -Djava.library.path=/home/claireh/probes/out -Dprobes=RustMMTk -Xms10G -Xmx10G --add-exports java.base/jdk.internal.ref=ALL-UNNAMED -cp /usr/share/benchmarks/dacapo/dacapo-evaluation-git-0d047f55.jar:/home/claireh/probes/out:/home/claireh/probes/out/probes.jar Harness -c probe.DacapoChopinCallback -n 5 -s default graphchi
running-ng v0.3.6
Tue Feb 14 11:22:32 AM UTC 2023

 11:22:32 up 1 day,  8:35,  1 user,  load average: 3.31, 3.20, 3.22
USER     TTY      FROM             LOGIN@   IDLE   JCPU   PCPU WHAT
claireh  pts/1    tmux(20958).%0   Mon11    6:15m  1.42s  0.00s /bin/sh -c w

procs -----------memory---------- ---swap-- -----io---- -system-- ------cpu-----
 r  b   swpd   free   buff  cache   si   so    bi    bo   in   cs us sy id wa st
 0  0      0 124932432 783720 5654576    0    0     5    81    1   20  3  0 97  0  0
 0  0      0 124932784 783720 5654536    0    0     0     0   89   60  0  0 100  0  0

top - 11:22:34 up 1 day,  8:35,  1 user,  load average: 3.31, 3.20, 3.22
Tasks: 236 total,   1 running, 235 sleeping,   0 stopped,   0 zombie
%Cpu(s):  0.0 us,  0.4 sy,  0.0 ni, 99.6 id,  0.0 wa,  0.0 hi,  0.0 si,  0.0 st
MiB Mem : 128684.0 total, 122004.7 free,    392.0 used,   6287.4 buff/cache
MiB Swap:  32768.0 total,  32768.0 free,      0.0 used. 127046.9 avail Mem 

    PID USER      PR  NI    VIRT    RES    SHR S  %CPU  %MEM     TIME+ COMMAND
      1 root      20   0  165912  11400   8284 S   0.0   0.0   0:01.68 /sbin/init
      2 root      20   0       0      0      0 S   0.0   0.0   0:00.01 [kthreadd]
      3 root       0 -20       0      0      0 I   0.0   0.0   0:00.00 [rcu_gp]
      4 root       0 -20       0      0      0 I   0.0   0.0   0:00.00 [rcu_par_gp]
      5 root       0 -20       0      0      0 I   0.0   0.0   0:00.00 [slub_flushwq]

Environment variables: 
	DBUS_SESSION_BUS_ADDRESS=unix:path=/run/user/1239/bus
	HOME=/home/claireh
	LANG=en_US.UTF-8
	LOGNAME=claireh
	MOTD_SHOWN=pam
	PATH=/usr/local/sbin:/usr/local/bin:/usr/sbin:/usr/bin:/sbin:/bin:/usr/games:/usr/local/games:/snap/bin:/home/claireh/.local/bin:/home/claireh/.local/bin:/home/claireh/.local/bin
	PWD=/home/claireh
	RUNNING_NG_PACKAGE_DATA=/usr/local/lib/python3.10/dist-packages/running/config
	SHELL=/bin/bash
	SHLVL=2
	SSH_CLIENT=10.0.0.2 48820 22
	SSH_CONNECTION=10.0.0.2 48820 10.0.0.67 22
	SSH_TTY=/dev/pts/0
	TERM=screen
	TERM_PROGRAM=tmux
	TERM_PROGRAM_VERSION=3.2a
	TMUX=/tmp/tmux-1239/default,20958,0
	TMUX_PANE=%0
	USER=claireh
	XDG_RUNTIME_DIR=/run/user/1239
	XDG_SESSION_CLASS=user
	XDG_SESSION_ID=12
	XDG_SESSION_TYPE=tty
	_=/usr/local/bin/running
OS: Linux shrew 5.15.0-58-generic #64-Ubuntu SMP Thu Jan 5 11:43:13 UTC 2023 x86_64 x86_64 x86_64 GNU/Linux
CPU: model name	: Intel(R) Core(TM) i9-9900K CPU @ 3.60GHz
number of cores: 16
Frequency of cpu 0: 2.79 GHz
Governor of cpu 0: performance
Scaling_min_freq of cpu 0: 0.80 GHz
Frequency of cpu 1: 3.53 GHz
Governor of cpu 1: performance
Scaling_min_freq of cpu 1: 0.80 GHz
Frequency of cpu 2: 3.60 GHz
Governor of cpu 2: performance
Scaling_min_freq of cpu 2: 0.80 GHz
Frequency of cpu 3: 3.60 GHz
Governor of cpu 3: performance
Scaling_min_freq of cpu 3: 0.80 GHz
Frequency of cpu 4: 3.60 GHz
Governor of cpu 4: performance
Scaling_min_freq of cpu 4: 0.80 GHz
Frequency of cpu 5: 2.35 GHz
Governor of cpu 5: performance
Scaling_min_freq of cpu 5: 0.80 GHz
Frequency of cpu 6: 3.57 GHz
Governor of cpu 6: performance
Scaling_min_freq of cpu 6: 0.80 GHz
Frequency of cpu 7: 3.58 GHz
Governor of cpu 7: performance
Scaling_min_freq of cpu 7: 0.80 GHz
Frequency of cpu 8: 3.60 GHz
Governor of cpu 8: performance
Scaling_min_freq of cpu 8: 0.80 GHz
Frequency of cpu 9: 3.60 GHz
Governor of cpu 9: performance
Scaling_min_freq of cpu 9: 0.80 GHz
Frequency of cpu 10: 3.60 GHz
Governor of cpu 10: performance
Scaling_min_freq of cpu 10: 0.80 GHz
Frequency of cpu 11: 3.60 GHz
Governor of cpu 11: performance
Scaling_min_freq of cpu 11: 0.80 GHz
Frequency of cpu 12: 3.60 GHz
Governor of cpu 12: performance
Scaling_min_freq of cpu 12: 0.80 GHz
Frequency of cpu 13: 3.60 GHz
Governor of cpu 13: performance
Scaling_min_freq of cpu 13: 0.80 GHz
Frequency of cpu 14: 3.60 GHz
Governor of cpu 14: performance
Scaling_min_freq of cpu 14: 0.80 GHz
Frequency of cpu 15: 3.60 GHz
Governor of cpu 15: performance
Scaling_min_freq of cpu 15: 0.80 GHz
--------------------------------------------------------------------------------
IMPORTANT NOTICE:  This is NOT a release build of the DaCapo suite.
Since it is not an official release of the DaCapo suite, care must be taken when
using the suite, and any use of the build must be sure to note that it is not an
offical release, and should note the relevant git hash.

Feedback is greatly appreciated.   The preferred mode of feedback is via github.
Please use our github page to create an issue or a pull request.
    https://github.com/dacapobench/dacapobench.
--------------------------------------------------------------------------------

Using scaled threading model. 16 processors detected, 16 threads used to drive the workload, in a possible range of [1,unlimited]
Version: graphchi 0.2.2
Nominal stats: NAL: 1212, NAS: 0, NEF: 12, NET: 5, NEW: 1, NGF: 5071, NMH: 193, NML: 0, NMR: 1534, NMS: 3, NMT: 36, NOA: 97, NOL: 96, NOM: 24, NOS: 16, NPF: 23, NUB: 8, NUC: 1
===== DaCapo evaluation-git-0d047f55 graphchi starting warmup 1 =====
Found shards -- no need to preprocess
Set latent factor dimension to: 20
Initializing latent factors for 285050 vertices
Creating 1 blocks
Total edges: 1000000
5700980 elements, check: 3
===== DaCapo evaluation-git-0d047f55 graphchi completed warmup 1 in 26261 msec =====
===== DaCapo evaluation-git-0d047f55 graphchi starting warmup 2 =====
Found shards -- no need to preprocess
Set latent factor dimension to: 20
Initializing latent factors for 285050 vertices
Creating 1 blocks
Total edges: 1000000
5700980 elements, check: 3
===== DaCapo evaluation-git-0d047f55 graphchi completed warmup 2 in 21726 msec =====
===== DaCapo evaluation-git-0d047f55 graphchi starting warmup 3 =====
Found shards -- no need to preprocess
Set latent factor dimension to: 20
Initializing latent factors for 285050 vertices
Creating 1 blocks
Total edges: 1000000
5700980 elements, check: 3
===== DaCapo evaluation-git-0d047f55 graphchi completed warmup 3 in 21796 msec =====
===== DaCapo evaluation-git-0d047f55 graphchi starting warmup 4 =====
Found shards -- no need to preprocess
Set latent factor dimension to: 20
Initializing latent factors for 285050 vertices
Creating 1 blocks
Total edges: 1000000
5700980 elements, check: 3
===== DaCapo evaluation-git-0d047f55 graphchi completed warmup 4 in 21537 msec =====
===== DaCapo evaluation-git-0d047f55 graphchi starting =====
Found shards -- no need to preprocess
Set latent factor dimension to: 20
Initializing latent factors for 285050 vertices
Creating 1 blocks
Total edges: 1000000
5700980 elements, check: 3
============================ MMTk Statistics Totals ============================
GC	time.other	time.stw	total-work.count	total-work.time.min	total-work.time.total	total-work.time.max	
94	20279.68	1252.19	0	inf	0.000	-inf	
Total time: 21531.86 ms
------------------------------ End MMTk Statistics -----------------------------
===== DaCapo evaluation-git-0d047f55 graphchi PASSED in 21532 msec =====
*****
Attaching 4 probes...
^C

@processedgestime: 1092022277
@startprocessedges: 117439565562190
@stats_enabled: 0

-----
mkdir -p PLOTTY_WORKAROUND; timedrun; MMTK_PLAN=Immix MMTK_THREADS=2 MMTK_STRESS_FACTOR=134217728 setarch x86_64 -R /home/claireh/builds/process_edges_scalability/bin/java -XX:MetaspaceSize=500M -XX:+DisableExplicitGC -server -XX:-TieredCompilation -Xcomp -XX:+UseThirdPartyHeap -Djava.library.path=/home/claireh/probes/out -Dprobes=RustMMTk -Xms10G -Xmx10G --add-exports java.base/jdk.internal.ref=ALL-UNNAMED -cp /usr/share/benchmarks/dacapo/dacapo-evaluation-git-0d047f55.jar:/home/claireh/probes/out:/home/claireh/probes/out/probes.jar Harness -c probe.DacapoChopinCallback -n 5 -s default graphchi
running-ng v0.3.6
Tue Feb 14 11:33:25 AM UTC 2023

 11:33:25 up 1 day,  8:45,  1 user,  load average: 4.89, 4.13, 3.54
USER     TTY      FROM             LOGIN@   IDLE   JCPU   PCPU WHAT
claireh  pts/1    tmux(20958).%0   Mon11    6:25m  1.48s  0.00s /bin/sh -c w

procs -----------memory---------- ---swap-- -----io---- -system-- ------cpu-----
 r  b   swpd   free   buff  cache   si   so    bi    bo   in   cs us sy id wa st
 0  0      0 124949896 784136 5654644    0    0     5    81    1   20  3  0 97  0  0
 0  0      0 124950160 784136 5654608    0    0     0     0   95   81  0  0 100  0  0

top - 11:33:26 up 1 day,  8:46,  1 user,  load average: 4.49, 4.06, 3.52
Tasks: 237 total,   1 running, 236 sleeping,   0 stopped,   0 zombie
%Cpu(s):  0.0 us,  0.4 sy,  0.0 ni, 99.6 id,  0.0 wa,  0.0 hi,  0.0 si,  0.0 st
MiB Mem : 128684.0 total, 122021.6 free,    374.6 used,   6287.8 buff/cache
MiB Swap:  32768.0 total,  32768.0 free,      0.0 used. 127064.3 avail Mem 

    PID USER      PR  NI    VIRT    RES    SHR S  %CPU  %MEM     TIME+ COMMAND
      1 root      20   0  165912  11400   8284 S   0.0   0.0   0:01.68 /sbin/init
      2 root      20   0       0      0      0 S   0.0   0.0   0:00.01 [kthreadd]
      3 root       0 -20       0      0      0 I   0.0   0.0   0:00.00 [rcu_gp]
      4 root       0 -20       0      0      0 I   0.0   0.0   0:00.00 [rcu_par_gp]
      5 root       0 -20       0      0      0 I   0.0   0.0   0:00.00 [slub_flushwq]

Environment variables: 
	DBUS_SESSION_BUS_ADDRESS=unix:path=/run/user/1239/bus
	HOME=/home/claireh
	LANG=en_US.UTF-8
	LOGNAME=claireh
	MOTD_SHOWN=pam
	PATH=/usr/local/sbin:/usr/local/bin:/usr/sbin:/usr/bin:/sbin:/bin:/usr/games:/usr/local/games:/snap/bin:/home/claireh/.local/bin:/home/claireh/.local/bin:/home/claireh/.local/bin
	PWD=/home/claireh
	RUNNING_NG_PACKAGE_DATA=/usr/local/lib/python3.10/dist-packages/running/config
	SHELL=/bin/bash
	SHLVL=2
	SSH_CLIENT=10.0.0.2 48820 22
	SSH_CONNECTION=10.0.0.2 48820 10.0.0.67 22
	SSH_TTY=/dev/pts/0
	TERM=screen
	TERM_PROGRAM=tmux
	TERM_PROGRAM_VERSION=3.2a
	TMUX=/tmp/tmux-1239/default,20958,0
	TMUX_PANE=%0
	USER=claireh
	XDG_RUNTIME_DIR=/run/user/1239
	XDG_SESSION_CLASS=user
	XDG_SESSION_ID=12
	XDG_SESSION_TYPE=tty
	_=/usr/local/bin/running
OS: Linux shrew 5.15.0-58-generic #64-Ubuntu SMP Thu Jan 5 11:43:13 UTC 2023 x86_64 x86_64 x86_64 GNU/Linux
CPU: model name	: Intel(R) Core(TM) i9-9900K CPU @ 3.60GHz
number of cores: 16
Frequency of cpu 0: 3.60 GHz
Governor of cpu 0: performance
Scaling_min_freq of cpu 0: 0.80 GHz
Frequency of cpu 1: 3.60 GHz
Governor of cpu 1: performance
Scaling_min_freq of cpu 1: 0.80 GHz
Frequency of cpu 2: 3.60 GHz
Governor of cpu 2: performance
Scaling_min_freq of cpu 2: 0.80 GHz
Frequency of cpu 3: 3.60 GHz
Governor of cpu 3: performance
Scaling_min_freq of cpu 3: 0.80 GHz
Frequency of cpu 4: 3.60 GHz
Governor of cpu 4: performance
Scaling_min_freq of cpu 4: 0.80 GHz
Frequency of cpu 5: 3.60 GHz
Governor of cpu 5: performance
Scaling_min_freq of cpu 5: 0.80 GHz
Frequency of cpu 6: 3.60 GHz
Governor of cpu 6: performance
Scaling_min_freq of cpu 6: 0.80 GHz
Frequency of cpu 7: 3.60 GHz
Governor of cpu 7: performance
Scaling_min_freq of cpu 7: 0.80 GHz
Frequency of cpu 8: 3.60 GHz
Governor of cpu 8: performance
Scaling_min_freq of cpu 8: 0.80 GHz
Frequency of cpu 9: 3.60 GHz
Governor of cpu 9: performance
Scaling_min_freq of cpu 9: 0.80 GHz
Frequency of cpu 10: 2.13 GHz
Governor of cpu 10: performance
Scaling_min_freq of cpu 10: 0.80 GHz
Frequency of cpu 11: 3.60 GHz
Governor of cpu 11: performance
Scaling_min_freq of cpu 11: 0.80 GHz
Frequency of cpu 12: 3.60 GHz
Governor of cpu 12: performance
Scaling_min_freq of cpu 12: 0.80 GHz
Frequency of cpu 13: 3.54 GHz
Governor of cpu 13: performance
Scaling_min_freq of cpu 13: 0.80 GHz
Frequency of cpu 14: 3.60 GHz
Governor of cpu 14: performance
Scaling_min_freq of cpu 14: 0.80 GHz
Frequency of cpu 15: 3.60 GHz
Governor of cpu 15: performance
Scaling_min_freq of cpu 15: 0.80 GHz
--------------------------------------------------------------------------------
IMPORTANT NOTICE:  This is NOT a release build of the DaCapo suite.
Since it is not an official release of the DaCapo suite, care must be taken when
using the suite, and any use of the build must be sure to note that it is not an
offical release, and should note the relevant git hash.

Feedback is greatly appreciated.   The preferred mode of feedback is via github.
Please use our github page to create an issue or a pull request.
    https://github.com/dacapobench/dacapobench.
--------------------------------------------------------------------------------

Using scaled threading model. 16 processors detected, 16 threads used to drive the workload, in a possible range of [1,unlimited]
Version: graphchi 0.2.2
Nominal stats: NAL: 1212, NAS: 0, NEF: 12, NET: 5, NEW: 1, NGF: 5071, NMH: 193, NML: 0, NMR: 1534, NMS: 3, NMT: 36, NOA: 97, NOL: 96, NOM: 24, NOS: 16, NPF: 23, NUB: 8, NUC: 1
===== DaCapo evaluation-git-0d047f55 graphchi starting warmup 1 =====
Found shards -- no need to preprocess
Set latent factor dimension to: 20
Initializing latent factors for 285050 vertices
Creating 1 blocks
Total edges: 1000000
5700980 elements, check: 3
===== DaCapo evaluation-git-0d047f55 graphchi completed warmup 1 in 25144 msec =====
===== DaCapo evaluation-git-0d047f55 graphchi starting warmup 2 =====
Found shards -- no need to preprocess
Set latent factor dimension to: 20
Initializing latent factors for 285050 vertices
Creating 1 blocks
Total edges: 1000000
5700980 elements, check: 3
===== DaCapo evaluation-git-0d047f55 graphchi completed warmup 2 in 20527 msec =====
===== DaCapo evaluation-git-0d047f55 graphchi starting warmup 3 =====
Found shards -- no need to preprocess
Set latent factor dimension to: 20
Initializing latent factors for 285050 vertices
Creating 1 blocks
Total edges: 1000000
5700980 elements, check: 3
===== DaCapo evaluation-git-0d047f55 graphchi completed warmup 3 in 20625 msec =====
===== DaCapo evaluation-git-0d047f55 graphchi starting warmup 4 =====
Found shards -- no need to preprocess
Set latent factor dimension to: 20
Initializing latent factors for 285050 vertices
Creating 1 blocks
Total edges: 1000000
5700980 elements, check: 3
===== DaCapo evaluation-git-0d047f55 graphchi completed warmup 4 in 20387 msec =====
===== DaCapo evaluation-git-0d047f55 graphchi starting =====
Found shards -- no need to preprocess
Set latent factor dimension to: 20
Initializing latent factors for 285050 vertices
Creating 1 blocks
Total edges: 1000000
5700980 elements, check: 3
============================ MMTk Statistics Totals ============================
GC	time.other	time.stw	total-work.time.max	total-work.time.min	total-work.count	total-work.time.total	
94	19144.41	1256.77	-inf	inf	0	0.000	
Total time: 20401.18 ms
------------------------------ End MMTk Statistics -----------------------------
===== DaCapo evaluation-git-0d047f55 graphchi PASSED in 20401 msec =====
*****
Attaching 4 probes...
^C

@processedgestime: 1093983526
@startprocessedges: 118086070519839
@stats_enabled: 0
