
-----
mkdir -p PLOTTY_WORKAROUND; timedrun; MMTK_PLAN=Immix MMTK_THREADS=4 MMTK_STRESS_FACTOR=134217728 setarch x86_64 -R /home/claireh/builds/process_edges_scalability/bin/java -XX:MetaspaceSize=500M -XX:+DisableExplicitGC -server -XX:-TieredCompilation -Xcomp -XX:+UseThirdPartyHeap -Djava.library.path=/home/claireh/probes/out -Dprobes=RustMMTk -Xms10G -Xmx10G --add-exports java.base/jdk.internal.ref=ALL-UNNAMED -cp /usr/share/benchmarks/dacapo/dacapo-evaluation-git-0d047f55.jar:/home/claireh/probes/out:/home/claireh/probes/out/probes.jar Harness -c probe.DacapoChopinCallback -n 5 -s default graphchi
running-ng v0.3.6
Tue Feb 14 10:08:46 AM UTC 2023

 10:08:46 up 1 day,  7:21,  1 user,  load average: 2.81, 1.99, 1.49
USER     TTY      FROM             LOGIN@   IDLE   JCPU   PCPU WHAT
claireh  pts/1    tmux(20958).%0   Mon11    5:01m  0.90s  0.00s /bin/sh -c w

procs -----------memory---------- ---swap-- -----io---- -system-- ------cpu-----
 r  b   swpd   free   buff  cache   si   so    bi    bo   in   cs us sy id wa st
 0  0      0 124942736 780784 5653932    0    0     5    84   22   19  2  0 98  0  0
 0  0      0 124942736 780784 5653932    0    0     0     0   89   34  0  0 100  0  0

top - 10:08:47 up 1 day,  7:21,  1 user,  load average: 2.81, 1.99, 1.49
Tasks: 237 total,   1 running, 236 sleeping,   0 stopped,   0 zombie
%Cpu(s):  0.4 us,  0.0 sy,  0.0 ni, 99.6 id,  0.0 wa,  0.0 hi,  0.0 si,  0.0 st
MiB Mem : 128684.0 total, 122014.4 free,    385.7 used,   6283.9 buff/cache
MiB Swap:  32768.0 total,  32768.0 free,      0.0 used. 127053.2 avail Mem 

    PID USER      PR  NI    VIRT    RES    SHR S  %CPU  %MEM     TIME+ COMMAND
      1 root      20   0  165912  11400   8284 S   0.0   0.0   0:01.66 /sbin/init
      2 root      20   0       0      0      0 S   0.0   0.0   0:00.01 [kthreadd]
      3 root       0 -20       0      0      0 I   0.0   0.0   0:00.00 [rcu_gp]
      4 root       0 -20       0      0      0 I   0.0   0.0   0:00.00 [rcu_par_gp]
      5 root       0 -20       0      0      0 I   0.0   0.0   0:00.00 [slub_flushwq]

Environment variables: 
	DBUS_SESSION_BUS_ADDRESS=unix:path=/run/user/1239/bus
	HOME=/home/claireh
	LANG=en_US.UTF-8
	LOGNAME=claireh
	MOTD_SHOWN=pam
	PATH=/usr/local/sbin:/usr/local/bin:/usr/sbin:/usr/bin:/sbin:/bin:/usr/games:/usr/local/games:/snap/bin:/home/claireh/.local/bin:/home/claireh/.local/bin:/home/claireh/.local/bin
	PWD=/home/claireh
	RUNNING_NG_PACKAGE_DATA=/usr/local/lib/python3.10/dist-packages/running/config
	SHELL=/bin/bash
	SHLVL=2
	SSH_CLIENT=10.0.0.2 48820 22
	SSH_CONNECTION=10.0.0.2 48820 10.0.0.67 22
	SSH_TTY=/dev/pts/0
	TERM=screen
	TERM_PROGRAM=tmux
	TERM_PROGRAM_VERSION=3.2a
	TMUX=/tmp/tmux-1239/default,20958,0
	TMUX_PANE=%0
	USER=claireh
	XDG_RUNTIME_DIR=/run/user/1239
	XDG_SESSION_CLASS=user
	XDG_SESSION_ID=12
	XDG_SESSION_TYPE=tty
	_=/usr/local/bin/running
OS: Linux shrew 5.15.0-58-generic #64-Ubuntu SMP Thu Jan 5 11:43:13 UTC 2023 x86_64 x86_64 x86_64 GNU/Linux
CPU: model name	: Intel(R) Core(TM) i9-9900K CPU @ 3.60GHz
number of cores: 16
Frequency of cpu 0: 3.60 GHz
Governor of cpu 0: performance
Scaling_min_freq of cpu 0: 0.80 GHz
Frequency of cpu 1: 3.60 GHz
Governor of cpu 1: performance
Scaling_min_freq of cpu 1: 0.80 GHz
Frequency of cpu 2: 3.60 GHz
Governor of cpu 2: performance
Scaling_min_freq of cpu 2: 0.80 GHz
Frequency of cpu 3: 3.60 GHz
Governor of cpu 3: performance
Scaling_min_freq of cpu 3: 0.80 GHz
Frequency of cpu 4: 3.60 GHz
Governor of cpu 4: performance
Scaling_min_freq of cpu 4: 0.80 GHz
Frequency of cpu 5: 3.60 GHz
Governor of cpu 5: performance
Scaling_min_freq of cpu 5: 0.80 GHz
Frequency of cpu 6: 3.60 GHz
Governor of cpu 6: performance
Scaling_min_freq of cpu 6: 0.80 GHz
Frequency of cpu 7: 2.28 GHz
Governor of cpu 7: performance
Scaling_min_freq of cpu 7: 0.80 GHz
Frequency of cpu 8: 3.60 GHz
Governor of cpu 8: performance
Scaling_min_freq of cpu 8: 0.80 GHz
Frequency of cpu 9: 2.19 GHz
Governor of cpu 9: performance
Scaling_min_freq of cpu 9: 0.80 GHz
Frequency of cpu 10: 3.53 GHz
Governor of cpu 10: performance
Scaling_min_freq of cpu 10: 0.80 GHz
Frequency of cpu 11: 3.60 GHz
Governor of cpu 11: performance
Scaling_min_freq of cpu 11: 0.80 GHz
Frequency of cpu 12: 3.51 GHz
Governor of cpu 12: performance
Scaling_min_freq of cpu 12: 0.80 GHz
Frequency of cpu 13: 3.36 GHz
Governor of cpu 13: performance
Scaling_min_freq of cpu 13: 0.80 GHz
Frequency of cpu 14: 3.47 GHz
Governor of cpu 14: performance
Scaling_min_freq of cpu 14: 0.80 GHz
Frequency of cpu 15: 3.60 GHz
Governor of cpu 15: performance
Scaling_min_freq of cpu 15: 0.80 GHz
--------------------------------------------------------------------------------
IMPORTANT NOTICE:  This is NOT a release build of the DaCapo suite.
Since it is not an official release of the DaCapo suite, care must be taken when
using the suite, and any use of the build must be sure to note that it is not an
offical release, and should note the relevant git hash.

Feedback is greatly appreciated.   The preferred mode of feedback is via github.
Please use our github page to create an issue or a pull request.
    https://github.com/dacapobench/dacapobench.
--------------------------------------------------------------------------------

Using scaled threading model. 16 processors detected, 16 threads used to drive the workload, in a possible range of [1,unlimited]
Version: graphchi 0.2.2
Nominal stats: NAL: 1212, NAS: 0, NEF: 12, NET: 5, NEW: 1, NGF: 5071, NMH: 193, NML: 0, NMR: 1534, NMS: 3, NMT: 36, NOA: 97, NOL: 96, NOM: 24, NOS: 16, NPF: 23, NUB: 8, NUC: 1
===== DaCapo evaluation-git-0d047f55 graphchi starting warmup 1 =====
Found shards -- no need to preprocess
Set latent factor dimension to: 20
Initializing latent factors for 285050 vertices
Creating 1 blocks
Total edges: 1000000
5700980 elements, check: 3
===== DaCapo evaluation-git-0d047f55 graphchi completed warmup 1 in 25205 msec =====
===== DaCapo evaluation-git-0d047f55 graphchi starting warmup 2 =====
Found shards -- no need to preprocess
Set latent factor dimension to: 20
Initializing latent factors for 285050 vertices
Creating 1 blocks
Total edges: 1000000
5700980 elements, check: 3
===== DaCapo evaluation-git-0d047f55 graphchi completed warmup 2 in 20550 msec =====
===== DaCapo evaluation-git-0d047f55 graphchi starting warmup 3 =====
Found shards -- no need to preprocess
Set latent factor dimension to: 20
Initializing latent factors for 285050 vertices
Creating 1 blocks
Total edges: 1000000
5700980 elements, check: 3
===== DaCapo evaluation-git-0d047f55 graphchi completed warmup 3 in 20635 msec =====
===== DaCapo evaluation-git-0d047f55 graphchi starting warmup 4 =====
Found shards -- no need to preprocess
Set latent factor dimension to: 20
Initializing latent factors for 285050 vertices
Creating 1 blocks
Total edges: 1000000
5700980 elements, check: 3
===== DaCapo evaluation-git-0d047f55 graphchi completed warmup 4 in 20433 msec =====
===== DaCapo evaluation-git-0d047f55 graphchi starting =====
Found shards -- no need to preprocess
Set latent factor dimension to: 20
Initializing latent factors for 285050 vertices
Creating 1 blocks
Total edges: 1000000
5700980 elements, check: 3
============================ MMTk Statistics Totals ============================
GC	time.other	time.stw	total-work.time.max	total-work.time.min	total-work.count	total-work.time.total	
94	19675.09	698.62	-inf	inf	0	0.000	
Total time: 20373.71 ms
------------------------------ End MMTk Statistics -----------------------------
===== DaCapo evaluation-git-0d047f55 graphchi PASSED in 20373 msec =====
*****
Attaching 4 probes...
^C

@processedgestime: 560399261
@startprocessedges: 113007836580132
@stats_enabled: 0

-----
mkdir -p PLOTTY_WORKAROUND; timedrun; MMTK_PLAN=Immix MMTK_THREADS=4 MMTK_STRESS_FACTOR=134217728 setarch x86_64 -R /home/claireh/builds/process_edges_scalability/bin/java -XX:MetaspaceSize=500M -XX:+DisableExplicitGC -server -XX:-TieredCompilation -Xcomp -XX:+UseThirdPartyHeap -Djava.library.path=/home/claireh/probes/out -Dprobes=RustMMTk -Xms10G -Xmx10G --add-exports java.base/jdk.internal.ref=ALL-UNNAMED -cp /usr/share/benchmarks/dacapo/dacapo-evaluation-git-0d047f55.jar:/home/claireh/probes/out:/home/claireh/probes/out/probes.jar Harness -c probe.DacapoChopinCallback -n 5 -s default graphchi
running-ng v0.3.6
Tue Feb 14 10:19:37 AM UTC 2023

 10:19:37 up 1 day,  7:32,  1 user,  load average: 4.48, 3.22, 2.28
USER     TTY      FROM             LOGIN@   IDLE   JCPU   PCPU WHAT
claireh  pts/1    tmux(20958).%0   Mon11    5:12m  0.98s  0.00s /bin/sh -c w

procs -----------memory---------- ---swap-- -----io---- -system-- ------cpu-----
 r  b   swpd   free   buff  cache   si   so    bi    bo   in   cs us sy id wa st
 0  0      0 124920912 781348 5654040    0    0     5    84   22   19  2  0 98  0  0
 0  0      0 124920912 781348 5654040    0    0     0     0  104   76  0  0 100  0  0

top - 10:19:38 up 1 day,  7:32,  1 user,  load average: 4.48, 3.22, 2.28
Tasks: 236 total,   1 running, 235 sleeping,   0 stopped,   0 zombie
%Cpu(s):  0.0 us,  0.4 sy,  0.0 ni, 99.6 id,  0.0 wa,  0.0 hi,  0.0 si,  0.0 st
MiB Mem : 128684.0 total, 121992.8 free,    406.6 used,   6284.6 buff/cache
MiB Swap:  32768.0 total,  32768.0 free,      0.0 used. 127032.3 avail Mem 

    PID USER      PR  NI    VIRT    RES    SHR S  %CPU  %MEM     TIME+ COMMAND
      1 root      20   0  165912  11400   8284 S   0.0   0.0   0:01.67 /sbin/init
      2 root      20   0       0      0      0 S   0.0   0.0   0:00.01 [kthreadd]
      3 root       0 -20       0      0      0 I   0.0   0.0   0:00.00 [rcu_gp]
      4 root       0 -20       0      0      0 I   0.0   0.0   0:00.00 [rcu_par_gp]
      5 root       0 -20       0      0      0 I   0.0   0.0   0:00.00 [slub_flushwq]

Environment variables: 
	DBUS_SESSION_BUS_ADDRESS=unix:path=/run/user/1239/bus
	HOME=/home/claireh
	LANG=en_US.UTF-8
	LOGNAME=claireh
	MOTD_SHOWN=pam
	PATH=/usr/local/sbin:/usr/local/bin:/usr/sbin:/usr/bin:/sbin:/bin:/usr/games:/usr/local/games:/snap/bin:/home/claireh/.local/bin:/home/claireh/.local/bin:/home/claireh/.local/bin
	PWD=/home/claireh
	RUNNING_NG_PACKAGE_DATA=/usr/local/lib/python3.10/dist-packages/running/config
	SHELL=/bin/bash
	SHLVL=2
	SSH_CLIENT=10.0.0.2 48820 22
	SSH_CONNECTION=10.0.0.2 48820 10.0.0.67 22
	SSH_TTY=/dev/pts/0
	TERM=screen
	TERM_PROGRAM=tmux
	TERM_PROGRAM_VERSION=3.2a
	TMUX=/tmp/tmux-1239/default,20958,0
	TMUX_PANE=%0
	USER=claireh
	XDG_RUNTIME_DIR=/run/user/1239
	XDG_SESSION_CLASS=user
	XDG_SESSION_ID=12
	XDG_SESSION_TYPE=tty
	_=/usr/local/bin/running
OS: Linux shrew 5.15.0-58-generic #64-Ubuntu SMP Thu Jan 5 11:43:13 UTC 2023 x86_64 x86_64 x86_64 GNU/Linux
CPU: model name	: Intel(R) Core(TM) i9-9900K CPU @ 3.60GHz
number of cores: 16
Frequency of cpu 0: 3.60 GHz
Governor of cpu 0: performance
Scaling_min_freq of cpu 0: 0.80 GHz
Frequency of cpu 1: 3.60 GHz
Governor of cpu 1: performance
Scaling_min_freq of cpu 1: 0.80 GHz
Frequency of cpu 2: 3.60 GHz
Governor of cpu 2: performance
Scaling_min_freq of cpu 2: 0.80 GHz
Frequency of cpu 3: 3.60 GHz
Governor of cpu 3: performance
Scaling_min_freq of cpu 3: 0.80 GHz
Frequency of cpu 4: 3.60 GHz
Governor of cpu 4: performance
Scaling_min_freq of cpu 4: 0.80 GHz
Frequency of cpu 5: 2.31 GHz
Governor of cpu 5: performance
Scaling_min_freq of cpu 5: 0.80 GHz
Frequency of cpu 6: 3.60 GHz
Governor of cpu 6: performance
Scaling_min_freq of cpu 6: 0.80 GHz
Frequency of cpu 7: 3.60 GHz
Governor of cpu 7: performance
Scaling_min_freq of cpu 7: 0.80 GHz
Frequency of cpu 8: 3.49 GHz
Governor of cpu 8: performance
Scaling_min_freq of cpu 8: 0.80 GHz
Frequency of cpu 9: 3.51 GHz
Governor of cpu 9: performance
Scaling_min_freq of cpu 9: 0.80 GHz
Frequency of cpu 10: 3.52 GHz
Governor of cpu 10: performance
Scaling_min_freq of cpu 10: 0.80 GHz
Frequency of cpu 11: 3.60 GHz
Governor of cpu 11: performance
Scaling_min_freq of cpu 11: 0.80 GHz
Frequency of cpu 12: 3.60 GHz
Governor of cpu 12: performance
Scaling_min_freq of cpu 12: 0.80 GHz
Frequency of cpu 13: 3.60 GHz
Governor of cpu 13: performance
Scaling_min_freq of cpu 13: 0.80 GHz
Frequency of cpu 14: 3.57 GHz
Governor of cpu 14: performance
Scaling_min_freq of cpu 14: 0.80 GHz
Frequency of cpu 15: 3.57 GHz
Governor of cpu 15: performance
Scaling_min_freq of cpu 15: 0.80 GHz
--------------------------------------------------------------------------------
IMPORTANT NOTICE:  This is NOT a release build of the DaCapo suite.
Since it is not an official release of the DaCapo suite, care must be taken when
using the suite, and any use of the build must be sure to note that it is not an
offical release, and should note the relevant git hash.

Feedback is greatly appreciated.   The preferred mode of feedback is via github.
Please use our github page to create an issue or a pull request.
    https://github.com/dacapobench/dacapobench.
--------------------------------------------------------------------------------

Using scaled threading model. 16 processors detected, 16 threads used to drive the workload, in a possible range of [1,unlimited]
Version: graphchi 0.2.2
Nominal stats: NAL: 1212, NAS: 0, NEF: 12, NET: 5, NEW: 1, NGF: 5071, NMH: 193, NML: 0, NMR: 1534, NMS: 3, NMT: 36, NOA: 97, NOL: 96, NOM: 24, NOS: 16, NPF: 23, NUB: 8, NUC: 1
===== DaCapo evaluation-git-0d047f55 graphchi starting warmup 1 =====
Found shards -- no need to preprocess
Set latent factor dimension to: 20
Initializing latent factors for 285050 vertices
Creating 1 blocks
Total edges: 1000000
5700980 elements, check: 3
===== DaCapo evaluation-git-0d047f55 graphchi completed warmup 1 in 25441 msec =====
===== DaCapo evaluation-git-0d047f55 graphchi starting warmup 2 =====
Found shards -- no need to preprocess
Set latent factor dimension to: 20
Initializing latent factors for 285050 vertices
Creating 1 blocks
Total edges: 1000000
5700980 elements, check: 3
===== DaCapo evaluation-git-0d047f55 graphchi completed warmup 2 in 20865 msec =====
===== DaCapo evaluation-git-0d047f55 graphchi starting warmup 3 =====
Found shards -- no need to preprocess
Set latent factor dimension to: 20
Initializing latent factors for 285050 vertices
Creating 1 blocks
Total edges: 1000000
5700980 elements, check: 3
===== DaCapo evaluation-git-0d047f55 graphchi completed warmup 3 in 20984 msec =====
===== DaCapo evaluation-git-0d047f55 graphchi starting warmup 4 =====
Found shards -- no need to preprocess
Set latent factor dimension to: 20
Initializing latent factors for 285050 vertices
Creating 1 blocks
Total edges: 1000000
5700980 elements, check: 3
===== DaCapo evaluation-git-0d047f55 graphchi completed warmup 4 in 20814 msec =====
===== DaCapo evaluation-git-0d047f55 graphchi starting =====
Found shards -- no need to preprocess
Set latent factor dimension to: 20
Initializing latent factors for 285050 vertices
Creating 1 blocks
Total edges: 1000000
5700980 elements, check: 3
============================ MMTk Statistics Totals ============================
GC	time.other	time.stw	total-work.time.max	total-work.time.min	total-work.count	total-work.time.total	
94	20052.18	725.87	-inf	inf	0	0.000	
Total time: 20778.05 ms
------------------------------ End MMTk Statistics -----------------------------
===== DaCapo evaluation-git-0d047f55 graphchi PASSED in 20778 msec =====
*****
Attaching 4 probes...
^C

@processedgestime: 596283390
@startprocessedges: 113660444374951
@stats_enabled: 0

-----
mkdir -p PLOTTY_WORKAROUND; timedrun; MMTK_PLAN=Immix MMTK_THREADS=4 MMTK_STRESS_FACTOR=134217728 setarch x86_64 -R /home/claireh/builds/process_edges_scalability/bin/java -XX:MetaspaceSize=500M -XX:+DisableExplicitGC -server -XX:-TieredCompilation -Xcomp -XX:+UseThirdPartyHeap -Djava.library.path=/home/claireh/probes/out -Dprobes=RustMMTk -Xms10G -Xmx10G --add-exports java.base/jdk.internal.ref=ALL-UNNAMED -cp /usr/share/benchmarks/dacapo/dacapo-evaluation-git-0d047f55.jar:/home/claireh/probes/out:/home/claireh/probes/out/probes.jar Harness -c probe.DacapoChopinCallback -n 5 -s default graphchi
running-ng v0.3.6
Tue Feb 14 10:30:33 AM UTC 2023

 10:30:33 up 1 day,  7:43,  1 user,  load average: 4.13, 3.75, 3.04
USER     TTY      FROM             LOGIN@   IDLE   JCPU   PCPU WHAT
claireh  pts/1    tmux(20958).%0   Mon11    5:23m  1.05s  0.00s /bin/sh -c w

procs -----------memory---------- ---swap-- -----io---- -system-- ------cpu-----
 r  b   swpd   free   buff  cache   si   so    bi    bo   in   cs us sy id wa st
 0  0      0 124959864 781760 5654208    0    0     5    83   23   19  2  0 98  0  0
 0  0      0 124960192 781760 5654176    0    0     0     0  132   74  0  0 100  0  0

top - 10:30:34 up 1 day,  7:43,  1 user,  load average: 4.13, 3.75, 3.04
Tasks: 237 total,   1 running, 236 sleeping,   0 stopped,   0 zombie
%Cpu(s):  0.4 us,  0.0 sy,  0.0 ni, 99.6 id,  0.0 wa,  0.0 hi,  0.0 si,  0.0 st
MiB Mem : 128684.0 total, 122030.7 free,    368.2 used,   6285.1 buff/cache
MiB Swap:  32768.0 total,  32768.0 free,      0.0 used. 127070.7 avail Mem 

    PID USER      PR  NI    VIRT    RES    SHR S  %CPU  %MEM     TIME+ COMMAND
      1 root      20   0  165912  11400   8284 S   0.0   0.0   0:01.68 /sbin/init
      2 root      20   0       0      0      0 S   0.0   0.0   0:00.01 [kthreadd]
      3 root       0 -20       0      0      0 I   0.0   0.0   0:00.00 [rcu_gp]
      4 root       0 -20       0      0      0 I   0.0   0.0   0:00.00 [rcu_par_gp]
      5 root       0 -20       0      0      0 I   0.0   0.0   0:00.00 [slub_flushwq]

Environment variables: 
	DBUS_SESSION_BUS_ADDRESS=unix:path=/run/user/1239/bus
	HOME=/home/claireh
	LANG=en_US.UTF-8
	LOGNAME=claireh
	MOTD_SHOWN=pam
	PATH=/usr/local/sbin:/usr/local/bin:/usr/sbin:/usr/bin:/sbin:/bin:/usr/games:/usr/local/games:/snap/bin:/home/claireh/.local/bin:/home/claireh/.local/bin:/home/claireh/.local/bin
	PWD=/home/claireh
	RUNNING_NG_PACKAGE_DATA=/usr/local/lib/python3.10/dist-packages/running/config
	SHELL=/bin/bash
	SHLVL=2
	SSH_CLIENT=10.0.0.2 48820 22
	SSH_CONNECTION=10.0.0.2 48820 10.0.0.67 22
	SSH_TTY=/dev/pts/0
	TERM=screen
	TERM_PROGRAM=tmux
	TERM_PROGRAM_VERSION=3.2a
	TMUX=/tmp/tmux-1239/default,20958,0
	TMUX_PANE=%0
	USER=claireh
	XDG_RUNTIME_DIR=/run/user/1239
	XDG_SESSION_CLASS=user
	XDG_SESSION_ID=12
	XDG_SESSION_TYPE=tty
	_=/usr/local/bin/running
OS: Linux shrew 5.15.0-58-generic #64-Ubuntu SMP Thu Jan 5 11:43:13 UTC 2023 x86_64 x86_64 x86_64 GNU/Linux
CPU: model name	: Intel(R) Core(TM) i9-9900K CPU @ 3.60GHz
number of cores: 16
Frequency of cpu 0: 3.60 GHz
Governor of cpu 0: performance
Scaling_min_freq of cpu 0: 0.80 GHz
Frequency of cpu 1: 3.60 GHz
Governor of cpu 1: performance
Scaling_min_freq of cpu 1: 0.80 GHz
Frequency of cpu 2: 3.60 GHz
Governor of cpu 2: performance
Scaling_min_freq of cpu 2: 0.80 GHz
Frequency of cpu 3: 3.60 GHz
Governor of cpu 3: performance
Scaling_min_freq of cpu 3: 0.80 GHz
Frequency of cpu 4: 3.60 GHz
Governor of cpu 4: performance
Scaling_min_freq of cpu 4: 0.80 GHz
Frequency of cpu 5: 3.60 GHz
Governor of cpu 5: performance
Scaling_min_freq of cpu 5: 0.80 GHz
Frequency of cpu 6: 2.23 GHz
Governor of cpu 6: performance
Scaling_min_freq of cpu 6: 0.80 GHz
Frequency of cpu 7: 3.60 GHz
Governor of cpu 7: performance
Scaling_min_freq of cpu 7: 0.80 GHz
Frequency of cpu 8: 3.60 GHz
Governor of cpu 8: performance
Scaling_min_freq of cpu 8: 0.80 GHz
Frequency of cpu 9: 3.60 GHz
Governor of cpu 9: performance
Scaling_min_freq of cpu 9: 0.80 GHz
Frequency of cpu 10: 3.60 GHz
Governor of cpu 10: performance
Scaling_min_freq of cpu 10: 0.80 GHz
Frequency of cpu 11: 3.49 GHz
Governor of cpu 11: performance
Scaling_min_freq of cpu 11: 0.80 GHz
Frequency of cpu 12: 2.38 GHz
Governor of cpu 12: performance
Scaling_min_freq of cpu 12: 0.80 GHz
Frequency of cpu 13: 3.60 GHz
Governor of cpu 13: performance
Scaling_min_freq of cpu 13: 0.80 GHz
Frequency of cpu 14: 3.60 GHz
Governor of cpu 14: performance
Scaling_min_freq of cpu 14: 0.80 GHz
Frequency of cpu 15: 2.42 GHz
Governor of cpu 15: performance
Scaling_min_freq of cpu 15: 0.80 GHz
--------------------------------------------------------------------------------
IMPORTANT NOTICE:  This is NOT a release build of the DaCapo suite.
Since it is not an official release of the DaCapo suite, care must be taken when
using the suite, and any use of the build must be sure to note that it is not an
offical release, and should note the relevant git hash.

Feedback is greatly appreciated.   The preferred mode of feedback is via github.
Please use our github page to create an issue or a pull request.
    https://github.com/dacapobench/dacapobench.
--------------------------------------------------------------------------------

Using scaled threading model. 16 processors detected, 16 threads used to drive the workload, in a possible range of [1,unlimited]
Version: graphchi 0.2.2
Nominal stats: NAL: 1212, NAS: 0, NEF: 12, NET: 5, NEW: 1, NGF: 5071, NMH: 193, NML: 0, NMR: 1534, NMS: 3, NMT: 36, NOA: 97, NOL: 96, NOM: 24, NOS: 16, NPF: 23, NUB: 8, NUC: 1
===== DaCapo evaluation-git-0d047f55 graphchi starting warmup 1 =====
Found shards -- no need to preprocess
Set latent factor dimension to: 20
Initializing latent factors for 285050 vertices
Creating 1 blocks
Total edges: 1000000
5700980 elements, check: 3
===== DaCapo evaluation-git-0d047f55 graphchi completed warmup 1 in 25286 msec =====
===== DaCapo evaluation-git-0d047f55 graphchi starting warmup 2 =====
Found shards -- no need to preprocess
Set latent factor dimension to: 20
Initializing latent factors for 285050 vertices
Creating 1 blocks
Total edges: 1000000
5700980 elements, check: 3
===== DaCapo evaluation-git-0d047f55 graphchi completed warmup 2 in 20744 msec =====
===== DaCapo evaluation-git-0d047f55 graphchi starting warmup 3 =====
Found shards -- no need to preprocess
Set latent factor dimension to: 20
Initializing latent factors for 285050 vertices
Creating 1 blocks
Total edges: 1000000
5700980 elements, check: 3
===== DaCapo evaluation-git-0d047f55 graphchi completed warmup 3 in 20899 msec =====
===== DaCapo evaluation-git-0d047f55 graphchi starting warmup 4 =====
Found shards -- no need to preprocess
Set latent factor dimension to: 20
Initializing latent factors for 285050 vertices
Creating 1 blocks
Total edges: 1000000
5700980 elements, check: 3
===== DaCapo evaluation-git-0d047f55 graphchi completed warmup 4 in 20635 msec =====
===== DaCapo evaluation-git-0d047f55 graphchi starting =====
Found shards -- no need to preprocess
Set latent factor dimension to: 20
Initializing latent factors for 285050 vertices
Creating 1 blocks
Total edges: 1000000
5700980 elements, check: 3
============================ MMTk Statistics Totals ============================
GC	time.other	time.stw	total-work.time.min	total-work.time.max	total-work.time.total	total-work.count	
94	19967.03	694.75	inf	-inf	0.000	0	
Total time: 20661.78 ms
------------------------------ End MMTk Statistics -----------------------------
===== DaCapo evaluation-git-0d047f55 graphchi PASSED in 20661 msec =====
*****
Attaching 4 probes...
^C

@processedgestime: 568665042
@startprocessedges: 114315148197452
@stats_enabled: 0

-----
mkdir -p PLOTTY_WORKAROUND; timedrun; MMTK_PLAN=Immix MMTK_THREADS=4 MMTK_STRESS_FACTOR=134217728 setarch x86_64 -R /home/claireh/builds/process_edges_scalability/bin/java -XX:MetaspaceSize=500M -XX:+DisableExplicitGC -server -XX:-TieredCompilation -Xcomp -XX:+UseThirdPartyHeap -Djava.library.path=/home/claireh/probes/out -Dprobes=RustMMTk -Xms10G -Xmx10G --add-exports java.base/jdk.internal.ref=ALL-UNNAMED -cp /usr/share/benchmarks/dacapo/dacapo-evaluation-git-0d047f55.jar:/home/claireh/probes/out:/home/claireh/probes/out/probes.jar Harness -c probe.DacapoChopinCallback -n 5 -s default graphchi
running-ng v0.3.6
Tue Feb 14 10:41:23 AM UTC 2023

 10:41:23 up 1 day,  7:53,  1 user,  load average: 5.62, 3.45, 3.08
USER     TTY      FROM             LOGIN@   IDLE   JCPU   PCPU WHAT
claireh  pts/1    tmux(20958).%0   Mon11    5:33m  1.13s  0.00s /bin/sh -c w

procs -----------memory---------- ---swap-- -----io---- -system-- ------cpu-----
 r  b   swpd   free   buff  cache   si   so    bi    bo   in   cs us sy id wa st
 0  0      0 124928864 782156 5654260    0    0     5    83   23   19  2  0 97  0  0
 0  0      0 124928448 782156 5654216    0    0     0     0  103   80  0  0 100  0  0

top - 10:41:24 up 1 day,  7:53,  1 user,  load average: 5.17, 3.39, 3.06
Tasks: 236 total,   1 running, 235 sleeping,   0 stopped,   0 zombie
%Cpu(s):  0.0 us,  0.4 sy,  0.0 ni, 99.6 id,  0.0 wa,  0.0 hi,  0.0 si,  0.0 st
MiB Mem : 128684.0 total, 122000.2 free,    398.3 used,   6285.5 buff/cache
MiB Swap:  32768.0 total,  32768.0 free,      0.0 used. 127040.6 avail Mem 

    PID USER      PR  NI    VIRT    RES    SHR S  %CPU  %MEM     TIME+ COMMAND
      1 root      20   0  165912  11400   8284 S   0.0   0.0   0:01.68 /sbin/init
      2 root      20   0       0      0      0 S   0.0   0.0   0:00.01 [kthreadd]
      3 root       0 -20       0      0      0 I   0.0   0.0   0:00.00 [rcu_gp]
      4 root       0 -20       0      0      0 I   0.0   0.0   0:00.00 [rcu_par_gp]
      5 root       0 -20       0      0      0 I   0.0   0.0   0:00.00 [slub_flushwq]

Environment variables: 
	DBUS_SESSION_BUS_ADDRESS=unix:path=/run/user/1239/bus
	HOME=/home/claireh
	LANG=en_US.UTF-8
	LOGNAME=claireh
	MOTD_SHOWN=pam
	PATH=/usr/local/sbin:/usr/local/bin:/usr/sbin:/usr/bin:/sbin:/bin:/usr/games:/usr/local/games:/snap/bin:/home/claireh/.local/bin:/home/claireh/.local/bin:/home/claireh/.local/bin
	PWD=/home/claireh
	RUNNING_NG_PACKAGE_DATA=/usr/local/lib/python3.10/dist-packages/running/config
	SHELL=/bin/bash
	SHLVL=2
	SSH_CLIENT=10.0.0.2 48820 22
	SSH_CONNECTION=10.0.0.2 48820 10.0.0.67 22
	SSH_TTY=/dev/pts/0
	TERM=screen
	TERM_PROGRAM=tmux
	TERM_PROGRAM_VERSION=3.2a
	TMUX=/tmp/tmux-1239/default,20958,0
	TMUX_PANE=%0
	USER=claireh
	XDG_RUNTIME_DIR=/run/user/1239
	XDG_SESSION_CLASS=user
	XDG_SESSION_ID=12
	XDG_SESSION_TYPE=tty
	_=/usr/local/bin/running
OS: Linux shrew 5.15.0-58-generic #64-Ubuntu SMP Thu Jan 5 11:43:13 UTC 2023 x86_64 x86_64 x86_64 GNU/Linux
CPU: model name	: Intel(R) Core(TM) i9-9900K CPU @ 3.60GHz
number of cores: 16
Frequency of cpu 0: 3.60 GHz
Governor of cpu 0: performance
Scaling_min_freq of cpu 0: 0.80 GHz
Frequency of cpu 1: 3.60 GHz
Governor of cpu 1: performance
Scaling_min_freq of cpu 1: 0.80 GHz
Frequency of cpu 2: 3.60 GHz
Governor of cpu 2: performance
Scaling_min_freq of cpu 2: 0.80 GHz
Frequency of cpu 3: 3.60 GHz
Governor of cpu 3: performance
Scaling_min_freq of cpu 3: 0.80 GHz
Frequency of cpu 4: 3.60 GHz
Governor of cpu 4: performance
Scaling_min_freq of cpu 4: 0.80 GHz
Frequency of cpu 5: 3.60 GHz
Governor of cpu 5: performance
Scaling_min_freq of cpu 5: 0.80 GHz
Frequency of cpu 6: 3.60 GHz
Governor of cpu 6: performance
Scaling_min_freq of cpu 6: 0.80 GHz
Frequency of cpu 7: 3.60 GHz
Governor of cpu 7: performance
Scaling_min_freq of cpu 7: 0.80 GHz
Frequency of cpu 8: 3.60 GHz
Governor of cpu 8: performance
Scaling_min_freq of cpu 8: 0.80 GHz
Frequency of cpu 9: 3.60 GHz
Governor of cpu 9: performance
Scaling_min_freq of cpu 9: 0.80 GHz
Frequency of cpu 10: 3.60 GHz
Governor of cpu 10: performance
Scaling_min_freq of cpu 10: 0.80 GHz
Frequency of cpu 11: 3.60 GHz
Governor of cpu 11: performance
Scaling_min_freq of cpu 11: 0.80 GHz
Frequency of cpu 12: 3.60 GHz
Governor of cpu 12: performance
Scaling_min_freq of cpu 12: 0.80 GHz
Frequency of cpu 13: 3.44 GHz
Governor of cpu 13: performance
Scaling_min_freq of cpu 13: 0.80 GHz
Frequency of cpu 14: 3.52 GHz
Governor of cpu 14: performance
Scaling_min_freq of cpu 14: 0.80 GHz
Frequency of cpu 15: 3.49 GHz
Governor of cpu 15: performance
Scaling_min_freq of cpu 15: 0.80 GHz
--------------------------------------------------------------------------------
IMPORTANT NOTICE:  This is NOT a release build of the DaCapo suite.
Since it is not an official release of the DaCapo suite, care must be taken when
using the suite, and any use of the build must be sure to note that it is not an
offical release, and should note the relevant git hash.

Feedback is greatly appreciated.   The preferred mode of feedback is via github.
Please use our github page to create an issue or a pull request.
    https://github.com/dacapobench/dacapobench.
--------------------------------------------------------------------------------

Using scaled threading model. 16 processors detected, 16 threads used to drive the workload, in a possible range of [1,unlimited]
Version: graphchi 0.2.2
Nominal stats: NAL: 1212, NAS: 0, NEF: 12, NET: 5, NEW: 1, NGF: 5071, NMH: 193, NML: 0, NMR: 1534, NMS: 3, NMT: 36, NOA: 97, NOL: 96, NOM: 24, NOS: 16, NPF: 23, NUB: 8, NUC: 1
===== DaCapo evaluation-git-0d047f55 graphchi starting warmup 1 =====
Found shards -- no need to preprocess
Set latent factor dimension to: 20
Initializing latent factors for 285050 vertices
Creating 1 blocks
Total edges: 1000000
5700980 elements, check: 3
===== DaCapo evaluation-git-0d047f55 graphchi completed warmup 1 in 25313 msec =====
===== DaCapo evaluation-git-0d047f55 graphchi starting warmup 2 =====
Found shards -- no need to preprocess
Set latent factor dimension to: 20
Initializing latent factors for 285050 vertices
Creating 1 blocks
Total edges: 1000000
5700980 elements, check: 3
===== DaCapo evaluation-git-0d047f55 graphchi completed warmup 2 in 20736 msec =====
===== DaCapo evaluation-git-0d047f55 graphchi starting warmup 3 =====
Found shards -- no need to preprocess
Set latent factor dimension to: 20
Initializing latent factors for 285050 vertices
Creating 1 blocks
Total edges: 1000000
5700980 elements, check: 3
===== DaCapo evaluation-git-0d047f55 graphchi completed warmup 3 in 20762 msec =====
===== DaCapo evaluation-git-0d047f55 graphchi starting warmup 4 =====
Found shards -- no need to preprocess
Set latent factor dimension to: 20
Initializing latent factors for 285050 vertices
Creating 1 blocks
Total edges: 1000000
5700980 elements, check: 3
===== DaCapo evaluation-git-0d047f55 graphchi completed warmup 4 in 20468 msec =====
===== DaCapo evaluation-git-0d047f55 graphchi starting =====
Found shards -- no need to preprocess
Set latent factor dimension to: 20
Initializing latent factors for 285050 vertices
Creating 1 blocks
Total edges: 1000000
5700980 elements, check: 3
============================ MMTk Statistics Totals ============================
GC	time.other	time.stw	total-work.time.total	total-work.time.max	total-work.count	total-work.time.min	
94	19786.90	690.29	0.000	-inf	0	inf	
Total time: 20477.19 ms
------------------------------ End MMTk Statistics -----------------------------
===== DaCapo evaluation-git-0d047f55 graphchi PASSED in 20477 msec =====
*****
Attaching 4 probes...
^C

@processedgestime: 561255055
@startprocessedges: 114964770395728
@stats_enabled: 0

-----
mkdir -p PLOTTY_WORKAROUND; timedrun; MMTK_PLAN=Immix MMTK_THREADS=4 MMTK_STRESS_FACTOR=134217728 setarch x86_64 -R /home/claireh/builds/process_edges_scalability/bin/java -XX:MetaspaceSize=500M -XX:+DisableExplicitGC -server -XX:-TieredCompilation -Xcomp -XX:+UseThirdPartyHeap -Djava.library.path=/home/claireh/probes/out -Dprobes=RustMMTk -Xms10G -Xmx10G --add-exports java.base/jdk.internal.ref=ALL-UNNAMED -cp /usr/share/benchmarks/dacapo/dacapo-evaluation-git-0d047f55.jar:/home/claireh/probes/out:/home/claireh/probes/out/probes.jar Harness -c probe.DacapoChopinCallback -n 5 -s default graphchi
running-ng v0.3.6
Tue Feb 14 10:52:11 AM UTC 2023

 10:52:11 up 1 day,  8:04,  1 user,  load average: 4.41, 3.53, 3.14
USER     TTY      FROM             LOGIN@   IDLE   JCPU   PCPU WHAT
claireh  pts/1    tmux(20958).%0   Mon11    5:44m  1.20s  0.00s /bin/sh -c w

procs -----------memory---------- ---swap-- -----io---- -system-- ------cpu-----
 r  b   swpd   free   buff  cache   si   so    bi    bo   in   cs us sy id wa st
 0  0      0 124943248 782568 5654300    0    0     5    82   23   19  2  0 97  0  0
 0  0      0 124943760 782568 5654260    0    0     0     0  104   74  0  0 100  0  0

top - 10:52:12 up 1 day,  8:04,  1 user,  load average: 4.41, 3.53, 3.14
Tasks: 233 total,   1 running, 232 sleeping,   0 stopped,   0 zombie
%Cpu(s):  0.0 us,  0.0 sy,  0.0 ni, 98.8 id,  1.2 wa,  0.0 hi,  0.0 si,  0.0 st
MiB Mem : 128684.0 total, 122015.1 free,    382.9 used,   6286.0 buff/cache
MiB Swap:  32768.0 total,  32768.0 free,      0.0 used. 127056.0 avail Mem 

    PID USER      PR  NI    VIRT    RES    SHR S  %CPU  %MEM     TIME+ COMMAND
      1 root      20   0  165912  11400   8284 S   0.0   0.0   0:01.68 /sbin/init
      2 root      20   0       0      0      0 S   0.0   0.0   0:00.01 [kthreadd]
      3 root       0 -20       0      0      0 I   0.0   0.0   0:00.00 [rcu_gp]
      4 root       0 -20       0      0      0 I   0.0   0.0   0:00.00 [rcu_par_gp]
      5 root       0 -20       0      0      0 I   0.0   0.0   0:00.00 [slub_flushwq]

Environment variables: 
	DBUS_SESSION_BUS_ADDRESS=unix:path=/run/user/1239/bus
	HOME=/home/claireh
	LANG=en_US.UTF-8
	LOGNAME=claireh
	MOTD_SHOWN=pam
	PATH=/usr/local/sbin:/usr/local/bin:/usr/sbin:/usr/bin:/sbin:/bin:/usr/games:/usr/local/games:/snap/bin:/home/claireh/.local/bin:/home/claireh/.local/bin:/home/claireh/.local/bin
	PWD=/home/claireh
	RUNNING_NG_PACKAGE_DATA=/usr/local/lib/python3.10/dist-packages/running/config
	SHELL=/bin/bash
	SHLVL=2
	SSH_CLIENT=10.0.0.2 48820 22
	SSH_CONNECTION=10.0.0.2 48820 10.0.0.67 22
	SSH_TTY=/dev/pts/0
	TERM=screen
	TERM_PROGRAM=tmux
	TERM_PROGRAM_VERSION=3.2a
	TMUX=/tmp/tmux-1239/default,20958,0
	TMUX_PANE=%0
	USER=claireh
	XDG_RUNTIME_DIR=/run/user/1239
	XDG_SESSION_CLASS=user
	XDG_SESSION_ID=12
	XDG_SESSION_TYPE=tty
	_=/usr/local/bin/running
OS: Linux shrew 5.15.0-58-generic #64-Ubuntu SMP Thu Jan 5 11:43:13 UTC 2023 x86_64 x86_64 x86_64 GNU/Linux
CPU: model name	: Intel(R) Core(TM) i9-9900K CPU @ 3.60GHz
number of cores: 16
Frequency of cpu 0: 3.60 GHz
Governor of cpu 0: performance
Scaling_min_freq of cpu 0: 0.80 GHz
Frequency of cpu 1: 3.60 GHz
Governor of cpu 1: performance
Scaling_min_freq of cpu 1: 0.80 GHz
Frequency of cpu 2: 3.55 GHz
Governor of cpu 2: performance
Scaling_min_freq of cpu 2: 0.80 GHz
Frequency of cpu 3: 3.50 GHz
Governor of cpu 3: performance
Scaling_min_freq of cpu 3: 0.80 GHz
Frequency of cpu 4: 3.50 GHz
Governor of cpu 4: performance
Scaling_min_freq of cpu 4: 0.80 GHz
Frequency of cpu 5: 3.45 GHz
Governor of cpu 5: performance
Scaling_min_freq of cpu 5: 0.80 GHz
Frequency of cpu 6: 3.60 GHz
Governor of cpu 6: performance
Scaling_min_freq of cpu 6: 0.80 GHz
Frequency of cpu 7: 3.60 GHz
Governor of cpu 7: performance
Scaling_min_freq of cpu 7: 0.80 GHz
Frequency of cpu 8: 3.51 GHz
Governor of cpu 8: performance
Scaling_min_freq of cpu 8: 0.80 GHz
Frequency of cpu 9: 3.60 GHz
Governor of cpu 9: performance
Scaling_min_freq of cpu 9: 0.80 GHz
Frequency of cpu 10: 3.60 GHz
Governor of cpu 10: performance
Scaling_min_freq of cpu 10: 0.80 GHz
Frequency of cpu 11: 3.60 GHz
Governor of cpu 11: performance
Scaling_min_freq of cpu 11: 0.80 GHz
Frequency of cpu 12: 3.60 GHz
Governor of cpu 12: performance
Scaling_min_freq of cpu 12: 0.80 GHz
Frequency of cpu 13: 3.60 GHz
Governor of cpu 13: performance
Scaling_min_freq of cpu 13: 0.80 GHz
Frequency of cpu 14: 3.60 GHz
Governor of cpu 14: performance
Scaling_min_freq of cpu 14: 0.80 GHz
Frequency of cpu 15: 3.60 GHz
Governor of cpu 15: performance
Scaling_min_freq of cpu 15: 0.80 GHz
--------------------------------------------------------------------------------
IMPORTANT NOTICE:  This is NOT a release build of the DaCapo suite.
Since it is not an official release of the DaCapo suite, care must be taken when
using the suite, and any use of the build must be sure to note that it is not an
offical release, and should note the relevant git hash.

Feedback is greatly appreciated.   The preferred mode of feedback is via github.
Please use our github page to create an issue or a pull request.
    https://github.com/dacapobench/dacapobench.
--------------------------------------------------------------------------------

Using scaled threading model. 16 processors detected, 16 threads used to drive the workload, in a possible range of [1,unlimited]
Version: graphchi 0.2.2
Nominal stats: NAL: 1212, NAS: 0, NEF: 12, NET: 5, NEW: 1, NGF: 5071, NMH: 193, NML: 0, NMR: 1534, NMS: 3, NMT: 36, NOA: 97, NOL: 96, NOM: 24, NOS: 16, NPF: 23, NUB: 8, NUC: 1
===== DaCapo evaluation-git-0d047f55 graphchi starting warmup 1 =====
Found shards -- no need to preprocess
Set latent factor dimension to: 20
Initializing latent factors for 285050 vertices
Creating 1 blocks
Total edges: 1000000
5700980 elements, check: 3
===== DaCapo evaluation-git-0d047f55 graphchi completed warmup 1 in 25285 msec =====
===== DaCapo evaluation-git-0d047f55 graphchi starting warmup 2 =====
Found shards -- no need to preprocess
Set latent factor dimension to: 20
Initializing latent factors for 285050 vertices
Creating 1 blocks
Total edges: 1000000
5700980 elements, check: 3
===== DaCapo evaluation-git-0d047f55 graphchi completed warmup 2 in 20668 msec =====
===== DaCapo evaluation-git-0d047f55 graphchi starting warmup 3 =====
Found shards -- no need to preprocess
Set latent factor dimension to: 20
Initializing latent factors for 285050 vertices
Creating 1 blocks
Total edges: 1000000
5700980 elements, check: 3
===== DaCapo evaluation-git-0d047f55 graphchi completed warmup 3 in 20770 msec =====
===== DaCapo evaluation-git-0d047f55 graphchi starting warmup 4 =====
Found shards -- no need to preprocess
Set latent factor dimension to: 20
Initializing latent factors for 285050 vertices
Creating 1 blocks
Total edges: 1000000
5700980 elements, check: 3
===== DaCapo evaluation-git-0d047f55 graphchi completed warmup 4 in 20557 msec =====
===== DaCapo evaluation-git-0d047f55 graphchi starting =====
Found shards -- no need to preprocess
Set latent factor dimension to: 20
Initializing latent factors for 285050 vertices
Creating 1 blocks
Total edges: 1000000
5700980 elements, check: 3
============================ MMTk Statistics Totals ============================
GC	time.other	time.stw	total-work.time.max	total-work.count	total-work.time.total	total-work.time.min	
94	19823.56	687.22	-inf	0	0.000	inf	
Total time: 20510.78 ms
------------------------------ End MMTk Statistics -----------------------------
===== DaCapo evaluation-git-0d047f55 graphchi PASSED in 20511 msec =====
*****
Attaching 4 probes...
^C

@processedgestime: 568546581
@startprocessedges: 115612989662103
@stats_enabled: 0

-----
mkdir -p PLOTTY_WORKAROUND; timedrun; MMTK_PLAN=Immix MMTK_THREADS=4 MMTK_STRESS_FACTOR=134217728 setarch x86_64 -R /home/claireh/builds/process_edges_scalability/bin/java -XX:MetaspaceSize=500M -XX:+DisableExplicitGC -server -XX:-TieredCompilation -Xcomp -XX:+UseThirdPartyHeap -Djava.library.path=/home/claireh/probes/out -Dprobes=RustMMTk -Xms10G -Xmx10G --add-exports java.base/jdk.internal.ref=ALL-UNNAMED -cp /usr/share/benchmarks/dacapo/dacapo-evaluation-git-0d047f55.jar:/home/claireh/probes/out:/home/claireh/probes/out/probes.jar Harness -c probe.DacapoChopinCallback -n 5 -s default graphchi
running-ng v0.3.6
Tue Feb 14 11:03:00 AM UTC 2023

 11:03:00 up 1 day,  8:15,  1 user,  load average: 2.81, 3.06, 3.15
USER     TTY      FROM             LOGIN@   IDLE   JCPU   PCPU WHAT
claireh  pts/1    tmux(20958).%0   Mon11    5:55m  1.28s  0.00s /bin/sh -c w

procs -----------memory---------- ---swap-- -----io---- -system-- ------cpu-----
 r  b   swpd   free   buff  cache   si   so    bi    bo   in   cs us sy id wa st
 0  0      0 124929896 782972 5654364    0    0     5    82   23   19  2  0 97  0  0
 0  0      0 124929896 782972 5654364    0    0     0     0  111   45  0  0 100  0  0

top - 11:03:01 up 1 day,  8:15,  1 user,  load average: 2.81, 3.06, 3.15
Tasks: 237 total,   1 running, 236 sleeping,   0 stopped,   0 zombie
%Cpu(s):  0.0 us,  0.4 sy,  0.0 ni, 99.6 id,  0.0 wa,  0.0 hi,  0.0 si,  0.0 st
MiB Mem : 128684.0 total, 122001.6 free,    396.0 used,   6286.5 buff/cache
MiB Swap:  32768.0 total,  32768.0 free,      0.0 used. 127042.9 avail Mem 

    PID USER      PR  NI    VIRT    RES    SHR S  %CPU  %MEM     TIME+ COMMAND
      1 root      20   0  165912  11400   8284 S   0.0   0.0   0:01.68 /sbin/init
      2 root      20   0       0      0      0 S   0.0   0.0   0:00.01 [kthreadd]
      3 root       0 -20       0      0      0 I   0.0   0.0   0:00.00 [rcu_gp]
      4 root       0 -20       0      0      0 I   0.0   0.0   0:00.00 [rcu_par_gp]
      5 root       0 -20       0      0      0 I   0.0   0.0   0:00.00 [slub_flushwq]

Environment variables: 
	DBUS_SESSION_BUS_ADDRESS=unix:path=/run/user/1239/bus
	HOME=/home/claireh
	LANG=en_US.UTF-8
	LOGNAME=claireh
	MOTD_SHOWN=pam
	PATH=/usr/local/sbin:/usr/local/bin:/usr/sbin:/usr/bin:/sbin:/bin:/usr/games:/usr/local/games:/snap/bin:/home/claireh/.local/bin:/home/claireh/.local/bin:/home/claireh/.local/bin
	PWD=/home/claireh
	RUNNING_NG_PACKAGE_DATA=/usr/local/lib/python3.10/dist-packages/running/config
	SHELL=/bin/bash
	SHLVL=2
	SSH_CLIENT=10.0.0.2 48820 22
	SSH_CONNECTION=10.0.0.2 48820 10.0.0.67 22
	SSH_TTY=/dev/pts/0
	TERM=screen
	TERM_PROGRAM=tmux
	TERM_PROGRAM_VERSION=3.2a
	TMUX=/tmp/tmux-1239/default,20958,0
	TMUX_PANE=%0
	USER=claireh
	XDG_RUNTIME_DIR=/run/user/1239
	XDG_SESSION_CLASS=user
	XDG_SESSION_ID=12
	XDG_SESSION_TYPE=tty
	_=/usr/local/bin/running
OS: Linux shrew 5.15.0-58-generic #64-Ubuntu SMP Thu Jan 5 11:43:13 UTC 2023 x86_64 x86_64 x86_64 GNU/Linux
CPU: model name	: Intel(R) Core(TM) i9-9900K CPU @ 3.60GHz
number of cores: 16
Frequency of cpu 0: 3.60 GHz
Governor of cpu 0: performance
Scaling_min_freq of cpu 0: 0.80 GHz
Frequency of cpu 1: 3.60 GHz
Governor of cpu 1: performance
Scaling_min_freq of cpu 1: 0.80 GHz
Frequency of cpu 2: 3.60 GHz
Governor of cpu 2: performance
Scaling_min_freq of cpu 2: 0.80 GHz
Frequency of cpu 3: 3.60 GHz
Governor of cpu 3: performance
Scaling_min_freq of cpu 3: 0.80 GHz
Frequency of cpu 4: 3.60 GHz
Governor of cpu 4: performance
Scaling_min_freq of cpu 4: 0.80 GHz
Frequency of cpu 5: 3.60 GHz
Governor of cpu 5: performance
Scaling_min_freq of cpu 5: 0.80 GHz
Frequency of cpu 6: 3.60 GHz
Governor of cpu 6: performance
Scaling_min_freq of cpu 6: 0.80 GHz
Frequency of cpu 7: 3.60 GHz
Governor of cpu 7: performance
Scaling_min_freq of cpu 7: 0.80 GHz
Frequency of cpu 8: 3.60 GHz
Governor of cpu 8: performance
Scaling_min_freq of cpu 8: 0.80 GHz
Frequency of cpu 9: 3.60 GHz
Governor of cpu 9: performance
Scaling_min_freq of cpu 9: 0.80 GHz
Frequency of cpu 10: 3.60 GHz
Governor of cpu 10: performance
Scaling_min_freq of cpu 10: 0.80 GHz
Frequency of cpu 11: 3.60 GHz
Governor of cpu 11: performance
Scaling_min_freq of cpu 11: 0.80 GHz
Frequency of cpu 12: 3.48 GHz
Governor of cpu 12: performance
Scaling_min_freq of cpu 12: 0.80 GHz
Frequency of cpu 13: 3.60 GHz
Governor of cpu 13: performance
Scaling_min_freq of cpu 13: 0.80 GHz
Frequency of cpu 14: 3.60 GHz
Governor of cpu 14: performance
Scaling_min_freq of cpu 14: 0.80 GHz
Frequency of cpu 15: 3.60 GHz
Governor of cpu 15: performance
Scaling_min_freq of cpu 15: 0.80 GHz
--------------------------------------------------------------------------------
IMPORTANT NOTICE:  This is NOT a release build of the DaCapo suite.
Since it is not an official release of the DaCapo suite, care must be taken when
using the suite, and any use of the build must be sure to note that it is not an
offical release, and should note the relevant git hash.

Feedback is greatly appreciated.   The preferred mode of feedback is via github.
Please use our github page to create an issue or a pull request.
    https://github.com/dacapobench/dacapobench.
--------------------------------------------------------------------------------

Using scaled threading model. 16 processors detected, 16 threads used to drive the workload, in a possible range of [1,unlimited]
Version: graphchi 0.2.2
Nominal stats: NAL: 1212, NAS: 0, NEF: 12, NET: 5, NEW: 1, NGF: 5071, NMH: 193, NML: 0, NMR: 1534, NMS: 3, NMT: 36, NOA: 97, NOL: 96, NOM: 24, NOS: 16, NPF: 23, NUB: 8, NUC: 1
===== DaCapo evaluation-git-0d047f55 graphchi starting warmup 1 =====
Found shards -- no need to preprocess
Set latent factor dimension to: 20
Initializing latent factors for 285050 vertices
Creating 1 blocks
Total edges: 1000000
5700980 elements, check: 3
===== DaCapo evaluation-git-0d047f55 graphchi completed warmup 1 in 25343 msec =====
===== DaCapo evaluation-git-0d047f55 graphchi starting warmup 2 =====
Found shards -- no need to preprocess
Set latent factor dimension to: 20
Initializing latent factors for 285050 vertices
Creating 1 blocks
Total edges: 1000000
5700980 elements, check: 3
===== DaCapo evaluation-git-0d047f55 graphchi completed warmup 2 in 20664 msec =====
===== DaCapo evaluation-git-0d047f55 graphchi starting warmup 3 =====
Found shards -- no need to preprocess
Set latent factor dimension to: 20
Initializing latent factors for 285050 vertices
Creating 1 blocks
Total edges: 1000000
5700980 elements, check: 3
===== DaCapo evaluation-git-0d047f55 graphchi completed warmup 3 in 20770 msec =====
===== DaCapo evaluation-git-0d047f55 graphchi starting warmup 4 =====
Found shards -- no need to preprocess
Set latent factor dimension to: 20
Initializing latent factors for 285050 vertices
Creating 1 blocks
Total edges: 1000000
5700980 elements, check: 3
===== DaCapo evaluation-git-0d047f55 graphchi completed warmup 4 in 20575 msec =====
===== DaCapo evaluation-git-0d047f55 graphchi starting =====
Found shards -- no need to preprocess
Set latent factor dimension to: 20
Initializing latent factors for 285050 vertices
Creating 1 blocks
Total edges: 1000000
5700980 elements, check: 3
============================ MMTk Statistics Totals ============================
GC	time.other	time.stw	total-work.time.max	total-work.time.total	total-work.time.min	total-work.count	
94	19828.02	788.37	-inf	0.000	inf	0	
Total time: 20616.39 ms
------------------------------ End MMTk Statistics -----------------------------
===== DaCapo evaluation-git-0d047f55 graphchi PASSED in 20616 msec =====
*****
Attaching 4 probes...
^C

@processedgestime: 635104488
@startprocessedges: 116262411310180
@stats_enabled: 0

-----
mkdir -p PLOTTY_WORKAROUND; timedrun; MMTK_PLAN=Immix MMTK_THREADS=4 MMTK_STRESS_FACTOR=134217728 setarch x86_64 -R /home/claireh/builds/process_edges_scalability/bin/java -XX:MetaspaceSize=500M -XX:+DisableExplicitGC -server -XX:-TieredCompilation -Xcomp -XX:+UseThirdPartyHeap -Djava.library.path=/home/claireh/probes/out -Dprobes=RustMMTk -Xms10G -Xmx10G --add-exports java.base/jdk.internal.ref=ALL-UNNAMED -cp /usr/share/benchmarks/dacapo/dacapo-evaluation-git-0d047f55.jar:/home/claireh/probes/out:/home/claireh/probes/out/probes.jar Harness -c probe.DacapoChopinCallback -n 5 -s default graphchi
running-ng v0.3.6
Tue Feb 14 11:13:49 AM UTC 2023

 11:13:49 up 1 day,  8:26,  1 user,  load average: 3.97, 3.24, 3.19
USER     TTY      FROM             LOGIN@   IDLE   JCPU   PCPU WHAT
claireh  pts/1    tmux(20958).%0   Mon11    6:06m  1.35s  0.00s /bin/sh -c w

procs -----------memory---------- ---swap-- -----io---- -system-- ------cpu-----
 r  b   swpd   free   buff  cache   si   so    bi    bo   in   cs us sy id wa st
 0  0      0 124967152 783388 5654548    0    0     5    82    0   20  3  0 97  0  0
 0  0      0 124966864 783388 5654504    0    0     0     0  189   99  0  0 100  0  0

top - 11:13:51 up 1 day,  8:26,  1 user,  load average: 3.97, 3.24, 3.19
Tasks: 237 total,   1 running, 236 sleeping,   0 stopped,   0 zombie
%Cpu(s):  0.0 us,  0.4 sy,  0.0 ni, 99.6 id,  0.0 wa,  0.0 hi,  0.0 si,  0.0 st
MiB Mem : 128684.0 total, 122037.7 free,    359.3 used,   6287.0 buff/cache
MiB Swap:  32768.0 total,  32768.0 free,      0.0 used. 127079.6 avail Mem 

    PID USER      PR  NI    VIRT    RES    SHR S  %CPU  %MEM     TIME+ COMMAND
      1 root      20   0  165912  11400   8284 S   0.0   0.0   0:01.68 /sbin/init
      2 root      20   0       0      0      0 S   0.0   0.0   0:00.01 [kthreadd]
      3 root       0 -20       0      0      0 I   0.0   0.0   0:00.00 [rcu_gp]
      4 root       0 -20       0      0      0 I   0.0   0.0   0:00.00 [rcu_par_gp]
      5 root       0 -20       0      0      0 I   0.0   0.0   0:00.00 [slub_flushwq]

Environment variables: 
	DBUS_SESSION_BUS_ADDRESS=unix:path=/run/user/1239/bus
	HOME=/home/claireh
	LANG=en_US.UTF-8
	LOGNAME=claireh
	MOTD_SHOWN=pam
	PATH=/usr/local/sbin:/usr/local/bin:/usr/sbin:/usr/bin:/sbin:/bin:/usr/games:/usr/local/games:/snap/bin:/home/claireh/.local/bin:/home/claireh/.local/bin:/home/claireh/.local/bin
	PWD=/home/claireh
	RUNNING_NG_PACKAGE_DATA=/usr/local/lib/python3.10/dist-packages/running/config
	SHELL=/bin/bash
	SHLVL=2
	SSH_CLIENT=10.0.0.2 48820 22
	SSH_CONNECTION=10.0.0.2 48820 10.0.0.67 22
	SSH_TTY=/dev/pts/0
	TERM=screen
	TERM_PROGRAM=tmux
	TERM_PROGRAM_VERSION=3.2a
	TMUX=/tmp/tmux-1239/default,20958,0
	TMUX_PANE=%0
	USER=claireh
	XDG_RUNTIME_DIR=/run/user/1239
	XDG_SESSION_CLASS=user
	XDG_SESSION_ID=12
	XDG_SESSION_TYPE=tty
	_=/usr/local/bin/running
OS: Linux shrew 5.15.0-58-generic #64-Ubuntu SMP Thu Jan 5 11:43:13 UTC 2023 x86_64 x86_64 x86_64 GNU/Linux
CPU: model name	: Intel(R) Core(TM) i9-9900K CPU @ 3.60GHz
number of cores: 16
Frequency of cpu 0: 3.60 GHz
Governor of cpu 0: performance
Scaling_min_freq of cpu 0: 0.80 GHz
Frequency of cpu 1: 3.60 GHz
Governor of cpu 1: performance
Scaling_min_freq of cpu 1: 0.80 GHz
Frequency of cpu 2: 3.60 GHz
Governor of cpu 2: performance
Scaling_min_freq of cpu 2: 0.80 GHz
Frequency of cpu 3: 3.60 GHz
Governor of cpu 3: performance
Scaling_min_freq of cpu 3: 0.80 GHz
Frequency of cpu 4: 2.24 GHz
Governor of cpu 4: performance
Scaling_min_freq of cpu 4: 0.80 GHz
Frequency of cpu 5: 3.57 GHz
Governor of cpu 5: performance
Scaling_min_freq of cpu 5: 0.80 GHz
Frequency of cpu 6: 3.60 GHz
Governor of cpu 6: performance
Scaling_min_freq of cpu 6: 0.80 GHz
Frequency of cpu 7: 3.60 GHz
Governor of cpu 7: performance
Scaling_min_freq of cpu 7: 0.80 GHz
Frequency of cpu 8: 3.60 GHz
Governor of cpu 8: performance
Scaling_min_freq of cpu 8: 0.80 GHz
Frequency of cpu 9: 3.55 GHz
Governor of cpu 9: performance
Scaling_min_freq of cpu 9: 0.80 GHz
Frequency of cpu 10: 3.60 GHz
Governor of cpu 10: performance
Scaling_min_freq of cpu 10: 0.80 GHz
Frequency of cpu 11: 3.60 GHz
Governor of cpu 11: performance
Scaling_min_freq of cpu 11: 0.80 GHz
Frequency of cpu 12: 2.05 GHz
Governor of cpu 12: performance
Scaling_min_freq of cpu 12: 0.80 GHz
Frequency of cpu 13: 3.60 GHz
Governor of cpu 13: performance
Scaling_min_freq of cpu 13: 0.80 GHz
Frequency of cpu 14: 3.56 GHz
Governor of cpu 14: performance
Scaling_min_freq of cpu 14: 0.80 GHz
Frequency of cpu 15: 3.60 GHz
Governor of cpu 15: performance
Scaling_min_freq of cpu 15: 0.80 GHz
--------------------------------------------------------------------------------
IMPORTANT NOTICE:  This is NOT a release build of the DaCapo suite.
Since it is not an official release of the DaCapo suite, care must be taken when
using the suite, and any use of the build must be sure to note that it is not an
offical release, and should note the relevant git hash.

Feedback is greatly appreciated.   The preferred mode of feedback is via github.
Please use our github page to create an issue or a pull request.
    https://github.com/dacapobench/dacapobench.
--------------------------------------------------------------------------------

Using scaled threading model. 16 processors detected, 16 threads used to drive the workload, in a possible range of [1,unlimited]
Version: graphchi 0.2.2
Nominal stats: NAL: 1212, NAS: 0, NEF: 12, NET: 5, NEW: 1, NGF: 5071, NMH: 193, NML: 0, NMR: 1534, NMS: 3, NMT: 36, NOA: 97, NOL: 96, NOM: 24, NOS: 16, NPF: 23, NUB: 8, NUC: 1
===== DaCapo evaluation-git-0d047f55 graphchi starting warmup 1 =====
Found shards -- no need to preprocess
Set latent factor dimension to: 20
Initializing latent factors for 285050 vertices
Creating 1 blocks
Total edges: 1000000
5700980 elements, check: 3
===== DaCapo evaluation-git-0d047f55 graphchi completed warmup 1 in 25846 msec =====
===== DaCapo evaluation-git-0d047f55 graphchi starting warmup 2 =====
Found shards -- no need to preprocess
Set latent factor dimension to: 20
Initializing latent factors for 285050 vertices
Creating 1 blocks
Total edges: 1000000
5700980 elements, check: 3
===== DaCapo evaluation-git-0d047f55 graphchi completed warmup 2 in 21310 msec =====
===== DaCapo evaluation-git-0d047f55 graphchi starting warmup 3 =====
Found shards -- no need to preprocess
Set latent factor dimension to: 20
Initializing latent factors for 285050 vertices
Creating 1 blocks
Total edges: 1000000
5700980 elements, check: 3
===== DaCapo evaluation-git-0d047f55 graphchi completed warmup 3 in 21276 msec =====
===== DaCapo evaluation-git-0d047f55 graphchi starting warmup 4 =====
Found shards -- no need to preprocess
Set latent factor dimension to: 20
Initializing latent factors for 285050 vertices
Creating 1 blocks
Total edges: 1000000
5700980 elements, check: 3
===== DaCapo evaluation-git-0d047f55 graphchi completed warmup 4 in 21087 msec =====
===== DaCapo evaluation-git-0d047f55 graphchi starting =====
Found shards -- no need to preprocess
Set latent factor dimension to: 20
Initializing latent factors for 285050 vertices
Creating 1 blocks
Total edges: 1000000
5700980 elements, check: 3
============================ MMTk Statistics Totals ============================
GC	time.other	time.stw	total-work.time.max	total-work.count	total-work.time.total	total-work.time.min	
94	20392.26	692.42	-inf	0	0.000	inf	
Total time: 21084.69 ms
------------------------------ End MMTk Statistics -----------------------------
===== DaCapo evaluation-git-0d047f55 graphchi PASSED in 21084 msec =====
*****
Attaching 4 probes...
^C

@processedgestime: 569509083
@startprocessedges: 116914313719881
@stats_enabled: 0

-----
mkdir -p PLOTTY_WORKAROUND; timedrun; MMTK_PLAN=Immix MMTK_THREADS=4 MMTK_STRESS_FACTOR=134217728 setarch x86_64 -R /home/claireh/builds/process_edges_scalability/bin/java -XX:MetaspaceSize=500M -XX:+DisableExplicitGC -server -XX:-TieredCompilation -Xcomp -XX:+UseThirdPartyHeap -Djava.library.path=/home/claireh/probes/out -Dprobes=RustMMTk -Xms10G -Xmx10G --add-exports java.base/jdk.internal.ref=ALL-UNNAMED -cp /usr/share/benchmarks/dacapo/dacapo-evaluation-git-0d047f55.jar:/home/claireh/probes/out:/home/claireh/probes/out/probes.jar Harness -c probe.DacapoChopinCallback -n 5 -s default graphchi
running-ng v0.3.6
Tue Feb 14 11:24:47 AM UTC 2023

 11:24:47 up 1 day,  8:37,  1 user,  load average: 1.81, 2.65, 3.01
USER     TTY      FROM             LOGIN@   IDLE   JCPU   PCPU WHAT
claireh  pts/1    tmux(20958).%0   Mon11    6:17m  1.42s  0.00s /bin/sh -c w

procs -----------memory---------- ---swap-- -----io---- -system-- ------cpu-----
 r  b   swpd   free   buff  cache   si   so    bi    bo   in   cs us sy id wa st
 0  0      0 124951200 783800 5654616    0    0     5    81    1   20  3  0 97  0  0
 0  0      0 124951152 783800 5654576    0    0     0     0   99   66  0  0 100  0  0

top - 11:24:48 up 1 day,  8:37,  1 user,  load average: 1.81, 2.65, 3.01
Tasks: 233 total,   1 running, 232 sleeping,   0 stopped,   0 zombie
%Cpu(s):  0.4 us,  0.0 sy,  0.0 ni, 98.8 id,  0.8 wa,  0.0 hi,  0.0 si,  0.0 st
MiB Mem : 128684.0 total, 122022.6 free,    373.9 used,   6287.5 buff/cache
MiB Swap:  32768.0 total,  32768.0 free,      0.0 used. 127064.9 avail Mem 

    PID USER      PR  NI    VIRT    RES    SHR S  %CPU  %MEM     TIME+ COMMAND
      1 root      20   0  165912  11400   8284 S   0.0   0.0   0:01.68 /sbin/init
      2 root      20   0       0      0      0 S   0.0   0.0   0:00.01 [kthreadd]
      3 root       0 -20       0      0      0 I   0.0   0.0   0:00.00 [rcu_gp]
      4 root       0 -20       0      0      0 I   0.0   0.0   0:00.00 [rcu_par_gp]
      5 root       0 -20       0      0      0 I   0.0   0.0   0:00.00 [slub_flushwq]

Environment variables: 
	DBUS_SESSION_BUS_ADDRESS=unix:path=/run/user/1239/bus
	HOME=/home/claireh
	LANG=en_US.UTF-8
	LOGNAME=claireh
	MOTD_SHOWN=pam
	PATH=/usr/local/sbin:/usr/local/bin:/usr/sbin:/usr/bin:/sbin:/bin:/usr/games:/usr/local/games:/snap/bin:/home/claireh/.local/bin:/home/claireh/.local/bin:/home/claireh/.local/bin
	PWD=/home/claireh
	RUNNING_NG_PACKAGE_DATA=/usr/local/lib/python3.10/dist-packages/running/config
	SHELL=/bin/bash
	SHLVL=2
	SSH_CLIENT=10.0.0.2 48820 22
	SSH_CONNECTION=10.0.0.2 48820 10.0.0.67 22
	SSH_TTY=/dev/pts/0
	TERM=screen
	TERM_PROGRAM=tmux
	TERM_PROGRAM_VERSION=3.2a
	TMUX=/tmp/tmux-1239/default,20958,0
	TMUX_PANE=%0
	USER=claireh
	XDG_RUNTIME_DIR=/run/user/1239
	XDG_SESSION_CLASS=user
	XDG_SESSION_ID=12
	XDG_SESSION_TYPE=tty
	_=/usr/local/bin/running
OS: Linux shrew 5.15.0-58-generic #64-Ubuntu SMP Thu Jan 5 11:43:13 UTC 2023 x86_64 x86_64 x86_64 GNU/Linux
CPU: model name	: Intel(R) Core(TM) i9-9900K CPU @ 3.60GHz
number of cores: 16
Frequency of cpu 0: 3.60 GHz
Governor of cpu 0: performance
Scaling_min_freq of cpu 0: 0.80 GHz
Frequency of cpu 1: 3.60 GHz
Governor of cpu 1: performance
Scaling_min_freq of cpu 1: 0.80 GHz
Frequency of cpu 2: 3.60 GHz
Governor of cpu 2: performance
Scaling_min_freq of cpu 2: 0.80 GHz
Frequency of cpu 3: 3.60 GHz
Governor of cpu 3: performance
Scaling_min_freq of cpu 3: 0.80 GHz
Frequency of cpu 4: 3.60 GHz
Governor of cpu 4: performance
Scaling_min_freq of cpu 4: 0.80 GHz
Frequency of cpu 5: 2.52 GHz
Governor of cpu 5: performance
Scaling_min_freq of cpu 5: 0.80 GHz
Frequency of cpu 6: 3.57 GHz
Governor of cpu 6: performance
Scaling_min_freq of cpu 6: 0.80 GHz
Frequency of cpu 7: 3.60 GHz
Governor of cpu 7: performance
Scaling_min_freq of cpu 7: 0.80 GHz
Frequency of cpu 8: 3.60 GHz
Governor of cpu 8: performance
Scaling_min_freq of cpu 8: 0.80 GHz
Frequency of cpu 9: 2.34 GHz
Governor of cpu 9: performance
Scaling_min_freq of cpu 9: 0.80 GHz
Frequency of cpu 10: 3.60 GHz
Governor of cpu 10: performance
Scaling_min_freq of cpu 10: 0.80 GHz
Frequency of cpu 11: 3.60 GHz
Governor of cpu 11: performance
Scaling_min_freq of cpu 11: 0.80 GHz
Frequency of cpu 12: 3.60 GHz
Governor of cpu 12: performance
Scaling_min_freq of cpu 12: 0.80 GHz
Frequency of cpu 13: 3.60 GHz
Governor of cpu 13: performance
Scaling_min_freq of cpu 13: 0.80 GHz
Frequency of cpu 14: 3.60 GHz
Governor of cpu 14: performance
Scaling_min_freq of cpu 14: 0.80 GHz
Frequency of cpu 15: 3.53 GHz
Governor of cpu 15: performance
Scaling_min_freq of cpu 15: 0.80 GHz
--------------------------------------------------------------------------------
IMPORTANT NOTICE:  This is NOT a release build of the DaCapo suite.
Since it is not an official release of the DaCapo suite, care must be taken when
using the suite, and any use of the build must be sure to note that it is not an
offical release, and should note the relevant git hash.

Feedback is greatly appreciated.   The preferred mode of feedback is via github.
Please use our github page to create an issue or a pull request.
    https://github.com/dacapobench/dacapobench.
--------------------------------------------------------------------------------

Using scaled threading model. 16 processors detected, 16 threads used to drive the workload, in a possible range of [1,unlimited]
Version: graphchi 0.2.2
Nominal stats: NAL: 1212, NAS: 0, NEF: 12, NET: 5, NEW: 1, NGF: 5071, NMH: 193, NML: 0, NMR: 1534, NMS: 3, NMT: 36, NOA: 97, NOL: 96, NOM: 24, NOS: 16, NPF: 23, NUB: 8, NUC: 1
===== DaCapo evaluation-git-0d047f55 graphchi starting warmup 1 =====
Found shards -- no need to preprocess
Set latent factor dimension to: 20
Initializing latent factors for 285050 vertices
Creating 1 blocks
Total edges: 1000000
5700980 elements, check: 3
===== DaCapo evaluation-git-0d047f55 graphchi completed warmup 1 in 25203 msec =====
===== DaCapo evaluation-git-0d047f55 graphchi starting warmup 2 =====
Found shards -- no need to preprocess
Set latent factor dimension to: 20
Initializing latent factors for 285050 vertices
Creating 1 blocks
Total edges: 1000000
5700980 elements, check: 3
===== DaCapo evaluation-git-0d047f55 graphchi completed warmup 2 in 20552 msec =====
===== DaCapo evaluation-git-0d047f55 graphchi starting warmup 3 =====
Found shards -- no need to preprocess
Set latent factor dimension to: 20
Initializing latent factors for 285050 vertices
Creating 1 blocks
Total edges: 1000000
5700980 elements, check: 3
===== DaCapo evaluation-git-0d047f55 graphchi completed warmup 3 in 20626 msec =====
===== DaCapo evaluation-git-0d047f55 graphchi starting warmup 4 =====
Found shards -- no need to preprocess
Set latent factor dimension to: 20
Initializing latent factors for 285050 vertices
Creating 1 blocks
Total edges: 1000000
5700980 elements, check: 3
===== DaCapo evaluation-git-0d047f55 graphchi completed warmup 4 in 20373 msec =====
===== DaCapo evaluation-git-0d047f55 graphchi starting =====
Found shards -- no need to preprocess
Set latent factor dimension to: 20
Initializing latent factors for 285050 vertices
Creating 1 blocks
Total edges: 1000000
5700980 elements, check: 3
============================ MMTk Statistics Totals ============================
GC	time.other	time.stw	total-work.time.max	total-work.count	total-work.time.total	total-work.time.min	
94	19704.14	769.51	-inf	0	0.000	inf	
Total time: 20473.66 ms
------------------------------ End MMTk Statistics -----------------------------
===== DaCapo evaluation-git-0d047f55 graphchi PASSED in 20473 msec =====
*****
Attaching 4 probes...
^C

@processedgestime: 637382616
@startprocessedges: 117568313775853
@stats_enabled: 0

-----
mkdir -p PLOTTY_WORKAROUND; timedrun; MMTK_PLAN=Immix MMTK_THREADS=4 MMTK_STRESS_FACTOR=134217728 setarch x86_64 -R /home/claireh/builds/process_edges_scalability/bin/java -XX:MetaspaceSize=500M -XX:+DisableExplicitGC -server -XX:-TieredCompilation -Xcomp -XX:+UseThirdPartyHeap -Djava.library.path=/home/claireh/probes/out -Dprobes=RustMMTk -Xms10G -Xmx10G --add-exports java.base/jdk.internal.ref=ALL-UNNAMED -cp /usr/share/benchmarks/dacapo/dacapo-evaluation-git-0d047f55.jar:/home/claireh/probes/out:/home/claireh/probes/out/probes.jar Harness -c probe.DacapoChopinCallback -n 5 -s default graphchi
running-ng v0.3.6
Tue Feb 14 11:35:33 AM UTC 2023

 11:35:33 up 1 day,  8:48,  1 user,  load average: 3.00, 3.63, 3.43
USER     TTY      FROM             LOGIN@   IDLE   JCPU   PCPU WHAT
claireh  pts/1    tmux(20958).%0   Mon11    6:28m  1.50s  0.00s /bin/sh -c w

procs -----------memory---------- ---swap-- -----io---- -system-- ------cpu-----
 r  b   swpd   free   buff  cache   si   so    bi    bo   in   cs us sy id wa st
 1  0      0 124936192 784208 5654652    0    0     5    81    1   20  3  0 97  0  0
 0  0      0 124936688 784208 5654612    0    0     0     0  167  102  0  0 100  0  0

top - 11:35:34 up 1 day,  8:48,  1 user,  load average: 3.00, 3.63, 3.43
Tasks: 236 total,   1 running, 235 sleeping,   0 stopped,   0 zombie
%Cpu(s):  0.0 us,  0.0 sy,  0.0 ni,100.0 id,  0.0 wa,  0.0 hi,  0.0 si,  0.0 st
MiB Mem : 128684.0 total, 122008.0 free,    388.1 used,   6287.9 buff/cache
MiB Swap:  32768.0 total,  32768.0 free,      0.0 used. 127050.8 avail Mem 

    PID USER      PR  NI    VIRT    RES    SHR S  %CPU  %MEM     TIME+ COMMAND
      1 root      20   0  165912  11400   8284 S   0.0   0.0   0:01.68 /sbin/init
      2 root      20   0       0      0      0 S   0.0   0.0   0:00.01 [kthreadd]
      3 root       0 -20       0      0      0 I   0.0   0.0   0:00.00 [rcu_gp]
      4 root       0 -20       0      0      0 I   0.0   0.0   0:00.00 [rcu_par_gp]
      5 root       0 -20       0      0      0 I   0.0   0.0   0:00.00 [slub_flushwq]

Environment variables: 
	DBUS_SESSION_BUS_ADDRESS=unix:path=/run/user/1239/bus
	HOME=/home/claireh
	LANG=en_US.UTF-8
	LOGNAME=claireh
	MOTD_SHOWN=pam
	PATH=/usr/local/sbin:/usr/local/bin:/usr/sbin:/usr/bin:/sbin:/bin:/usr/games:/usr/local/games:/snap/bin:/home/claireh/.local/bin:/home/claireh/.local/bin:/home/claireh/.local/bin
	PWD=/home/claireh
	RUNNING_NG_PACKAGE_DATA=/usr/local/lib/python3.10/dist-packages/running/config
	SHELL=/bin/bash
	SHLVL=2
	SSH_CLIENT=10.0.0.2 48820 22
	SSH_CONNECTION=10.0.0.2 48820 10.0.0.67 22
	SSH_TTY=/dev/pts/0
	TERM=screen
	TERM_PROGRAM=tmux
	TERM_PROGRAM_VERSION=3.2a
	TMUX=/tmp/tmux-1239/default,20958,0
	TMUX_PANE=%0
	USER=claireh
	XDG_RUNTIME_DIR=/run/user/1239
	XDG_SESSION_CLASS=user
	XDG_SESSION_ID=12
	XDG_SESSION_TYPE=tty
	_=/usr/local/bin/running
OS: Linux shrew 5.15.0-58-generic #64-Ubuntu SMP Thu Jan 5 11:43:13 UTC 2023 x86_64 x86_64 x86_64 GNU/Linux
CPU: model name	: Intel(R) Core(TM) i9-9900K CPU @ 3.60GHz
number of cores: 16
Frequency of cpu 0: 3.60 GHz
Governor of cpu 0: performance
Scaling_min_freq of cpu 0: 0.80 GHz
Frequency of cpu 1: 3.60 GHz
Governor of cpu 1: performance
Scaling_min_freq of cpu 1: 0.80 GHz
Frequency of cpu 2: 3.60 GHz
Governor of cpu 2: performance
Scaling_min_freq of cpu 2: 0.80 GHz
Frequency of cpu 3: 3.60 GHz
Governor of cpu 3: performance
Scaling_min_freq of cpu 3: 0.80 GHz
Frequency of cpu 4: 2.46 GHz
Governor of cpu 4: performance
Scaling_min_freq of cpu 4: 0.80 GHz
Frequency of cpu 5: 3.60 GHz
Governor of cpu 5: performance
Scaling_min_freq of cpu 5: 0.80 GHz
Frequency of cpu 6: 3.60 GHz
Governor of cpu 6: performance
Scaling_min_freq of cpu 6: 0.80 GHz
Frequency of cpu 7: 3.60 GHz
Governor of cpu 7: performance
Scaling_min_freq of cpu 7: 0.80 GHz
Frequency of cpu 8: 3.60 GHz
Governor of cpu 8: performance
Scaling_min_freq of cpu 8: 0.80 GHz
Frequency of cpu 9: 3.53 GHz
Governor of cpu 9: performance
Scaling_min_freq of cpu 9: 0.80 GHz
Frequency of cpu 10: 3.48 GHz
Governor of cpu 10: performance
Scaling_min_freq of cpu 10: 0.80 GHz
Frequency of cpu 11: 3.60 GHz
Governor of cpu 11: performance
Scaling_min_freq of cpu 11: 0.80 GHz
Frequency of cpu 12: 3.60 GHz
Governor of cpu 12: performance
Scaling_min_freq of cpu 12: 0.80 GHz
Frequency of cpu 13: 3.58 GHz
Governor of cpu 13: performance
Scaling_min_freq of cpu 13: 0.80 GHz
Frequency of cpu 14: 3.58 GHz
Governor of cpu 14: performance
Scaling_min_freq of cpu 14: 0.80 GHz
Frequency of cpu 15: 3.60 GHz
Governor of cpu 15: performance
Scaling_min_freq of cpu 15: 0.80 GHz
