
-----
mkdir -p PLOTTY_WORKAROUND; timedrun; MMTK_PLAN=Immix MMTK_THREADS=1 MMTK_STRESS_FACTOR=134217728 setarch x86_64 -R /home/claireh/builds/process_edges_scalability/bin/java -XX:MetaspaceSize=500M -XX:+DisableExplicitGC -server -XX:-TieredCompilation -Xcomp -XX:+UseThirdPartyHeap -Djava.library.path=/home/claireh/probes/out -Dprobes=RustMMTk -Xms10G -Xmx10G --add-exports java.base/jdk.internal.ref=ALL-UNNAMED -cp /usr/share/benchmarks/dacapo/dacapo-evaluation-git-0d047f55.jar:/home/claireh/probes/out:/home/claireh/probes/out/probes.jar Harness -c probe.DacapoChopinCallback -n 5 -s default graphchi
running-ng v0.3.6
Tue Feb 14 10:04:04 AM UTC 2023

 10:04:04 up 1 day,  7:16,  1 user,  load average: 2.03, 1.31, 1.18
USER     TTY      FROM             LOGIN@   IDLE   JCPU   PCPU WHAT
claireh  pts/1    tmux(20958).%0   Mon11    4:56m  0.87s  0.00s /bin/sh -c w

procs -----------memory---------- ---swap-- -----io---- -system-- ------cpu-----
 r  b   swpd   free   buff  cache   si   so    bi    bo   in   cs us sy id wa st
 0  0      0 127929808 780120 2644536    0    0     4    85   22   18  2  0 98  0  0
 0  0      0 127929808 780120 2644536    0    0     0     0  115   52  0  0 100  0  0

top - 10:04:05 up 1 day,  7:16,  1 user,  load average: 2.03, 1.31, 1.18
Tasks: 230 total,   1 running, 229 sleeping,   0 stopped,   0 zombie
%Cpu(s):  0.4 us,  0.0 sy,  0.0 ni, 99.6 id,  0.0 wa,  0.0 hi,  0.0 si,  0.0 st
MiB Mem : 128684.0 total, 124931.2 free,    408.4 used,   3344.4 buff/cache
MiB Swap:  32768.0 total,  32768.0 free,      0.0 used. 127030.5 avail Mem 

    PID USER      PR  NI    VIRT    RES    SHR S  %CPU  %MEM     TIME+ COMMAND
      1 root      20   0  165912  11400   8284 S   0.0   0.0   0:01.66 /sbin/init
      2 root      20   0       0      0      0 S   0.0   0.0   0:00.01 [kthreadd]
      3 root       0 -20       0      0      0 I   0.0   0.0   0:00.00 [rcu_gp]
      4 root       0 -20       0      0      0 I   0.0   0.0   0:00.00 [rcu_par_gp]
      5 root       0 -20       0      0      0 I   0.0   0.0   0:00.00 [slub_flushwq]

Environment variables: 
	DBUS_SESSION_BUS_ADDRESS=unix:path=/run/user/1239/bus
	HOME=/home/claireh
	LANG=en_US.UTF-8
	LOGNAME=claireh
	MOTD_SHOWN=pam
	PATH=/usr/local/sbin:/usr/local/bin:/usr/sbin:/usr/bin:/sbin:/bin:/usr/games:/usr/local/games:/snap/bin:/home/claireh/.local/bin:/home/claireh/.local/bin:/home/claireh/.local/bin
	PWD=/home/claireh
	RUNNING_NG_PACKAGE_DATA=/usr/local/lib/python3.10/dist-packages/running/config
	SHELL=/bin/bash
	SHLVL=2
	SSH_CLIENT=10.0.0.2 48820 22
	SSH_CONNECTION=10.0.0.2 48820 10.0.0.67 22
	SSH_TTY=/dev/pts/0
	TERM=screen
	TERM_PROGRAM=tmux
	TERM_PROGRAM_VERSION=3.2a
	TMUX=/tmp/tmux-1239/default,20958,0
	TMUX_PANE=%0
	USER=claireh
	XDG_RUNTIME_DIR=/run/user/1239
	XDG_SESSION_CLASS=user
	XDG_SESSION_ID=12
	XDG_SESSION_TYPE=tty
	_=/usr/local/bin/running
OS: Linux shrew 5.15.0-58-generic #64-Ubuntu SMP Thu Jan 5 11:43:13 UTC 2023 x86_64 x86_64 x86_64 GNU/Linux
CPU: model name	: Intel(R) Core(TM) i9-9900K CPU @ 3.60GHz
number of cores: 16
Frequency of cpu 0: 3.60 GHz
Governor of cpu 0: performance
Scaling_min_freq of cpu 0: 0.80 GHz
Frequency of cpu 1: 3.60 GHz
Governor of cpu 1: performance
Scaling_min_freq of cpu 1: 0.80 GHz
Frequency of cpu 2: 3.60 GHz
Governor of cpu 2: performance
Scaling_min_freq of cpu 2: 0.80 GHz
Frequency of cpu 3: 3.60 GHz
Governor of cpu 3: performance
Scaling_min_freq of cpu 3: 0.80 GHz
Frequency of cpu 4: 3.60 GHz
Governor of cpu 4: performance
Scaling_min_freq of cpu 4: 0.80 GHz
Frequency of cpu 5: 3.60 GHz
Governor of cpu 5: performance
Scaling_min_freq of cpu 5: 0.80 GHz
Frequency of cpu 6: 3.60 GHz
Governor of cpu 6: performance
Scaling_min_freq of cpu 6: 0.80 GHz
Frequency of cpu 7: 2.43 GHz
Governor of cpu 7: performance
Scaling_min_freq of cpu 7: 0.80 GHz
Frequency of cpu 8: 3.51 GHz
Governor of cpu 8: performance
Scaling_min_freq of cpu 8: 0.80 GHz
Frequency of cpu 9: 3.60 GHz
Governor of cpu 9: performance
Scaling_min_freq of cpu 9: 0.80 GHz
Frequency of cpu 10: 3.39 GHz
Governor of cpu 10: performance
Scaling_min_freq of cpu 10: 0.80 GHz
Frequency of cpu 11: 3.49 GHz
Governor of cpu 11: performance
Scaling_min_freq of cpu 11: 0.80 GHz
Frequency of cpu 12: 3.16 GHz
Governor of cpu 12: performance
Scaling_min_freq of cpu 12: 0.80 GHz
Frequency of cpu 13: 3.37 GHz
Governor of cpu 13: performance
Scaling_min_freq of cpu 13: 0.80 GHz
Frequency of cpu 14: 3.60 GHz
Governor of cpu 14: performance
Scaling_min_freq of cpu 14: 0.80 GHz
Frequency of cpu 15: 3.60 GHz
Governor of cpu 15: performance
Scaling_min_freq of cpu 15: 0.80 GHz
--------------------------------------------------------------------------------
IMPORTANT NOTICE:  This is NOT a release build of the DaCapo suite.
Since it is not an official release of the DaCapo suite, care must be taken when
using the suite, and any use of the build must be sure to note that it is not an
offical release, and should note the relevant git hash.

Feedback is greatly appreciated.   The preferred mode of feedback is via github.
Please use our github page to create an issue or a pull request.
    https://github.com/dacapobench/dacapobench.
--------------------------------------------------------------------------------

Using scaled threading model. 16 processors detected, 16 threads used to drive the workload, in a possible range of [1,unlimited]
Version: graphchi 0.2.2
Nominal stats: NAL: 1212, NAS: 0, NEF: 12, NET: 5, NEW: 1, NGF: 5071, NMH: 193, NML: 0, NMR: 1534, NMS: 3, NMT: 36, NOA: 97, NOL: 96, NOM: 24, NOS: 16, NPF: 23, NUB: 8, NUC: 1
===== DaCapo evaluation-git-0d047f55 graphchi starting warmup 1 =====
Found shards -- no need to preprocess
Set latent factor dimension to: 20
Initializing latent factors for 285050 vertices
Creating 1 blocks
Total edges: 1000000
5700980 elements, check: 3
===== DaCapo evaluation-git-0d047f55 graphchi completed warmup 1 in 26401 msec =====
===== DaCapo evaluation-git-0d047f55 graphchi starting warmup 2 =====
Found shards -- no need to preprocess
Set latent factor dimension to: 20
Initializing latent factors for 285050 vertices
Creating 1 blocks
Total edges: 1000000
5700980 elements, check: 3
===== DaCapo evaluation-git-0d047f55 graphchi completed warmup 2 in 21740 msec =====
===== DaCapo evaluation-git-0d047f55 graphchi starting warmup 3 =====
Found shards -- no need to preprocess
Set latent factor dimension to: 20
Initializing latent factors for 285050 vertices
Creating 1 blocks
Total edges: 1000000
5700980 elements, check: 3
===== DaCapo evaluation-git-0d047f55 graphchi completed warmup 3 in 21828 msec =====
===== DaCapo evaluation-git-0d047f55 graphchi starting warmup 4 =====
Found shards -- no need to preprocess
Set latent factor dimension to: 20
Initializing latent factors for 285050 vertices
Creating 1 blocks
Total edges: 1000000
5700980 elements, check: 3
===== DaCapo evaluation-git-0d047f55 graphchi completed warmup 4 in 21614 msec =====
===== DaCapo evaluation-git-0d047f55 graphchi starting =====
Found shards -- no need to preprocess
Set latent factor dimension to: 20
Initializing latent factors for 285050 vertices
Creating 1 blocks
Total edges: 1000000
5700980 elements, check: 3
============================ MMTk Statistics Totals ============================
GC	time.other	time.stw	total-work.time.min	total-work.time.total	total-work.time.max	total-work.count	
94	19335.37	2301.51	inf	0.000	-inf	0	
Total time: 21636.88 ms
------------------------------ End MMTk Statistics -----------------------------
===== DaCapo evaluation-git-0d047f55 graphchi PASSED in 21637 msec =====
*****
Attaching 4 probes...
^C

@processedgestime: 2105422490
@startprocessedges: 112749742417694
@stats_enabled: 0

-----
mkdir -p PLOTTY_WORKAROUND; timedrun; MMTK_PLAN=Immix MMTK_THREADS=1 MMTK_STRESS_FACTOR=134217728 setarch x86_64 -R /home/claireh/builds/process_edges_scalability/bin/java -XX:MetaspaceSize=500M -XX:+DisableExplicitGC -server -XX:-TieredCompilation -Xcomp -XX:+UseThirdPartyHeap -Djava.library.path=/home/claireh/probes/out -Dprobes=RustMMTk -Xms10G -Xmx10G --add-exports java.base/jdk.internal.ref=ALL-UNNAMED -cp /usr/share/benchmarks/dacapo/dacapo-evaluation-git-0d047f55.jar:/home/claireh/probes/out:/home/claireh/probes/out/probes.jar Harness -c probe.DacapoChopinCallback -n 5 -s default graphchi
running-ng v0.3.6
Tue Feb 14 10:15:12 AM UTC 2023

 10:15:12 up 1 day,  7:27,  1 user,  load average: 1.84, 2.24, 1.78
USER     TTY      FROM             LOGIN@   IDLE   JCPU   PCPU WHAT
claireh  pts/1    tmux(20958).%0   Mon11    5:07m  0.95s  0.00s /bin/sh -c w

procs -----------memory---------- ---swap-- -----io---- -system-- ------cpu-----
 r  b   swpd   free   buff  cache   si   so    bi    bo   in   cs us sy id wa st
 0  0      0 124997536 781172 5653988    0    0     5    84   22   19  2  0 98  0  0
 0  0      0 124997536 781172 5653988    0    0     0     0   74   38  0  0 100  0  0

top - 10:15:14 up 1 day,  7:27,  1 user,  load average: 1.84, 2.24, 1.78
Tasks: 236 total,   1 running, 235 sleeping,   0 stopped,   0 zombie
%Cpu(s):  0.0 us,  0.4 sy,  0.0 ni, 99.6 id,  0.0 wa,  0.0 hi,  0.0 si,  0.0 st
MiB Mem : 128684.0 total, 122066.9 free,    332.8 used,   6284.3 buff/cache
MiB Swap:  32768.0 total,  32768.0 free,      0.0 used. 127106.1 avail Mem 

    PID USER      PR  NI    VIRT    RES    SHR S  %CPU  %MEM     TIME+ COMMAND
      1 root      20   0  165912  11400   8284 S   0.0   0.0   0:01.67 /sbin/init
      2 root      20   0       0      0      0 S   0.0   0.0   0:00.01 [kthreadd]
      3 root       0 -20       0      0      0 I   0.0   0.0   0:00.00 [rcu_gp]
      4 root       0 -20       0      0      0 I   0.0   0.0   0:00.00 [rcu_par_gp]
      5 root       0 -20       0      0      0 I   0.0   0.0   0:00.00 [slub_flushwq]

Environment variables: 
	DBUS_SESSION_BUS_ADDRESS=unix:path=/run/user/1239/bus
	HOME=/home/claireh
	LANG=en_US.UTF-8
	LOGNAME=claireh
	MOTD_SHOWN=pam
	PATH=/usr/local/sbin:/usr/local/bin:/usr/sbin:/usr/bin:/sbin:/bin:/usr/games:/usr/local/games:/snap/bin:/home/claireh/.local/bin:/home/claireh/.local/bin:/home/claireh/.local/bin
	PWD=/home/claireh
	RUNNING_NG_PACKAGE_DATA=/usr/local/lib/python3.10/dist-packages/running/config
	SHELL=/bin/bash
	SHLVL=2
	SSH_CLIENT=10.0.0.2 48820 22
	SSH_CONNECTION=10.0.0.2 48820 10.0.0.67 22
	SSH_TTY=/dev/pts/0
	TERM=screen
	TERM_PROGRAM=tmux
	TERM_PROGRAM_VERSION=3.2a
	TMUX=/tmp/tmux-1239/default,20958,0
	TMUX_PANE=%0
	USER=claireh
	XDG_RUNTIME_DIR=/run/user/1239
	XDG_SESSION_CLASS=user
	XDG_SESSION_ID=12
	XDG_SESSION_TYPE=tty
	_=/usr/local/bin/running
OS: Linux shrew 5.15.0-58-generic #64-Ubuntu SMP Thu Jan 5 11:43:13 UTC 2023 x86_64 x86_64 x86_64 GNU/Linux
CPU: model name	: Intel(R) Core(TM) i9-9900K CPU @ 3.60GHz
number of cores: 16
Frequency of cpu 0: 3.60 GHz
Governor of cpu 0: performance
Scaling_min_freq of cpu 0: 0.80 GHz
Frequency of cpu 1: 3.57 GHz
Governor of cpu 1: performance
Scaling_min_freq of cpu 1: 0.80 GHz
Frequency of cpu 2: 3.60 GHz
Governor of cpu 2: performance
Scaling_min_freq of cpu 2: 0.80 GHz
Frequency of cpu 3: 3.60 GHz
Governor of cpu 3: performance
Scaling_min_freq of cpu 3: 0.80 GHz
Frequency of cpu 4: 3.55 GHz
Governor of cpu 4: performance
Scaling_min_freq of cpu 4: 0.80 GHz
Frequency of cpu 5: 3.60 GHz
Governor of cpu 5: performance
Scaling_min_freq of cpu 5: 0.80 GHz
Frequency of cpu 6: 3.60 GHz
Governor of cpu 6: performance
Scaling_min_freq of cpu 6: 0.80 GHz
Frequency of cpu 7: 3.60 GHz
Governor of cpu 7: performance
Scaling_min_freq of cpu 7: 0.80 GHz
Frequency of cpu 8: 2.22 GHz
Governor of cpu 8: performance
Scaling_min_freq of cpu 8: 0.80 GHz
Frequency of cpu 9: 3.60 GHz
Governor of cpu 9: performance
Scaling_min_freq of cpu 9: 0.80 GHz
Frequency of cpu 10: 3.53 GHz
Governor of cpu 10: performance
Scaling_min_freq of cpu 10: 0.80 GHz
Frequency of cpu 11: 3.46 GHz
Governor of cpu 11: performance
Scaling_min_freq of cpu 11: 0.80 GHz
Frequency of cpu 12: 3.60 GHz
Governor of cpu 12: performance
Scaling_min_freq of cpu 12: 0.80 GHz
Frequency of cpu 13: 3.60 GHz
Governor of cpu 13: performance
Scaling_min_freq of cpu 13: 0.80 GHz
Frequency of cpu 14: 3.60 GHz
Governor of cpu 14: performance
Scaling_min_freq of cpu 14: 0.80 GHz
Frequency of cpu 15: 3.56 GHz
Governor of cpu 15: performance
Scaling_min_freq of cpu 15: 0.80 GHz
--------------------------------------------------------------------------------
IMPORTANT NOTICE:  This is NOT a release build of the DaCapo suite.
Since it is not an official release of the DaCapo suite, care must be taken when
using the suite, and any use of the build must be sure to note that it is not an
offical release, and should note the relevant git hash.

Feedback is greatly appreciated.   The preferred mode of feedback is via github.
Please use our github page to create an issue or a pull request.
    https://github.com/dacapobench/dacapobench.
--------------------------------------------------------------------------------

Using scaled threading model. 16 processors detected, 16 threads used to drive the workload, in a possible range of [1,unlimited]
Version: graphchi 0.2.2
Nominal stats: NAL: 1212, NAS: 0, NEF: 12, NET: 5, NEW: 1, NGF: 5071, NMH: 193, NML: 0, NMR: 1534, NMS: 3, NMT: 36, NOA: 97, NOL: 96, NOM: 24, NOS: 16, NPF: 23, NUB: 8, NUC: 1
===== DaCapo evaluation-git-0d047f55 graphchi starting warmup 1 =====
Found shards -- no need to preprocess
Set latent factor dimension to: 20
Initializing latent factors for 285050 vertices
Creating 1 blocks
Total edges: 1000000
5700980 elements, check: 3
===== DaCapo evaluation-git-0d047f55 graphchi completed warmup 1 in 26455 msec =====
===== DaCapo evaluation-git-0d047f55 graphchi starting warmup 2 =====
Found shards -- no need to preprocess
Set latent factor dimension to: 20
Initializing latent factors for 285050 vertices
Creating 1 blocks
Total edges: 1000000
5700980 elements, check: 3
===== DaCapo evaluation-git-0d047f55 graphchi completed warmup 2 in 21823 msec =====
===== DaCapo evaluation-git-0d047f55 graphchi starting warmup 3 =====
Found shards -- no need to preprocess
Set latent factor dimension to: 20
Initializing latent factors for 285050 vertices
Creating 1 blocks
Total edges: 1000000
5700980 elements, check: 3
===== DaCapo evaluation-git-0d047f55 graphchi completed warmup 3 in 21944 msec =====
===== DaCapo evaluation-git-0d047f55 graphchi starting warmup 4 =====
Found shards -- no need to preprocess
Set latent factor dimension to: 20
Initializing latent factors for 285050 vertices
Creating 1 blocks
Total edges: 1000000
5700980 elements, check: 3
===== DaCapo evaluation-git-0d047f55 graphchi completed warmup 4 in 21657 msec =====
===== DaCapo evaluation-git-0d047f55 graphchi starting =====
Found shards -- no need to preprocess
Set latent factor dimension to: 20
Initializing latent factors for 285050 vertices
Creating 1 blocks
Total edges: 1000000
5700980 elements, check: 3
============================ MMTk Statistics Totals ============================
GC	time.other	time.stw	total-work.time.total	total-work.time.max	total-work.time.min	total-work.count	
94	19298.40	2416.29	0.000	-inf	inf	0	
Total time: 21714.70 ms
------------------------------ End MMTk Statistics -----------------------------
===== DaCapo evaluation-git-0d047f55 graphchi PASSED in 21715 msec =====
*****
Attaching 4 probes...
^C

@processedgestime: 2214085334
@startprocessedges: 113400424686602
@stats_enabled: 0

-----
mkdir -p PLOTTY_WORKAROUND; timedrun; MMTK_PLAN=Immix MMTK_THREADS=1 MMTK_STRESS_FACTOR=134217728 setarch x86_64 -R /home/claireh/builds/process_edges_scalability/bin/java -XX:MetaspaceSize=500M -XX:+DisableExplicitGC -server -XX:-TieredCompilation -Xcomp -XX:+UseThirdPartyHeap -Djava.library.path=/home/claireh/probes/out -Dprobes=RustMMTk -Xms10G -Xmx10G --add-exports java.base/jdk.internal.ref=ALL-UNNAMED -cp /usr/share/benchmarks/dacapo/dacapo-evaluation-git-0d047f55.jar:/home/claireh/probes/out:/home/claireh/probes/out/probes.jar Harness -c probe.DacapoChopinCallback -n 5 -s default graphchi
running-ng v0.3.6
Tue Feb 14 10:26:02 AM UTC 2023

 10:26:02 up 1 day,  7:38,  1 user,  load average: 4.88, 3.86, 2.86
USER     TTY      FROM             LOGIN@   IDLE   JCPU   PCPU WHAT
claireh  pts/1    tmux(20958).%0   Mon11    5:18m  1.02s  0.00s /bin/sh -c w

procs -----------memory---------- ---swap-- -----io---- -system-- ------cpu-----
 r  b   swpd   free   buff  cache   si   so    bi    bo   in   cs us sy id wa st
 0  0      0 124986464 781592 5654064    0    0     5    84   22   19  2  0 98  0  0
 0  0      0 124986208 781592 5654064    0    0     0     0   76   42  0  0 100  0  0

top - 10:26:03 up 1 day,  7:38,  1 user,  load average: 4.88, 3.86, 2.86
Tasks: 236 total,   1 running, 235 sleeping,   0 stopped,   0 zombie
%Cpu(s):  0.0 us,  0.0 sy,  0.0 ni,100.0 id,  0.0 wa,  0.0 hi,  0.0 si,  0.0 st
MiB Mem : 128684.0 total, 122056.1 free,    343.1 used,   6284.8 buff/cache
MiB Swap:  32768.0 total,  32768.0 free,      0.0 used. 127095.8 avail Mem 

    PID USER      PR  NI    VIRT    RES    SHR S  %CPU  %MEM     TIME+ COMMAND
      1 root      20   0  165912  11400   8284 S   0.0   0.0   0:01.68 /sbin/init
      2 root      20   0       0      0      0 S   0.0   0.0   0:00.01 [kthreadd]
      3 root       0 -20       0      0      0 I   0.0   0.0   0:00.00 [rcu_gp]
      4 root       0 -20       0      0      0 I   0.0   0.0   0:00.00 [rcu_par_gp]
      5 root       0 -20       0      0      0 I   0.0   0.0   0:00.00 [slub_flushwq]

Environment variables: 
	DBUS_SESSION_BUS_ADDRESS=unix:path=/run/user/1239/bus
	HOME=/home/claireh
	LANG=en_US.UTF-8
	LOGNAME=claireh
	MOTD_SHOWN=pam
	PATH=/usr/local/sbin:/usr/local/bin:/usr/sbin:/usr/bin:/sbin:/bin:/usr/games:/usr/local/games:/snap/bin:/home/claireh/.local/bin:/home/claireh/.local/bin:/home/claireh/.local/bin
	PWD=/home/claireh
	RUNNING_NG_PACKAGE_DATA=/usr/local/lib/python3.10/dist-packages/running/config
	SHELL=/bin/bash
	SHLVL=2
	SSH_CLIENT=10.0.0.2 48820 22
	SSH_CONNECTION=10.0.0.2 48820 10.0.0.67 22
	SSH_TTY=/dev/pts/0
	TERM=screen
	TERM_PROGRAM=tmux
	TERM_PROGRAM_VERSION=3.2a
	TMUX=/tmp/tmux-1239/default,20958,0
	TMUX_PANE=%0
	USER=claireh
	XDG_RUNTIME_DIR=/run/user/1239
	XDG_SESSION_CLASS=user
	XDG_SESSION_ID=12
	XDG_SESSION_TYPE=tty
	_=/usr/local/bin/running
OS: Linux shrew 5.15.0-58-generic #64-Ubuntu SMP Thu Jan 5 11:43:13 UTC 2023 x86_64 x86_64 x86_64 GNU/Linux
CPU: model name	: Intel(R) Core(TM) i9-9900K CPU @ 3.60GHz
number of cores: 16
Frequency of cpu 0: 2.34 GHz
Governor of cpu 0: performance
Scaling_min_freq of cpu 0: 0.80 GHz
Frequency of cpu 1: 3.60 GHz
Governor of cpu 1: performance
Scaling_min_freq of cpu 1: 0.80 GHz
Frequency of cpu 2: 3.52 GHz
Governor of cpu 2: performance
Scaling_min_freq of cpu 2: 0.80 GHz
Frequency of cpu 3: 3.60 GHz
Governor of cpu 3: performance
Scaling_min_freq of cpu 3: 0.80 GHz
Frequency of cpu 4: 3.60 GHz
Governor of cpu 4: performance
Scaling_min_freq of cpu 4: 0.80 GHz
Frequency of cpu 5: 3.60 GHz
Governor of cpu 5: performance
Scaling_min_freq of cpu 5: 0.80 GHz
Frequency of cpu 6: 3.60 GHz
Governor of cpu 6: performance
Scaling_min_freq of cpu 6: 0.80 GHz
Frequency of cpu 7: 3.60 GHz
Governor of cpu 7: performance
Scaling_min_freq of cpu 7: 0.80 GHz
Frequency of cpu 8: 3.60 GHz
Governor of cpu 8: performance
Scaling_min_freq of cpu 8: 0.80 GHz
Frequency of cpu 9: 2.14 GHz
Governor of cpu 9: performance
Scaling_min_freq of cpu 9: 0.80 GHz
Frequency of cpu 10: 3.60 GHz
Governor of cpu 10: performance
Scaling_min_freq of cpu 10: 0.80 GHz
Frequency of cpu 11: 3.60 GHz
Governor of cpu 11: performance
Scaling_min_freq of cpu 11: 0.80 GHz
Frequency of cpu 12: 3.55 GHz
Governor of cpu 12: performance
Scaling_min_freq of cpu 12: 0.80 GHz
Frequency of cpu 13: 3.50 GHz
Governor of cpu 13: performance
Scaling_min_freq of cpu 13: 0.80 GHz
Frequency of cpu 14: 3.48 GHz
Governor of cpu 14: performance
Scaling_min_freq of cpu 14: 0.80 GHz
Frequency of cpu 15: 3.54 GHz
Governor of cpu 15: performance
Scaling_min_freq of cpu 15: 0.80 GHz
--------------------------------------------------------------------------------
IMPORTANT NOTICE:  This is NOT a release build of the DaCapo suite.
Since it is not an official release of the DaCapo suite, care must be taken when
using the suite, and any use of the build must be sure to note that it is not an
offical release, and should note the relevant git hash.

Feedback is greatly appreciated.   The preferred mode of feedback is via github.
Please use our github page to create an issue or a pull request.
    https://github.com/dacapobench/dacapobench.
--------------------------------------------------------------------------------

Using scaled threading model. 16 processors detected, 16 threads used to drive the workload, in a possible range of [1,unlimited]
Version: graphchi 0.2.2
Nominal stats: NAL: 1212, NAS: 0, NEF: 12, NET: 5, NEW: 1, NGF: 5071, NMH: 193, NML: 0, NMR: 1534, NMS: 3, NMT: 36, NOA: 97, NOL: 96, NOM: 24, NOS: 16, NPF: 23, NUB: 8, NUC: 1
===== DaCapo evaluation-git-0d047f55 graphchi starting warmup 1 =====
Found shards -- no need to preprocess
Set latent factor dimension to: 20
Initializing latent factors for 285050 vertices
Creating 1 blocks
Total edges: 1000000
5700980 elements, check: 3
===== DaCapo evaluation-git-0d047f55 graphchi completed warmup 1 in 26762 msec =====
===== DaCapo evaluation-git-0d047f55 graphchi starting warmup 2 =====
Found shards -- no need to preprocess
Set latent factor dimension to: 20
Initializing latent factors for 285050 vertices
Creating 1 blocks
Total edges: 1000000
5700980 elements, check: 3
===== DaCapo evaluation-git-0d047f55 graphchi completed warmup 2 in 22166 msec =====
===== DaCapo evaluation-git-0d047f55 graphchi starting warmup 3 =====
Found shards -- no need to preprocess
Set latent factor dimension to: 20
Initializing latent factors for 285050 vertices
Creating 1 blocks
Total edges: 1000000
5700980 elements, check: 3
===== DaCapo evaluation-git-0d047f55 graphchi completed warmup 3 in 22231 msec =====
===== DaCapo evaluation-git-0d047f55 graphchi starting warmup 4 =====
Found shards -- no need to preprocess
Set latent factor dimension to: 20
Initializing latent factors for 285050 vertices
Creating 1 blocks
Total edges: 1000000
5700980 elements, check: 3
===== DaCapo evaluation-git-0d047f55 graphchi completed warmup 4 in 21968 msec =====
===== DaCapo evaluation-git-0d047f55 graphchi starting =====
Found shards -- no need to preprocess
Set latent factor dimension to: 20
Initializing latent factors for 285050 vertices
Creating 1 blocks
Total edges: 1000000
5700980 elements, check: 3
============================ MMTk Statistics Totals ============================
GC	time.other	time.stw	total-work.time.max	total-work.time.total	total-work.time.min	total-work.count	
94	19629.69	2386.33	-inf	0.000	inf	0	
Total time: 22016.02 ms
------------------------------ End MMTk Statistics -----------------------------
===== DaCapo evaluation-git-0d047f55 graphchi PASSED in 22016 msec =====
*****
Attaching 4 probes...
^C

@processedgestime: 2181353784
@startprocessedges: 114052168864435
@stats_enabled: 0

-----
mkdir -p PLOTTY_WORKAROUND; timedrun; MMTK_PLAN=Immix MMTK_THREADS=1 MMTK_STRESS_FACTOR=134217728 setarch x86_64 -R /home/claireh/builds/process_edges_scalability/bin/java -XX:MetaspaceSize=500M -XX:+DisableExplicitGC -server -XX:-TieredCompilation -Xcomp -XX:+UseThirdPartyHeap -Djava.library.path=/home/claireh/probes/out -Dprobes=RustMMTk -Xms10G -Xmx10G --add-exports java.base/jdk.internal.ref=ALL-UNNAMED -cp /usr/share/benchmarks/dacapo/dacapo-evaluation-git-0d047f55.jar:/home/claireh/probes/out:/home/claireh/probes/out/probes.jar Harness -c probe.DacapoChopinCallback -n 5 -s default graphchi
running-ng v0.3.6
Tue Feb 14 10:36:56 AM UTC 2023

 10:36:56 up 1 day,  7:49,  1 user,  load average: 2.24, 3.15, 3.01
USER     TTY      FROM             LOGIN@   IDLE   JCPU   PCPU WHAT
claireh  pts/1    tmux(20958).%0   Mon11    5:29m  1.10s  0.00s /bin/sh -c w

procs -----------memory---------- ---swap-- -----io---- -system-- ------cpu-----
 r  b   swpd   free   buff  cache   si   so    bi    bo   in   cs us sy id wa st
 0  0      0 124989992 781988 5654240    0    0     5    83   23   19  2  0 98  0  0
 0  0      0 124989840 781988 5654200    0    0     0     0   66   64  0  0 100  0  0

top - 10:36:57 up 1 day,  7:49,  1 user,  load average: 2.24, 3.15, 3.01
Tasks: 233 total,   1 running, 232 sleeping,   0 stopped,   0 zombie
%Cpu(s):  0.4 us,  0.0 sy,  0.0 ni, 99.6 id,  0.0 wa,  0.0 hi,  0.0 si,  0.0 st
MiB Mem : 128684.0 total, 122059.7 free,    339.0 used,   6285.3 buff/cache
MiB Swap:  32768.0 total,  32768.0 free,      0.0 used. 127099.9 avail Mem 

    PID USER      PR  NI    VIRT    RES    SHR S  %CPU  %MEM     TIME+ COMMAND
      1 root      20   0  165912  11400   8284 S   0.0   0.0   0:01.68 /sbin/init
      2 root      20   0       0      0      0 S   0.0   0.0   0:00.01 [kthreadd]
      3 root       0 -20       0      0      0 I   0.0   0.0   0:00.00 [rcu_gp]
      4 root       0 -20       0      0      0 I   0.0   0.0   0:00.00 [rcu_par_gp]
      5 root       0 -20       0      0      0 I   0.0   0.0   0:00.00 [slub_flushwq]

Environment variables: 
	DBUS_SESSION_BUS_ADDRESS=unix:path=/run/user/1239/bus
	HOME=/home/claireh
	LANG=en_US.UTF-8
	LOGNAME=claireh
	MOTD_SHOWN=pam
	PATH=/usr/local/sbin:/usr/local/bin:/usr/sbin:/usr/bin:/sbin:/bin:/usr/games:/usr/local/games:/snap/bin:/home/claireh/.local/bin:/home/claireh/.local/bin:/home/claireh/.local/bin
	PWD=/home/claireh
	RUNNING_NG_PACKAGE_DATA=/usr/local/lib/python3.10/dist-packages/running/config
	SHELL=/bin/bash
	SHLVL=2
	SSH_CLIENT=10.0.0.2 48820 22
	SSH_CONNECTION=10.0.0.2 48820 10.0.0.67 22
	SSH_TTY=/dev/pts/0
	TERM=screen
	TERM_PROGRAM=tmux
	TERM_PROGRAM_VERSION=3.2a
	TMUX=/tmp/tmux-1239/default,20958,0
	TMUX_PANE=%0
	USER=claireh
	XDG_RUNTIME_DIR=/run/user/1239
	XDG_SESSION_CLASS=user
	XDG_SESSION_ID=12
	XDG_SESSION_TYPE=tty
	_=/usr/local/bin/running
OS: Linux shrew 5.15.0-58-generic #64-Ubuntu SMP Thu Jan 5 11:43:13 UTC 2023 x86_64 x86_64 x86_64 GNU/Linux
CPU: model name	: Intel(R) Core(TM) i9-9900K CPU @ 3.60GHz
number of cores: 16
Frequency of cpu 0: 3.60 GHz
Governor of cpu 0: performance
Scaling_min_freq of cpu 0: 0.80 GHz
Frequency of cpu 1: 3.60 GHz
Governor of cpu 1: performance
Scaling_min_freq of cpu 1: 0.80 GHz
Frequency of cpu 2: 3.60 GHz
Governor of cpu 2: performance
Scaling_min_freq of cpu 2: 0.80 GHz
Frequency of cpu 3: 3.60 GHz
Governor of cpu 3: performance
Scaling_min_freq of cpu 3: 0.80 GHz
Frequency of cpu 4: 3.51 GHz
Governor of cpu 4: performance
Scaling_min_freq of cpu 4: 0.80 GHz
Frequency of cpu 5: 3.60 GHz
Governor of cpu 5: performance
Scaling_min_freq of cpu 5: 0.80 GHz
Frequency of cpu 6: 3.60 GHz
Governor of cpu 6: performance
Scaling_min_freq of cpu 6: 0.80 GHz
Frequency of cpu 7: 2.26 GHz
Governor of cpu 7: performance
Scaling_min_freq of cpu 7: 0.80 GHz
Frequency of cpu 8: 2.19 GHz
Governor of cpu 8: performance
Scaling_min_freq of cpu 8: 0.80 GHz
Frequency of cpu 9: 3.60 GHz
Governor of cpu 9: performance
Scaling_min_freq of cpu 9: 0.80 GHz
Frequency of cpu 10: 3.53 GHz
Governor of cpu 10: performance
Scaling_min_freq of cpu 10: 0.80 GHz
Frequency of cpu 11: 3.48 GHz
Governor of cpu 11: performance
Scaling_min_freq of cpu 11: 0.80 GHz
Frequency of cpu 12: 3.60 GHz
Governor of cpu 12: performance
Scaling_min_freq of cpu 12: 0.80 GHz
Frequency of cpu 13: 3.60 GHz
Governor of cpu 13: performance
Scaling_min_freq of cpu 13: 0.80 GHz
Frequency of cpu 14: 2.34 GHz
Governor of cpu 14: performance
Scaling_min_freq of cpu 14: 0.80 GHz
Frequency of cpu 15: 2.20 GHz
Governor of cpu 15: performance
Scaling_min_freq of cpu 15: 0.80 GHz
--------------------------------------------------------------------------------
IMPORTANT NOTICE:  This is NOT a release build of the DaCapo suite.
Since it is not an official release of the DaCapo suite, care must be taken when
using the suite, and any use of the build must be sure to note that it is not an
offical release, and should note the relevant git hash.

Feedback is greatly appreciated.   The preferred mode of feedback is via github.
Please use our github page to create an issue or a pull request.
    https://github.com/dacapobench/dacapobench.
--------------------------------------------------------------------------------

Using scaled threading model. 16 processors detected, 16 threads used to drive the workload, in a possible range of [1,unlimited]
Version: graphchi 0.2.2
Nominal stats: NAL: 1212, NAS: 0, NEF: 12, NET: 5, NEW: 1, NGF: 5071, NMH: 193, NML: 0, NMR: 1534, NMS: 3, NMT: 36, NOA: 97, NOL: 96, NOM: 24, NOS: 16, NPF: 23, NUB: 8, NUC: 1
===== DaCapo evaluation-git-0d047f55 graphchi starting warmup 1 =====
Found shards -- no need to preprocess
Set latent factor dimension to: 20
Initializing latent factors for 285050 vertices
Creating 1 blocks
Total edges: 1000000
5700980 elements, check: 3
===== DaCapo evaluation-git-0d047f55 graphchi completed warmup 1 in 26457 msec =====
===== DaCapo evaluation-git-0d047f55 graphchi starting warmup 2 =====
Found shards -- no need to preprocess
Set latent factor dimension to: 20
Initializing latent factors for 285050 vertices
Creating 1 blocks
Total edges: 1000000
5700980 elements, check: 3
===== DaCapo evaluation-git-0d047f55 graphchi completed warmup 2 in 21790 msec =====
===== DaCapo evaluation-git-0d047f55 graphchi starting warmup 3 =====
Found shards -- no need to preprocess
Set latent factor dimension to: 20
Initializing latent factors for 285050 vertices
Creating 1 blocks
Total edges: 1000000
5700980 elements, check: 3
===== DaCapo evaluation-git-0d047f55 graphchi completed warmup 3 in 21827 msec =====
===== DaCapo evaluation-git-0d047f55 graphchi starting warmup 4 =====
Found shards -- no need to preprocess
Set latent factor dimension to: 20
Initializing latent factors for 285050 vertices
Creating 1 blocks
Total edges: 1000000
5700980 elements, check: 3
===== DaCapo evaluation-git-0d047f55 graphchi completed warmup 4 in 21737 msec =====
===== DaCapo evaluation-git-0d047f55 graphchi starting =====
Found shards -- no need to preprocess
Set latent factor dimension to: 20
Initializing latent factors for 285050 vertices
Creating 1 blocks
Total edges: 1000000
5700980 elements, check: 3
============================ MMTk Statistics Totals ============================
GC	time.other	time.stw	total-work.time.total	total-work.time.min	total-work.time.max	total-work.count	
94	19245.92	2392.65	0.000	inf	-inf	0	
Total time: 21638.57 ms
------------------------------ End MMTk Statistics -----------------------------
===== DaCapo evaluation-git-0d047f55 graphchi PASSED in 21638 msec =====
*****
Attaching 4 probes...
^C

@processedgestime: 2187856114
@startprocessedges: 114703860504975
@stats_enabled: 0

-----
mkdir -p PLOTTY_WORKAROUND; timedrun; MMTK_PLAN=Immix MMTK_THREADS=1 MMTK_STRESS_FACTOR=134217728 setarch x86_64 -R /home/claireh/builds/process_edges_scalability/bin/java -XX:MetaspaceSize=500M -XX:+DisableExplicitGC -server -XX:-TieredCompilation -Xcomp -XX:+UseThirdPartyHeap -Djava.library.path=/home/claireh/probes/out -Dprobes=RustMMTk -Xms10G -Xmx10G --add-exports java.base/jdk.internal.ref=ALL-UNNAMED -cp /usr/share/benchmarks/dacapo/dacapo-evaluation-git-0d047f55.jar:/home/claireh/probes/out:/home/claireh/probes/out/probes.jar Harness -c probe.DacapoChopinCallback -n 5 -s default graphchi
running-ng v0.3.6
Tue Feb 14 10:47:45 AM UTC 2023

 10:47:45 up 1 day,  8:00,  1 user,  load average: 4.33, 3.03, 2.92
USER     TTY      FROM             LOGIN@   IDLE   JCPU   PCPU WHAT
claireh  pts/1    tmux(20958).%0   Mon11    5:40m  1.17s  0.00s /bin/sh -c w

procs -----------memory---------- ---swap-- -----io---- -system-- ------cpu-----
 r  b   swpd   free   buff  cache   si   so    bi    bo   in   cs us sy id wa st
 0  0      0 124975872 782408 5654248    0    0     5    83   23   19  2  0 97  0  0
 0  0      0 124975616 782408 5654248    0    0     0     0  129   80  0  0 100  0  0

top - 10:47:47 up 1 day,  8:00,  1 user,  load average: 4.33, 3.03, 2.92
Tasks: 236 total,   1 running, 235 sleeping,   0 stopped,   0 zombie
%Cpu(s):  0.0 us,  0.4 sy,  0.0 ni, 99.6 id,  0.0 wa,  0.0 hi,  0.0 si,  0.0 st
MiB Mem : 128684.0 total, 122046.0 free,    352.2 used,   6285.8 buff/cache
MiB Swap:  32768.0 total,  32768.0 free,      0.0 used. 127086.7 avail Mem 

    PID USER      PR  NI    VIRT    RES    SHR S  %CPU  %MEM     TIME+ COMMAND
      1 root      20   0  165912  11400   8284 S   0.0   0.0   0:01.68 /sbin/init
      2 root      20   0       0      0      0 S   0.0   0.0   0:00.01 [kthreadd]
      3 root       0 -20       0      0      0 I   0.0   0.0   0:00.00 [rcu_gp]
      4 root       0 -20       0      0      0 I   0.0   0.0   0:00.00 [rcu_par_gp]
      5 root       0 -20       0      0      0 I   0.0   0.0   0:00.00 [slub_flushwq]

Environment variables: 
	DBUS_SESSION_BUS_ADDRESS=unix:path=/run/user/1239/bus
	HOME=/home/claireh
	LANG=en_US.UTF-8
	LOGNAME=claireh
	MOTD_SHOWN=pam
	PATH=/usr/local/sbin:/usr/local/bin:/usr/sbin:/usr/bin:/sbin:/bin:/usr/games:/usr/local/games:/snap/bin:/home/claireh/.local/bin:/home/claireh/.local/bin:/home/claireh/.local/bin
	PWD=/home/claireh
	RUNNING_NG_PACKAGE_DATA=/usr/local/lib/python3.10/dist-packages/running/config
	SHELL=/bin/bash
	SHLVL=2
	SSH_CLIENT=10.0.0.2 48820 22
	SSH_CONNECTION=10.0.0.2 48820 10.0.0.67 22
	SSH_TTY=/dev/pts/0
	TERM=screen
	TERM_PROGRAM=tmux
	TERM_PROGRAM_VERSION=3.2a
	TMUX=/tmp/tmux-1239/default,20958,0
	TMUX_PANE=%0
	USER=claireh
	XDG_RUNTIME_DIR=/run/user/1239
	XDG_SESSION_CLASS=user
	XDG_SESSION_ID=12
	XDG_SESSION_TYPE=tty
	_=/usr/local/bin/running
OS: Linux shrew 5.15.0-58-generic #64-Ubuntu SMP Thu Jan 5 11:43:13 UTC 2023 x86_64 x86_64 x86_64 GNU/Linux
CPU: model name	: Intel(R) Core(TM) i9-9900K CPU @ 3.60GHz
number of cores: 16
Frequency of cpu 0: 3.60 GHz
Governor of cpu 0: performance
Scaling_min_freq of cpu 0: 0.80 GHz
Frequency of cpu 1: 3.60 GHz
Governor of cpu 1: performance
Scaling_min_freq of cpu 1: 0.80 GHz
Frequency of cpu 2: 3.60 GHz
Governor of cpu 2: performance
Scaling_min_freq of cpu 2: 0.80 GHz
Frequency of cpu 3: 3.60 GHz
Governor of cpu 3: performance
Scaling_min_freq of cpu 3: 0.80 GHz
Frequency of cpu 4: 3.60 GHz
Governor of cpu 4: performance
Scaling_min_freq of cpu 4: 0.80 GHz
Frequency of cpu 5: 3.60 GHz
Governor of cpu 5: performance
Scaling_min_freq of cpu 5: 0.80 GHz
Frequency of cpu 6: 2.26 GHz
Governor of cpu 6: performance
Scaling_min_freq of cpu 6: 0.80 GHz
Frequency of cpu 7: 2.18 GHz
Governor of cpu 7: performance
Scaling_min_freq of cpu 7: 0.80 GHz
Frequency of cpu 8: 3.60 GHz
Governor of cpu 8: performance
Scaling_min_freq of cpu 8: 0.80 GHz
Frequency of cpu 9: 3.46 GHz
Governor of cpu 9: performance
Scaling_min_freq of cpu 9: 0.80 GHz
Frequency of cpu 10: 3.39 GHz
Governor of cpu 10: performance
Scaling_min_freq of cpu 10: 0.80 GHz
Frequency of cpu 11: 3.48 GHz
Governor of cpu 11: performance
Scaling_min_freq of cpu 11: 0.80 GHz
Frequency of cpu 12: 3.52 GHz
Governor of cpu 12: performance
Scaling_min_freq of cpu 12: 0.80 GHz
Frequency of cpu 13: 3.60 GHz
Governor of cpu 13: performance
Scaling_min_freq of cpu 13: 0.80 GHz
Frequency of cpu 14: 3.60 GHz
Governor of cpu 14: performance
Scaling_min_freq of cpu 14: 0.80 GHz
Frequency of cpu 15: 3.60 GHz
Governor of cpu 15: performance
Scaling_min_freq of cpu 15: 0.80 GHz
--------------------------------------------------------------------------------
IMPORTANT NOTICE:  This is NOT a release build of the DaCapo suite.
Since it is not an official release of the DaCapo suite, care must be taken when
using the suite, and any use of the build must be sure to note that it is not an
offical release, and should note the relevant git hash.

Feedback is greatly appreciated.   The preferred mode of feedback is via github.
Please use our github page to create an issue or a pull request.
    https://github.com/dacapobench/dacapobench.
--------------------------------------------------------------------------------

Using scaled threading model. 16 processors detected, 16 threads used to drive the workload, in a possible range of [1,unlimited]
Version: graphchi 0.2.2
Nominal stats: NAL: 1212, NAS: 0, NEF: 12, NET: 5, NEW: 1, NGF: 5071, NMH: 193, NML: 0, NMR: 1534, NMS: 3, NMT: 36, NOA: 97, NOL: 96, NOM: 24, NOS: 16, NPF: 23, NUB: 8, NUC: 1
===== DaCapo evaluation-git-0d047f55 graphchi starting warmup 1 =====
Found shards -- no need to preprocess
Set latent factor dimension to: 20
Initializing latent factors for 285050 vertices
Creating 1 blocks
Total edges: 1000000
5700980 elements, check: 3
===== DaCapo evaluation-git-0d047f55 graphchi completed warmup 1 in 26519 msec =====
===== DaCapo evaluation-git-0d047f55 graphchi starting warmup 2 =====
Found shards -- no need to preprocess
Set latent factor dimension to: 20
Initializing latent factors for 285050 vertices
Creating 1 blocks
Total edges: 1000000
5700980 elements, check: 3
===== DaCapo evaluation-git-0d047f55 graphchi completed warmup 2 in 21850 msec =====
===== DaCapo evaluation-git-0d047f55 graphchi starting warmup 3 =====
Found shards -- no need to preprocess
Set latent factor dimension to: 20
Initializing latent factors for 285050 vertices
Creating 1 blocks
Total edges: 1000000
5700980 elements, check: 3
===== DaCapo evaluation-git-0d047f55 graphchi completed warmup 3 in 21879 msec =====
===== DaCapo evaluation-git-0d047f55 graphchi starting warmup 4 =====
Found shards -- no need to preprocess
Set latent factor dimension to: 20
Initializing latent factors for 285050 vertices
Creating 1 blocks
Total edges: 1000000
5700980 elements, check: 3
===== DaCapo evaluation-git-0d047f55 graphchi completed warmup 4 in 21631 msec =====
===== DaCapo evaluation-git-0d047f55 graphchi starting =====
Found shards -- no need to preprocess
Set latent factor dimension to: 20
Initializing latent factors for 285050 vertices
Creating 1 blocks
Total edges: 1000000
5700980 elements, check: 3
============================ MMTk Statistics Totals ============================
GC	time.other	time.stw	total-work.count	total-work.time.total	total-work.time.min	total-work.time.max	
94	19304.90	2355.92	0	0.000	inf	-inf	
Total time: 21660.82 ms
------------------------------ End MMTk Statistics -----------------------------
===== DaCapo evaluation-git-0d047f55 graphchi PASSED in 21661 msec =====
*****
Attaching 4 probes...
^C

@processedgestime: 2158579576
@startprocessedges: 115353394336702
@stats_enabled: 0

-----
mkdir -p PLOTTY_WORKAROUND; timedrun; MMTK_PLAN=Immix MMTK_THREADS=1 MMTK_STRESS_FACTOR=134217728 setarch x86_64 -R /home/claireh/builds/process_edges_scalability/bin/java -XX:MetaspaceSize=500M -XX:+DisableExplicitGC -server -XX:-TieredCompilation -Xcomp -XX:+UseThirdPartyHeap -Djava.library.path=/home/claireh/probes/out -Dprobes=RustMMTk -Xms10G -Xmx10G --add-exports java.base/jdk.internal.ref=ALL-UNNAMED -cp /usr/share/benchmarks/dacapo/dacapo-evaluation-git-0d047f55.jar:/home/claireh/probes/out:/home/claireh/probes/out/probes.jar Harness -c probe.DacapoChopinCallback -n 5 -s default graphchi
running-ng v0.3.6
Tue Feb 14 10:58:35 AM UTC 2023

 10:58:35 up 1 day,  8:11,  1 user,  load average: 4.77, 3.90, 3.40
USER     TTY      FROM             LOGIN@   IDLE   JCPU   PCPU WHAT
claireh  pts/1    tmux(20958).%0   Mon11    5:51m  1.25s  0.00s /bin/sh -c w

procs -----------memory---------- ---swap-- -----io---- -system-- ------cpu-----
 r  b   swpd   free   buff  cache   si   so    bi    bo   in   cs us sy id wa st
 0  0      0 124987296 782816 5654348    0    0     5    82   23   19  2  0 97  0  0
 0  0      0 124987048 782816 5654348    0    0     0     0   91   50  0  0 100  0  0

top - 10:58:37 up 1 day,  8:11,  1 user,  load average: 4.77, 3.90, 3.40
Tasks: 237 total,   1 running, 236 sleeping,   0 stopped,   0 zombie
%Cpu(s):  0.0 us,  0.4 sy,  0.0 ni, 99.6 id,  0.0 wa,  0.0 hi,  0.0 si,  0.0 st
MiB Mem : 128684.0 total, 122056.9 free,    340.8 used,   6286.3 buff/cache
MiB Swap:  32768.0 total,  32768.0 free,      0.0 used. 127098.1 avail Mem 

    PID USER      PR  NI    VIRT    RES    SHR S  %CPU  %MEM     TIME+ COMMAND
      1 root      20   0  165912  11400   8284 S   0.0   0.0   0:01.68 /sbin/init
      2 root      20   0       0      0      0 S   0.0   0.0   0:00.01 [kthreadd]
      3 root       0 -20       0      0      0 I   0.0   0.0   0:00.00 [rcu_gp]
      4 root       0 -20       0      0      0 I   0.0   0.0   0:00.00 [rcu_par_gp]
      5 root       0 -20       0      0      0 I   0.0   0.0   0:00.00 [slub_flushwq]

Environment variables: 
	DBUS_SESSION_BUS_ADDRESS=unix:path=/run/user/1239/bus
	HOME=/home/claireh
	LANG=en_US.UTF-8
	LOGNAME=claireh
	MOTD_SHOWN=pam
	PATH=/usr/local/sbin:/usr/local/bin:/usr/sbin:/usr/bin:/sbin:/bin:/usr/games:/usr/local/games:/snap/bin:/home/claireh/.local/bin:/home/claireh/.local/bin:/home/claireh/.local/bin
	PWD=/home/claireh
	RUNNING_NG_PACKAGE_DATA=/usr/local/lib/python3.10/dist-packages/running/config
	SHELL=/bin/bash
	SHLVL=2
	SSH_CLIENT=10.0.0.2 48820 22
	SSH_CONNECTION=10.0.0.2 48820 10.0.0.67 22
	SSH_TTY=/dev/pts/0
	TERM=screen
	TERM_PROGRAM=tmux
	TERM_PROGRAM_VERSION=3.2a
	TMUX=/tmp/tmux-1239/default,20958,0
	TMUX_PANE=%0
	USER=claireh
	XDG_RUNTIME_DIR=/run/user/1239
	XDG_SESSION_CLASS=user
	XDG_SESSION_ID=12
	XDG_SESSION_TYPE=tty
	_=/usr/local/bin/running
OS: Linux shrew 5.15.0-58-generic #64-Ubuntu SMP Thu Jan 5 11:43:13 UTC 2023 x86_64 x86_64 x86_64 GNU/Linux
CPU: model name	: Intel(R) Core(TM) i9-9900K CPU @ 3.60GHz
number of cores: 16
Frequency of cpu 0: 3.60 GHz
Governor of cpu 0: performance
Scaling_min_freq of cpu 0: 0.80 GHz
Frequency of cpu 1: 3.60 GHz
Governor of cpu 1: performance
Scaling_min_freq of cpu 1: 0.80 GHz
Frequency of cpu 2: 3.60 GHz
Governor of cpu 2: performance
Scaling_min_freq of cpu 2: 0.80 GHz
Frequency of cpu 3: 2.02 GHz
Governor of cpu 3: performance
Scaling_min_freq of cpu 3: 0.80 GHz
Frequency of cpu 4: 3.60 GHz
Governor of cpu 4: performance
Scaling_min_freq of cpu 4: 0.80 GHz
Frequency of cpu 5: 3.60 GHz
Governor of cpu 5: performance
Scaling_min_freq of cpu 5: 0.80 GHz
Frequency of cpu 6: 3.60 GHz
Governor of cpu 6: performance
Scaling_min_freq of cpu 6: 0.80 GHz
Frequency of cpu 7: 3.52 GHz
Governor of cpu 7: performance
Scaling_min_freq of cpu 7: 0.80 GHz
Frequency of cpu 8: 3.60 GHz
Governor of cpu 8: performance
Scaling_min_freq of cpu 8: 0.80 GHz
Frequency of cpu 9: 3.60 GHz
Governor of cpu 9: performance
Scaling_min_freq of cpu 9: 0.80 GHz
Frequency of cpu 10: 3.60 GHz
Governor of cpu 10: performance
Scaling_min_freq of cpu 10: 0.80 GHz
Frequency of cpu 11: 2.01 GHz
Governor of cpu 11: performance
Scaling_min_freq of cpu 11: 0.80 GHz
Frequency of cpu 12: 3.55 GHz
Governor of cpu 12: performance
Scaling_min_freq of cpu 12: 0.80 GHz
Frequency of cpu 13: 3.60 GHz
Governor of cpu 13: performance
Scaling_min_freq of cpu 13: 0.80 GHz
Frequency of cpu 14: 3.54 GHz
Governor of cpu 14: performance
Scaling_min_freq of cpu 14: 0.80 GHz
Frequency of cpu 15: 3.60 GHz
Governor of cpu 15: performance
Scaling_min_freq of cpu 15: 0.80 GHz
--------------------------------------------------------------------------------
IMPORTANT NOTICE:  This is NOT a release build of the DaCapo suite.
Since it is not an official release of the DaCapo suite, care must be taken when
using the suite, and any use of the build must be sure to note that it is not an
offical release, and should note the relevant git hash.

Feedback is greatly appreciated.   The preferred mode of feedback is via github.
Please use our github page to create an issue or a pull request.
    https://github.com/dacapobench/dacapobench.
--------------------------------------------------------------------------------

Using scaled threading model. 16 processors detected, 16 threads used to drive the workload, in a possible range of [1,unlimited]
Version: graphchi 0.2.2
Nominal stats: NAL: 1212, NAS: 0, NEF: 12, NET: 5, NEW: 1, NGF: 5071, NMH: 193, NML: 0, NMR: 1534, NMS: 3, NMT: 36, NOA: 97, NOL: 96, NOM: 24, NOS: 16, NPF: 23, NUB: 8, NUC: 1
===== DaCapo evaluation-git-0d047f55 graphchi starting warmup 1 =====
Found shards -- no need to preprocess
Set latent factor dimension to: 20
Initializing latent factors for 285050 vertices
Creating 1 blocks
Total edges: 1000000
5700980 elements, check: 3
===== DaCapo evaluation-git-0d047f55 graphchi completed warmup 1 in 26390 msec =====
===== DaCapo evaluation-git-0d047f55 graphchi starting warmup 2 =====
Found shards -- no need to preprocess
Set latent factor dimension to: 20
Initializing latent factors for 285050 vertices
Creating 1 blocks
Total edges: 1000000
5700980 elements, check: 3
===== DaCapo evaluation-git-0d047f55 graphchi completed warmup 2 in 21788 msec =====
===== DaCapo evaluation-git-0d047f55 graphchi starting warmup 3 =====
Found shards -- no need to preprocess
Set latent factor dimension to: 20
Initializing latent factors for 285050 vertices
Creating 1 blocks
Total edges: 1000000
5700980 elements, check: 3
===== DaCapo evaluation-git-0d047f55 graphchi completed warmup 3 in 21873 msec =====
===== DaCapo evaluation-git-0d047f55 graphchi starting warmup 4 =====
Found shards -- no need to preprocess
Set latent factor dimension to: 20
Initializing latent factors for 285050 vertices
Creating 1 blocks
Total edges: 1000000
5700980 elements, check: 3
===== DaCapo evaluation-git-0d047f55 graphchi completed warmup 4 in 21644 msec =====
===== DaCapo evaluation-git-0d047f55 graphchi starting =====
Found shards -- no need to preprocess
Set latent factor dimension to: 20
Initializing latent factors for 285050 vertices
Creating 1 blocks
Total edges: 1000000
5700980 elements, check: 3
============================ MMTk Statistics Totals ============================
GC	time.other	time.stw	total-work.time.total	total-work.time.max	total-work.count	total-work.time.min	
94	19279.20	2399.79	0.000	-inf	0	inf	
Total time: 21678.99 ms
------------------------------ End MMTk Statistics -----------------------------
===== DaCapo evaluation-git-0d047f55 graphchi PASSED in 21679 msec =====
*****
Attaching 4 probes...
^C

@processedgestime: 2197389428
@startprocessedges: 116003448222618
@stats_enabled: 0

-----
mkdir -p PLOTTY_WORKAROUND; timedrun; MMTK_PLAN=Immix MMTK_THREADS=1 MMTK_STRESS_FACTOR=134217728 setarch x86_64 -R /home/claireh/builds/process_edges_scalability/bin/java -XX:MetaspaceSize=500M -XX:+DisableExplicitGC -server -XX:-TieredCompilation -Xcomp -XX:+UseThirdPartyHeap -Djava.library.path=/home/claireh/probes/out -Dprobes=RustMMTk -Xms10G -Xmx10G --add-exports java.base/jdk.internal.ref=ALL-UNNAMED -cp /usr/share/benchmarks/dacapo/dacapo-evaluation-git-0d047f55.jar:/home/claireh/probes/out:/home/claireh/probes/out/probes.jar Harness -c probe.DacapoChopinCallback -n 5 -s default graphchi
running-ng v0.3.6
Tue Feb 14 11:09:24 AM UTC 2023

 11:09:24 up 1 day,  8:21,  1 user,  load average: 2.45, 3.33, 3.27
USER     TTY      FROM             LOGIN@   IDLE   JCPU   PCPU WHAT
claireh  pts/1    tmux(20958).%0   Mon11    6:01m  1.33s  0.00s /bin/sh -c w

procs -----------memory---------- ---swap-- -----io---- -system-- ------cpu-----
 r  b   swpd   free   buff  cache   si   so    bi    bo   in   cs us sy id wa st
 0  0      0 124978560 783228 5654424    0    0     5    82    0   20  2  0 97  0  0
 0  0      0 124978336 783228 5654456    0    0     0     0  107   54  0  0 100  0  0

top - 11:09:25 up 1 day,  8:21,  1 user,  load average: 2.25, 3.27, 3.26
Tasks: 236 total,   1 running, 235 sleeping,   0 stopped,   0 zombie
%Cpu(s):  0.0 us,  0.4 sy,  0.0 ni, 99.6 id,  0.0 wa,  0.0 hi,  0.0 si,  0.0 st
MiB Mem : 128684.0 total, 122048.7 free,    348.6 used,   6286.8 buff/cache
MiB Swap:  32768.0 total,  32768.0 free,      0.0 used. 127090.3 avail Mem 

    PID USER      PR  NI    VIRT    RES    SHR S  %CPU  %MEM     TIME+ COMMAND
      1 root      20   0  165912  11400   8284 S   0.0   0.0   0:01.68 /sbin/init
      2 root      20   0       0      0      0 S   0.0   0.0   0:00.01 [kthreadd]
      3 root       0 -20       0      0      0 I   0.0   0.0   0:00.00 [rcu_gp]
      4 root       0 -20       0      0      0 I   0.0   0.0   0:00.00 [rcu_par_gp]
      5 root       0 -20       0      0      0 I   0.0   0.0   0:00.00 [slub_flushwq]

Environment variables: 
	DBUS_SESSION_BUS_ADDRESS=unix:path=/run/user/1239/bus
	HOME=/home/claireh
	LANG=en_US.UTF-8
	LOGNAME=claireh
	MOTD_SHOWN=pam
	PATH=/usr/local/sbin:/usr/local/bin:/usr/sbin:/usr/bin:/sbin:/bin:/usr/games:/usr/local/games:/snap/bin:/home/claireh/.local/bin:/home/claireh/.local/bin:/home/claireh/.local/bin
	PWD=/home/claireh
	RUNNING_NG_PACKAGE_DATA=/usr/local/lib/python3.10/dist-packages/running/config
	SHELL=/bin/bash
	SHLVL=2
	SSH_CLIENT=10.0.0.2 48820 22
	SSH_CONNECTION=10.0.0.2 48820 10.0.0.67 22
	SSH_TTY=/dev/pts/0
	TERM=screen
	TERM_PROGRAM=tmux
	TERM_PROGRAM_VERSION=3.2a
	TMUX=/tmp/tmux-1239/default,20958,0
	TMUX_PANE=%0
	USER=claireh
	XDG_RUNTIME_DIR=/run/user/1239
	XDG_SESSION_CLASS=user
	XDG_SESSION_ID=12
	XDG_SESSION_TYPE=tty
	_=/usr/local/bin/running
OS: Linux shrew 5.15.0-58-generic #64-Ubuntu SMP Thu Jan 5 11:43:13 UTC 2023 x86_64 x86_64 x86_64 GNU/Linux
CPU: model name	: Intel(R) Core(TM) i9-9900K CPU @ 3.60GHz
number of cores: 16
Frequency of cpu 0: 3.60 GHz
Governor of cpu 0: performance
Scaling_min_freq of cpu 0: 0.80 GHz
Frequency of cpu 1: 3.60 GHz
Governor of cpu 1: performance
Scaling_min_freq of cpu 1: 0.80 GHz
Frequency of cpu 2: 3.60 GHz
Governor of cpu 2: performance
Scaling_min_freq of cpu 2: 0.80 GHz
Frequency of cpu 3: 3.60 GHz
Governor of cpu 3: performance
Scaling_min_freq of cpu 3: 0.80 GHz
Frequency of cpu 4: 3.60 GHz
Governor of cpu 4: performance
Scaling_min_freq of cpu 4: 0.80 GHz
Frequency of cpu 5: 3.60 GHz
Governor of cpu 5: performance
Scaling_min_freq of cpu 5: 0.80 GHz
Frequency of cpu 6: 3.60 GHz
Governor of cpu 6: performance
Scaling_min_freq of cpu 6: 0.80 GHz
Frequency of cpu 7: 3.60 GHz
Governor of cpu 7: performance
Scaling_min_freq of cpu 7: 0.80 GHz
Frequency of cpu 8: 3.60 GHz
Governor of cpu 8: performance
Scaling_min_freq of cpu 8: 0.80 GHz
Frequency of cpu 9: 3.53 GHz
Governor of cpu 9: performance
Scaling_min_freq of cpu 9: 0.80 GHz
Frequency of cpu 10: 3.48 GHz
Governor of cpu 10: performance
Scaling_min_freq of cpu 10: 0.80 GHz
Frequency of cpu 11: 3.52 GHz
Governor of cpu 11: performance
Scaling_min_freq of cpu 11: 0.80 GHz
Frequency of cpu 12: 3.51 GHz
Governor of cpu 12: performance
Scaling_min_freq of cpu 12: 0.80 GHz
Frequency of cpu 13: 3.36 GHz
Governor of cpu 13: performance
Scaling_min_freq of cpu 13: 0.80 GHz
Frequency of cpu 14: 3.60 GHz
Governor of cpu 14: performance
Scaling_min_freq of cpu 14: 0.80 GHz
Frequency of cpu 15: 3.60 GHz
Governor of cpu 15: performance
Scaling_min_freq of cpu 15: 0.80 GHz
--------------------------------------------------------------------------------
IMPORTANT NOTICE:  This is NOT a release build of the DaCapo suite.
Since it is not an official release of the DaCapo suite, care must be taken when
using the suite, and any use of the build must be sure to note that it is not an
offical release, and should note the relevant git hash.

Feedback is greatly appreciated.   The preferred mode of feedback is via github.
Please use our github page to create an issue or a pull request.
    https://github.com/dacapobench/dacapobench.
--------------------------------------------------------------------------------

Using scaled threading model. 16 processors detected, 16 threads used to drive the workload, in a possible range of [1,unlimited]
Version: graphchi 0.2.2
Nominal stats: NAL: 1212, NAS: 0, NEF: 12, NET: 5, NEW: 1, NGF: 5071, NMH: 193, NML: 0, NMR: 1534, NMS: 3, NMT: 36, NOA: 97, NOL: 96, NOM: 24, NOS: 16, NPF: 23, NUB: 8, NUC: 1
===== DaCapo evaluation-git-0d047f55 graphchi starting warmup 1 =====
Found shards -- no need to preprocess
Set latent factor dimension to: 20
Initializing latent factors for 285050 vertices
Creating 1 blocks
Total edges: 1000000
5700980 elements, check: 3
===== DaCapo evaluation-git-0d047f55 graphchi completed warmup 1 in 26638 msec =====
===== DaCapo evaluation-git-0d047f55 graphchi starting warmup 2 =====
Found shards -- no need to preprocess
Set latent factor dimension to: 20
Initializing latent factors for 285050 vertices
Creating 1 blocks
Total edges: 1000000
5700980 elements, check: 3
===== DaCapo evaluation-git-0d047f55 graphchi completed warmup 2 in 22073 msec =====
===== DaCapo evaluation-git-0d047f55 graphchi starting warmup 3 =====
Found shards -- no need to preprocess
Set latent factor dimension to: 20
Initializing latent factors for 285050 vertices
Creating 1 blocks
Total edges: 1000000
5700980 elements, check: 3
===== DaCapo evaluation-git-0d047f55 graphchi completed warmup 3 in 22086 msec =====
===== DaCapo evaluation-git-0d047f55 graphchi starting warmup 4 =====
Found shards -- no need to preprocess
Set latent factor dimension to: 20
Initializing latent factors for 285050 vertices
Creating 1 blocks
Total edges: 1000000
5700980 elements, check: 3
===== DaCapo evaluation-git-0d047f55 graphchi completed warmup 4 in 21950 msec =====
===== DaCapo evaluation-git-0d047f55 graphchi starting =====
Found shards -- no need to preprocess
Set latent factor dimension to: 20
Initializing latent factors for 285050 vertices
Creating 1 blocks
Total edges: 1000000
5700980 elements, check: 3
============================ MMTk Statistics Totals ============================
GC	time.other	time.stw	total-work.time.min	total-work.time.total	total-work.count	total-work.time.max	
94	19576.79	2363.80	inf	0.000	0	-inf	
Total time: 21940.58 ms
------------------------------ End MMTk Statistics -----------------------------
===== DaCapo evaluation-git-0d047f55 graphchi PASSED in 21941 msec =====
*****
Attaching 4 probes...
^C

@processedgestime: 2161602353
@startprocessedges: 116653091795695
@stats_enabled: 0

-----
mkdir -p PLOTTY_WORKAROUND; timedrun; MMTK_PLAN=Immix MMTK_THREADS=1 MMTK_STRESS_FACTOR=134217728 setarch x86_64 -R /home/claireh/builds/process_edges_scalability/bin/java -XX:MetaspaceSize=500M -XX:+DisableExplicitGC -server -XX:-TieredCompilation -Xcomp -XX:+UseThirdPartyHeap -Djava.library.path=/home/claireh/probes/out -Dprobes=RustMMTk -Xms10G -Xmx10G --add-exports java.base/jdk.internal.ref=ALL-UNNAMED -cp /usr/share/benchmarks/dacapo/dacapo-evaluation-git-0d047f55.jar:/home/claireh/probes/out:/home/claireh/probes/out/probes.jar Harness -c probe.DacapoChopinCallback -n 5 -s default graphchi
running-ng v0.3.6
Tue Feb 14 11:20:17 AM UTC 2023

 11:20:17 up 1 day,  8:32,  1 user,  load average: 3.05, 3.43, 3.30
USER     TTY      FROM             LOGIN@   IDLE   JCPU   PCPU WHAT
claireh  pts/1    tmux(20958).%0   Mon11    6:12m  1.40s  0.00s /bin/sh -c w

procs -----------memory---------- ---swap-- -----io---- -system-- ------cpu-----
 r  b   swpd   free   buff  cache   si   so    bi    bo   in   cs us sy id wa st
 0  0      0 124971248 783644 5654528    0    0     5    81    1   20  3  0 97  0  0
 0  0      0 124971000 783644 5654528    0    0     0     0  106   54  0  0 100  0  0

top - 11:20:18 up 1 day,  8:32,  1 user,  load average: 3.05, 3.43, 3.30
Tasks: 236 total,   1 running, 235 sleeping,   0 stopped,   0 zombie
%Cpu(s):  0.0 us,  0.0 sy,  0.0 ni,100.0 id,  0.0 wa,  0.0 hi,  0.0 si,  0.0 st
MiB Mem : 128684.0 total, 122041.2 free,    355.5 used,   6287.3 buff/cache
MiB Swap:  32768.0 total,  32768.0 free,      0.0 used. 127083.4 avail Mem 

    PID USER      PR  NI    VIRT    RES    SHR S  %CPU  %MEM     TIME+ COMMAND
      1 root      20   0  165912  11400   8284 S   0.0   0.0   0:01.68 /sbin/init
      2 root      20   0       0      0      0 S   0.0   0.0   0:00.01 [kthreadd]
      3 root       0 -20       0      0      0 I   0.0   0.0   0:00.00 [rcu_gp]
      4 root       0 -20       0      0      0 I   0.0   0.0   0:00.00 [rcu_par_gp]
      5 root       0 -20       0      0      0 I   0.0   0.0   0:00.00 [slub_flushwq]

Environment variables: 
	DBUS_SESSION_BUS_ADDRESS=unix:path=/run/user/1239/bus
	HOME=/home/claireh
	LANG=en_US.UTF-8
	LOGNAME=claireh
	MOTD_SHOWN=pam
	PATH=/usr/local/sbin:/usr/local/bin:/usr/sbin:/usr/bin:/sbin:/bin:/usr/games:/usr/local/games:/snap/bin:/home/claireh/.local/bin:/home/claireh/.local/bin:/home/claireh/.local/bin
	PWD=/home/claireh
	RUNNING_NG_PACKAGE_DATA=/usr/local/lib/python3.10/dist-packages/running/config
	SHELL=/bin/bash
	SHLVL=2
	SSH_CLIENT=10.0.0.2 48820 22
	SSH_CONNECTION=10.0.0.2 48820 10.0.0.67 22
	SSH_TTY=/dev/pts/0
	TERM=screen
	TERM_PROGRAM=tmux
	TERM_PROGRAM_VERSION=3.2a
	TMUX=/tmp/tmux-1239/default,20958,0
	TMUX_PANE=%0
	USER=claireh
	XDG_RUNTIME_DIR=/run/user/1239
	XDG_SESSION_CLASS=user
	XDG_SESSION_ID=12
	XDG_SESSION_TYPE=tty
	_=/usr/local/bin/running
OS: Linux shrew 5.15.0-58-generic #64-Ubuntu SMP Thu Jan 5 11:43:13 UTC 2023 x86_64 x86_64 x86_64 GNU/Linux
CPU: model name	: Intel(R) Core(TM) i9-9900K CPU @ 3.60GHz
number of cores: 16
Frequency of cpu 0: 3.60 GHz
Governor of cpu 0: performance
Scaling_min_freq of cpu 0: 0.80 GHz
Frequency of cpu 1: 2.29 GHz
Governor of cpu 1: performance
Scaling_min_freq of cpu 1: 0.80 GHz
Frequency of cpu 2: 3.54 GHz
Governor of cpu 2: performance
Scaling_min_freq of cpu 2: 0.80 GHz
Frequency of cpu 3: 3.60 GHz
Governor of cpu 3: performance
Scaling_min_freq of cpu 3: 0.80 GHz
Frequency of cpu 4: 3.60 GHz
Governor of cpu 4: performance
Scaling_min_freq of cpu 4: 0.80 GHz
Frequency of cpu 5: 3.60 GHz
Governor of cpu 5: performance
Scaling_min_freq of cpu 5: 0.80 GHz
Frequency of cpu 6: 3.56 GHz
Governor of cpu 6: performance
Scaling_min_freq of cpu 6: 0.80 GHz
Frequency of cpu 7: 3.60 GHz
Governor of cpu 7: performance
Scaling_min_freq of cpu 7: 0.80 GHz
Frequency of cpu 8: 3.60 GHz
Governor of cpu 8: performance
Scaling_min_freq of cpu 8: 0.80 GHz
Frequency of cpu 9: 3.60 GHz
Governor of cpu 9: performance
Scaling_min_freq of cpu 9: 0.80 GHz
Frequency of cpu 10: 3.60 GHz
Governor of cpu 10: performance
Scaling_min_freq of cpu 10: 0.80 GHz
Frequency of cpu 11: 2.35 GHz
Governor of cpu 11: performance
Scaling_min_freq of cpu 11: 0.80 GHz
Frequency of cpu 12: 3.49 GHz
Governor of cpu 12: performance
Scaling_min_freq of cpu 12: 0.80 GHz
Frequency of cpu 13: 3.53 GHz
Governor of cpu 13: performance
Scaling_min_freq of cpu 13: 0.80 GHz
Frequency of cpu 14: 3.60 GHz
Governor of cpu 14: performance
Scaling_min_freq of cpu 14: 0.80 GHz
Frequency of cpu 15: 3.60 GHz
Governor of cpu 15: performance
Scaling_min_freq of cpu 15: 0.80 GHz
--------------------------------------------------------------------------------
IMPORTANT NOTICE:  This is NOT a release build of the DaCapo suite.
Since it is not an official release of the DaCapo suite, care must be taken when
using the suite, and any use of the build must be sure to note that it is not an
offical release, and should note the relevant git hash.

Feedback is greatly appreciated.   The preferred mode of feedback is via github.
Please use our github page to create an issue or a pull request.
    https://github.com/dacapobench/dacapobench.
--------------------------------------------------------------------------------

Using scaled threading model. 16 processors detected, 16 threads used to drive the workload, in a possible range of [1,unlimited]
Version: graphchi 0.2.2
Nominal stats: NAL: 1212, NAS: 0, NEF: 12, NET: 5, NEW: 1, NGF: 5071, NMH: 193, NML: 0, NMR: 1534, NMS: 3, NMT: 36, NOA: 97, NOL: 96, NOM: 24, NOS: 16, NPF: 23, NUB: 8, NUC: 1
===== DaCapo evaluation-git-0d047f55 graphchi starting warmup 1 =====
Found shards -- no need to preprocess
Set latent factor dimension to: 20
Initializing latent factors for 285050 vertices
Creating 1 blocks
Total edges: 1000000
5700980 elements, check: 3
===== DaCapo evaluation-git-0d047f55 graphchi completed warmup 1 in 26622 msec =====
===== DaCapo evaluation-git-0d047f55 graphchi starting warmup 2 =====
Found shards -- no need to preprocess
Set latent factor dimension to: 20
Initializing latent factors for 285050 vertices
Creating 1 blocks
Total edges: 1000000
5700980 elements, check: 3
===== DaCapo evaluation-git-0d047f55 graphchi completed warmup 2 in 21914 msec =====
===== DaCapo evaluation-git-0d047f55 graphchi starting warmup 3 =====
Found shards -- no need to preprocess
Set latent factor dimension to: 20
Initializing latent factors for 285050 vertices
Creating 1 blocks
Total edges: 1000000
5700980 elements, check: 3
===== DaCapo evaluation-git-0d047f55 graphchi completed warmup 3 in 21953 msec =====
===== DaCapo evaluation-git-0d047f55 graphchi starting warmup 4 =====
Found shards -- no need to preprocess
Set latent factor dimension to: 20
Initializing latent factors for 285050 vertices
Creating 1 blocks
Total edges: 1000000
5700980 elements, check: 3
===== DaCapo evaluation-git-0d047f55 graphchi completed warmup 4 in 21774 msec =====
===== DaCapo evaluation-git-0d047f55 graphchi starting =====
Found shards -- no need to preprocess
Set latent factor dimension to: 20
Initializing latent factors for 285050 vertices
Creating 1 blocks
Total edges: 1000000
5700980 elements, check: 3
============================ MMTk Statistics Totals ============================
GC	time.other	time.stw	total-work.time.total	total-work.time.min	total-work.time.max	total-work.count	
94	19364.02	2416.60	0.000	inf	-inf	0	
Total time: 21780.62 ms
------------------------------ End MMTk Statistics -----------------------------
===== DaCapo evaluation-git-0d047f55 graphchi PASSED in 21781 msec =====
*****
Attaching 4 probes...
^C

@processedgestime: 2213270272
@startprocessedges: 117305360637669
@stats_enabled: 0

-----
mkdir -p PLOTTY_WORKAROUND; timedrun; MMTK_PLAN=Immix MMTK_THREADS=1 MMTK_STRESS_FACTOR=134217728 setarch x86_64 -R /home/claireh/builds/process_edges_scalability/bin/java -XX:MetaspaceSize=500M -XX:+DisableExplicitGC -server -XX:-TieredCompilation -Xcomp -XX:+UseThirdPartyHeap -Djava.library.path=/home/claireh/probes/out -Dprobes=RustMMTk -Xms10G -Xmx10G --add-exports java.base/jdk.internal.ref=ALL-UNNAMED -cp /usr/share/benchmarks/dacapo/dacapo-evaluation-git-0d047f55.jar:/home/claireh/probes/out:/home/claireh/probes/out/probes.jar Harness -c probe.DacapoChopinCallback -n 5 -s default graphchi
running-ng v0.3.6
Tue Feb 14 11:31:10 AM UTC 2023

 11:31:10 up 1 day,  8:43,  1 user,  load average: 5.51, 3.91, 3.40
USER     TTY      FROM             LOGIN@   IDLE   JCPU   PCPU WHAT
claireh  pts/1    tmux(20958).%0   Mon11    6:23m  1.47s  0.00s /bin/sh -c w

procs -----------memory---------- ---swap-- -----io---- -system-- ------cpu-----
 r  b   swpd   free   buff  cache   si   so    bi    bo   in   cs us sy id wa st
 0  0      0 124984960 784048 5654608    0    0     5    81    1   20  3  0 97  0  0
 0  0      0 124984704 784048 5654608    0    0     0     0   83   47  0  0 100  0  0

top - 11:31:12 up 1 day,  8:43,  1 user,  load average: 5.51, 3.91, 3.40
Tasks: 237 total,   1 running, 236 sleeping,   0 stopped,   0 zombie
%Cpu(s):  0.0 us,  0.4 sy,  0.0 ni, 99.6 id,  0.0 wa,  0.0 hi,  0.0 si,  0.0 st
MiB Mem : 128684.0 total, 122054.9 free,    341.4 used,   6287.7 buff/cache
MiB Swap:  32768.0 total,  32768.0 free,      0.0 used. 127097.5 avail Mem 

    PID USER      PR  NI    VIRT    RES    SHR S  %CPU  %MEM     TIME+ COMMAND
      1 root      20   0  165912  11400   8284 S   0.0   0.0   0:01.68 /sbin/init
      2 root      20   0       0      0      0 S   0.0   0.0   0:00.01 [kthreadd]
      3 root       0 -20       0      0      0 I   0.0   0.0   0:00.00 [rcu_gp]
      4 root       0 -20       0      0      0 I   0.0   0.0   0:00.00 [rcu_par_gp]
      5 root       0 -20       0      0      0 I   0.0   0.0   0:00.00 [slub_flushwq]

Environment variables: 
	DBUS_SESSION_BUS_ADDRESS=unix:path=/run/user/1239/bus
	HOME=/home/claireh
	LANG=en_US.UTF-8
	LOGNAME=claireh
	MOTD_SHOWN=pam
	PATH=/usr/local/sbin:/usr/local/bin:/usr/sbin:/usr/bin:/sbin:/bin:/usr/games:/usr/local/games:/snap/bin:/home/claireh/.local/bin:/home/claireh/.local/bin:/home/claireh/.local/bin
	PWD=/home/claireh
	RUNNING_NG_PACKAGE_DATA=/usr/local/lib/python3.10/dist-packages/running/config
	SHELL=/bin/bash
	SHLVL=2
	SSH_CLIENT=10.0.0.2 48820 22
	SSH_CONNECTION=10.0.0.2 48820 10.0.0.67 22
	SSH_TTY=/dev/pts/0
	TERM=screen
	TERM_PROGRAM=tmux
	TERM_PROGRAM_VERSION=3.2a
	TMUX=/tmp/tmux-1239/default,20958,0
	TMUX_PANE=%0
	USER=claireh
	XDG_RUNTIME_DIR=/run/user/1239
	XDG_SESSION_CLASS=user
	XDG_SESSION_ID=12
	XDG_SESSION_TYPE=tty
	_=/usr/local/bin/running
OS: Linux shrew 5.15.0-58-generic #64-Ubuntu SMP Thu Jan 5 11:43:13 UTC 2023 x86_64 x86_64 x86_64 GNU/Linux
CPU: model name	: Intel(R) Core(TM) i9-9900K CPU @ 3.60GHz
number of cores: 16
Frequency of cpu 0: 3.60 GHz
Governor of cpu 0: performance
Scaling_min_freq of cpu 0: 0.80 GHz
Frequency of cpu 1: 3.60 GHz
Governor of cpu 1: performance
Scaling_min_freq of cpu 1: 0.80 GHz
Frequency of cpu 2: 3.60 GHz
Governor of cpu 2: performance
Scaling_min_freq of cpu 2: 0.80 GHz
Frequency of cpu 3: 3.60 GHz
Governor of cpu 3: performance
Scaling_min_freq of cpu 3: 0.80 GHz
Frequency of cpu 4: 3.60 GHz
Governor of cpu 4: performance
Scaling_min_freq of cpu 4: 0.80 GHz
Frequency of cpu 5: 3.46 GHz
Governor of cpu 5: performance
Scaling_min_freq of cpu 5: 0.80 GHz
Frequency of cpu 6: 3.60 GHz
Governor of cpu 6: performance
Scaling_min_freq of cpu 6: 0.80 GHz
Frequency of cpu 7: 2.09 GHz
Governor of cpu 7: performance
Scaling_min_freq of cpu 7: 0.80 GHz
Frequency of cpu 8: 3.60 GHz
Governor of cpu 8: performance
Scaling_min_freq of cpu 8: 0.80 GHz
Frequency of cpu 9: 3.60 GHz
Governor of cpu 9: performance
Scaling_min_freq of cpu 9: 0.80 GHz
Frequency of cpu 10: 3.60 GHz
Governor of cpu 10: performance
Scaling_min_freq of cpu 10: 0.80 GHz
Frequency of cpu 11: 3.56 GHz
Governor of cpu 11: performance
Scaling_min_freq of cpu 11: 0.80 GHz
Frequency of cpu 12: 3.56 GHz
Governor of cpu 12: performance
Scaling_min_freq of cpu 12: 0.80 GHz
Frequency of cpu 13: 3.60 GHz
Governor of cpu 13: performance
Scaling_min_freq of cpu 13: 0.80 GHz
Frequency of cpu 14: 3.60 GHz
Governor of cpu 14: performance
Scaling_min_freq of cpu 14: 0.80 GHz
Frequency of cpu 15: 3.60 GHz
Governor of cpu 15: performance
Scaling_min_freq of cpu 15: 0.80 GHz
--------------------------------------------------------------------------------
IMPORTANT NOTICE:  This is NOT a release build of the DaCapo suite.
Since it is not an official release of the DaCapo suite, care must be taken when
using the suite, and any use of the build must be sure to note that it is not an
offical release, and should note the relevant git hash.

Feedback is greatly appreciated.   The preferred mode of feedback is via github.
Please use our github page to create an issue or a pull request.
    https://github.com/dacapobench/dacapobench.
--------------------------------------------------------------------------------

Using scaled threading model. 16 processors detected, 16 threads used to drive the workload, in a possible range of [1,unlimited]
Version: graphchi 0.2.2
Nominal stats: NAL: 1212, NAS: 0, NEF: 12, NET: 5, NEW: 1, NGF: 5071, NMH: 193, NML: 0, NMR: 1534, NMS: 3, NMT: 36, NOA: 97, NOL: 96, NOM: 24, NOS: 16, NPF: 23, NUB: 8, NUC: 1
===== DaCapo evaluation-git-0d047f55 graphchi starting warmup 1 =====
Found shards -- no need to preprocess
Set latent factor dimension to: 20
Initializing latent factors for 285050 vertices
Creating 1 blocks
Total edges: 1000000
5700980 elements, check: 3
===== DaCapo evaluation-git-0d047f55 graphchi completed warmup 1 in 26235 msec =====
===== DaCapo evaluation-git-0d047f55 graphchi starting warmup 2 =====
Found shards -- no need to preprocess
Set latent factor dimension to: 20
Initializing latent factors for 285050 vertices
Creating 1 blocks
Total edges: 1000000
5700980 elements, check: 3
===== DaCapo evaluation-git-0d047f55 graphchi completed warmup 2 in 21714 msec =====
===== DaCapo evaluation-git-0d047f55 graphchi starting warmup 3 =====
Found shards -- no need to preprocess
Set latent factor dimension to: 20
Initializing latent factors for 285050 vertices
Creating 1 blocks
Total edges: 1000000
5700980 elements, check: 3
===== DaCapo evaluation-git-0d047f55 graphchi completed warmup 3 in 21731 msec =====
===== DaCapo evaluation-git-0d047f55 graphchi starting warmup 4 =====
Found shards -- no need to preprocess
Set latent factor dimension to: 20
Initializing latent factors for 285050 vertices
Creating 1 blocks
Total edges: 1000000
5700980 elements, check: 3
===== DaCapo evaluation-git-0d047f55 graphchi completed warmup 4 in 21556 msec =====
===== DaCapo evaluation-git-0d047f55 graphchi starting =====
Found shards -- no need to preprocess
Set latent factor dimension to: 20
Initializing latent factors for 285050 vertices
Creating 1 blocks
Total edges: 1000000
5700980 elements, check: 3
============================ MMTk Statistics Totals ============================
GC	time.other	time.stw	total-work.time.min	total-work.time.total	total-work.time.max	total-work.count	
94	19161.01	2385.61	inf	0.000	-inf	0	
Total time: 21546.62 ms
------------------------------ End MMTk Statistics -----------------------------
===== DaCapo evaluation-git-0d047f55 graphchi PASSED in 21546 msec =====
*****
Attaching 4 probes...
^C

@processedgestime: 2186164384
@startprocessedges: 117957584378523
@stats_enabled: 0
