
-----
mkdir -p PLOTTY_WORKAROUND; timedrun; MMTK_PLAN=Immix MMTK_THREADS=1 MMTK_STRESS_FACTOR=4194304 setarch x86_64 -R /home/claireh/openjdk/build/edgesroots/jdk/bin/java -XX:MetaspaceSize=500M -XX:+DisableExplicitGC -server -XX:-TieredCompilation -Xcomp -XX:+UseThirdPartyHeap -Djava.library.path=/home/claireh/probes -Dprobes=RustMMTk -Xms10G -Xmx10G --add-exports java.base/jdk.internal.ref=ALL-UNNAMED -cp /usr/share/benchmarks/dacapo/dacapo-evaluation-git-6e411f33.jar:/home/claireh/probes:/home/claireh/probes.jar Harness -c probe.DacapoChopinCallback -n 5 -s default avrora
running-ng v0.3.3
Mon Oct 24 06:35:06 AM UTC 2022

 06:35:06 up 11 days, 18:51,  0 users,  load average: 0.00, 0.16, 1.22
USER     TTY      FROM             LOGIN@   IDLE   JCPU   PCPU WHAT

procs -----------memory---------- ---swap-- -----io---- -system-- ------cpu-----
 r  b   swpd   free   buff  cache   si   so    bi    bo   in   cs us sy id wa st
 0  0      0 86630384 1120008 43272776    0    0     2    32    3    1  4  0 96  0  0
 0  0      0 86630192 1120008 43272800    0    0     0     0  484  609  0  0 100  0  0

top - 06:35:07 up 11 days, 18:51,  0 users,  load average: 0.00, 0.16, 1.22
Tasks: 238 total,   1 running, 237 sleeping,   0 stopped,   0 zombie
%Cpu(s):  2.0 us,  1.2 sy,  0.0 ni, 96.9 id,  0.0 wa,  0.0 hi,  0.0 si,  0.0 st
MiB Mem : 128684.0 total,  84595.1 free,    736.6 used,  43352.4 buff/cache
MiB Swap:  32768.0 total,  32768.0 free,      0.0 used. 126694.3 avail Mem 

    PID USER      PR  NI    VIRT    RES    SHR S  %CPU  %MEM     TIME+ COMMAND
1185614 claireh   20   0  893344  92940  37968 S  13.3   0.1   0:14.87 /home/claireh/.vscode-server/bin/d045a5eda657f4d7b676dedbfa7aab8207f8a075/node /home/claireh/.vscode-server/bin/d045a5eda657f4d7b676dedbfa7aab8207f8a075/out/bootstrap-fork --type=extensionHost --transformURIs --useHostProxy=false
      1 root      20   0  166020  11284   8076 S   0.0   0.0   0:06.73 /sbin/init
      2 root      20   0       0      0      0 S   0.0   0.0   0:00.21 [kthreadd]
      3 root       0 -20       0      0      0 I   0.0   0.0   0:00.00 [rcu_gp]
      4 root       0 -20       0      0      0 I   0.0   0.0   0:00.00 [rcu_par_gp]

Environment variables: 
	BROWSER=/home/claireh/.vscode-server/bin/d045a5eda657f4d7b676dedbfa7aab8207f8a075/bin/helpers/browser.sh
	COLORTERM=truecolor
	DBUS_SESSION_BUS_ADDRESS=unix:path=/run/user/1239/bus
	GIT_ASKPASS=/home/claireh/.vscode-server/bin/d045a5eda657f4d7b676dedbfa7aab8207f8a075/extensions/git/dist/askpass.sh
	HOME=/home/claireh
	LANG=en_US.UTF-8
	LOGNAME=claireh
	MOTD_SHOWN=pam
	PATH=/home/claireh/.vscode-server/bin/d045a5eda657f4d7b676dedbfa7aab8207f8a075/bin/remote-cli:/usr/local/sbin:/usr/local/bin:/usr/sbin:/usr/bin:/sbin:/bin:/usr/games:/usr/local/games:/snap/bin:/home/claireh/.local/bin:/home/claireh/.local/bin:/home/claireh/.local/bin:/home/claireh/.local/bin
	PWD=/home/claireh
	RUNNING_NG_PACKAGE_DATA=/usr/local/lib/python3.10/dist-packages/running/config
	SHELL=/bin/bash
	SHLVL=1
	SSH_CLIENT=10.0.0.2 60636 22
	SSH_CONNECTION=10.0.0.2 60636 10.0.0.68 22
	SSH_ORIGINAL_COMMAND=bash
	TERM=xterm-256color
	TERM_PROGRAM=vscode
	TERM_PROGRAM_VERSION=1.72.2
	USER=claireh
	VSCODE_GIT_ASKPASS_EXTRA_ARGS=
	VSCODE_GIT_ASKPASS_MAIN=/home/claireh/.vscode-server/bin/d045a5eda657f4d7b676dedbfa7aab8207f8a075/extensions/git/dist/askpass-main.js
	VSCODE_GIT_ASKPASS_NODE=/home/claireh/.vscode-server/bin/d045a5eda657f4d7b676dedbfa7aab8207f8a075/node
	VSCODE_GIT_IPC_HANDLE=/run/user/1239/vscode-git-8c0e8edd47.sock
	VSCODE_IPC_HOOK_CLI=/run/user/1239/vscode-ipc-6ff497e4-cbd5-4327-965b-4f8b9dd69de8.sock
	XDG_RUNTIME_DIR=/run/user/1239
	XDG_SESSION_CLASS=user
	XDG_SESSION_ID=418
	XDG_SESSION_TYPE=tty
	_=/usr/local/bin/running
OS: Linux skunk 5.15.0-48-generic #54-Ubuntu SMP Fri Aug 26 13:26:29 UTC 2022 x86_64 x86_64 x86_64 GNU/Linux
CPU: model name	: Intel(R) Core(TM) i9-9900K CPU @ 3.60GHz
number of cores: 16
Frequency of cpu 0: 3.60 GHz
Governor of cpu 0: performance
Scaling_min_freq of cpu 0: 0.80 GHz
Frequency of cpu 1: 3.60 GHz
Governor of cpu 1: performance
Scaling_min_freq of cpu 1: 0.80 GHz
Frequency of cpu 2: 3.56 GHz
Governor of cpu 2: performance
Scaling_min_freq of cpu 2: 0.80 GHz
Frequency of cpu 3: 3.60 GHz
Governor of cpu 3: performance
Scaling_min_freq of cpu 3: 0.80 GHz
Frequency of cpu 4: 3.60 GHz
Governor of cpu 4: performance
Scaling_min_freq of cpu 4: 0.80 GHz
Frequency of cpu 5: 3.60 GHz
Governor of cpu 5: performance
Scaling_min_freq of cpu 5: 0.80 GHz
Frequency of cpu 6: 3.60 GHz
Governor of cpu 6: performance
Scaling_min_freq of cpu 6: 0.80 GHz
Frequency of cpu 7: 3.60 GHz
Governor of cpu 7: performance
Scaling_min_freq of cpu 7: 0.80 GHz
Frequency of cpu 8: 3.60 GHz
Governor of cpu 8: performance
Scaling_min_freq of cpu 8: 0.80 GHz
Frequency of cpu 9: 2.33 GHz
Governor of cpu 9: performance
Scaling_min_freq of cpu 9: 0.80 GHz
Frequency of cpu 10: 3.60 GHz
Governor of cpu 10: performance
Scaling_min_freq of cpu 10: 0.80 GHz
Frequency of cpu 11: 3.60 GHz
Governor of cpu 11: performance
Scaling_min_freq of cpu 11: 0.80 GHz
Frequency of cpu 12: 3.60 GHz
Governor of cpu 12: performance
Scaling_min_freq of cpu 12: 0.80 GHz
Frequency of cpu 13: 3.21 GHz
Governor of cpu 13: performance
Scaling_min_freq of cpu 13: 0.80 GHz
Frequency of cpu 14: 3.52 GHz
Governor of cpu 14: performance
Scaling_min_freq of cpu 14: 0.80 GHz
Frequency of cpu 15: 3.55 GHz
Governor of cpu 15: performance
Scaling_min_freq of cpu 15: 0.80 GHz
--------------------------------------------------------------------------------
IMPORTANT NOTICE:  This is NOT a release build of the DaCapo suite.
Since it is not an official release of the DaCapo suite, care must be taken when
using the suite, and any use of the build must be sure to note that it is not an
offical release, and should note the relevant git hash.

Feedback is greatly appreciated.   The preferred mode of feedback is via github.
Please use our github page to create an issue or a pull request.
    https://github.com/dacapobench/dacapobench.
--------------------------------------------------------------------------------

Version: avrora cvs-20131011
===== DaCapo evaluation-git-6e411f33 avrora starting warmup 1 =====
===== DaCapo evaluation-git-6e411f33 avrora completed warmup 1 in 9942 msec =====
===== DaCapo evaluation-git-6e411f33 avrora starting warmup 2 =====
===== DaCapo evaluation-git-6e411f33 avrora completed warmup 2 in 7567 msec =====
===== DaCapo evaluation-git-6e411f33 avrora starting warmup 3 =====
===== DaCapo evaluation-git-6e411f33 avrora completed warmup 3 in 7283 msec =====
===== DaCapo evaluation-git-6e411f33 avrora starting warmup 4 =====
===== DaCapo evaluation-git-6e411f33 avrora completed warmup 4 in 7578 msec =====
===== DaCapo evaluation-git-6e411f33 avrora starting =====
============================ MMTk Statistics Totals ============================
GC	time.other	time.stw	total-work.time.min	total-work.time.max	total-work.time.total	total-work.count	
49	6901.68	357.86	inf	-inf	0.000	0	
Total time: 7259.54 ms
------------------------------ End MMTk Statistics -----------------------------
===== DaCapo evaluation-git-6e411f33 avrora PASSED in 7260 msec =====
*****
[sudo] password for claireh: 
sudo: a password is required

-----
mkdir -p PLOTTY_WORKAROUND; timedrun; MMTK_PLAN=Immix MMTK_THREADS=1 MMTK_STRESS_FACTOR=4194304 setarch x86_64 -R /home/claireh/openjdk/build/edgesroots/jdk/bin/java -XX:MetaspaceSize=500M -XX:+DisableExplicitGC -server -XX:-TieredCompilation -Xcomp -XX:+UseThirdPartyHeap -Djava.library.path=/home/claireh/probes -Dprobes=RustMMTk -Xms10G -Xmx10G --add-exports java.base/jdk.internal.ref=ALL-UNNAMED -cp /usr/share/benchmarks/dacapo/dacapo-evaluation-git-6e411f33.jar:/home/claireh/probes:/home/claireh/probes.jar Harness -c probe.DacapoChopinCallback -n 5 -s default avrora
running-ng v0.3.3
Mon Oct 24 06:36:00 AM UTC 2022

 06:36:00 up 11 days, 18:52,  0 users,  load average: 1.52, 0.52, 1.28
USER     TTY      FROM             LOGIN@   IDLE   JCPU   PCPU WHAT

procs -----------memory---------- ---swap-- -----io---- -system-- ------cpu-----
 r  b   swpd   free   buff  cache   si   so    bi    bo   in   cs us sy id wa st
 0  0      0 86645768 1120020 43279420    0    0     2    32    3    1  4  0 96  0  0
 1  0      0 86645808 1120020 43279432    0    0     0     0  351  492  0  0 100  0  0

top - 06:36:01 up 11 days, 18:52,  0 users,  load average: 1.52, 0.52, 1.28
Tasks: 238 total,   1 running, 237 sleeping,   0 stopped,   0 zombie
%Cpu(s):  0.4 us,  0.4 sy,  0.0 ni, 99.2 id,  0.0 wa,  0.0 hi,  0.0 si,  0.0 st
MiB Mem : 128684.0 total,  84616.1 free,    709.1 used,  43358.8 buff/cache
MiB Swap:  32768.0 total,  32768.0 free,      0.0 used. 126721.7 avail Mem 

    PID USER      PR  NI    VIRT    RES    SHR S  %CPU  %MEM     TIME+ COMMAND
      1 root      20   0  166020  11284   8076 S   0.0   0.0   0:06.73 /sbin/init
      2 root      20   0       0      0      0 S   0.0   0.0   0:00.21 [kthreadd]
      3 root       0 -20       0      0      0 I   0.0   0.0   0:00.00 [rcu_gp]
      4 root       0 -20       0      0      0 I   0.0   0.0   0:00.00 [rcu_par_gp]
      5 root       0 -20       0      0      0 I   0.0   0.0   0:00.00 [netns]

Environment variables: 
	BROWSER=/home/claireh/.vscode-server/bin/d045a5eda657f4d7b676dedbfa7aab8207f8a075/bin/helpers/browser.sh
	COLORTERM=truecolor
	DBUS_SESSION_BUS_ADDRESS=unix:path=/run/user/1239/bus
	GIT_ASKPASS=/home/claireh/.vscode-server/bin/d045a5eda657f4d7b676dedbfa7aab8207f8a075/extensions/git/dist/askpass.sh
	HOME=/home/claireh
	LANG=en_US.UTF-8
	LOGNAME=claireh
	MOTD_SHOWN=pam
	PATH=/home/claireh/.vscode-server/bin/d045a5eda657f4d7b676dedbfa7aab8207f8a075/bin/remote-cli:/usr/local/sbin:/usr/local/bin:/usr/sbin:/usr/bin:/sbin:/bin:/usr/games:/usr/local/games:/snap/bin:/home/claireh/.local/bin:/home/claireh/.local/bin:/home/claireh/.local/bin:/home/claireh/.local/bin
	PWD=/home/claireh
	RUNNING_NG_PACKAGE_DATA=/usr/local/lib/python3.10/dist-packages/running/config
	SHELL=/bin/bash
	SHLVL=1
	SSH_CLIENT=10.0.0.2 60636 22
	SSH_CONNECTION=10.0.0.2 60636 10.0.0.68 22
	SSH_ORIGINAL_COMMAND=bash
	TERM=xterm-256color
	TERM_PROGRAM=vscode
	TERM_PROGRAM_VERSION=1.72.2
	USER=claireh
	VSCODE_GIT_ASKPASS_EXTRA_ARGS=
	VSCODE_GIT_ASKPASS_MAIN=/home/claireh/.vscode-server/bin/d045a5eda657f4d7b676dedbfa7aab8207f8a075/extensions/git/dist/askpass-main.js
	VSCODE_GIT_ASKPASS_NODE=/home/claireh/.vscode-server/bin/d045a5eda657f4d7b676dedbfa7aab8207f8a075/node
	VSCODE_GIT_IPC_HANDLE=/run/user/1239/vscode-git-8c0e8edd47.sock
	VSCODE_IPC_HOOK_CLI=/run/user/1239/vscode-ipc-6ff497e4-cbd5-4327-965b-4f8b9dd69de8.sock
	XDG_RUNTIME_DIR=/run/user/1239
	XDG_SESSION_CLASS=user
	XDG_SESSION_ID=418
	XDG_SESSION_TYPE=tty
	_=/usr/local/bin/running
OS: Linux skunk 5.15.0-48-generic #54-Ubuntu SMP Fri Aug 26 13:26:29 UTC 2022 x86_64 x86_64 x86_64 GNU/Linux
CPU: model name	: Intel(R) Core(TM) i9-9900K CPU @ 3.60GHz
number of cores: 16
Frequency of cpu 0: 3.26 GHz
Governor of cpu 0: performance
Scaling_min_freq of cpu 0: 0.80 GHz
Frequency of cpu 1: 3.40 GHz
Governor of cpu 1: performance
Scaling_min_freq of cpu 1: 0.80 GHz
Frequency of cpu 2: 1.58 GHz
Governor of cpu 2: performance
Scaling_min_freq of cpu 2: 0.80 GHz
Frequency of cpu 3: 3.60 GHz
Governor of cpu 3: performance
Scaling_min_freq of cpu 3: 0.80 GHz
Frequency of cpu 4: 3.49 GHz
Governor of cpu 4: performance
Scaling_min_freq of cpu 4: 0.80 GHz
Frequency of cpu 5: 3.60 GHz
Governor of cpu 5: performance
Scaling_min_freq of cpu 5: 0.80 GHz
Frequency of cpu 6: 3.60 GHz
Governor of cpu 6: performance
Scaling_min_freq of cpu 6: 0.80 GHz
Frequency of cpu 7: 3.60 GHz
Governor of cpu 7: performance
Scaling_min_freq of cpu 7: 0.80 GHz
Frequency of cpu 8: 3.60 GHz
Governor of cpu 8: performance
Scaling_min_freq of cpu 8: 0.80 GHz
Frequency of cpu 9: 3.60 GHz
Governor of cpu 9: performance
Scaling_min_freq of cpu 9: 0.80 GHz
Frequency of cpu 10: 3.60 GHz
Governor of cpu 10: performance
Scaling_min_freq of cpu 10: 0.80 GHz
Frequency of cpu 11: 3.48 GHz
Governor of cpu 11: performance
Scaling_min_freq of cpu 11: 0.80 GHz
Frequency of cpu 12: 3.60 GHz
Governor of cpu 12: performance
Scaling_min_freq of cpu 12: 0.80 GHz
Frequency of cpu 13: 3.46 GHz
Governor of cpu 13: performance
Scaling_min_freq of cpu 13: 0.80 GHz
Frequency of cpu 14: 3.60 GHz
Governor of cpu 14: performance
Scaling_min_freq of cpu 14: 0.80 GHz
Frequency of cpu 15: 3.60 GHz
Governor of cpu 15: performance
Scaling_min_freq of cpu 15: 0.80 GHz
--------------------------------------------------------------------------------
IMPORTANT NOTICE:  This is NOT a release build of the DaCapo suite.
Since it is not an official release of the DaCapo suite, care must be taken when
using the suite, and any use of the build must be sure to note that it is not an
offical release, and should note the relevant git hash.

Feedback is greatly appreciated.   The preferred mode of feedback is via github.
Please use our github page to create an issue or a pull request.
    https://github.com/dacapobench/dacapobench.
--------------------------------------------------------------------------------

Version: avrora cvs-20131011
===== DaCapo evaluation-git-6e411f33 avrora starting warmup 1 =====
===== DaCapo evaluation-git-6e411f33 avrora completed warmup 1 in 9830 msec =====
===== DaCapo evaluation-git-6e411f33 avrora starting warmup 2 =====
===== DaCapo evaluation-git-6e411f33 avrora completed warmup 2 in 7166 msec =====
===== DaCapo evaluation-git-6e411f33 avrora starting warmup 3 =====
===== DaCapo evaluation-git-6e411f33 avrora completed warmup 3 in 7083 msec =====
===== DaCapo evaluation-git-6e411f33 avrora starting warmup 4 =====
===== DaCapo evaluation-git-6e411f33 avrora completed warmup 4 in 7445 msec =====
===== DaCapo evaluation-git-6e411f33 avrora starting =====
============================ MMTk Statistics Totals ============================
GC	time.other	time.stw	total-work.time.max	total-work.count	total-work.time.total	total-work.time.min	
49	6667.95	349.13	-inf	0	0.000	inf	
Total time: 7017.09 ms
------------------------------ End MMTk Statistics -----------------------------
===== DaCapo evaluation-git-6e411f33 avrora PASSED in 7017 msec =====
*****
[sudo] password for claireh: 
sudo: a password is required

-----
mkdir -p PLOTTY_WORKAROUND; timedrun; MMTK_PLAN=Immix MMTK_THREADS=1 MMTK_STRESS_FACTOR=4194304 setarch x86_64 -R /home/claireh/openjdk/build/edgesroots/jdk/bin/java -XX:MetaspaceSize=500M -XX:+DisableExplicitGC -server -XX:-TieredCompilation -Xcomp -XX:+UseThirdPartyHeap -Djava.library.path=/home/claireh/probes -Dprobes=RustMMTk -Xms10G -Xmx10G --add-exports java.base/jdk.internal.ref=ALL-UNNAMED -cp /usr/share/benchmarks/dacapo/dacapo-evaluation-git-6e411f33.jar:/home/claireh/probes:/home/claireh/probes.jar Harness -c probe.DacapoChopinCallback -n 5 -s default avrora
running-ng v0.3.3
Mon Oct 24 06:36:52 AM UTC 2022

 06:36:52 up 11 days, 18:53,  0 users,  load average: 1.41, 0.65, 1.28
USER     TTY      FROM             LOGIN@   IDLE   JCPU   PCPU WHAT

procs -----------memory---------- ---swap-- -----io---- -system-- ------cpu-----
 r  b   swpd   free   buff  cache   si   so    bi    bo   in   cs us sy id wa st
 0  0      0 86641152 1120028 43279464    0    0     2    32    3    1  4  0 96  0  0
 1  0      0 86640592 1120028 43279464    0    0     0  1840  328  467  0  0 100  0  0

top - 06:36:53 up 11 days, 18:53,  0 users,  load average: 1.30, 0.64, 1.27
Tasks: 238 total,   1 running, 237 sleeping,   0 stopped,   0 zombie
%Cpu(s):  2.0 us,  1.6 sy,  0.0 ni, 96.5 id,  0.0 wa,  0.0 hi,  0.0 si,  0.0 st
MiB Mem : 128684.0 total,  84603.6 free,    721.6 used,  43358.8 buff/cache
MiB Swap:  32768.0 total,  32768.0 free,      0.0 used. 126709.3 avail Mem 

    PID USER      PR  NI    VIRT    RES    SHR S  %CPU  %MEM     TIME+ COMMAND
1185614 claireh   20   0  893600  92788  37968 S  13.3   0.1   0:15.26 /home/claireh/.vscode-server/bin/d045a5eda657f4d7b676dedbfa7aab8207f8a075/node /home/claireh/.vscode-server/bin/d045a5eda657f4d7b676dedbfa7aab8207f8a075/out/bootstrap-fork --type=extensionHost --transformURIs --useHostProxy=false
1185538 claireh   20   0  703812  58600  33576 S   6.7   0.0   0:02.64 /home/claireh/.vscode-server/bin/d045a5eda657f4d7b676dedbfa7aab8207f8a075/node /home/claireh/.vscode-server/bin/d045a5eda657f4d7b676dedbfa7aab8207f8a075/out/bootstrap-fork --type=ptyHost --logsPath /home/claireh/.vscode-server/data/logs/20221024T055258
      1 root      20   0  166020  11284   8076 S   0.0   0.0   0:06.73 /sbin/init
      2 root      20   0       0      0      0 S   0.0   0.0   0:00.21 [kthreadd]
      3 root       0 -20       0      0      0 I   0.0   0.0   0:00.00 [rcu_gp]

Environment variables: 
	BROWSER=/home/claireh/.vscode-server/bin/d045a5eda657f4d7b676dedbfa7aab8207f8a075/bin/helpers/browser.sh
	COLORTERM=truecolor
	DBUS_SESSION_BUS_ADDRESS=unix:path=/run/user/1239/bus
	GIT_ASKPASS=/home/claireh/.vscode-server/bin/d045a5eda657f4d7b676dedbfa7aab8207f8a075/extensions/git/dist/askpass.sh
	HOME=/home/claireh
	LANG=en_US.UTF-8
	LOGNAME=claireh
	MOTD_SHOWN=pam
	PATH=/home/claireh/.vscode-server/bin/d045a5eda657f4d7b676dedbfa7aab8207f8a075/bin/remote-cli:/usr/local/sbin:/usr/local/bin:/usr/sbin:/usr/bin:/sbin:/bin:/usr/games:/usr/local/games:/snap/bin:/home/claireh/.local/bin:/home/claireh/.local/bin:/home/claireh/.local/bin:/home/claireh/.local/bin
	PWD=/home/claireh
	RUNNING_NG_PACKAGE_DATA=/usr/local/lib/python3.10/dist-packages/running/config
	SHELL=/bin/bash
	SHLVL=1
	SSH_CLIENT=10.0.0.2 60636 22
	SSH_CONNECTION=10.0.0.2 60636 10.0.0.68 22
	SSH_ORIGINAL_COMMAND=bash
	TERM=xterm-256color
	TERM_PROGRAM=vscode
	TERM_PROGRAM_VERSION=1.72.2
	USER=claireh
	VSCODE_GIT_ASKPASS_EXTRA_ARGS=
	VSCODE_GIT_ASKPASS_MAIN=/home/claireh/.vscode-server/bin/d045a5eda657f4d7b676dedbfa7aab8207f8a075/extensions/git/dist/askpass-main.js
	VSCODE_GIT_ASKPASS_NODE=/home/claireh/.vscode-server/bin/d045a5eda657f4d7b676dedbfa7aab8207f8a075/node
	VSCODE_GIT_IPC_HANDLE=/run/user/1239/vscode-git-8c0e8edd47.sock
	VSCODE_IPC_HOOK_CLI=/run/user/1239/vscode-ipc-6ff497e4-cbd5-4327-965b-4f8b9dd69de8.sock
	XDG_RUNTIME_DIR=/run/user/1239
	XDG_SESSION_CLASS=user
	XDG_SESSION_ID=418
	XDG_SESSION_TYPE=tty
	_=/usr/local/bin/running
OS: Linux skunk 5.15.0-48-generic #54-Ubuntu SMP Fri Aug 26 13:26:29 UTC 2022 x86_64 x86_64 x86_64 GNU/Linux
CPU: model name	: Intel(R) Core(TM) i9-9900K CPU @ 3.60GHz
number of cores: 16
Frequency of cpu 0: 3.60 GHz
Governor of cpu 0: performance
Scaling_min_freq of cpu 0: 0.80 GHz
Frequency of cpu 1: 3.60 GHz
Governor of cpu 1: performance
Scaling_min_freq of cpu 1: 0.80 GHz
Frequency of cpu 2: 3.60 GHz
Governor of cpu 2: performance
Scaling_min_freq of cpu 2: 0.80 GHz
Frequency of cpu 3: 3.60 GHz
Governor of cpu 3: performance
Scaling_min_freq of cpu 3: 0.80 GHz
Frequency of cpu 4: 3.60 GHz
Governor of cpu 4: performance
Scaling_min_freq of cpu 4: 0.80 GHz
Frequency of cpu 5: 3.60 GHz
Governor of cpu 5: performance
Scaling_min_freq of cpu 5: 0.80 GHz
Frequency of cpu 6: 3.60 GHz
Governor of cpu 6: performance
Scaling_min_freq of cpu 6: 0.80 GHz
Frequency of cpu 7: 2.32 GHz
Governor of cpu 7: performance
Scaling_min_freq of cpu 7: 0.80 GHz
Frequency of cpu 8: 3.60 GHz
Governor of cpu 8: performance
Scaling_min_freq of cpu 8: 0.80 GHz
Frequency of cpu 9: 3.60 GHz
Governor of cpu 9: performance
Scaling_min_freq of cpu 9: 0.80 GHz
Frequency of cpu 10: 3.60 GHz
Governor of cpu 10: performance
Scaling_min_freq of cpu 10: 0.80 GHz
Frequency of cpu 11: 3.52 GHz
Governor of cpu 11: performance
Scaling_min_freq of cpu 11: 0.80 GHz
Frequency of cpu 12: 3.60 GHz
Governor of cpu 12: performance
Scaling_min_freq of cpu 12: 0.80 GHz
Frequency of cpu 13: 3.53 GHz
Governor of cpu 13: performance
Scaling_min_freq of cpu 13: 0.80 GHz
Frequency of cpu 14: 3.60 GHz
Governor of cpu 14: performance
Scaling_min_freq of cpu 14: 0.80 GHz
Frequency of cpu 15: 3.58 GHz
Governor of cpu 15: performance
Scaling_min_freq of cpu 15: 0.80 GHz
