
-----
mkdir -p PLOTTY_WORKAROUND; timedrun; MMTK_PLAN=Immix MMTK_THREADS=16 MMTK_STRESS_FACTOR=4194304 setarch x86_64 -R /home/claireh/builds/process_edges_scalability/bin/java -XX:MetaspaceSize=500M -XX:+DisableExplicitGC -server -XX:-TieredCompilation -Xcomp -XX:+UseThirdPartyHeap -Djava.library.path=/home/claireh/probes/out -Dprobes=RustMMTk -Xms10G -Xmx10G --add-exports java.base/jdk.internal.ref=ALL-UNNAMED -cp /usr/share/benchmarks/dacapo/dacapo-evaluation-git-0d047f55.jar:/home/claireh/probes/out:/home/claireh/probes/out/probes.jar Harness -c probe.DacapoChopinCallback -n 5 -s default batik
running-ng v0.3.6
Mon Feb 13 11:18:36 AM UTC 2023

 11:18:36 up  8:30,  1 user,  load average: 4.38, 2.10, 0.92
USER     TTY      FROM             LOGIN@   IDLE   JCPU   PCPU WHAT
claireh  pts/1    tmux(24428).%0   11:09    8:20   0.25s  0.00s /bin/sh -c w

procs -----------memory---------- ---swap-- -----io---- -system-- ------cpu-----
 r  b   swpd   free   buff  cache   si   so    bi    bo   in   cs us sy id wa st
 0  0      0 63723128 237956 1238528    0    0     8    29   25   34  0  0 100  0  0
 0  0      0 63722784 237956 1238540    0    0     0     0  115   74  0  0 100  0  0

top - 11:18:37 up  8:30,  1 user,  load average: 4.38, 2.10, 0.92
Tasks: 392 total,   1 running, 391 sleeping,   0 stopped,   0 zombie
%Cpu(s):  0.0 us,  0.0 sy,  0.0 ni,100.0 id,  0.0 wa,  0.0 hi,  0.0 si,  0.0 st
MiB Mem :  64217.5 total,  62228.3 free,    547.2 used,   1441.9 buff/cache
MiB Swap:  65536.0 total,  65536.0 free,      0.0 used.  63020.9 avail Mem 

    PID USER      PR  NI    VIRT    RES    SHR S  %CPU  %MEM     TIME+ COMMAND
      1 root      20   0  165860  11340   8288 S   0.0   0.0   0:00.72 /sbin/init
      2 root      20   0       0      0      0 S   0.0   0.0   0:00.00 [kthreadd]
      3 root       0 -20       0      0      0 I   0.0   0.0   0:00.00 [rcu_gp]
      4 root       0 -20       0      0      0 I   0.0   0.0   0:00.00 [rcu_par_gp]
      5 root       0 -20       0      0      0 I   0.0   0.0   0:00.00 [slub_flushwq]

Environment variables: 
	DBUS_SESSION_BUS_ADDRESS=unix:path=/run/user/1239/bus
	HOME=/home/claireh
	LANG=en_US.UTF-8
	LOGNAME=claireh
	MOTD_SHOWN=pam
	PATH=/usr/local/sbin:/usr/local/bin:/usr/sbin:/usr/bin:/sbin:/bin:/usr/games:/usr/local/games:/snap/bin:/home/claireh/.local/bin:/home/claireh/.local/bin:/home/claireh/.local/bin
	PWD=/home/claireh
	RUNNING_NG_PACKAGE_DATA=/usr/local/lib/python3.10/dist-packages/running/config
	SHELL=/bin/bash
	SHLVL=2
	SSH_CLIENT=10.0.0.2 39914 22
	SSH_CONNECTION=10.0.0.2 39914 10.0.0.80 22
	SSH_TTY=/dev/pts/0
	TERM=screen
	TERM_PROGRAM=tmux
	TERM_PROGRAM_VERSION=3.2a
	TMUX=/tmp/tmux-1239/default,24428,0
	TMUX_PANE=%0
	USER=claireh
	XDG_RUNTIME_DIR=/run/user/1239
	XDG_SESSION_CLASS=user
	XDG_SESSION_ID=15
	XDG_SESSION_TYPE=tty
	_=/usr/local/bin/running
OS: Linux bear 5.15.0-58-generic #64-Ubuntu SMP Thu Jan 5 11:43:13 UTC 2023 x86_64 x86_64 x86_64 GNU/Linux
CPU: model name	: AMD Ryzen 9 5950X 16-Core Processor
number of cores: 32
Frequency of cpu 0: 3.39 GHz
Governor of cpu 0: performance
Scaling_min_freq of cpu 0: 2.20 GHz
Frequency of cpu 1: 3.36 GHz
Governor of cpu 1: performance
Scaling_min_freq of cpu 1: 2.20 GHz
Frequency of cpu 2: 3.35 GHz
Governor of cpu 2: performance
Scaling_min_freq of cpu 2: 2.20 GHz
Frequency of cpu 3: 3.36 GHz
Governor of cpu 3: performance
Scaling_min_freq of cpu 3: 2.20 GHz
Frequency of cpu 4: 3.39 GHz
Governor of cpu 4: performance
Scaling_min_freq of cpu 4: 2.20 GHz
Frequency of cpu 5: 3.39 GHz
Governor of cpu 5: performance
Scaling_min_freq of cpu 5: 2.20 GHz
Frequency of cpu 6: 3.39 GHz
Governor of cpu 6: performance
Scaling_min_freq of cpu 6: 2.20 GHz
Frequency of cpu 7: 3.39 GHz
Governor of cpu 7: performance
Scaling_min_freq of cpu 7: 2.20 GHz
Frequency of cpu 8: 3.38 GHz
Governor of cpu 8: performance
Scaling_min_freq of cpu 8: 2.20 GHz
Frequency of cpu 9: 3.39 GHz
Governor of cpu 9: performance
Scaling_min_freq of cpu 9: 2.20 GHz
Frequency of cpu 10: 3.38 GHz
Governor of cpu 10: performance
Scaling_min_freq of cpu 10: 2.20 GHz
Frequency of cpu 11: 3.39 GHz
Governor of cpu 11: performance
Scaling_min_freq of cpu 11: 2.20 GHz
Frequency of cpu 12: 3.30 GHz
Governor of cpu 12: performance
Scaling_min_freq of cpu 12: 2.20 GHz
Frequency of cpu 13: 3.39 GHz
Governor of cpu 13: performance
Scaling_min_freq of cpu 13: 2.20 GHz
Frequency of cpu 14: 3.39 GHz
Governor of cpu 14: performance
Scaling_min_freq of cpu 14: 2.20 GHz
Frequency of cpu 15: 3.39 GHz
Governor of cpu 15: performance
Scaling_min_freq of cpu 15: 2.20 GHz
Frequency of cpu 16: 3.39 GHz
Governor of cpu 16: performance
Scaling_min_freq of cpu 16: 2.20 GHz
Frequency of cpu 17: 3.39 GHz
Governor of cpu 17: performance
Scaling_min_freq of cpu 17: 2.20 GHz
Frequency of cpu 18: 3.35 GHz
Governor of cpu 18: performance
Scaling_min_freq of cpu 18: 2.20 GHz
Frequency of cpu 19: 3.38 GHz
Governor of cpu 19: performance
Scaling_min_freq of cpu 19: 2.20 GHz
Frequency of cpu 20: 3.38 GHz
Governor of cpu 20: performance
Scaling_min_freq of cpu 20: 2.20 GHz
Frequency of cpu 21: 3.38 GHz
Governor of cpu 21: performance
Scaling_min_freq of cpu 21: 2.20 GHz
Frequency of cpu 22: 3.39 GHz
Governor of cpu 22: performance
Scaling_min_freq of cpu 22: 2.20 GHz
Frequency of cpu 23: 3.37 GHz
Governor of cpu 23: performance
Scaling_min_freq of cpu 23: 2.20 GHz
Frequency of cpu 24: 3.39 GHz
Governor of cpu 24: performance
Scaling_min_freq of cpu 24: 2.20 GHz
Frequency of cpu 25: 3.33 GHz
Governor of cpu 25: performance
Scaling_min_freq of cpu 25: 2.20 GHz
Frequency of cpu 26: 3.36 GHz
Governor of cpu 26: performance
Scaling_min_freq of cpu 26: 2.20 GHz
Frequency of cpu 27: 3.35 GHz
Governor of cpu 27: performance
Scaling_min_freq of cpu 27: 2.20 GHz
Frequency of cpu 28: 3.38 GHz
Governor of cpu 28: performance
Scaling_min_freq of cpu 28: 2.20 GHz
Frequency of cpu 29: 3.34 GHz
Governor of cpu 29: performance
Scaling_min_freq of cpu 29: 2.20 GHz
Frequency of cpu 30: 3.36 GHz
Governor of cpu 30: performance
Scaling_min_freq of cpu 30: 2.20 GHz
Frequency of cpu 31: 3.30 GHz
Governor of cpu 31: performance
Scaling_min_freq of cpu 31: 2.20 GHz
--------------------------------------------------------------------------------
IMPORTANT NOTICE:  This is NOT a release build of the DaCapo suite.
Since it is not an official release of the DaCapo suite, care must be taken when
using the suite, and any use of the build must be sure to note that it is not an
offical release, and should note the relevant git hash.

Feedback is greatly appreciated.   The preferred mode of feedback is via github.
Please use our github page to create an issue or a pull request.
    https://github.com/dacapobench/dacapobench.
--------------------------------------------------------------------------------

Version: batik 1.16
Nominal stats: NAL: 25, NAS: 0, NEF: 4, NET: 2, NEW: 1, NGF: 76, NMH: 7, NML: 0, NMR: 318, NMS: 4, NMT: 78, NOA: 59, NOL: 72, NOM: 32, NOS: 24, NPF: 17, NUB: 33, NUC: 4
===== DaCapo evaluation-git-0d047f55 batik starting warmup 1 =====
About to transcode 1 SVG file(s)

Converting bavaria.svg to /tmp/runbms-43bj5rux/./scratch/bavaria.png ... ... success
===== DaCapo evaluation-git-0d047f55 batik completed warmup 1 in 10942 msec =====
===== DaCapo evaluation-git-0d047f55 batik starting warmup 2 =====
About to transcode 1 SVG file(s)

Converting bavaria.svg to /tmp/runbms-43bj5rux/./scratch/bavaria.png ... ... success
===== DaCapo evaluation-git-0d047f55 batik completed warmup 2 in 6881 msec =====
===== DaCapo evaluation-git-0d047f55 batik starting warmup 3 =====
About to transcode 1 SVG file(s)

Converting bavaria.svg to /tmp/runbms-43bj5rux/./scratch/bavaria.png ... ... success
===== DaCapo evaluation-git-0d047f55 batik completed warmup 3 in 7453 msec =====
===== DaCapo evaluation-git-0d047f55 batik starting warmup 4 =====
About to transcode 1 SVG file(s)

Converting bavaria.svg to /tmp/runbms-43bj5rux/./scratch/bavaria.png ... ... success
===== DaCapo evaluation-git-0d047f55 batik completed warmup 4 in 8420 msec =====
===== DaCapo evaluation-git-0d047f55 batik starting =====
About to transcode 1 SVG file(s)

Converting bavaria.svg to /tmp/runbms-43bj5rux/./scratch/bavaria.png ... ... success
============================ MMTk Statistics Totals ============================
GC	time.other	time.stw	total-work.count	total-work.time.min	total-work.time.total	total-work.time.max	
109	4440.09	4746.52	0	inf	0.000	-inf	
Total time: 9186.61 ms
------------------------------ End MMTk Statistics -----------------------------
===== DaCapo evaluation-git-0d047f55 batik PASSED in 9186 msec =====
*****
Attaching 4 probes...
^C

@processedgestime: 3978325361
@startprocessedges: 30685034161140
@stats_enabled: 0
