
-----
mkdir -p PLOTTY_WORKAROUND; timedrun; MMTK_PLAN=Immix MMTK_THREADS=1 MMTK_STRESS_FACTOR=4194304 setarch x86_64 -R /home/claireh/builds/process_edges_scalability/bin/java -XX:MetaspaceSize=500M -XX:+DisableExplicitGC -server -XX:-TieredCompilation -Xcomp -XX:+UseThirdPartyHeap -Djava.library.path=/home/claireh/probes/out -Dprobes=RustMMTk -Xms10G -Xmx10G --add-exports java.base/jdk.internal.ref=ALL-UNNAMED -cp /usr/share/benchmarks/dacapo/dacapo-evaluation-git-0d047f55.jar:/home/claireh/probes/out:/home/claireh/probes/out/probes.jar Harness -c probe.DacapoChopinCallback -n 5 -s default batik
running-ng v0.3.6
Mon Feb 13 11:10:22 AM UTC 2023

 11:10:22 up  8:22,  2 users,  load average: 0.00, 0.00, 0.00
USER     TTY      FROM             LOGIN@   IDLE   JCPU   PCPU WHAT
claireh  pts/0    10.0.0.2         11:09    6.00s  0.00s  0.00s tmux
claireh  pts/1    tmux(24428).%0   11:09    6.00s  0.17s  0.00s /bin/sh -c w

procs -----------memory---------- ---swap-- -----io---- -system-- ------cpu-----
 r  b   swpd   free   buff  cache   si   so    bi    bo   in   cs us sy id wa st
 0  0      0 64146356 234960 696476    0    0     8    30   25   35  0  0 100  0  0
 0  0      0 64146356 234960 696540    0    0     0    16  156  128  0  0 100  0  0

top - 11:10:23 up  8:22,  2 users,  load average: 0.00, 0.00, 0.00
Tasks: 374 total,   1 running, 373 sleeping,   0 stopped,   0 zombie
%Cpu(s):  0.0 us,  0.2 sy,  0.0 ni, 99.8 id,  0.0 wa,  0.0 hi,  0.0 si,  0.0 st
MiB Mem :  64217.5 total,  62641.7 free,    666.1 used,    909.7 buff/cache
MiB Swap:  65536.0 total,  65536.0 free,      0.0 used.  62903.7 avail Mem 

    PID USER      PR  NI    VIRT    RES    SHR S  %CPU  %MEM     TIME+ COMMAND
  24492 claireh   20   0   10788   4248   3408 R   6.7   0.0   0:00.01 top -bcn 1 -w512
      1 root      20   0  165860  11340   8288 S   0.0   0.0   0:00.70 /sbin/init
      2 root      20   0       0      0      0 S   0.0   0.0   0:00.00 [kthreadd]
      3 root       0 -20       0      0      0 I   0.0   0.0   0:00.00 [rcu_gp]
      4 root       0 -20       0      0      0 I   0.0   0.0   0:00.00 [rcu_par_gp]

Environment variables: 
	DBUS_SESSION_BUS_ADDRESS=unix:path=/run/user/1239/bus
	HOME=/home/claireh
	LANG=en_US.UTF-8
	LOGNAME=claireh
	MOTD_SHOWN=pam
	PATH=/usr/local/sbin:/usr/local/bin:/usr/sbin:/usr/bin:/sbin:/bin:/usr/games:/usr/local/games:/snap/bin:/home/claireh/.local/bin:/home/claireh/.local/bin:/home/claireh/.local/bin
	PWD=/home/claireh
	RUNNING_NG_PACKAGE_DATA=/usr/local/lib/python3.10/dist-packages/running/config
	SHELL=/bin/bash
	SHLVL=2
	SSH_CLIENT=10.0.0.2 39914 22
	SSH_CONNECTION=10.0.0.2 39914 10.0.0.80 22
	SSH_TTY=/dev/pts/0
	TERM=screen
	TERM_PROGRAM=tmux
	TERM_PROGRAM_VERSION=3.2a
	TMUX=/tmp/tmux-1239/default,24428,0
	TMUX_PANE=%0
	USER=claireh
	XDG_RUNTIME_DIR=/run/user/1239
	XDG_SESSION_CLASS=user
	XDG_SESSION_ID=15
	XDG_SESSION_TYPE=tty
	_=/usr/local/bin/running
OS: Linux bear 5.15.0-58-generic #64-Ubuntu SMP Thu Jan 5 11:43:13 UTC 2023 x86_64 x86_64 x86_64 GNU/Linux
CPU: model name	: AMD Ryzen 9 5950X 16-Core Processor
number of cores: 32
Frequency of cpu 0: 3.39 GHz
Governor of cpu 0: performance
Scaling_min_freq of cpu 0: 2.20 GHz
Frequency of cpu 1: 3.37 GHz
Governor of cpu 1: performance
Scaling_min_freq of cpu 1: 2.20 GHz
Frequency of cpu 2: 3.36 GHz
Governor of cpu 2: performance
Scaling_min_freq of cpu 2: 2.20 GHz
Frequency of cpu 3: 3.35 GHz
Governor of cpu 3: performance
Scaling_min_freq of cpu 3: 2.20 GHz
Frequency of cpu 4: 3.36 GHz
Governor of cpu 4: performance
Scaling_min_freq of cpu 4: 2.20 GHz
Frequency of cpu 5: 3.36 GHz
Governor of cpu 5: performance
Scaling_min_freq of cpu 5: 2.20 GHz
Frequency of cpu 6: 3.35 GHz
Governor of cpu 6: performance
Scaling_min_freq of cpu 6: 2.20 GHz
Frequency of cpu 7: 3.36 GHz
Governor of cpu 7: performance
Scaling_min_freq of cpu 7: 2.20 GHz
Frequency of cpu 8: 3.35 GHz
Governor of cpu 8: performance
Scaling_min_freq of cpu 8: 2.20 GHz
Frequency of cpu 9: 3.36 GHz
Governor of cpu 9: performance
Scaling_min_freq of cpu 9: 2.20 GHz
Frequency of cpu 10: 3.35 GHz
Governor of cpu 10: performance
Scaling_min_freq of cpu 10: 2.20 GHz
Frequency of cpu 11: 3.36 GHz
Governor of cpu 11: performance
Scaling_min_freq of cpu 11: 2.20 GHz
Frequency of cpu 12: 3.35 GHz
Governor of cpu 12: performance
Scaling_min_freq of cpu 12: 2.20 GHz
Frequency of cpu 13: 3.35 GHz
Governor of cpu 13: performance
Scaling_min_freq of cpu 13: 2.20 GHz
Frequency of cpu 14: 3.36 GHz
Governor of cpu 14: performance
Scaling_min_freq of cpu 14: 2.20 GHz
Frequency of cpu 15: 3.36 GHz
Governor of cpu 15: performance
Scaling_min_freq of cpu 15: 2.20 GHz
Frequency of cpu 16: 3.34 GHz
Governor of cpu 16: performance
Scaling_min_freq of cpu 16: 2.20 GHz
Frequency of cpu 17: 3.39 GHz
Governor of cpu 17: performance
Scaling_min_freq of cpu 17: 2.20 GHz
Frequency of cpu 18: 3.39 GHz
Governor of cpu 18: performance
Scaling_min_freq of cpu 18: 2.20 GHz
Frequency of cpu 19: 3.38 GHz
Governor of cpu 19: performance
Scaling_min_freq of cpu 19: 2.20 GHz
Frequency of cpu 20: 3.37 GHz
Governor of cpu 20: performance
Scaling_min_freq of cpu 20: 2.20 GHz
Frequency of cpu 21: 3.38 GHz
Governor of cpu 21: performance
Scaling_min_freq of cpu 21: 2.20 GHz
Frequency of cpu 22: 3.39 GHz
Governor of cpu 22: performance
Scaling_min_freq of cpu 22: 2.20 GHz
Frequency of cpu 23: 3.39 GHz
Governor of cpu 23: performance
Scaling_min_freq of cpu 23: 2.20 GHz
Frequency of cpu 24: 3.36 GHz
Governor of cpu 24: performance
Scaling_min_freq of cpu 24: 2.20 GHz
Frequency of cpu 25: 3.36 GHz
Governor of cpu 25: performance
Scaling_min_freq of cpu 25: 2.20 GHz
Frequency of cpu 26: 3.36 GHz
Governor of cpu 26: performance
Scaling_min_freq of cpu 26: 2.20 GHz
Frequency of cpu 27: 3.38 GHz
Governor of cpu 27: performance
Scaling_min_freq of cpu 27: 2.20 GHz
Frequency of cpu 28: 3.38 GHz
Governor of cpu 28: performance
Scaling_min_freq of cpu 28: 2.20 GHz
Frequency of cpu 29: 3.38 GHz
Governor of cpu 29: performance
Scaling_min_freq of cpu 29: 2.20 GHz
Frequency of cpu 30: 3.39 GHz
Governor of cpu 30: performance
Scaling_min_freq of cpu 30: 2.20 GHz
Frequency of cpu 31: 3.39 GHz
Governor of cpu 31: performance
Scaling_min_freq of cpu 31: 2.20 GHz
--------------------------------------------------------------------------------
IMPORTANT NOTICE:  This is NOT a release build of the DaCapo suite.
Since it is not an official release of the DaCapo suite, care must be taken when
using the suite, and any use of the build must be sure to note that it is not an
offical release, and should note the relevant git hash.

Feedback is greatly appreciated.   The preferred mode of feedback is via github.
Please use our github page to create an issue or a pull request.
    https://github.com/dacapobench/dacapobench.
--------------------------------------------------------------------------------

Version: batik 1.16
Nominal stats: NAL: 25, NAS: 0, NEF: 4, NET: 2, NEW: 1, NGF: 76, NMH: 7, NML: 0, NMR: 318, NMS: 4, NMT: 78, NOA: 59, NOL: 72, NOM: 32, NOS: 24, NPF: 17, NUB: 33, NUC: 4
===== DaCapo evaluation-git-0d047f55 batik starting warmup 1 =====
About to transcode 1 SVG file(s)

Converting bavaria.svg to /tmp/runbms-43bj5rux/./scratch/bavaria.png ... ... success
===== DaCapo evaluation-git-0d047f55 batik completed warmup 1 in 32086 msec =====
===== DaCapo evaluation-git-0d047f55 batik starting warmup 2 =====
About to transcode 1 SVG file(s)

Converting bavaria.svg to /tmp/runbms-43bj5rux/./scratch/bavaria.png ... ... success
===== DaCapo evaluation-git-0d047f55 batik completed warmup 2 in 35019 msec =====
===== DaCapo evaluation-git-0d047f55 batik starting warmup 3 =====
About to transcode 1 SVG file(s)

Converting bavaria.svg to /tmp/runbms-43bj5rux/./scratch/bavaria.png ... ... success
===== DaCapo evaluation-git-0d047f55 batik completed warmup 3 in 38774 msec =====
===== DaCapo evaluation-git-0d047f55 batik starting warmup 4 =====
About to transcode 1 SVG file(s)

Converting bavaria.svg to /tmp/runbms-43bj5rux/./scratch/bavaria.png ... ... success
===== DaCapo evaluation-git-0d047f55 batik completed warmup 4 in 41705 msec =====
===== DaCapo evaluation-git-0d047f55 batik starting =====
About to transcode 1 SVG file(s)

Converting bavaria.svg to /tmp/runbms-43bj5rux/./scratch/bavaria.png ... ... success
============================ MMTk Statistics Totals ============================
GC	time.other	time.stw	total-work.time.max	total-work.time.total	total-work.time.min	total-work.count	
109	4426.00	39461.03	-inf	0.000	inf	0	
Total time: 43887.03 ms
------------------------------ End MMTk Statistics -----------------------------
===== DaCapo evaluation-git-0d047f55 batik PASSED in 43887 msec =====
*****
Attaching 4 probes...
^C

@processedgestime: 38849148860
@startprocessedges: 30338946373645
@stats_enabled: 0

-----
mkdir -p PLOTTY_WORKAROUND; timedrun; MMTK_PLAN=Immix MMTK_THREADS=1 MMTK_STRESS_FACTOR=4194304 setarch x86_64 -R /home/claireh/builds/process_edges_scalability/bin/java -XX:MetaspaceSize=500M -XX:+DisableExplicitGC -server -XX:-TieredCompilation -Xcomp -XX:+UseThirdPartyHeap -Djava.library.path=/home/claireh/probes/out -Dprobes=RustMMTk -Xms10G -Xmx10G --add-exports java.base/jdk.internal.ref=ALL-UNNAMED -cp /usr/share/benchmarks/dacapo/dacapo-evaluation-git-0d047f55.jar:/home/claireh/probes/out:/home/claireh/probes/out/probes.jar Harness -c probe.DacapoChopinCallback -n 5 -s default batik
running-ng v0.3.6
Mon Feb 13 11:19:33 AM UTC 2023

 11:19:33 up  8:31,  1 user,  load average: 3.02, 2.14, 1.00
USER     TTY      FROM             LOGIN@   IDLE   JCPU   PCPU WHAT
claireh  pts/1    tmux(24428).%0   11:09    9:17   0.29s  0.00s w

procs -----------memory---------- ---swap-- -----io---- -system-- ------cpu-----
 r  b   swpd   free   buff  cache   si   so    bi    bo   in   cs us sy id wa st
 0  0      0 63750324 238012 1239132    0    0     8    29   25   35  0  0 100  0  0
 0  0      0 63749316 238012 1239136    0    0     0     0  108   62  0  0 100  0  0

top - 11:19:34 up  8:31,  1 user,  load average: 3.02, 2.14, 1.00
Tasks: 391 total,   1 running, 390 sleeping,   0 stopped,   0 zombie
%Cpu(s):  0.0 us,  0.2 sy,  0.0 ni, 99.8 id,  0.0 wa,  0.0 hi,  0.0 si,  0.0 st
MiB Mem :  64217.5 total,  62254.9 free,    520.0 used,   1442.5 buff/cache
MiB Swap:  65536.0 total,  65536.0 free,      0.0 used.  63048.0 avail Mem 

    PID USER      PR  NI    VIRT    RES    SHR S  %CPU  %MEM     TIME+ COMMAND
  26137 claireh   20   0   10784   4120   3260 R   6.2   0.0   0:00.01 top -bcn 1 -w512
      1 root      20   0  165860  11340   8288 S   0.0   0.0   0:00.72 /sbin/init
      2 root      20   0       0      0      0 S   0.0   0.0   0:00.00 [kthreadd]
      3 root       0 -20       0      0      0 I   0.0   0.0   0:00.00 [rcu_gp]
      4 root       0 -20       0      0      0 I   0.0   0.0   0:00.00 [rcu_par_gp]

Environment variables: 
	DBUS_SESSION_BUS_ADDRESS=unix:path=/run/user/1239/bus
	HOME=/home/claireh
	LANG=en_US.UTF-8
	LOGNAME=claireh
	MOTD_SHOWN=pam
	PATH=/usr/local/sbin:/usr/local/bin:/usr/sbin:/usr/bin:/sbin:/bin:/usr/games:/usr/local/games:/snap/bin:/home/claireh/.local/bin:/home/claireh/.local/bin:/home/claireh/.local/bin
	PWD=/home/claireh
	RUNNING_NG_PACKAGE_DATA=/usr/local/lib/python3.10/dist-packages/running/config
	SHELL=/bin/bash
	SHLVL=2
	SSH_CLIENT=10.0.0.2 39914 22
	SSH_CONNECTION=10.0.0.2 39914 10.0.0.80 22
	SSH_TTY=/dev/pts/0
	TERM=screen
	TERM_PROGRAM=tmux
	TERM_PROGRAM_VERSION=3.2a
	TMUX=/tmp/tmux-1239/default,24428,0
	TMUX_PANE=%0
	USER=claireh
	XDG_RUNTIME_DIR=/run/user/1239
	XDG_SESSION_CLASS=user
	XDG_SESSION_ID=15
	XDG_SESSION_TYPE=tty
	_=/usr/local/bin/running
OS: Linux bear 5.15.0-58-generic #64-Ubuntu SMP Thu Jan 5 11:43:13 UTC 2023 x86_64 x86_64 x86_64 GNU/Linux
CPU: model name	: AMD Ryzen 9 5950X 16-Core Processor
number of cores: 32
Frequency of cpu 0: 3.39 GHz
Governor of cpu 0: performance
Scaling_min_freq of cpu 0: 2.20 GHz
Frequency of cpu 1: 3.36 GHz
Governor of cpu 1: performance
Scaling_min_freq of cpu 1: 2.20 GHz
Frequency of cpu 2: 3.35 GHz
Governor of cpu 2: performance
Scaling_min_freq of cpu 2: 2.20 GHz
Frequency of cpu 3: 3.35 GHz
Governor of cpu 3: performance
Scaling_min_freq of cpu 3: 2.20 GHz
Frequency of cpu 4: 3.35 GHz
Governor of cpu 4: performance
Scaling_min_freq of cpu 4: 2.20 GHz
Frequency of cpu 5: 3.39 GHz
Governor of cpu 5: performance
Scaling_min_freq of cpu 5: 2.20 GHz
Frequency of cpu 6: 3.39 GHz
Governor of cpu 6: performance
Scaling_min_freq of cpu 6: 2.20 GHz
Frequency of cpu 7: 3.39 GHz
Governor of cpu 7: performance
Scaling_min_freq of cpu 7: 2.20 GHz
Frequency of cpu 8: 3.39 GHz
Governor of cpu 8: performance
Scaling_min_freq of cpu 8: 2.20 GHz
Frequency of cpu 9: 3.33 GHz
Governor of cpu 9: performance
Scaling_min_freq of cpu 9: 2.20 GHz
Frequency of cpu 10: 3.36 GHz
Governor of cpu 10: performance
Scaling_min_freq of cpu 10: 2.20 GHz
Frequency of cpu 11: 3.39 GHz
Governor of cpu 11: performance
Scaling_min_freq of cpu 11: 2.20 GHz
Frequency of cpu 12: 3.43 GHz
Governor of cpu 12: performance
Scaling_min_freq of cpu 12: 2.20 GHz
Frequency of cpu 13: 3.38 GHz
Governor of cpu 13: performance
Scaling_min_freq of cpu 13: 2.20 GHz
Frequency of cpu 14: 3.39 GHz
Governor of cpu 14: performance
Scaling_min_freq of cpu 14: 2.20 GHz
Frequency of cpu 15: 3.37 GHz
Governor of cpu 15: performance
Scaling_min_freq of cpu 15: 2.20 GHz
Frequency of cpu 16: 3.39 GHz
Governor of cpu 16: performance
Scaling_min_freq of cpu 16: 2.20 GHz
Frequency of cpu 17: 3.39 GHz
Governor of cpu 17: performance
Scaling_min_freq of cpu 17: 2.20 GHz
Frequency of cpu 18: 3.39 GHz
Governor of cpu 18: performance
Scaling_min_freq of cpu 18: 2.20 GHz
Frequency of cpu 19: 3.38 GHz
Governor of cpu 19: performance
Scaling_min_freq of cpu 19: 2.20 GHz
Frequency of cpu 20: 3.38 GHz
Governor of cpu 20: performance
Scaling_min_freq of cpu 20: 2.20 GHz
Frequency of cpu 21: 3.38 GHz
Governor of cpu 21: performance
Scaling_min_freq of cpu 21: 2.20 GHz
Frequency of cpu 22: 3.40 GHz
Governor of cpu 22: performance
Scaling_min_freq of cpu 22: 2.20 GHz
Frequency of cpu 23: 3.35 GHz
Governor of cpu 23: performance
Scaling_min_freq of cpu 23: 2.20 GHz
Frequency of cpu 24: 3.35 GHz
Governor of cpu 24: performance
Scaling_min_freq of cpu 24: 2.20 GHz
Frequency of cpu 25: 3.37 GHz
Governor of cpu 25: performance
Scaling_min_freq of cpu 25: 2.20 GHz
Frequency of cpu 26: 3.39 GHz
Governor of cpu 26: performance
Scaling_min_freq of cpu 26: 2.20 GHz
Frequency of cpu 27: 3.37 GHz
Governor of cpu 27: performance
Scaling_min_freq of cpu 27: 2.20 GHz
Frequency of cpu 28: 3.37 GHz
Governor of cpu 28: performance
Scaling_min_freq of cpu 28: 2.20 GHz
Frequency of cpu 29: 3.38 GHz
Governor of cpu 29: performance
Scaling_min_freq of cpu 29: 2.20 GHz
Frequency of cpu 30: 3.44 GHz
Governor of cpu 30: performance
Scaling_min_freq of cpu 30: 2.20 GHz
Frequency of cpu 31: 3.33 GHz
Governor of cpu 31: performance
Scaling_min_freq of cpu 31: 2.20 GHz
--------------------------------------------------------------------------------
IMPORTANT NOTICE:  This is NOT a release build of the DaCapo suite.
Since it is not an official release of the DaCapo suite, care must be taken when
using the suite, and any use of the build must be sure to note that it is not an
offical release, and should note the relevant git hash.

Feedback is greatly appreciated.   The preferred mode of feedback is via github.
Please use our github page to create an issue or a pull request.
    https://github.com/dacapobench/dacapobench.
--------------------------------------------------------------------------------

Version: batik 1.16
Nominal stats: NAL: 25, NAS: 0, NEF: 4, NET: 2, NEW: 1, NGF: 76, NMH: 7, NML: 0, NMR: 318, NMS: 4, NMT: 78, NOA: 59, NOL: 72, NOM: 32, NOS: 24, NPF: 17, NUB: 33, NUC: 4
===== DaCapo evaluation-git-0d047f55 batik starting warmup 1 =====
About to transcode 1 SVG file(s)

Converting bavaria.svg to /tmp/runbms-43bj5rux/./scratch/bavaria.png ... ... success
===== DaCapo evaluation-git-0d047f55 batik completed warmup 1 in 32033 msec =====
===== DaCapo evaluation-git-0d047f55 batik starting warmup 2 =====
About to transcode 1 SVG file(s)

Converting bavaria.svg to /tmp/runbms-43bj5rux/./scratch/bavaria.png ... ... success
===== DaCapo evaluation-git-0d047f55 batik completed warmup 2 in 35604 msec =====
===== DaCapo evaluation-git-0d047f55 batik starting warmup 3 =====
About to transcode 1 SVG file(s)

Converting bavaria.svg to /tmp/runbms-43bj5rux/./scratch/bavaria.png ... ... success
===== DaCapo evaluation-git-0d047f55 batik completed warmup 3 in 38577 msec =====
===== DaCapo evaluation-git-0d047f55 batik starting warmup 4 =====
About to transcode 1 SVG file(s)

Converting bavaria.svg to /tmp/runbms-43bj5rux/./scratch/bavaria.png ... ... success
===== DaCapo evaluation-git-0d047f55 batik completed warmup 4 in 41572 msec =====
===== DaCapo evaluation-git-0d047f55 batik starting =====
About to transcode 1 SVG file(s)

Converting bavaria.svg to /tmp/runbms-43bj5rux/./scratch/bavaria.png ... ... success
============================ MMTk Statistics Totals ============================
GC	time.other	time.stw	total-work.time.max	total-work.count	total-work.time.min	total-work.time.total	
109	4501.00	39450.21	-inf	0	inf	0.000	
Total time: 43951.21 ms
------------------------------ End MMTk Statistics -----------------------------
===== DaCapo evaluation-git-0d047f55 batik PASSED in 43951 msec =====
*****
Attaching 4 probes...
^C

@processedgestime: 38845733488
@startprocessedges: 30890255220492
@stats_enabled: 0
