
-----
mkdir -p PLOTTY_WORKAROUND; timedrun; MMTK_PLAN=Immix MMTK_THREADS=16 MMTK_STRESS_FACTOR=67108864 setarch x86_64 -R /home/claireh/builds/process_edges_scalability/bin/java -XX:MetaspaceSize=500M -XX:+DisableExplicitGC -server -XX:-TieredCompilation -Xcomp -XX:+UseThirdPartyHeap -Djava.library.path=/home/claireh/probes/out -Dprobes=RustMMTk -Xms10G -Xmx10G --add-exports java.base/jdk.internal.ref=ALL-UNNAMED -cp /usr/share/benchmarks/dacapo/dacapo-evaluation-git-0d047f55.jar:/home/claireh/probes/out:/home/claireh/probes/out/probes.jar Harness -c probe.DacapoChopinCallback -n 5 -s default tomcat
running-ng v0.3.6
Tue Feb 14 11:36:59 AM UTC 2023

 11:36:59 up 1 day,  8:49,  1 user,  load average: 4.59, 4.70, 6.11
USER     TTY      FROM             LOGIN@   IDLE   JCPU   PCPU WHAT
claireh  pts/1    tmux(20580).%0   Mon11   11:41m  4.65s  0.00s /bin/sh -c w

procs -----------memory---------- ---swap-- -----io---- -system-- ------cpu-----
 r  b   swpd   free   buff  cache   si   so    bi    bo   in   cs us sy id wa st
 0  0      0 119529832 521992 11378228    0    0     8    34    2   15  8  0 91  0  0
 0  0      0 119529936 521992 11378156    0    0     0     0   98   61  0  0 100  0  0

top - 11:37:00 up 1 day,  8:49,  1 user,  load average: 4.59, 4.70, 6.11
Tasks: 236 total,   1 running, 235 sleeping,   0 stopped,   0 zombie
%Cpu(s):  0.0 us,  0.4 sy,  0.0 ni, 99.6 id,  0.0 wa,  0.0 hi,  0.0 si,  0.0 st
MiB Mem : 128684.0 total, 116728.5 free,    334.3 used,  11621.2 buff/cache
MiB Swap:  32768.0 total,  32768.0 free,      0.0 used. 127104.5 avail Mem 

    PID USER      PR  NI    VIRT    RES    SHR S  %CPU  %MEM     TIME+ COMMAND
      1 root      20   0  166152  11192   7992 S   0.0   0.0   0:01.74 /sbin/init
      2 root      20   0       0      0      0 S   0.0   0.0   0:00.02 [kthreadd]
      3 root       0 -20       0      0      0 I   0.0   0.0   0:00.00 [rcu_gp]
      4 root       0 -20       0      0      0 I   0.0   0.0   0:00.00 [rcu_par_gp]
      5 root       0 -20       0      0      0 I   0.0   0.0   0:00.00 [slub_flushwq]

Environment variables: 
	DBUS_SESSION_BUS_ADDRESS=unix:path=/run/user/1239/bus
	HOME=/home/claireh
	LANG=en_US.UTF-8
	LOGNAME=claireh
	MOTD_SHOWN=pam
	PATH=/usr/local/sbin:/usr/local/bin:/usr/sbin:/usr/bin:/sbin:/bin:/usr/games:/usr/local/games:/snap/bin:/home/claireh/.local/bin:/home/claireh/.local/bin:/home/claireh/.local/bin
	PWD=/home/claireh
	RUNNING_NG_PACKAGE_DATA=/usr/local/lib/python3.10/dist-packages/running/config
	SHELL=/bin/bash
	SHLVL=2
	SSH_CLIENT=10.0.0.2 33500 22
	SSH_CONNECTION=10.0.0.2 33500 10.0.0.68 22
	SSH_TTY=/dev/pts/0
	TERM=screen
	TERM_PROGRAM=tmux
	TERM_PROGRAM_VERSION=3.2a
	TMUX=/tmp/tmux-1239/default,20580,0
	TMUX_PANE=%0
	USER=claireh
	XDG_RUNTIME_DIR=/run/user/1239
	XDG_SESSION_CLASS=user
	XDG_SESSION_ID=12
	XDG_SESSION_TYPE=tty
	_=/usr/local/bin/running
OS: Linux skunk 5.15.0-58-generic #64-Ubuntu SMP Thu Jan 5 11:43:13 UTC 2023 x86_64 x86_64 x86_64 GNU/Linux
CPU: model name	: Intel(R) Core(TM) i9-9900K CPU @ 3.60GHz
number of cores: 16
Frequency of cpu 0: 3.60 GHz
Governor of cpu 0: performance
Scaling_min_freq of cpu 0: 0.80 GHz
Frequency of cpu 1: 3.60 GHz
Governor of cpu 1: performance
Scaling_min_freq of cpu 1: 0.80 GHz
Frequency of cpu 2: 3.60 GHz
Governor of cpu 2: performance
Scaling_min_freq of cpu 2: 0.80 GHz
Frequency of cpu 3: 3.60 GHz
Governor of cpu 3: performance
Scaling_min_freq of cpu 3: 0.80 GHz
Frequency of cpu 4: 3.60 GHz
Governor of cpu 4: performance
Scaling_min_freq of cpu 4: 0.80 GHz
Frequency of cpu 5: 3.60 GHz
Governor of cpu 5: performance
Scaling_min_freq of cpu 5: 0.80 GHz
Frequency of cpu 6: 3.58 GHz
Governor of cpu 6: performance
Scaling_min_freq of cpu 6: 0.80 GHz
Frequency of cpu 7: 3.60 GHz
Governor of cpu 7: performance
Scaling_min_freq of cpu 7: 0.80 GHz
Frequency of cpu 8: 3.60 GHz
Governor of cpu 8: performance
Scaling_min_freq of cpu 8: 0.80 GHz
Frequency of cpu 9: 3.53 GHz
Governor of cpu 9: performance
Scaling_min_freq of cpu 9: 0.80 GHz
Frequency of cpu 10: 3.60 GHz
Governor of cpu 10: performance
Scaling_min_freq of cpu 10: 0.80 GHz
Frequency of cpu 11: 3.60 GHz
Governor of cpu 11: performance
Scaling_min_freq of cpu 11: 0.80 GHz
Frequency of cpu 12: 3.60 GHz
Governor of cpu 12: performance
Scaling_min_freq of cpu 12: 0.80 GHz
Frequency of cpu 13: 3.58 GHz
Governor of cpu 13: performance
Scaling_min_freq of cpu 13: 0.80 GHz
Frequency of cpu 14: 3.60 GHz
Governor of cpu 14: performance
Scaling_min_freq of cpu 14: 0.80 GHz
Frequency of cpu 15: 3.58 GHz
Governor of cpu 15: performance
Scaling_min_freq of cpu 15: 0.80 GHz
